[35m[1mScanning dependencies of target pubs[0m
[ 50%] [32mBuilding CXX object CMakeFiles/pubs.dir/src/pubs.cpp.o[0m
[100%] [32m[1mLinking CXX executable pubs[0m
[100%] Built target pubs
-- Install configuration: ""
-- Installing: /home/arielsulton/ros2_ws/install/publisher/lib/publisher/pubs
-- Set runtime path of "/home/arielsulton/ros2_ws/install/publisher/lib/publisher/pubs" to ""
-- Up-to-date: /home/arielsulton/ros2_ws/install/publisher/share/ament_index/resource_index/package_run_dependencies/publisher
-- Up-to-date: /home/arielsulton/ros2_ws/install/publisher/share/ament_index/resource_index/parent_prefix_path/publisher
-- Up-to-date: /home/arielsulton/ros2_ws/install/publisher/share/publisher/environment/ament_prefix_path.sh
-- Up-to-date: /home/arielsulton/ros2_ws/install/publisher/share/publisher/environment/ament_prefix_path.dsv
-- Up-to-date: /home/arielsulton/ros2_ws/install/publisher/share/publisher/environment/path.sh
-- Up-to-date: /home/arielsulton/ros2_ws/install/publisher/share/publisher/environment/path.dsv
-- Up-to-date: /home/arielsulton/ros2_ws/install/publisher/share/publisher/local_setup.bash
-- Up-to-date: /home/arielsulton/ros2_ws/install/publisher/share/publisher/local_setup.sh
-- Up-to-date: /home/arielsulton/ros2_ws/install/publisher/share/publisher/local_setup.zsh
-- Up-to-date: /home/arielsulton/ros2_ws/install/publisher/share/publisher/local_setup.dsv
-- Installing: /home/arielsulton/ros2_ws/install/publisher/share/publisher/package.dsv
-- Up-to-date: /home/arielsulton/ros2_ws/install/publisher/share/ament_index/resource_index/packages/publisher
-- Up-to-date: /home/arielsulton/ros2_ws/install/publisher/share/publisher/cmake/publisherConfig.cmake
-- Up-to-date: /home/arielsulton/ros2_ws/install/publisher/share/publisher/cmake/publisherConfig-version.cmake
-- Up-to-date: /home/arielsulton/ros2_ws/install/publisher/share/publisher/package.xml
