[0.037s] Invoking command in '/home/arielsulton/ros2_ws/build/publisher': CMAKE_PREFIX_PATH=${CMAKE_PREFIX_PATH}:/home/arielsulton/ros2_ws/install/subscriber:/home/arielsulton/ros2_ws/install/launcher:/opt/ros/foxy /usr/bin/cmake --build /home/arielsulton/ros2_ws/build/publisher -- -j8 -l8
[0.092s] [35m[1mScanning dependencies of target pubs[0m
[0.128s] [ 50%] [32mBuilding CXX object CMakeFiles/pubs.dir/src/pubs.cpp.o[0m
[3.475s] [100%] [32m[1mLinking CXX executable pubs[0m
[3.677s] [100%] Built target pubs
[3.691s] Invoked command in '/home/arielsulton/ros2_ws/build/publisher' returned '0': CMAKE_PREFIX_PATH=${CMAKE_PREFIX_PATH}:/home/arielsulton/ros2_ws/install/subscriber:/home/arielsulton/ros2_ws/install/launcher:/opt/ros/foxy /usr/bin/cmake --build /home/arielsulton/ros2_ws/build/publisher -- -j8 -l8
[3.694s] Invoking command in '/home/arielsulton/ros2_ws/build/publisher': CMAKE_PREFIX_PATH=${CMAKE_PREFIX_PATH}:/home/arielsulton/ros2_ws/install/subscriber:/home/arielsulton/ros2_ws/install/launcher:/opt/ros/foxy /usr/bin/cmake --install /home/arielsulton/ros2_ws/build/publisher
[3.704s] -- Install configuration: ""
[3.704s] -- Installing: /home/arielsulton/ros2_ws/install/publisher/lib/publisher/pubs
[3.706s] -- Set runtime path of "/home/arielsulton/ros2_ws/install/publisher/lib/publisher/pubs" to ""
[3.706s] -- Up-to-date: /home/arielsulton/ros2_ws/install/publisher/share/ament_index/resource_index/package_run_dependencies/publisher
[3.706s] -- Up-to-date: /home/arielsulton/ros2_ws/install/publisher/share/ament_index/resource_index/parent_prefix_path/publisher
[3.706s] -- Up-to-date: /home/arielsulton/ros2_ws/install/publisher/share/publisher/environment/ament_prefix_path.sh
[3.707s] -- Up-to-date: /home/arielsulton/ros2_ws/install/publisher/share/publisher/environment/ament_prefix_path.dsv
[3.707s] -- Up-to-date: /home/arielsulton/ros2_ws/install/publisher/share/publisher/environment/path.sh
[3.707s] -- Up-to-date: /home/arielsulton/ros2_ws/install/publisher/share/publisher/environment/path.dsv
[3.707s] -- Up-to-date: /home/arielsulton/ros2_ws/install/publisher/share/publisher/local_setup.bash
[3.707s] -- Up-to-date: /home/arielsulton/ros2_ws/install/publisher/share/publisher/local_setup.sh
[3.707s] -- Up-to-date: /home/arielsulton/ros2_ws/install/publisher/share/publisher/local_setup.zsh
[3.707s] -- Up-to-date: /home/arielsulton/ros2_ws/install/publisher/share/publisher/local_setup.dsv
[3.707s] -- Installing: /home/arielsulton/ros2_ws/install/publisher/share/publisher/package.dsv
[3.707s] -- Up-to-date: /home/arielsulton/ros2_ws/install/publisher/share/ament_index/resource_index/packages/publisher
[3.707s] -- Up-to-date: /home/arielsulton/ros2_ws/install/publisher/share/publisher/cmake/publisherConfig.cmake
[3.708s] -- Up-to-date: /home/arielsulton/ros2_ws/install/publisher/share/publisher/cmake/publisherConfig-version.cmake
[3.708s] -- Up-to-date: /home/arielsulton/ros2_ws/install/publisher/share/publisher/package.xml
[3.709s] Invoked command in '/home/arielsulton/ros2_ws/build/publisher' returned '0': CMAKE_PREFIX_PATH=${CMAKE_PREFIX_PATH}:/home/arielsulton/ros2_ws/install/subscriber:/home/arielsulton/ros2_ws/install/launcher:/opt/ros/foxy /usr/bin/cmake --install /home/arielsulton/ros2_ws/build/publisher
