[0.029s] Invoking command in '/home/arielsulton/ros2_ws/build/publisher': CMAKE_PREFIX_PATH=${CMAKE_PREFIX_PATH}:/home/arielsulton/ros2_ws/install/subscriber:/home/arielsulton/ros2_ws/install/launcher:/opt/ros/foxy /usr/bin/cmake /home/arielsulton/ros2_ws/src/publisher -DCMAKE_INSTALL_PREFIX=/home/arielsulton/ros2_ws/install/publisher
[0.112s] -- The C compiler identification is GNU 9.4.0
[0.190s] -- The CXX compiler identification is GNU 9.4.0
[0.195s] -- Check for working C compiler: /usr/bin/cc
[0.281s] -- Check for working C compiler: /usr/bin/cc -- works
[0.283s] -- Detecting C compiler ABI info
[0.368s] -- Detecting C compiler ABI info - done
[0.393s] -- Detecting C compile features
[0.393s] -- Detecting C compile features - done
[0.398s] -- Check for working CXX compiler: /usr/bin/c++
[0.537s] -- Check for working CXX compiler: /usr/bin/c++ -- works
[0.539s] -- Detecting CXX compiler ABI info
[0.652s] -- Detecting CXX compiler ABI info - done
[0.677s] -- Detecting CXX compile features
[0.678s] -- Detecting CXX compile features - done
[0.681s] -- Found ament_cmake: 0.9.12 (/opt/ros/foxy/share/ament_cmake/cmake)
[0.714s] -- Found PythonInterp: /usr/bin/python3 (found suitable version "3.8.10", minimum required is "3") 
[0.714s] -- Using PYTHON_EXECUTABLE: /usr/bin/python3
[1.115s] -- Found rclcpp: 2.4.3 (/opt/ros/foxy/share/rclcpp/cmake)
[1.170s] -- Using all available rosidl_typesupport_c: rosidl_typesupport_fastrtps_c;rosidl_typesupport_introspection_c
[1.177s] -- Found rosidl_adapter: 1.3.1 (/opt/ros/foxy/share/rosidl_adapter/cmake)
[1.303s] -- Found OpenSSL: /usr/lib/x86_64-linux-gnu/libcrypto.so (found version "1.1.1f")  
[1.339s] -- Found FastRTPS: /opt/ros/foxy/include  
[1.439s] -- Using all available rosidl_typesupport_cpp: rosidl_typesupport_fastrtps_cpp;rosidl_typesupport_introspection_cpp
[1.498s] -- Found rmw_implementation_cmake: 1.0.4 (/opt/ros/foxy/share/rmw_implementation_cmake/cmake)
[1.499s] -- Using RMW implementation 'rmw_fastrtps_cpp' as default
[1.500s] -- Looking for pthread.h
[1.578s] -- Looking for pthread.h - found
[1.578s] -- Performing Test CMAKE_HAVE_LIBC_PTHREAD
[1.660s] -- Performing Test CMAKE_HAVE_LIBC_PTHREAD - Failed
[1.660s] -- Looking for pthread_create in pthreads
[1.726s] -- Looking for pthread_create in pthreads - not found
[1.726s] -- Looking for pthread_create in pthread
[1.828s] -- Looking for pthread_create in pthread - found
[1.830s] -- Found Threads: TRUE  
[2.014s] -- Found ament_lint_auto: 0.9.8 (/opt/ros/foxy/share/ament_lint_auto/cmake)
[2.088s] -- Added test 'cppcheck' to perform static code analysis on C / C++ code
[2.088s] -- Configured cppcheck include dirs: 
[2.088s] -- Configured cppcheck exclude dirs and/or files: 
[2.089s] -- Added test 'lint_cmake' to check CMake code style
[2.090s] -- Added test 'uncrustify' to check C / C++ code style
[2.090s] -- Configured uncrustify additional arguments: 
[2.091s] -- Added test 'xmllint' to check XML markup files
[2.094s] -- Configuring done
[2.102s] -- Generating done
[2.106s] -- Build files have been written to: /home/arielsulton/ros2_ws/build/publisher
[2.113s] Invoked command in '/home/arielsulton/ros2_ws/build/publisher' returned '0': CMAKE_PREFIX_PATH=${CMAKE_PREFIX_PATH}:/home/arielsulton/ros2_ws/install/subscriber:/home/arielsulton/ros2_ws/install/launcher:/opt/ros/foxy /usr/bin/cmake /home/arielsulton/ros2_ws/src/publisher -DCMAKE_INSTALL_PREFIX=/home/arielsulton/ros2_ws/install/publisher
[2.116s] Invoking command in '/home/arielsulton/ros2_ws/build/publisher': CMAKE_PREFIX_PATH=${CMAKE_PREFIX_PATH}:/home/arielsulton/ros2_ws/install/subscriber:/home/arielsulton/ros2_ws/install/launcher:/opt/ros/foxy /usr/bin/cmake --build /home/arielsulton/ros2_ws/build/publisher -- -j8 -l8
[2.162s] [35m[1mScanning dependencies of target pubs[0m
[2.204s] [ 50%] [32mBuilding CXX object CMakeFiles/pubs.dir/src/pubs.cpp.o[0m
[5.458s] [100%] [32m[1mLinking CXX executable pubs[0m
[5.657s] [100%] Built target pubs
[5.670s] Invoked command in '/home/arielsulton/ros2_ws/build/publisher' returned '0': CMAKE_PREFIX_PATH=${CMAKE_PREFIX_PATH}:/home/arielsulton/ros2_ws/install/subscriber:/home/arielsulton/ros2_ws/install/launcher:/opt/ros/foxy /usr/bin/cmake --build /home/arielsulton/ros2_ws/build/publisher -- -j8 -l8
[5.674s] Invoking command in '/home/arielsulton/ros2_ws/build/publisher': CMAKE_PREFIX_PATH=${CMAKE_PREFIX_PATH}:/home/arielsulton/ros2_ws/install/subscriber:/home/arielsulton/ros2_ws/install/launcher:/opt/ros/foxy /usr/bin/cmake --install /home/arielsulton/ros2_ws/build/publisher
[5.683s] -- Install configuration: ""
[5.683s] -- Installing: /home/arielsulton/ros2_ws/install/publisher/lib/publisher/pubs
[5.684s] -- Set runtime path of "/home/arielsulton/ros2_ws/install/publisher/lib/publisher/pubs" to ""
[5.684s] -- Installing: /home/arielsulton/ros2_ws/install/publisher/share/ament_index/resource_index/package_run_dependencies/publisher
[5.685s] -- Installing: /home/arielsulton/ros2_ws/install/publisher/share/ament_index/resource_index/parent_prefix_path/publisher
[5.685s] -- Installing: /home/arielsulton/ros2_ws/install/publisher/share/publisher/environment/ament_prefix_path.sh
[5.685s] -- Installing: /home/arielsulton/ros2_ws/install/publisher/share/publisher/environment/ament_prefix_path.dsv
[5.685s] -- Installing: /home/arielsulton/ros2_ws/install/publisher/share/publisher/environment/path.sh
[5.686s] -- Installing: /home/arielsulton/ros2_ws/install/publisher/share/publisher/environment/path.dsv
[5.686s] -- Installing: /home/arielsulton/ros2_ws/install/publisher/share/publisher/local_setup.bash
[5.686s] -- Installing: /home/arielsulton/ros2_ws/install/publisher/share/publisher/local_setup.sh
[5.686s] -- Installing: /home/arielsulton/ros2_ws/install/publisher/share/publisher/local_setup.zsh
[5.686s] -- Installing: /home/arielsulton/ros2_ws/install/publisher/share/publisher/local_setup.dsv
[5.686s] -- Installing: /home/arielsulton/ros2_ws/install/publisher/share/publisher/package.dsv
[5.687s] -- Installing: /home/arielsulton/ros2_ws/install/publisher/share/ament_index/resource_index/packages/publisher
[5.687s] -- Installing: /home/arielsulton/ros2_ws/install/publisher/share/publisher/cmake/publisherConfig.cmake
[5.687s] -- Installing: /home/arielsulton/ros2_ws/install/publisher/share/publisher/cmake/publisherConfig-version.cmake
[5.687s] -- Installing: /home/arielsulton/ros2_ws/install/publisher/share/publisher/package.xml
[5.691s] Invoked command in '/home/arielsulton/ros2_ws/build/publisher' returned '0': CMAKE_PREFIX_PATH=${CMAKE_PREFIX_PATH}:/home/arielsulton/ros2_ws/install/subscriber:/home/arielsulton/ros2_ws/install/launcher:/opt/ros/foxy /usr/bin/cmake --install /home/arielsulton/ros2_ws/build/publisher
