running egg_info
writing ../../build/pkg_python/pkg_python.egg-info/PKG-INFO
writing dependency_links to ../../build/pkg_python/pkg_python.egg-info/dependency_links.txt
writing entry points to ../../build/pkg_python/pkg_python.egg-info/entry_points.txt
writing requirements to ../../build/pkg_python/pkg_python.egg-info/requires.txt
writing top-level names to ../../build/pkg_python/pkg_python.egg-info/top_level.txt
writing manifest file '../../build/pkg_python/pkg_python.egg-info/SOURCES.txt'
running build
running build_py
copying pkg_python/__init__.py -> /home/arielsulton/ros2_ws/build/pkg_python/build/lib/pkg_python
copying pkg_python/pubs_py.py -> /home/arielsulton/ros2_ws/build/pkg_python/build/lib/pkg_python
copying pkg_python/subs_py.py -> /home/arielsulton/ros2_ws/build/pkg_python/build/lib/pkg_python
running install
running install_lib
copying /home/arielsulton/ros2_ws/build/pkg_python/build/lib/pkg_python/pubs_py.py -> /home/arielsulton/ros2_ws/install/pkg_python/lib/python3.8/site-packages/pkg_python
copying /home/arielsulton/ros2_ws/build/pkg_python/build/lib/pkg_python/subs_py.py -> /home/arielsulton/ros2_ws/install/pkg_python/lib/python3.8/site-packages/pkg_python
byte-compiling /home/arielsulton/ros2_ws/install/pkg_python/lib/python3.8/site-packages/pkg_python/pubs_py.py to pubs_py.cpython-38.pyc
byte-compiling /home/arielsulton/ros2_ws/install/pkg_python/lib/python3.8/site-packages/pkg_python/subs_py.py to subs_py.cpython-38.pyc
running install_data
copying resource/pkg_python -> /home/arielsulton/ros2_ws/install/pkg_python/share/ament_index/resource_index/packages
copying package.xml -> /home/arielsulton/ros2_ws/install/pkg_python/share/pkg_python
running install_egg_info
removing '/home/arielsulton/ros2_ws/install/pkg_python/lib/python3.8/site-packages/pkg_python-0.0.0-py3.8.egg-info' (and everything under it)
Copying ../../build/pkg_python/pkg_python.egg-info to /home/arielsulton/ros2_ws/install/pkg_python/lib/python3.8/site-packages/pkg_python-0.0.0-py3.8.egg-info
running install_scripts
Installing pubs_py script to /home/arielsulton/ros2_ws/install/pkg_python/lib/pkg_python
Installing subs_py script to /home/arielsulton/ros2_ws/install/pkg_python/lib/pkg_python
writing list of installed files to '/home/arielsulton/ros2_ws/build/pkg_python/install.log'
