[4.692s] Invoking command in '/home/arielsulton/ros2_ws/src/pkg_python': PYTHONPATH=/home/arielsulton/ros2_ws/build/pkg_python/prefix_override:/usr/lib/python3/dist-packages/colcon_core/task/python/colcon_distutils_commands:/home/arielsulton/ros2_ws/install/pkg_python/lib/python3.8/site-packages:${PYTHONPATH} /usr/bin/python3 -W ignore:setup.py install is deprecated -W ignore:easy_install command is deprecated setup.py egg_info --egg-base ../../build/pkg_python build --build-base /home/arielsulton/ros2_ws/build/pkg_python/build install --record /home/arielsulton/ros2_ws/build/pkg_python/install.log --single-version-externally-managed install_data
[5.813s] running egg_info
[6.163s] writing ../../build/pkg_python/pkg_python.egg-info/PKG-INFO
[6.164s] writing dependency_links to ../../build/pkg_python/pkg_python.egg-info/dependency_links.txt
[6.165s] writing entry points to ../../build/pkg_python/pkg_python.egg-info/entry_points.txt
[6.165s] writing requirements to ../../build/pkg_python/pkg_python.egg-info/requires.txt
[6.166s] writing top-level names to ../../build/pkg_python/pkg_python.egg-info/top_level.txt
[6.735s] writing manifest file '../../build/pkg_python/pkg_python.egg-info/SOURCES.txt'
[6.736s] running build
[6.736s] running build_py
[6.738s] copying pkg_python/__init__.py -> /home/arielsulton/ros2_ws/build/pkg_python/build/lib/pkg_python
[6.739s] copying pkg_python/pubs_py.py -> /home/arielsulton/ros2_ws/build/pkg_python/build/lib/pkg_python
[6.740s] copying pkg_python/subs_py.py -> /home/arielsulton/ros2_ws/build/pkg_python/build/lib/pkg_python
[6.741s] running install
[6.749s] running install_lib
[6.874s] running install_data
[6.876s] copying resource/pkg_python -> /home/arielsulton/ros2_ws/install/pkg_python/share/ament_index/resource_index/packages
[6.876s] copying package.xml -> /home/arielsulton/ros2_ws/install/pkg_python/share/pkg_python
[6.885s] running install_egg_info
[6.997s] removing '/home/arielsulton/ros2_ws/install/pkg_python/lib/python3.8/site-packages/pkg_python-0.0.0-py3.8.egg-info' (and everything under it)
[7.002s] Copying ../../build/pkg_python/pkg_python.egg-info to /home/arielsulton/ros2_ws/install/pkg_python/lib/python3.8/site-packages/pkg_python-0.0.0-py3.8.egg-info
[7.006s] running install_scripts
[7.209s] Installing pubs_py script to /home/arielsulton/ros2_ws/install/pkg_python/lib/pkg_python
[7.210s] Installing subs_py script to /home/arielsulton/ros2_ws/install/pkg_python/lib/pkg_python
[7.210s] writing list of installed files to '/home/arielsulton/ros2_ws/build/pkg_python/install.log'
[7.296s] Invoked command in '/home/arielsulton/ros2_ws/src/pkg_python' returned '0': PYTHONPATH=/home/arielsulton/ros2_ws/build/pkg_python/prefix_override:/usr/lib/python3/dist-packages/colcon_core/task/python/colcon_distutils_commands:/home/arielsulton/ros2_ws/install/pkg_python/lib/python3.8/site-packages:${PYTHONPATH} /usr/bin/python3 -W ignore:setup.py install is deprecated -W ignore:easy_install command is deprecated setup.py egg_info --egg-base ../../build/pkg_python build --build-base /home/arielsulton/ros2_ws/build/pkg_python/build install --record /home/arielsulton/ros2_ws/build/pkg_python/install.log --single-version-externally-managed install_data
