[2.076s] Invoking command in '/home/arielsulton/ros2_ws/build/pkg_yaml': CMAKE_PREFIX_PATH=${CMAKE_PREFIX_PATH}:/opt/ros/foxy /usr/bin/cmake /home/arielsulton/ros2_ws/src/pkg_yaml -DCMAKE_INSTALL_PREFIX=/home/arielsulton/ros2_ws/install/pkg_yaml
[2.169s] -- The C compiler identification is GNU 9.4.0
[2.271s] -- The CXX compiler identification is GNU 9.4.0
[2.281s] -- Check for working C compiler: /usr/bin/cc
[2.389s] -- Check for working C compiler: /usr/bin/cc -- works
[2.390s] -- Detecting C compiler ABI info
[2.495s] -- Detecting C compiler ABI info - done
[2.519s] -- Detecting C compile features
[2.519s] -- Detecting C compile features - done
[2.524s] -- Check for working CXX compiler: /usr/bin/c++
[2.678s] -- Check for working CXX compiler: /usr/bin/c++ -- works
[2.680s] -- Detecting CXX compiler ABI info
[2.814s] -- Detecting CXX compiler ABI info - done
[2.838s] -- Detecting CXX compile features
[2.839s] -- Detecting CXX compile features - done
[2.843s] -- Found ament_cmake: 0.9.12 (/opt/ros/foxy/share/ament_cmake/cmake)
[2.899s] -- Found PythonInterp: /usr/bin/python3 (found suitable version "3.8.10", minimum required is "3") 
[2.900s] -- Using PYTHON_EXECUTABLE: /usr/bin/python3
[3.509s] -- Found rclcpp: 2.4.3 (/opt/ros/foxy/share/rclcpp/cmake)
[3.618s] -- Using all available rosidl_typesupport_c: rosidl_typesupport_fastrtps_c;rosidl_typesupport_introspection_c
[3.636s] -- Found rosidl_adapter: 1.3.1 (/opt/ros/foxy/share/rosidl_adapter/cmake)
[4.209s] -- Found OpenSSL: /usr/lib/x86_64-linux-gnu/libcrypto.so (found version "1.1.1f")  
[4.336s] -- Found FastRTPS: /opt/ros/foxy/include  
[4.503s] -- Using all available rosidl_typesupport_cpp: rosidl_typesupport_fastrtps_cpp;rosidl_typesupport_introspection_cpp
[4.632s] -- Found rmw_implementation_cmake: 1.0.4 (/opt/ros/foxy/share/rmw_implementation_cmake/cmake)
[4.634s] -- Using RMW implementation 'rmw_fastrtps_cpp' as default
[4.636s] -- Looking for pthread.h
[4.799s] -- Looking for pthread.h - found
[4.800s] -- Performing Test CMAKE_HAVE_LIBC_PTHREAD
[4.991s] -- Performing Test CMAKE_HAVE_LIBC_PTHREAD - Failed
[4.991s] -- Looking for pthread_create in pthreads
[5.151s] -- Looking for pthread_create in pthreads - not found
[5.156s] -- Looking for pthread_create in pthread
[5.298s] -- Looking for pthread_create in pthread - found
[5.300s] -- Found Threads: TRUE  
[5.624s] -- Found ament_lint_auto: 0.9.8 (/opt/ros/foxy/share/ament_lint_auto/cmake)
[5.788s] -- Added test 'cppcheck' to perform static code analysis on C / C++ code
[5.788s] -- Configured cppcheck include dirs: 
[5.789s] -- Configured cppcheck exclude dirs and/or files: 
[5.791s] -- Added test 'cpplint' to check C / C++ code against the Google style
[5.791s] -- Configured cpplint exclude dirs and/or files: 
[5.793s] -- Added test 'lint_cmake' to check CMake code style
[5.800s] -- Added test 'uncrustify' to check C / C++ code style
[5.800s] -- Configured uncrustify additional arguments: 
[5.802s] -- Added test 'xmllint' to check XML markup files
[5.810s] -- Configuring done
[5.825s] -- Generating done
[5.833s] -- Build files have been written to: /home/arielsulton/ros2_ws/build/pkg_yaml
