[0.331s] DEBUG:colcon:Command line arguments: ['/usr/bin/colcon', 'build']
[0.331s] DEBUG:colcon:Parsed command line arguments: Namespace(allow_overriding=[], ament_cmake_args=None, base_paths=['.'], build_base='build', catkin_cmake_args=None, catkin_skip_building_tests=False, cmake_args=None, cmake_clean_cache=False, cmake_clean_first=False, cmake_force_configure=False, cmake_target=None, cmake_target_skip_unavailable=False, continue_on_error=False, event_handlers=None, executor='parallel', ignore_user_meta=False, install_base='install', log_base=None, log_level=None, main=<bound method BuildVerb.main of <colcon_core.verb.build.BuildVerb object at 0x7f9cf79c6af0>>, merge_install=False, metas=['./colcon.meta'], mixin=None, mixin_files=None, mixin_verb=('build',), packages_above=None, packages_above_and_dependencies=None, packages_above_depth=None, packages_end=None, packages_ignore=None, packages_ignore_regex=None, packages_select=None, packages_select_build_failed=False, packages_select_by_dep=None, packages_select_regex=None, packages_select_test_failures=False, packages_skip=None, packages_skip_build_finished=False, packages_skip_by_dep=None, packages_skip_regex=None, packages_skip_test_passed=False, packages_skip_up_to=None, packages_start=None, packages_up_to=None, packages_up_to_regex=None, parallel_workers=8, paths=None, symlink_install=False, test_result_base=None, verb_extension=<colcon_core.verb.build.BuildVerb object at 0x7f9cf79c6af0>, verb_name='build', verb_parser=<colcon_mixin.mixin.mixin_argument.MixinArgumentDecorator object at 0x7f9cf79174c0>)
[0.378s] Level 1:colcon.colcon_core.package_discovery:discover_packages(colcon_meta) check parameters
[0.378s] Level 1:colcon.colcon_core.package_discovery:discover_packages(recursive) check parameters
[0.378s] Level 1:colcon.colcon_core.package_discovery:discover_packages(ignore) check parameters
[0.378s] Level 1:colcon.colcon_core.package_discovery:discover_packages(path) check parameters
[0.378s] Level 1:colcon.colcon_core.package_discovery:discover_packages(colcon_meta) discover
[0.378s] Level 1:colcon.colcon_core.package_discovery:discover_packages(recursive) discover
[0.378s] INFO:colcon.colcon_core.package_discovery:Crawling recursively for packages in '/home/arielsulton/ros2_ws'
[0.378s] Level 1:colcon.colcon_core.package_identification:_identify(.) by extensions ['ignore', 'ignore_ament_install']
[0.379s] Level 1:colcon.colcon_core.package_identification:_identify(.) by extension 'ignore'
[0.379s] Level 1:colcon.colcon_core.package_identification:_identify(.) by extension 'ignore_ament_install'
[0.379s] Level 1:colcon.colcon_core.package_identification:_identify(.) by extensions ['colcon_pkg']
[0.379s] Level 1:colcon.colcon_core.package_identification:_identify(.) by extension 'colcon_pkg'
[0.379s] Level 1:colcon.colcon_core.package_identification:_identify(.) by extensions ['colcon_meta']
[0.379s] Level 1:colcon.colcon_core.package_identification:_identify(.) by extension 'colcon_meta'
[0.379s] Level 1:colcon.colcon_core.package_identification:_identify(.) by extensions ['ros']
[0.379s] Level 1:colcon.colcon_core.package_identification:_identify(.) by extension 'ros'
[0.394s] Level 1:colcon.colcon_core.package_identification:_identify(.) by extensions ['cmake', 'python']
[0.394s] Level 1:colcon.colcon_core.package_identification:_identify(.) by extension 'cmake'
[0.394s] Level 1:colcon.colcon_core.package_identification:_identify(.) by extension 'python'
[0.394s] Level 1:colcon.colcon_core.package_identification:_identify(.) by extensions ['python_setup_py']
[0.394s] Level 1:colcon.colcon_core.package_identification:_identify(.) by extension 'python_setup_py'
[0.394s] Level 1:colcon.colcon_core.package_identification:_identify(build) by extensions ['ignore', 'ignore_ament_install']
[0.394s] Level 1:colcon.colcon_core.package_identification:_identify(build) by extension 'ignore'
[0.394s] Level 1:colcon.colcon_core.package_identification:_identify(build) ignored
[0.394s] Level 1:colcon.colcon_core.package_identification:_identify(install) by extensions ['ignore', 'ignore_ament_install']
[0.395s] Level 1:colcon.colcon_core.package_identification:_identify(install) by extension 'ignore'
[0.395s] Level 1:colcon.colcon_core.package_identification:_identify(install) ignored
[0.395s] Level 1:colcon.colcon_core.package_identification:_identify(log) by extensions ['ignore', 'ignore_ament_install']
[0.395s] Level 1:colcon.colcon_core.package_identification:_identify(log) by extension 'ignore'
[0.395s] Level 1:colcon.colcon_core.package_identification:_identify(log) ignored
[0.395s] Level 1:colcon.colcon_core.package_identification:_identify(src) by extensions ['ignore', 'ignore_ament_install']
[0.395s] Level 1:colcon.colcon_core.package_identification:_identify(src) by extension 'ignore'
[0.395s] Level 1:colcon.colcon_core.package_identification:_identify(src) by extension 'ignore_ament_install'
[0.395s] Level 1:colcon.colcon_core.package_identification:_identify(src) by extensions ['colcon_pkg']
[0.395s] Level 1:colcon.colcon_core.package_identification:_identify(src) by extension 'colcon_pkg'
[0.395s] Level 1:colcon.colcon_core.package_identification:_identify(src) by extensions ['colcon_meta']
[0.395s] Level 1:colcon.colcon_core.package_identification:_identify(src) by extension 'colcon_meta'
[0.395s] Level 1:colcon.colcon_core.package_identification:_identify(src) by extensions ['ros']
[0.395s] Level 1:colcon.colcon_core.package_identification:_identify(src) by extension 'ros'
[0.395s] Level 1:colcon.colcon_core.package_identification:_identify(src) by extensions ['cmake', 'python']
[0.395s] Level 1:colcon.colcon_core.package_identification:_identify(src) by extension 'cmake'
[0.395s] Level 1:colcon.colcon_core.package_identification:_identify(src) by extension 'python'
[0.395s] Level 1:colcon.colcon_core.package_identification:_identify(src) by extensions ['python_setup_py']
[0.396s] Level 1:colcon.colcon_core.package_identification:_identify(src) by extension 'python_setup_py'
[0.396s] Level 1:colcon.colcon_core.package_identification:_identify(src/launcher) by extensions ['ignore', 'ignore_ament_install']
[0.396s] Level 1:colcon.colcon_core.package_identification:_identify(src/launcher) by extension 'ignore'
[0.396s] Level 1:colcon.colcon_core.package_identification:_identify(src/launcher) by extension 'ignore_ament_install'
[0.396s] Level 1:colcon.colcon_core.package_identification:_identify(src/launcher) by extensions ['colcon_pkg']
[0.396s] Level 1:colcon.colcon_core.package_identification:_identify(src/launcher) by extension 'colcon_pkg'
[0.396s] Level 1:colcon.colcon_core.package_identification:_identify(src/launcher) by extensions ['colcon_meta']
[0.396s] Level 1:colcon.colcon_core.package_identification:_identify(src/launcher) by extension 'colcon_meta'
[0.396s] Level 1:colcon.colcon_core.package_identification:_identify(src/launcher) by extensions ['ros']
[0.396s] Level 1:colcon.colcon_core.package_identification:_identify(src/launcher) by extension 'ros'
[0.398s] DEBUG:colcon.colcon_core.package_identification:Package 'src/launcher' with type 'ros.ament_cmake' and name 'launcher'
[0.398s] Level 1:colcon.colcon_core.package_identification:_identify(src/pkg_cpp) by extensions ['ignore', 'ignore_ament_install']
[0.398s] Level 1:colcon.colcon_core.package_identification:_identify(src/pkg_cpp) by extension 'ignore'
[0.399s] Level 1:colcon.colcon_core.package_identification:_identify(src/pkg_cpp) by extension 'ignore_ament_install'
[0.399s] Level 1:colcon.colcon_core.package_identification:_identify(src/pkg_cpp) by extensions ['colcon_pkg']
[0.399s] Level 1:colcon.colcon_core.package_identification:_identify(src/pkg_cpp) by extension 'colcon_pkg'
[0.399s] Level 1:colcon.colcon_core.package_identification:_identify(src/pkg_cpp) by extensions ['colcon_meta']
[0.399s] Level 1:colcon.colcon_core.package_identification:_identify(src/pkg_cpp) by extension 'colcon_meta'
[0.399s] Level 1:colcon.colcon_core.package_identification:_identify(src/pkg_cpp) by extensions ['ros']
[0.399s] Level 1:colcon.colcon_core.package_identification:_identify(src/pkg_cpp) by extension 'ros'
[0.399s] DEBUG:colcon.colcon_core.package_identification:Package 'src/pkg_cpp' with type 'ros.ament_cmake' and name 'pkg_cpp'
[0.400s] Level 1:colcon.colcon_core.package_identification:_identify(src/pkg_cython) by extensions ['ignore', 'ignore_ament_install']
[0.400s] Level 1:colcon.colcon_core.package_identification:_identify(src/pkg_cython) by extension 'ignore'
[0.400s] Level 1:colcon.colcon_core.package_identification:_identify(src/pkg_cython) by extension 'ignore_ament_install'
[0.400s] Level 1:colcon.colcon_core.package_identification:_identify(src/pkg_cython) by extensions ['colcon_pkg']
[0.400s] Level 1:colcon.colcon_core.package_identification:_identify(src/pkg_cython) by extension 'colcon_pkg'
[0.400s] Level 1:colcon.colcon_core.package_identification:_identify(src/pkg_cython) by extensions ['colcon_meta']
[0.400s] Level 1:colcon.colcon_core.package_identification:_identify(src/pkg_cython) by extension 'colcon_meta'
[0.400s] Level 1:colcon.colcon_core.package_identification:_identify(src/pkg_cython) by extensions ['ros']
[0.400s] Level 1:colcon.colcon_core.package_identification:_identify(src/pkg_cython) by extension 'ros'
[0.401s] DEBUG:colcon.colcon_core.package_identification:Package 'src/pkg_cython' with type 'ros.ament_python' and name 'pkg_cython'
[0.401s] Level 1:colcon.colcon_core.package_identification:_identify(src/pkg_python) by extensions ['ignore', 'ignore_ament_install']
[0.401s] Level 1:colcon.colcon_core.package_identification:_identify(src/pkg_python) by extension 'ignore'
[0.401s] Level 1:colcon.colcon_core.package_identification:_identify(src/pkg_python) by extension 'ignore_ament_install'
[0.401s] Level 1:colcon.colcon_core.package_identification:_identify(src/pkg_python) by extensions ['colcon_pkg']
[0.401s] Level 1:colcon.colcon_core.package_identification:_identify(src/pkg_python) by extension 'colcon_pkg'
[0.401s] Level 1:colcon.colcon_core.package_identification:_identify(src/pkg_python) by extensions ['colcon_meta']
[0.401s] Level 1:colcon.colcon_core.package_identification:_identify(src/pkg_python) by extension 'colcon_meta'
[0.401s] Level 1:colcon.colcon_core.package_identification:_identify(src/pkg_python) by extensions ['ros']
[0.401s] Level 1:colcon.colcon_core.package_identification:_identify(src/pkg_python) by extension 'ros'
[0.402s] DEBUG:colcon.colcon_core.package_identification:Package 'src/pkg_python' with type 'ros.ament_python' and name 'pkg_python'
[0.402s] Level 1:colcon.colcon_core.package_identification:_identify(src/pkg_yaml) by extensions ['ignore', 'ignore_ament_install']
[0.402s] Level 1:colcon.colcon_core.package_identification:_identify(src/pkg_yaml) by extension 'ignore'
[0.402s] Level 1:colcon.colcon_core.package_identification:_identify(src/pkg_yaml) by extension 'ignore_ament_install'
[0.402s] Level 1:colcon.colcon_core.package_identification:_identify(src/pkg_yaml) by extensions ['colcon_pkg']
[0.402s] Level 1:colcon.colcon_core.package_identification:_identify(src/pkg_yaml) by extension 'colcon_pkg'
[0.402s] Level 1:colcon.colcon_core.package_identification:_identify(src/pkg_yaml) by extensions ['colcon_meta']
[0.402s] Level 1:colcon.colcon_core.package_identification:_identify(src/pkg_yaml) by extension 'colcon_meta'
[0.402s] Level 1:colcon.colcon_core.package_identification:_identify(src/pkg_yaml) by extensions ['ros']
[0.402s] Level 1:colcon.colcon_core.package_identification:_identify(src/pkg_yaml) by extension 'ros'
[0.403s] DEBUG:colcon.colcon_core.package_identification:Package 'src/pkg_yaml' with type 'ros.ament_cmake' and name 'pkg_yaml'
[0.403s] Level 1:colcon.colcon_core.package_discovery:discover_packages(recursive) using defaults
[0.403s] Level 1:colcon.colcon_core.package_discovery:discover_packages(ignore) discover
[0.403s] Level 1:colcon.colcon_core.package_discovery:discover_packages(ignore) using defaults
[0.403s] Level 1:colcon.colcon_core.package_discovery:discover_packages(path) discover
[0.403s] Level 1:colcon.colcon_core.package_discovery:discover_packages(path) using defaults
[0.424s] Level 1:colcon.colcon_core.package_discovery:discover_packages(prefix_path) check parameters
[0.424s] Level 1:colcon.colcon_core.package_discovery:discover_packages(prefix_path) discover
[0.426s] DEBUG:colcon.colcon_installed_package_information.package_discovery:Found 5 installed packages in /home/arielsulton/ros2_ws/install
[0.427s] DEBUG:colcon.colcon_installed_package_information.package_discovery:Found 256 installed packages in /opt/ros/foxy
[0.429s] Level 1:colcon.colcon_core.package_discovery:discover_packages(prefix_path) using defaults
[0.497s] Level 5:colcon.colcon_core.verb:set package 'launcher' build argument 'cmake_args' from command line to 'None'
[0.497s] Level 5:colcon.colcon_core.verb:set package 'launcher' build argument 'cmake_target' from command line to 'None'
[0.497s] Level 5:colcon.colcon_core.verb:set package 'launcher' build argument 'cmake_target_skip_unavailable' from command line to 'False'
[0.497s] Level 5:colcon.colcon_core.verb:set package 'launcher' build argument 'cmake_clean_cache' from command line to 'False'
[0.497s] Level 5:colcon.colcon_core.verb:set package 'launcher' build argument 'cmake_clean_first' from command line to 'False'
[0.497s] Level 5:colcon.colcon_core.verb:set package 'launcher' build argument 'cmake_force_configure' from command line to 'False'
[0.497s] Level 5:colcon.colcon_core.verb:set package 'launcher' build argument 'ament_cmake_args' from command line to 'None'
[0.497s] Level 5:colcon.colcon_core.verb:set package 'launcher' build argument 'catkin_cmake_args' from command line to 'None'
[0.497s] Level 5:colcon.colcon_core.verb:set package 'launcher' build argument 'catkin_skip_building_tests' from command line to 'False'
[0.497s] DEBUG:colcon.colcon_core.verb:Building package 'launcher' with the following arguments: {'ament_cmake_args': None, 'build_base': '/home/arielsulton/ros2_ws/build/launcher', 'catkin_cmake_args': None, 'catkin_skip_building_tests': False, 'cmake_args': None, 'cmake_clean_cache': False, 'cmake_clean_first': False, 'cmake_force_configure': False, 'cmake_target': None, 'cmake_target_skip_unavailable': False, 'install_base': '/home/arielsulton/ros2_ws/install/launcher', 'merge_install': False, 'path': '/home/arielsulton/ros2_ws/src/launcher', 'symlink_install': False, 'test_result_base': None}
[0.498s] Level 5:colcon.colcon_core.verb:set package 'pkg_cpp' build argument 'cmake_args' from command line to 'None'
[0.498s] Level 5:colcon.colcon_core.verb:set package 'pkg_cpp' build argument 'cmake_target' from command line to 'None'
[0.498s] Level 5:colcon.colcon_core.verb:set package 'pkg_cpp' build argument 'cmake_target_skip_unavailable' from command line to 'False'
[0.498s] Level 5:colcon.colcon_core.verb:set package 'pkg_cpp' build argument 'cmake_clean_cache' from command line to 'False'
[0.498s] Level 5:colcon.colcon_core.verb:set package 'pkg_cpp' build argument 'cmake_clean_first' from command line to 'False'
[0.498s] Level 5:colcon.colcon_core.verb:set package 'pkg_cpp' build argument 'cmake_force_configure' from command line to 'False'
[0.498s] Level 5:colcon.colcon_core.verb:set package 'pkg_cpp' build argument 'ament_cmake_args' from command line to 'None'
[0.498s] Level 5:colcon.colcon_core.verb:set package 'pkg_cpp' build argument 'catkin_cmake_args' from command line to 'None'
[0.498s] Level 5:colcon.colcon_core.verb:set package 'pkg_cpp' build argument 'catkin_skip_building_tests' from command line to 'False'
[0.498s] DEBUG:colcon.colcon_core.verb:Building package 'pkg_cpp' with the following arguments: {'ament_cmake_args': None, 'build_base': '/home/arielsulton/ros2_ws/build/pkg_cpp', 'catkin_cmake_args': None, 'catkin_skip_building_tests': False, 'cmake_args': None, 'cmake_clean_cache': False, 'cmake_clean_first': False, 'cmake_force_configure': False, 'cmake_target': None, 'cmake_target_skip_unavailable': False, 'install_base': '/home/arielsulton/ros2_ws/install/pkg_cpp', 'merge_install': False, 'path': '/home/arielsulton/ros2_ws/src/pkg_cpp', 'symlink_install': False, 'test_result_base': None}
[0.498s] Level 5:colcon.colcon_core.verb:set package 'pkg_cython' build argument 'cmake_args' from command line to 'None'
[0.498s] Level 5:colcon.colcon_core.verb:set package 'pkg_cython' build argument 'cmake_target' from command line to 'None'
[0.498s] Level 5:colcon.colcon_core.verb:set package 'pkg_cython' build argument 'cmake_target_skip_unavailable' from command line to 'False'
[0.498s] Level 5:colcon.colcon_core.verb:set package 'pkg_cython' build argument 'cmake_clean_cache' from command line to 'False'
[0.498s] Level 5:colcon.colcon_core.verb:set package 'pkg_cython' build argument 'cmake_clean_first' from command line to 'False'
[0.498s] Level 5:colcon.colcon_core.verb:set package 'pkg_cython' build argument 'cmake_force_configure' from command line to 'False'
[0.499s] Level 5:colcon.colcon_core.verb:set package 'pkg_cython' build argument 'ament_cmake_args' from command line to 'None'
[0.499s] Level 5:colcon.colcon_core.verb:set package 'pkg_cython' build argument 'catkin_cmake_args' from command line to 'None'
[0.499s] Level 5:colcon.colcon_core.verb:set package 'pkg_cython' build argument 'catkin_skip_building_tests' from command line to 'False'
[0.499s] DEBUG:colcon.colcon_core.verb:Building package 'pkg_cython' with the following arguments: {'ament_cmake_args': None, 'build_base': '/home/arielsulton/ros2_ws/build/pkg_cython', 'catkin_cmake_args': None, 'catkin_skip_building_tests': False, 'cmake_args': None, 'cmake_clean_cache': False, 'cmake_clean_first': False, 'cmake_force_configure': False, 'cmake_target': None, 'cmake_target_skip_unavailable': False, 'install_base': '/home/arielsulton/ros2_ws/install/pkg_cython', 'merge_install': False, 'path': '/home/arielsulton/ros2_ws/src/pkg_cython', 'symlink_install': False, 'test_result_base': None}
[0.499s] Level 5:colcon.colcon_core.verb:set package 'pkg_python' build argument 'cmake_args' from command line to 'None'
[0.499s] Level 5:colcon.colcon_core.verb:set package 'pkg_python' build argument 'cmake_target' from command line to 'None'
[0.499s] Level 5:colcon.colcon_core.verb:set package 'pkg_python' build argument 'cmake_target_skip_unavailable' from command line to 'False'
[0.499s] Level 5:colcon.colcon_core.verb:set package 'pkg_python' build argument 'cmake_clean_cache' from command line to 'False'
[0.499s] Level 5:colcon.colcon_core.verb:set package 'pkg_python' build argument 'cmake_clean_first' from command line to 'False'
[0.499s] Level 5:colcon.colcon_core.verb:set package 'pkg_python' build argument 'cmake_force_configure' from command line to 'False'
[0.499s] Level 5:colcon.colcon_core.verb:set package 'pkg_python' build argument 'ament_cmake_args' from command line to 'None'
[0.499s] Level 5:colcon.colcon_core.verb:set package 'pkg_python' build argument 'catkin_cmake_args' from command line to 'None'
[0.499s] Level 5:colcon.colcon_core.verb:set package 'pkg_python' build argument 'catkin_skip_building_tests' from command line to 'False'
[0.499s] DEBUG:colcon.colcon_core.verb:Building package 'pkg_python' with the following arguments: {'ament_cmake_args': None, 'build_base': '/home/arielsulton/ros2_ws/build/pkg_python', 'catkin_cmake_args': None, 'catkin_skip_building_tests': False, 'cmake_args': None, 'cmake_clean_cache': False, 'cmake_clean_first': False, 'cmake_force_configure': False, 'cmake_target': None, 'cmake_target_skip_unavailable': False, 'install_base': '/home/arielsulton/ros2_ws/install/pkg_python', 'merge_install': False, 'path': '/home/arielsulton/ros2_ws/src/pkg_python', 'symlink_install': False, 'test_result_base': None}
[0.500s] Level 5:colcon.colcon_core.verb:set package 'pkg_yaml' build argument 'cmake_args' from command line to 'None'
[0.500s] Level 5:colcon.colcon_core.verb:set package 'pkg_yaml' build argument 'cmake_target' from command line to 'None'
[0.500s] Level 5:colcon.colcon_core.verb:set package 'pkg_yaml' build argument 'cmake_target_skip_unavailable' from command line to 'False'
[0.500s] Level 5:colcon.colcon_core.verb:set package 'pkg_yaml' build argument 'cmake_clean_cache' from command line to 'False'
[0.500s] Level 5:colcon.colcon_core.verb:set package 'pkg_yaml' build argument 'cmake_clean_first' from command line to 'False'
[0.500s] Level 5:colcon.colcon_core.verb:set package 'pkg_yaml' build argument 'cmake_force_configure' from command line to 'False'
[0.500s] Level 5:colcon.colcon_core.verb:set package 'pkg_yaml' build argument 'ament_cmake_args' from command line to 'None'
[0.500s] Level 5:colcon.colcon_core.verb:set package 'pkg_yaml' build argument 'catkin_cmake_args' from command line to 'None'
[0.500s] Level 5:colcon.colcon_core.verb:set package 'pkg_yaml' build argument 'catkin_skip_building_tests' from command line to 'False'
[0.500s] DEBUG:colcon.colcon_core.verb:Building package 'pkg_yaml' with the following arguments: {'ament_cmake_args': None, 'build_base': '/home/arielsulton/ros2_ws/build/pkg_yaml', 'catkin_cmake_args': None, 'catkin_skip_building_tests': False, 'cmake_args': None, 'cmake_clean_cache': False, 'cmake_clean_first': False, 'cmake_force_configure': False, 'cmake_target': None, 'cmake_target_skip_unavailable': False, 'install_base': '/home/arielsulton/ros2_ws/install/pkg_yaml', 'merge_install': False, 'path': '/home/arielsulton/ros2_ws/src/pkg_yaml', 'symlink_install': False, 'test_result_base': None}
[0.500s] INFO:colcon.colcon_core.executor:Executing jobs using 'parallel' executor
[0.501s] DEBUG:colcon.colcon_parallel_executor.executor.parallel:run_until_complete
[0.501s] INFO:colcon.colcon_ros.task.ament_cmake.build:Building ROS package in '/home/arielsulton/ros2_ws/src/launcher' with build type 'ament_cmake'
[0.501s] INFO:colcon.colcon_cmake.task.cmake.build:Building CMake package in '/home/arielsulton/ros2_ws/src/launcher'
[0.503s] INFO:colcon.colcon_core.plugin_system:Skipping extension 'colcon_core.shell.bat': Not used on non-Windows systems
[0.503s] INFO:colcon.colcon_core.shell:Skip shell extension 'powershell' for command environment: Not usable outside of PowerShell
[0.504s] DEBUG:colcon.colcon_core.shell:Skip shell extension 'dsv' for command environment
[0.509s] INFO:colcon.colcon_ros.task.ament_cmake.build:Building ROS package in '/home/arielsulton/ros2_ws/src/pkg_cpp' with build type 'ament_cmake'
[0.509s] INFO:colcon.colcon_cmake.task.cmake.build:Building CMake package in '/home/arielsulton/ros2_ws/src/pkg_cpp'
[0.510s] INFO:colcon.colcon_core.shell:Skip shell extension 'powershell' for command environment: Not usable outside of PowerShell
[0.510s] DEBUG:colcon.colcon_core.shell:Skip shell extension 'dsv' for command environment
[0.516s] INFO:colcon.colcon_ros.task.ament_python.build:Building ROS package in '/home/arielsulton/ros2_ws/src/pkg_cython' with build type 'ament_python'
[0.516s] Level 1:colcon.colcon_core.shell:create_environment_hook('pkg_cython', 'ament_prefix_path')
[0.516s] INFO:colcon.colcon_core.shell:Creating environment hook '/home/arielsulton/ros2_ws/install/pkg_cython/share/pkg_cython/hook/ament_prefix_path.ps1'
[0.518s] INFO:colcon.colcon_core.shell:Creating environment descriptor '/home/arielsulton/ros2_ws/install/pkg_cython/share/pkg_cython/hook/ament_prefix_path.dsv'
[0.518s] INFO:colcon.colcon_core.shell:Creating environment hook '/home/arielsulton/ros2_ws/install/pkg_cython/share/pkg_cython/hook/ament_prefix_path.sh'
[0.519s] INFO:colcon.colcon_core.shell:Skip shell extension 'powershell' for command environment: Not usable outside of PowerShell
[0.519s] DEBUG:colcon.colcon_core.shell:Skip shell extension 'dsv' for command environment
[0.524s] INFO:colcon.colcon_ros.task.ament_python.build:Building ROS package in '/home/arielsulton/ros2_ws/src/pkg_python' with build type 'ament_python'
[0.525s] Level 1:colcon.colcon_core.shell:create_environment_hook('pkg_python', 'ament_prefix_path')
[0.526s] INFO:colcon.colcon_core.shell:Creating environment hook '/home/arielsulton/ros2_ws/install/pkg_python/share/pkg_python/hook/ament_prefix_path.ps1'
[0.527s] INFO:colcon.colcon_core.shell:Creating environment descriptor '/home/arielsulton/ros2_ws/install/pkg_python/share/pkg_python/hook/ament_prefix_path.dsv'
[0.527s] INFO:colcon.colcon_core.shell:Creating environment hook '/home/arielsulton/ros2_ws/install/pkg_python/share/pkg_python/hook/ament_prefix_path.sh'
[0.528s] INFO:colcon.colcon_core.shell:Skip shell extension 'powershell' for command environment: Not usable outside of PowerShell
[0.528s] DEBUG:colcon.colcon_core.shell:Skip shell extension 'dsv' for command environment
[0.533s] INFO:colcon.colcon_ros.task.ament_cmake.build:Building ROS package in '/home/arielsulton/ros2_ws/src/pkg_yaml' with build type 'ament_cmake'
[0.534s] INFO:colcon.colcon_cmake.task.cmake.build:Building CMake package in '/home/arielsulton/ros2_ws/src/pkg_yaml'
[0.534s] INFO:colcon.colcon_core.shell:Skip shell extension 'powershell' for command environment: Not usable outside of PowerShell
[0.534s] DEBUG:colcon.colcon_core.shell:Skip shell extension 'dsv' for command environment
[0.550s] DEBUG:colcon.colcon_core.event_handler.log_command:Invoking command in '/home/arielsulton/ros2_ws/build/launcher': CMAKE_PREFIX_PATH=${CMAKE_PREFIX_PATH}:/home/arielsulton/ros2_ws/install/pkg_python:/home/arielsulton/ros2_ws/install/pkg_cython:/opt/ros/foxy /usr/bin/cmake --build /home/arielsulton/ros2_ws/build/launcher -- -j8 -l8
[0.560s] DEBUG:colcon.colcon_core.event_handler.log_command:Invoking command in '/home/arielsulton/ros2_ws/build/pkg_cpp': CMAKE_PREFIX_PATH=${CMAKE_PREFIX_PATH}:/home/arielsulton/ros2_ws/install/pkg_python:/home/arielsulton/ros2_ws/install/pkg_cython:/opt/ros/foxy /usr/bin/cmake --build /home/arielsulton/ros2_ws/build/pkg_cpp -- -j8 -l8
[1.649s] INFO:colcon.colcon_core.task.python.build:Building Python package in '/home/arielsulton/ros2_ws/src/pkg_cython'
[1.650s] INFO:colcon.colcon_core.shell:Skip shell extension 'powershell' for command environment: Not usable outside of PowerShell
[1.650s] DEBUG:colcon.colcon_core.shell:Skip shell extension 'dsv' for command environment
[2.111s] INFO:colcon.colcon_core.task.python.build:Building Python package in '/home/arielsulton/ros2_ws/src/pkg_python'
[2.112s] INFO:colcon.colcon_core.shell:Skip shell extension 'powershell' for command environment: Not usable outside of PowerShell
[2.112s] DEBUG:colcon.colcon_core.shell:Skip shell extension 'dsv' for command environment
[2.125s] DEBUG:colcon.colcon_core.event_handler.log_command:Invoking command in '/home/arielsulton/ros2_ws/build/pkg_yaml': CMAKE_PREFIX_PATH=${CMAKE_PREFIX_PATH}:/home/arielsulton/ros2_ws/install/pkg_python:/home/arielsulton/ros2_ws/install/pkg_cython:/opt/ros/foxy /usr/bin/cmake --build /home/arielsulton/ros2_ws/build/pkg_yaml -- -j8 -l8
[2.133s] DEBUG:colcon.colcon_core.event_handler.log_command:Invoked command in '/home/arielsulton/ros2_ws/build/launcher' returned '0': CMAKE_PREFIX_PATH=${CMAKE_PREFIX_PATH}:/home/arielsulton/ros2_ws/install/pkg_python:/home/arielsulton/ros2_ws/install/pkg_cython:/opt/ros/foxy /usr/bin/cmake --build /home/arielsulton/ros2_ws/build/launcher -- -j8 -l8
[2.151s] DEBUG:colcon.colcon_core.event_handler.log_command:Invoking command in '/home/arielsulton/ros2_ws/build/launcher': CMAKE_PREFIX_PATH=${CMAKE_PREFIX_PATH}:/home/arielsulton/ros2_ws/install/pkg_python:/home/arielsulton/ros2_ws/install/pkg_cython:/opt/ros/foxy /usr/bin/cmake --install /home/arielsulton/ros2_ws/build/launcher
[2.153s] DEBUG:colcon.colcon_core.event_handler.log_command:Invoked command in '/home/arielsulton/ros2_ws/build/pkg_cpp' returned '0': CMAKE_PREFIX_PATH=${CMAKE_PREFIX_PATH}:/home/arielsulton/ros2_ws/install/pkg_python:/home/arielsulton/ros2_ws/install/pkg_cython:/opt/ros/foxy /usr/bin/cmake --build /home/arielsulton/ros2_ws/build/pkg_cpp -- -j8 -l8
[2.157s] DEBUG:colcon.colcon_core.event_handler.log_command:Invoking command in '/home/arielsulton/ros2_ws/build/pkg_cpp': CMAKE_PREFIX_PATH=${CMAKE_PREFIX_PATH}:/home/arielsulton/ros2_ws/install/pkg_python:/home/arielsulton/ros2_ws/install/pkg_cython:/opt/ros/foxy /usr/bin/cmake --install /home/arielsulton/ros2_ws/build/pkg_cpp
[2.184s] Level 1:colcon.colcon_core.environment:create_environment_scripts_only(launcher)
[2.186s] DEBUG:colcon.colcon_core.event_handler.log_command:Invoked command in '/home/arielsulton/ros2_ws/build/launcher' returned '0': CMAKE_PREFIX_PATH=${CMAKE_PREFIX_PATH}:/home/arielsulton/ros2_ws/install/pkg_python:/home/arielsulton/ros2_ws/install/pkg_cython:/opt/ros/foxy /usr/bin/cmake --install /home/arielsulton/ros2_ws/build/launcher
[2.190s] Level 1:colcon.colcon_core.environment:checking '/home/arielsulton/ros2_ws/install/launcher' for CMake module files
[2.191s] Level 1:colcon.colcon_core.environment:checking '/home/arielsulton/ros2_ws/install/launcher' for CMake config files
[2.191s] Level 1:colcon.colcon_core.shell:create_environment_hook('launcher', 'cmake_prefix_path')
[2.192s] INFO:colcon.colcon_core.shell:Creating environment hook '/home/arielsulton/ros2_ws/install/launcher/share/launcher/hook/cmake_prefix_path.ps1'
[2.193s] INFO:colcon.colcon_core.shell:Creating environment descriptor '/home/arielsulton/ros2_ws/install/launcher/share/launcher/hook/cmake_prefix_path.dsv'
[2.194s] INFO:colcon.colcon_core.shell:Creating environment hook '/home/arielsulton/ros2_ws/install/launcher/share/launcher/hook/cmake_prefix_path.sh'
[2.196s] Level 1:colcon.colcon_core.environment:checking '/home/arielsulton/ros2_ws/install/launcher/bin'
[2.196s] Level 1:colcon.colcon_core.environment:checking '/home/arielsulton/ros2_ws/install/launcher/lib/pkgconfig/launcher.pc'
[2.197s] Level 1:colcon.colcon_core.environment:checking '/home/arielsulton/ros2_ws/install/launcher/lib/python3.8/site-packages'
[2.197s] Level 1:colcon.colcon_core.environment:checking '/home/arielsulton/ros2_ws/install/launcher/bin'
[2.198s] INFO:colcon.colcon_core.shell:Creating package script '/home/arielsulton/ros2_ws/install/launcher/share/launcher/package.ps1'
[2.200s] INFO:colcon.colcon_core.shell:Creating package descriptor '/home/arielsulton/ros2_ws/install/launcher/share/launcher/package.dsv'
[2.201s] INFO:colcon.colcon_core.shell:Creating package script '/home/arielsulton/ros2_ws/install/launcher/share/launcher/package.sh'
[2.202s] INFO:colcon.colcon_core.shell:Creating package script '/home/arielsulton/ros2_ws/install/launcher/share/launcher/package.bash'
[2.203s] INFO:colcon.colcon_core.shell:Creating package script '/home/arielsulton/ros2_ws/install/launcher/share/launcher/package.zsh'
[2.205s] Level 1:colcon.colcon_core.environment:create_file_with_runtime_dependencies(/home/arielsulton/ros2_ws/install/launcher/share/colcon-core/packages/launcher)
[2.206s] Level 1:colcon.colcon_core.environment:create_environment_scripts_only(launcher)
[2.206s] Level 1:colcon.colcon_core.environment:checking '/home/arielsulton/ros2_ws/install/launcher' for CMake module files
[2.207s] Level 1:colcon.colcon_core.environment:checking '/home/arielsulton/ros2_ws/install/launcher' for CMake config files
[2.208s] Level 1:colcon.colcon_core.shell:create_environment_hook('launcher', 'cmake_prefix_path')
[2.208s] INFO:colcon.colcon_core.shell:Creating environment hook '/home/arielsulton/ros2_ws/install/launcher/share/launcher/hook/cmake_prefix_path.ps1'
[2.209s] INFO:colcon.colcon_core.shell:Creating environment descriptor '/home/arielsulton/ros2_ws/install/launcher/share/launcher/hook/cmake_prefix_path.dsv'
[2.209s] INFO:colcon.colcon_core.shell:Creating environment hook '/home/arielsulton/ros2_ws/install/launcher/share/launcher/hook/cmake_prefix_path.sh'
[2.211s] Level 1:colcon.colcon_core.environment:checking '/home/arielsulton/ros2_ws/install/launcher/bin'
[2.211s] Level 1:colcon.colcon_core.environment:checking '/home/arielsulton/ros2_ws/install/launcher/lib/pkgconfig/launcher.pc'
[2.211s] Level 1:colcon.colcon_core.environment:checking '/home/arielsulton/ros2_ws/install/launcher/lib/python3.8/site-packages'
[2.212s] Level 1:colcon.colcon_core.environment:checking '/home/arielsulton/ros2_ws/install/launcher/bin'
[2.212s] INFO:colcon.colcon_core.shell:Creating package script '/home/arielsulton/ros2_ws/install/launcher/share/launcher/package.ps1'
[2.213s] INFO:colcon.colcon_core.shell:Creating package descriptor '/home/arielsulton/ros2_ws/install/launcher/share/launcher/package.dsv'
[2.214s] INFO:colcon.colcon_core.shell:Creating package script '/home/arielsulton/ros2_ws/install/launcher/share/launcher/package.sh'
[2.215s] INFO:colcon.colcon_core.shell:Creating package script '/home/arielsulton/ros2_ws/install/launcher/share/launcher/package.bash'
[2.216s] INFO:colcon.colcon_core.shell:Creating package script '/home/arielsulton/ros2_ws/install/launcher/share/launcher/package.zsh'
[2.217s] Level 1:colcon.colcon_core.environment:create_file_with_runtime_dependencies(/home/arielsulton/ros2_ws/install/launcher/share/colcon-core/packages/launcher)
[2.217s] Level 1:colcon.colcon_core.environment:create_environment_scripts_only(pkg_cpp)
[2.218s] Level 1:colcon.colcon_core.environment:checking '/home/arielsulton/ros2_ws/install/pkg_cpp' for CMake module files
[2.220s] DEBUG:colcon.colcon_core.event_handler.log_command:Invoked command in '/home/arielsulton/ros2_ws/build/pkg_cpp' returned '0': CMAKE_PREFIX_PATH=${CMAKE_PREFIX_PATH}:/home/arielsulton/ros2_ws/install/pkg_python:/home/arielsulton/ros2_ws/install/pkg_cython:/opt/ros/foxy /usr/bin/cmake --install /home/arielsulton/ros2_ws/build/pkg_cpp
[2.220s] Level 1:colcon.colcon_core.environment:checking '/home/arielsulton/ros2_ws/install/pkg_cpp' for CMake config files
[2.220s] Level 1:colcon.colcon_core.shell:create_environment_hook('pkg_cpp', 'cmake_prefix_path')
[2.221s] INFO:colcon.colcon_core.shell:Creating environment hook '/home/arielsulton/ros2_ws/install/pkg_cpp/share/pkg_cpp/hook/cmake_prefix_path.ps1'
[2.221s] INFO:colcon.colcon_core.shell:Creating environment descriptor '/home/arielsulton/ros2_ws/install/pkg_cpp/share/pkg_cpp/hook/cmake_prefix_path.dsv'
[2.222s] INFO:colcon.colcon_core.shell:Creating environment hook '/home/arielsulton/ros2_ws/install/pkg_cpp/share/pkg_cpp/hook/cmake_prefix_path.sh'
[2.223s] Level 1:colcon.colcon_core.environment:checking '/home/arielsulton/ros2_ws/install/pkg_cpp/lib'
[2.223s] Level 1:colcon.colcon_core.environment:checking '/home/arielsulton/ros2_ws/install/pkg_cpp/bin'
[2.223s] Level 1:colcon.colcon_core.environment:checking '/home/arielsulton/ros2_ws/install/pkg_cpp/lib/pkgconfig/pkg_cpp.pc'
[2.224s] Level 1:colcon.colcon_core.environment:checking '/home/arielsulton/ros2_ws/install/pkg_cpp/lib/python3.8/site-packages'
[2.224s] Level 1:colcon.colcon_core.environment:checking '/home/arielsulton/ros2_ws/install/pkg_cpp/bin'
[2.224s] INFO:colcon.colcon_core.shell:Creating package script '/home/arielsulton/ros2_ws/install/pkg_cpp/share/pkg_cpp/package.ps1'
[2.225s] INFO:colcon.colcon_core.shell:Creating package descriptor '/home/arielsulton/ros2_ws/install/pkg_cpp/share/pkg_cpp/package.dsv'
[2.226s] INFO:colcon.colcon_core.shell:Creating package script '/home/arielsulton/ros2_ws/install/pkg_cpp/share/pkg_cpp/package.sh'
[2.227s] INFO:colcon.colcon_core.shell:Creating package script '/home/arielsulton/ros2_ws/install/pkg_cpp/share/pkg_cpp/package.bash'
[2.228s] INFO:colcon.colcon_core.shell:Creating package script '/home/arielsulton/ros2_ws/install/pkg_cpp/share/pkg_cpp/package.zsh'
[2.229s] Level 1:colcon.colcon_core.environment:create_file_with_runtime_dependencies(/home/arielsulton/ros2_ws/install/pkg_cpp/share/colcon-core/packages/pkg_cpp)
[2.230s] Level 1:colcon.colcon_core.environment:create_environment_scripts_only(pkg_cpp)
[2.231s] Level 1:colcon.colcon_core.environment:checking '/home/arielsulton/ros2_ws/install/pkg_cpp' for CMake module files
[2.231s] Level 1:colcon.colcon_core.environment:checking '/home/arielsulton/ros2_ws/install/pkg_cpp' for CMake config files
[2.232s] Level 1:colcon.colcon_core.shell:create_environment_hook('pkg_cpp', 'cmake_prefix_path')
[2.233s] INFO:colcon.colcon_core.shell:Creating environment hook '/home/arielsulton/ros2_ws/install/pkg_cpp/share/pkg_cpp/hook/cmake_prefix_path.ps1'
[2.233s] INFO:colcon.colcon_core.shell:Creating environment descriptor '/home/arielsulton/ros2_ws/install/pkg_cpp/share/pkg_cpp/hook/cmake_prefix_path.dsv'
[2.234s] INFO:colcon.colcon_core.shell:Creating environment hook '/home/arielsulton/ros2_ws/install/pkg_cpp/share/pkg_cpp/hook/cmake_prefix_path.sh'
[2.235s] Level 1:colcon.colcon_core.environment:checking '/home/arielsulton/ros2_ws/install/pkg_cpp/lib'
[2.235s] Level 1:colcon.colcon_core.environment:checking '/home/arielsulton/ros2_ws/install/pkg_cpp/bin'
[2.235s] Level 1:colcon.colcon_core.environment:checking '/home/arielsulton/ros2_ws/install/pkg_cpp/lib/pkgconfig/pkg_cpp.pc'
[2.236s] Level 1:colcon.colcon_core.environment:checking '/home/arielsulton/ros2_ws/install/pkg_cpp/lib/python3.8/site-packages'
[2.236s] Level 1:colcon.colcon_core.environment:checking '/home/arielsulton/ros2_ws/install/pkg_cpp/bin'
[2.237s] INFO:colcon.colcon_core.shell:Creating package script '/home/arielsulton/ros2_ws/install/pkg_cpp/share/pkg_cpp/package.ps1'
[2.237s] INFO:colcon.colcon_core.shell:Creating package descriptor '/home/arielsulton/ros2_ws/install/pkg_cpp/share/pkg_cpp/package.dsv'
[2.239s] INFO:colcon.colcon_core.shell:Creating package script '/home/arielsulton/ros2_ws/install/pkg_cpp/share/pkg_cpp/package.sh'
[2.239s] INFO:colcon.colcon_core.shell:Creating package script '/home/arielsulton/ros2_ws/install/pkg_cpp/share/pkg_cpp/package.bash'
[2.240s] INFO:colcon.colcon_core.shell:Creating package script '/home/arielsulton/ros2_ws/install/pkg_cpp/share/pkg_cpp/package.zsh'
[2.241s] Level 1:colcon.colcon_core.environment:create_file_with_runtime_dependencies(/home/arielsulton/ros2_ws/install/pkg_cpp/share/colcon-core/packages/pkg_cpp)
[3.750s] DEBUG:colcon.colcon_core.event_handler.log_command:Invoking command in '/home/arielsulton/ros2_ws/src/pkg_python': PYTHONPATH=/home/arielsulton/ros2_ws/build/pkg_python/prefix_override:/usr/lib/python3/dist-packages/colcon_core/task/python/colcon_distutils_commands:/home/arielsulton/ros2_ws/install/pkg_python/lib/python3.8/site-packages:${PYTHONPATH} /usr/bin/python3 -W ignore:setup.py install is deprecated -W ignore:easy_install command is deprecated setup.py egg_info --egg-base ../../build/pkg_python build --build-base /home/arielsulton/ros2_ws/build/pkg_python/build install --record /home/arielsulton/ros2_ws/build/pkg_python/install.log --single-version-externally-managed install_data
[4.286s] DEBUG:colcon.colcon_core.event_handler.log_command:Invoking command in '/home/arielsulton/ros2_ws/src/pkg_cython': PYTHONPATH=/home/arielsulton/ros2_ws/build/pkg_cython/prefix_override:/usr/lib/python3/dist-packages/colcon_core/task/python/colcon_distutils_commands:/home/arielsulton/ros2_ws/install/pkg_cython/lib/python3.8/site-packages:${PYTHONPATH} /usr/bin/python3 -W ignore:setup.py install is deprecated -W ignore:easy_install command is deprecated setup.py egg_info --egg-base ../../build/pkg_cython build --build-base /home/arielsulton/ros2_ws/build/pkg_cython/build install --record /home/arielsulton/ros2_ws/build/pkg_cython/install.log --single-version-externally-managed install_data
[5.220s] DEBUG:colcon.colcon_core.event_handler.log_command:Invoked command in '/home/arielsulton/ros2_ws/build/pkg_yaml' returned '0': CMAKE_PREFIX_PATH=${CMAKE_PREFIX_PATH}:/home/arielsulton/ros2_ws/install/pkg_python:/home/arielsulton/ros2_ws/install/pkg_cython:/opt/ros/foxy /usr/bin/cmake --build /home/arielsulton/ros2_ws/build/pkg_yaml -- -j8 -l8
[5.225s] DEBUG:colcon.colcon_core.event_handler.log_command:Invoking command in '/home/arielsulton/ros2_ws/build/pkg_yaml': CMAKE_PREFIX_PATH=${CMAKE_PREFIX_PATH}:/home/arielsulton/ros2_ws/install/pkg_python:/home/arielsulton/ros2_ws/install/pkg_cython:/opt/ros/foxy /usr/bin/cmake --install /home/arielsulton/ros2_ws/build/pkg_yaml
[5.240s] Level 1:colcon.colcon_core.environment:create_environment_scripts_only(pkg_yaml)
[5.241s] Level 1:colcon.colcon_core.environment:checking '/home/arielsulton/ros2_ws/install/pkg_yaml' for CMake module files
[5.242s] DEBUG:colcon.colcon_core.event_handler.log_command:Invoked command in '/home/arielsulton/ros2_ws/build/pkg_yaml' returned '0': CMAKE_PREFIX_PATH=${CMAKE_PREFIX_PATH}:/home/arielsulton/ros2_ws/install/pkg_python:/home/arielsulton/ros2_ws/install/pkg_cython:/opt/ros/foxy /usr/bin/cmake --install /home/arielsulton/ros2_ws/build/pkg_yaml
[5.242s] Level 1:colcon.colcon_core.environment:checking '/home/arielsulton/ros2_ws/install/pkg_yaml' for CMake config files
[5.243s] Level 1:colcon.colcon_core.shell:create_environment_hook('pkg_yaml', 'cmake_prefix_path')
[5.244s] INFO:colcon.colcon_core.shell:Creating environment hook '/home/arielsulton/ros2_ws/install/pkg_yaml/share/pkg_yaml/hook/cmake_prefix_path.ps1'
[5.245s] INFO:colcon.colcon_core.shell:Creating environment descriptor '/home/arielsulton/ros2_ws/install/pkg_yaml/share/pkg_yaml/hook/cmake_prefix_path.dsv'
[5.246s] INFO:colcon.colcon_core.shell:Creating environment hook '/home/arielsulton/ros2_ws/install/pkg_yaml/share/pkg_yaml/hook/cmake_prefix_path.sh'
[5.247s] Level 1:colcon.colcon_core.environment:checking '/home/arielsulton/ros2_ws/install/pkg_yaml/lib'
[5.247s] Level 1:colcon.colcon_core.environment:checking '/home/arielsulton/ros2_ws/install/pkg_yaml/bin'
[5.247s] Level 1:colcon.colcon_core.environment:checking '/home/arielsulton/ros2_ws/install/pkg_yaml/lib/pkgconfig/pkg_yaml.pc'
[5.247s] Level 1:colcon.colcon_core.environment:checking '/home/arielsulton/ros2_ws/install/pkg_yaml/lib/python3.8/site-packages'
[5.247s] Level 1:colcon.colcon_core.environment:checking '/home/arielsulton/ros2_ws/install/pkg_yaml/bin'
[5.248s] INFO:colcon.colcon_core.shell:Creating package script '/home/arielsulton/ros2_ws/install/pkg_yaml/share/pkg_yaml/package.ps1'
[5.248s] INFO:colcon.colcon_core.shell:Creating package descriptor '/home/arielsulton/ros2_ws/install/pkg_yaml/share/pkg_yaml/package.dsv'
[5.249s] INFO:colcon.colcon_core.shell:Creating package script '/home/arielsulton/ros2_ws/install/pkg_yaml/share/pkg_yaml/package.sh'
[5.249s] INFO:colcon.colcon_core.shell:Creating package script '/home/arielsulton/ros2_ws/install/pkg_yaml/share/pkg_yaml/package.bash'
[5.250s] INFO:colcon.colcon_core.shell:Creating package script '/home/arielsulton/ros2_ws/install/pkg_yaml/share/pkg_yaml/package.zsh'
[5.250s] Level 1:colcon.colcon_core.environment:create_file_with_runtime_dependencies(/home/arielsulton/ros2_ws/install/pkg_yaml/share/colcon-core/packages/pkg_yaml)
[5.251s] Level 1:colcon.colcon_core.environment:create_environment_scripts_only(pkg_yaml)
[5.251s] Level 1:colcon.colcon_core.environment:checking '/home/arielsulton/ros2_ws/install/pkg_yaml' for CMake module files
[5.252s] Level 1:colcon.colcon_core.environment:checking '/home/arielsulton/ros2_ws/install/pkg_yaml' for CMake config files
[5.252s] Level 1:colcon.colcon_core.shell:create_environment_hook('pkg_yaml', 'cmake_prefix_path')
[5.253s] INFO:colcon.colcon_core.shell:Creating environment hook '/home/arielsulton/ros2_ws/install/pkg_yaml/share/pkg_yaml/hook/cmake_prefix_path.ps1'
[5.253s] INFO:colcon.colcon_core.shell:Creating environment descriptor '/home/arielsulton/ros2_ws/install/pkg_yaml/share/pkg_yaml/hook/cmake_prefix_path.dsv'
[5.254s] INFO:colcon.colcon_core.shell:Creating environment hook '/home/arielsulton/ros2_ws/install/pkg_yaml/share/pkg_yaml/hook/cmake_prefix_path.sh'
[5.255s] Level 1:colcon.colcon_core.environment:checking '/home/arielsulton/ros2_ws/install/pkg_yaml/lib'
[5.255s] Level 1:colcon.colcon_core.environment:checking '/home/arielsulton/ros2_ws/install/pkg_yaml/bin'
[5.255s] Level 1:colcon.colcon_core.environment:checking '/home/arielsulton/ros2_ws/install/pkg_yaml/lib/pkgconfig/pkg_yaml.pc'
[5.255s] Level 1:colcon.colcon_core.environment:checking '/home/arielsulton/ros2_ws/install/pkg_yaml/lib/python3.8/site-packages'
[5.255s] Level 1:colcon.colcon_core.environment:checking '/home/arielsulton/ros2_ws/install/pkg_yaml/bin'
[5.255s] INFO:colcon.colcon_core.shell:Creating package script '/home/arielsulton/ros2_ws/install/pkg_yaml/share/pkg_yaml/package.ps1'
[5.257s] INFO:colcon.colcon_core.shell:Creating package descriptor '/home/arielsulton/ros2_ws/install/pkg_yaml/share/pkg_yaml/package.dsv'
[5.257s] INFO:colcon.colcon_core.shell:Creating package script '/home/arielsulton/ros2_ws/install/pkg_yaml/share/pkg_yaml/package.sh'
[5.258s] INFO:colcon.colcon_core.shell:Creating package script '/home/arielsulton/ros2_ws/install/pkg_yaml/share/pkg_yaml/package.bash'
[5.259s] INFO:colcon.colcon_core.shell:Creating package script '/home/arielsulton/ros2_ws/install/pkg_yaml/share/pkg_yaml/package.zsh'
[5.260s] Level 1:colcon.colcon_core.environment:create_file_with_runtime_dependencies(/home/arielsulton/ros2_ws/install/pkg_yaml/share/colcon-core/packages/pkg_yaml)
[5.485s] Level 1:colcon.colcon_core.environment:checking '/home/arielsulton/ros2_ws/install/pkg_python' for CMake module files
[5.486s] DEBUG:colcon.colcon_core.event_handler.log_command:Invoked command in '/home/arielsulton/ros2_ws/src/pkg_python' returned '0': PYTHONPATH=/home/arielsulton/ros2_ws/build/pkg_python/prefix_override:/usr/lib/python3/dist-packages/colcon_core/task/python/colcon_distutils_commands:/home/arielsulton/ros2_ws/install/pkg_python/lib/python3.8/site-packages:${PYTHONPATH} /usr/bin/python3 -W ignore:setup.py install is deprecated -W ignore:easy_install command is deprecated setup.py egg_info --egg-base ../../build/pkg_python build --build-base /home/arielsulton/ros2_ws/build/pkg_python/build install --record /home/arielsulton/ros2_ws/build/pkg_python/install.log --single-version-externally-managed install_data
[5.486s] Level 1:colcon.colcon_core.environment:checking '/home/arielsulton/ros2_ws/install/pkg_python' for CMake config files
[5.487s] Level 1:colcon.colcon_core.environment:checking '/home/arielsulton/ros2_ws/install/pkg_python/lib'
[5.487s] Level 1:colcon.colcon_core.environment:checking '/home/arielsulton/ros2_ws/install/pkg_python/bin'
[5.487s] Level 1:colcon.colcon_core.environment:checking '/home/arielsulton/ros2_ws/install/pkg_python/lib/pkgconfig/pkg_python.pc'
[5.487s] Level 1:colcon.colcon_core.environment:checking '/home/arielsulton/ros2_ws/install/pkg_python/lib/python3.8/site-packages'
[5.488s] Level 1:colcon.colcon_core.shell:create_environment_hook('pkg_python', 'pythonpath')
[5.488s] INFO:colcon.colcon_core.shell:Creating environment hook '/home/arielsulton/ros2_ws/install/pkg_python/share/pkg_python/hook/pythonpath.ps1'
[5.488s] INFO:colcon.colcon_core.shell:Creating environment descriptor '/home/arielsulton/ros2_ws/install/pkg_python/share/pkg_python/hook/pythonpath.dsv'
[5.489s] INFO:colcon.colcon_core.shell:Creating environment hook '/home/arielsulton/ros2_ws/install/pkg_python/share/pkg_python/hook/pythonpath.sh'
[5.490s] Level 1:colcon.colcon_core.environment:checking '/home/arielsulton/ros2_ws/install/pkg_python/bin'
[5.490s] Level 1:colcon.colcon_core.environment:create_environment_scripts_only(pkg_python)
[5.490s] INFO:colcon.colcon_core.shell:Creating package script '/home/arielsulton/ros2_ws/install/pkg_python/share/pkg_python/package.ps1'
[5.491s] INFO:colcon.colcon_core.shell:Creating package descriptor '/home/arielsulton/ros2_ws/install/pkg_python/share/pkg_python/package.dsv'
[5.492s] INFO:colcon.colcon_core.shell:Creating package script '/home/arielsulton/ros2_ws/install/pkg_python/share/pkg_python/package.sh'
[5.493s] INFO:colcon.colcon_core.shell:Creating package script '/home/arielsulton/ros2_ws/install/pkg_python/share/pkg_python/package.bash'
[5.494s] INFO:colcon.colcon_core.shell:Creating package script '/home/arielsulton/ros2_ws/install/pkg_python/share/pkg_python/package.zsh'
[5.495s] Level 1:colcon.colcon_core.environment:create_file_with_runtime_dependencies(/home/arielsulton/ros2_ws/install/pkg_python/share/colcon-core/packages/pkg_python)
[10.681s] Level 1:colcon.colcon_core.environment:checking '/home/arielsulton/ros2_ws/install/pkg_cython' for CMake module files
[10.682s] DEBUG:colcon.colcon_core.event_handler.log_command:Invoked command in '/home/arielsulton/ros2_ws/src/pkg_cython' returned '0': PYTHONPATH=/home/arielsulton/ros2_ws/build/pkg_cython/prefix_override:/usr/lib/python3/dist-packages/colcon_core/task/python/colcon_distutils_commands:/home/arielsulton/ros2_ws/install/pkg_cython/lib/python3.8/site-packages:${PYTHONPATH} /usr/bin/python3 -W ignore:setup.py install is deprecated -W ignore:easy_install command is deprecated setup.py egg_info --egg-base ../../build/pkg_cython build --build-base /home/arielsulton/ros2_ws/build/pkg_cython/build install --record /home/arielsulton/ros2_ws/build/pkg_cython/install.log --single-version-externally-managed install_data
[10.682s] Level 1:colcon.colcon_core.environment:checking '/home/arielsulton/ros2_ws/install/pkg_cython' for CMake config files
[10.683s] Level 1:colcon.colcon_core.environment:checking '/home/arielsulton/ros2_ws/install/pkg_cython/lib'
[10.683s] Level 1:colcon.colcon_core.environment:checking '/home/arielsulton/ros2_ws/install/pkg_cython/bin'
[10.683s] Level 1:colcon.colcon_core.environment:checking '/home/arielsulton/ros2_ws/install/pkg_cython/lib/pkgconfig/pkg_cython.pc'
[10.684s] Level 1:colcon.colcon_core.environment:checking '/home/arielsulton/ros2_ws/install/pkg_cython/lib/python3.8/site-packages'
[10.684s] Level 1:colcon.colcon_core.shell:create_environment_hook('pkg_cython', 'pythonpath')
[10.684s] INFO:colcon.colcon_core.shell:Creating environment hook '/home/arielsulton/ros2_ws/install/pkg_cython/share/pkg_cython/hook/pythonpath.ps1'
[10.685s] INFO:colcon.colcon_core.shell:Creating environment descriptor '/home/arielsulton/ros2_ws/install/pkg_cython/share/pkg_cython/hook/pythonpath.dsv'
[10.685s] INFO:colcon.colcon_core.shell:Creating environment hook '/home/arielsulton/ros2_ws/install/pkg_cython/share/pkg_cython/hook/pythonpath.sh'
[10.686s] Level 1:colcon.colcon_core.environment:checking '/home/arielsulton/ros2_ws/install/pkg_cython/bin'
[10.686s] Level 1:colcon.colcon_core.environment:create_environment_scripts_only(pkg_cython)
[10.686s] INFO:colcon.colcon_core.shell:Creating package script '/home/arielsulton/ros2_ws/install/pkg_cython/share/pkg_cython/package.ps1'
[10.687s] INFO:colcon.colcon_core.shell:Creating package descriptor '/home/arielsulton/ros2_ws/install/pkg_cython/share/pkg_cython/package.dsv'
[10.687s] INFO:colcon.colcon_core.shell:Creating package script '/home/arielsulton/ros2_ws/install/pkg_cython/share/pkg_cython/package.sh'
[10.688s] INFO:colcon.colcon_core.shell:Creating package script '/home/arielsulton/ros2_ws/install/pkg_cython/share/pkg_cython/package.bash'
[10.688s] INFO:colcon.colcon_core.shell:Creating package script '/home/arielsulton/ros2_ws/install/pkg_cython/share/pkg_cython/package.zsh'
[10.689s] Level 1:colcon.colcon_core.environment:create_file_with_runtime_dependencies(/home/arielsulton/ros2_ws/install/pkg_cython/share/colcon-core/packages/pkg_cython)
[10.689s] DEBUG:colcon.colcon_parallel_executor.executor.parallel:closing loop
[10.689s] DEBUG:colcon.colcon_parallel_executor.executor.parallel:loop closed
[10.690s] DEBUG:colcon.colcon_parallel_executor.executor.parallel:run_until_complete finished with '0'
[10.690s] DEBUG:colcon.colcon_core.event_reactor:joining thread
[10.700s] INFO:colcon.colcon_core.plugin_system:Skipping extension 'colcon_notification.desktop_notification.terminal_notifier': Not used on non-Darwin systems
[10.700s] INFO:colcon.colcon_core.plugin_system:Skipping extension 'colcon_notification.desktop_notification.win32': Not used on non-Windows systems
[10.700s] INFO:colcon.colcon_notification.desktop_notification:Sending desktop notification using 'notify2'
[10.714s] DEBUG:colcon.colcon_core.event_reactor:joined thread
[10.715s] INFO:colcon.colcon_core.shell:Creating prefix script '/home/arielsulton/ros2_ws/install/local_setup.ps1'
[10.716s] INFO:colcon.colcon_core.shell:Creating prefix util module '/home/arielsulton/ros2_ws/install/_local_setup_util_ps1.py'
[10.718s] INFO:colcon.colcon_core.shell:Creating prefix chain script '/home/arielsulton/ros2_ws/install/setup.ps1'
[10.719s] INFO:colcon.colcon_core.shell:Creating prefix script '/home/arielsulton/ros2_ws/install/local_setup.sh'
[10.720s] INFO:colcon.colcon_core.shell:Creating prefix util module '/home/arielsulton/ros2_ws/install/_local_setup_util_sh.py'
[10.720s] INFO:colcon.colcon_core.shell:Creating prefix chain script '/home/arielsulton/ros2_ws/install/setup.sh'
[10.722s] INFO:colcon.colcon_core.shell:Creating prefix script '/home/arielsulton/ros2_ws/install/local_setup.bash'
[10.722s] INFO:colcon.colcon_core.shell:Creating prefix chain script '/home/arielsulton/ros2_ws/install/setup.bash'
[10.724s] INFO:colcon.colcon_core.shell:Creating prefix script '/home/arielsulton/ros2_ws/install/local_setup.zsh'
[10.724s] INFO:colcon.colcon_core.shell:Creating prefix chain script '/home/arielsulton/ros2_ws/install/setup.zsh'
