[6.905s] Invoking command in '/home/arielsulton/ros2_ws/src/pkg_cython': PYTHONPATH=/home/arielsulton/ros2_ws/build/pkg_cython/prefix_override:/usr/lib/python3/dist-packages/colcon_core/task/python/colcon_distutils_commands:/home/arielsulton/ros2_ws/install/pkg_cython/lib/python3.8/site-packages:${PYTHONPATH} /usr/bin/python3 -W ignore:setup.py install is deprecated -W ignore:easy_install command is deprecated setup.py egg_info --egg-base ../../build/pkg_cython build --build-base /home/arielsulton/ros2_ws/build/pkg_cython/build install --record /home/arielsulton/ros2_ws/build/pkg_cython/install.log --single-version-externally-managed install_data
[9.249s] running egg_info
[9.381s] creating ../../build/pkg_cython/pkg_cython.egg-info
[9.776s] writing ../../build/pkg_cython/pkg_cython.egg-info/PKG-INFO
[9.777s] writing dependency_links to ../../build/pkg_cython/pkg_cython.egg-info/dependency_links.txt
[9.778s] writing entry points to ../../build/pkg_cython/pkg_cython.egg-info/entry_points.txt
[9.778s] writing requirements to ../../build/pkg_cython/pkg_cython.egg-info/requires.txt
[9.779s] writing top-level names to ../../build/pkg_cython/pkg_cython.egg-info/top_level.txt
[9.779s] writing manifest file '../../build/pkg_cython/pkg_cython.egg-info/SOURCES.txt'
[10.417s] writing manifest file '../../build/pkg_cython/pkg_cython.egg-info/SOURCES.txt'
[10.418s] running build
[10.418s] running build_py
[10.418s] creating /home/arielsulton/ros2_ws/build/pkg_cython/build/lib.linux-x86_64-cpython-38/pkg_cython
[10.419s] copying pkg_cython/__init__.py -> /home/arielsulton/ros2_ws/build/pkg_cython/build/lib.linux-x86_64-cpython-38/pkg_cython
[10.420s] copying pkg_cython/subs_cy.py -> /home/arielsulton/ros2_ws/build/pkg_cython/build/lib.linux-x86_64-cpython-38/pkg_cython
[10.421s] copying pkg_cython/pubs_cy.py -> /home/arielsulton/ros2_ws/build/pkg_cython/build/lib.linux-x86_64-cpython-38/pkg_cython
[10.422s] running build_ext
[10.427s] building 'pkg_cython.__init__' extension
[10.427s] creating /home/arielsulton/ros2_ws/build/pkg_cython/build/temp.linux-x86_64-cpython-38/pkg_cython
[10.428s] x86_64-linux-gnu-gcc -pthread -Wno-unused-result -Wsign-compare -DNDEBUG -g -fwrapv -O2 -Wall -g -fstack-protector-strong -Wformat -Werror=format-security -g -fwrapv -O2 -fPIC -I/home/arielsulton/ros2_ws/install/pkg_cython/include -I/usr/include/python3.8 -c pkg_cython/__init__.c -o /home/arielsulton/ros2_ws/build/pkg_cython/build/temp.linux-x86_64-cpython-38/pkg_cython/__init__.o
[11.082s] x86_64-linux-gnu-gcc -pthread -shared -Wl,-O1 -Wl,-Bsymbolic-functions -Wl,-Bsymbolic-functions -Wl,-z,relro -g -fwrapv -O2 /home/arielsulton/ros2_ws/build/pkg_cython/build/temp.linux-x86_64-cpython-38/pkg_cython/__init__.o -L/usr/lib -o /home/arielsulton/ros2_ws/build/pkg_cython/build/lib.linux-x86_64-cpython-38/pkg_cython/__init__.cpython-38-x86_64-linux-gnu.so
[11.135s] building 'pkg_cython.pubs_cy' extension
[11.136s] x86_64-linux-gnu-gcc -pthread -Wno-unused-result -Wsign-compare -DNDEBUG -g -fwrapv -O2 -Wall -g -fstack-protector-strong -Wformat -Werror=format-security -g -fwrapv -O2 -fPIC -I/home/arielsulton/ros2_ws/install/pkg_cython/include -I/usr/include/python3.8 -c pkg_cython/pubs_cy.c -o /home/arielsulton/ros2_ws/build/pkg_cython/build/temp.linux-x86_64-cpython-38/pkg_cython/pubs_cy.o
[14.351s] x86_64-linux-gnu-gcc -pthread -shared -Wl,-O1 -Wl,-Bsymbolic-functions -Wl,-Bsymbolic-functions -Wl,-z,relro -g -fwrapv -O2 /home/arielsulton/ros2_ws/build/pkg_cython/build/temp.linux-x86_64-cpython-38/pkg_cython/pubs_cy.o -L/usr/lib -o /home/arielsulton/ros2_ws/build/pkg_cython/build/lib.linux-x86_64-cpython-38/pkg_cython/pubs_cy.cpython-38-x86_64-linux-gnu.so
[14.403s] building 'pkg_cython.subs_cy' extension
[14.404s] x86_64-linux-gnu-gcc -pthread -Wno-unused-result -Wsign-compare -DNDEBUG -g -fwrapv -O2 -Wall -g -fstack-protector-strong -Wformat -Werror=format-security -g -fwrapv -O2 -fPIC -I/home/arielsulton/ros2_ws/install/pkg_cython/include -I/usr/include/python3.8 -c pkg_cython/subs_cy.c -o /home/arielsulton/ros2_ws/build/pkg_cython/build/temp.linux-x86_64-cpython-38/pkg_cython/subs_cy.o
[17.254s] x86_64-linux-gnu-gcc -pthread -shared -Wl,-O1 -Wl,-Bsymbolic-functions -Wl,-Bsymbolic-functions -Wl,-z,relro -g -fwrapv -O2 /home/arielsulton/ros2_ws/build/pkg_cython/build/temp.linux-x86_64-cpython-38/pkg_cython/subs_cy.o -L/usr/lib -o /home/arielsulton/ros2_ws/build/pkg_cython/build/lib.linux-x86_64-cpython-38/pkg_cython/subs_cy.cpython-38-x86_64-linux-gnu.so
[17.303s] running install
[17.315s] running install_lib
[17.386s] creating /home/arielsulton/ros2_ws/install/pkg_cython/lib/python3.8/site-packages/pkg_cython
[17.386s] copying /home/arielsulton/ros2_ws/build/pkg_cython/build/lib.linux-x86_64-cpython-38/pkg_cython/__init__.py -> /home/arielsulton/ros2_ws/install/pkg_cython/lib/python3.8/site-packages/pkg_cython
[17.387s] copying /home/arielsulton/ros2_ws/build/pkg_cython/build/lib.linux-x86_64-cpython-38/pkg_cython/subs_cy.py -> /home/arielsulton/ros2_ws/install/pkg_cython/lib/python3.8/site-packages/pkg_cython
[17.387s] copying /home/arielsulton/ros2_ws/build/pkg_cython/build/lib.linux-x86_64-cpython-38/pkg_cython/pubs_cy.py -> /home/arielsulton/ros2_ws/install/pkg_cython/lib/python3.8/site-packages/pkg_cython
[17.387s] copying /home/arielsulton/ros2_ws/build/pkg_cython/build/lib.linux-x86_64-cpython-38/pkg_cython/subs_cy.cpython-38-x86_64-linux-gnu.so -> /home/arielsulton/ros2_ws/install/pkg_cython/lib/python3.8/site-packages/pkg_cython
[17.388s] copying /home/arielsulton/ros2_ws/build/pkg_cython/build/lib.linux-x86_64-cpython-38/pkg_cython/__init__.cpython-38-x86_64-linux-gnu.so -> /home/arielsulton/ros2_ws/install/pkg_cython/lib/python3.8/site-packages/pkg_cython
[17.389s] copying /home/arielsulton/ros2_ws/build/pkg_cython/build/lib.linux-x86_64-cpython-38/pkg_cython/pubs_cy.cpython-38-x86_64-linux-gnu.so -> /home/arielsulton/ros2_ws/install/pkg_cython/lib/python3.8/site-packages/pkg_cython
[17.391s] byte-compiling /home/arielsulton/ros2_ws/install/pkg_cython/lib/python3.8/site-packages/pkg_cython/__init__.py to __init__.cpython-38.pyc
[17.392s] byte-compiling /home/arielsulton/ros2_ws/install/pkg_cython/lib/python3.8/site-packages/pkg_cython/subs_cy.py to subs_cy.cpython-38.pyc
[17.392s] byte-compiling /home/arielsulton/ros2_ws/install/pkg_cython/lib/python3.8/site-packages/pkg_cython/pubs_cy.py to pubs_cy.cpython-38.pyc
[17.393s] running install_data
[17.394s] creating /home/arielsulton/ros2_ws/install/pkg_cython/share/ament_index/resource_index/packages
[17.394s] copying resource/pkg_cython -> /home/arielsulton/ros2_ws/install/pkg_cython/share/ament_index/resource_index/packages
[17.395s] copying package.xml -> /home/arielsulton/ros2_ws/install/pkg_cython/share/pkg_cython
[17.395s] running install_egg_info
[17.461s] Copying ../../build/pkg_cython/pkg_cython.egg-info to /home/arielsulton/ros2_ws/install/pkg_cython/lib/python3.8/site-packages/pkg_cython-0.0.0-py3.8.egg-info
[17.462s] running install_scripts
[17.625s] Installing pubs_cy script to /home/arielsulton/ros2_ws/install/pkg_cython/lib/pkg_cython
[17.625s] Installing subs_cy script to /home/arielsulton/ros2_ws/install/pkg_cython/lib/pkg_cython
[17.626s] writing list of installed files to '/home/arielsulton/ros2_ws/build/pkg_cython/install.log'
[17.764s] Invoked command in '/home/arielsulton/ros2_ws/src/pkg_cython' returned '0': PYTHONPATH=/home/arielsulton/ros2_ws/build/pkg_cython/prefix_override:/usr/lib/python3/dist-packages/colcon_core/task/python/colcon_distutils_commands:/home/arielsulton/ros2_ws/install/pkg_cython/lib/python3.8/site-packages:${PYTHONPATH} /usr/bin/python3 -W ignore:setup.py install is deprecated -W ignore:easy_install command is deprecated setup.py egg_info --egg-base ../../build/pkg_cython build --build-base /home/arielsulton/ros2_ws/build/pkg_cython/build install --record /home/arielsulton/ros2_ws/build/pkg_cython/install.log --single-version-externally-managed install_data
