[1.340s] Invoking command in '/home/arielsulton/ros2_ws/build/pkg_yaml': CMAKE_PREFIX_PATH=${CMAKE_PREFIX_PATH}:/home/arielsulton/ros2_ws/install/pkg_python:/home/arielsulton/ros2_ws/install/pkg_cython:/opt/ros/foxy /usr/bin/cmake --build /home/arielsulton/ros2_ws/build/pkg_yaml -- -j8 -l8
[1.414s] [100%] Built target yaml_test
[1.451s] Invoked command in '/home/arielsulton/ros2_ws/build/pkg_yaml' returned '0': CMAKE_PREFIX_PATH=${CMAKE_PREFIX_PATH}:/home/arielsulton/ros2_ws/install/pkg_python:/home/arielsulton/ros2_ws/install/pkg_cython:/opt/ros/foxy /usr/bin/cmake --build /home/arielsulton/ros2_ws/build/pkg_yaml -- -j8 -l8
[1.455s] Invoking command in '/home/arielsulton/ros2_ws/build/pkg_yaml': CMAKE_PREFIX_PATH=${CMAKE_PREFIX_PATH}:/home/arielsulton/ros2_ws/install/pkg_python:/home/arielsulton/ros2_ws/install/pkg_cython:/opt/ros/foxy /usr/bin/cmake --install /home/arielsulton/ros2_ws/build/pkg_yaml
[1.466s] -- Install configuration: ""
[1.466s] -- Up-to-date: /home/arielsulton/ros2_ws/install/pkg_yaml/lib/pkg_yaml/yaml_test
[1.467s] -- Up-to-date: /home/arielsulton/ros2_ws/install/pkg_yaml/share/ament_index/resource_index/package_run_dependencies/pkg_yaml
[1.467s] -- Up-to-date: /home/arielsulton/ros2_ws/install/pkg_yaml/share/ament_index/resource_index/parent_prefix_path/pkg_yaml
[1.467s] -- Up-to-date: /home/arielsulton/ros2_ws/install/pkg_yaml/share/pkg_yaml/environment/ament_prefix_path.sh
[1.467s] -- Up-to-date: /home/arielsulton/ros2_ws/install/pkg_yaml/share/pkg_yaml/environment/ament_prefix_path.dsv
[1.468s] -- Up-to-date: /home/arielsulton/ros2_ws/install/pkg_yaml/share/pkg_yaml/environment/path.sh
[1.468s] -- Up-to-date: /home/arielsulton/ros2_ws/install/pkg_yaml/share/pkg_yaml/environment/path.dsv
[1.468s] -- Up-to-date: /home/arielsulton/ros2_ws/install/pkg_yaml/share/pkg_yaml/local_setup.bash
[1.468s] -- Up-to-date: /home/arielsulton/ros2_ws/install/pkg_yaml/share/pkg_yaml/local_setup.sh
[1.468s] -- Up-to-date: /home/arielsulton/ros2_ws/install/pkg_yaml/share/pkg_yaml/local_setup.zsh
[1.468s] -- Up-to-date: /home/arielsulton/ros2_ws/install/pkg_yaml/share/pkg_yaml/local_setup.dsv
[1.469s] -- Installing: /home/arielsulton/ros2_ws/install/pkg_yaml/share/pkg_yaml/package.dsv
[1.469s] -- Up-to-date: /home/arielsulton/ros2_ws/install/pkg_yaml/share/ament_index/resource_index/packages/pkg_yaml
[1.469s] -- Up-to-date: /home/arielsulton/ros2_ws/install/pkg_yaml/share/pkg_yaml/cmake/pkg_yamlConfig.cmake
[1.469s] -- Up-to-date: /home/arielsulton/ros2_ws/install/pkg_yaml/share/pkg_yaml/cmake/pkg_yamlConfig-version.cmake
[1.469s] -- Up-to-date: /home/arielsulton/ros2_ws/install/pkg_yaml/share/pkg_yaml/package.xml
[1.471s] Invoked command in '/home/arielsulton/ros2_ws/build/pkg_yaml' returned '0': CMAKE_PREFIX_PATH=${CMAKE_PREFIX_PATH}:/home/arielsulton/ros2_ws/install/pkg_python:/home/arielsulton/ros2_ws/install/pkg_cython:/opt/ros/foxy /usr/bin/cmake --install /home/arielsulton/ros2_ws/build/pkg_yaml
