[6.529s] Invoking command in '/home/arielsulton/ros2_ws/src/pkg_python': PYTHONPATH=/home/arielsulton/ros2_ws/build/pkg_python/prefix_override:/usr/lib/python3/dist-packages/colcon_core/task/python/colcon_distutils_commands:/home/arielsulton/ros2_ws/install/pkg_python/lib/python3.8/site-packages:${PYTHONPATH} /usr/bin/python3 -W ignore:setup.py install is deprecated -W ignore:easy_install command is deprecated setup.py egg_info --egg-base ../../build/pkg_python build --build-base /home/arielsulton/ros2_ws/build/pkg_python/build install --record /home/arielsulton/ros2_ws/build/pkg_python/install.log --single-version-externally-managed install_data
[7.891s] running egg_info
[8.412s] writing ../../build/pkg_python/pkg_python.egg-info/PKG-INFO
[8.412s] writing dependency_links to ../../build/pkg_python/pkg_python.egg-info/dependency_links.txt
[8.413s] writing entry points to ../../build/pkg_python/pkg_python.egg-info/entry_points.txt
[8.413s] writing requirements to ../../build/pkg_python/pkg_python.egg-info/requires.txt
[8.413s] writing top-level names to ../../build/pkg_python/pkg_python.egg-info/top_level.txt
[8.979s] writing manifest file '../../build/pkg_python/pkg_python.egg-info/SOURCES.txt'
[8.980s] running build
[8.980s] running build_py
[8.981s] copying pkg_python/__init__.py -> /home/arielsulton/ros2_ws/build/pkg_python/build/lib/pkg_python
[8.981s] copying pkg_python/pubs_py.py -> /home/arielsulton/ros2_ws/build/pkg_python/build/lib/pkg_python
[8.981s] copying pkg_python/subs_py.py -> /home/arielsulton/ros2_ws/build/pkg_python/build/lib/pkg_python
[8.982s] running install
[8.995s] running install_lib
[9.126s] running install_data
[9.127s] copying resource/pkg_python -> /home/arielsulton/ros2_ws/install/pkg_python/share/ament_index/resource_index/packages
[9.128s] copying package.xml -> /home/arielsulton/ros2_ws/install/pkg_python/share/pkg_python
[9.128s] running install_egg_info
[9.224s] removing '/home/arielsulton/ros2_ws/install/pkg_python/lib/python3.8/site-packages/pkg_python-0.0.0-py3.8.egg-info' (and everything under it)
[9.225s] Copying ../../build/pkg_python/pkg_python.egg-info to /home/arielsulton/ros2_ws/install/pkg_python/lib/python3.8/site-packages/pkg_python-0.0.0-py3.8.egg-info
[9.227s] running install_scripts
[9.417s] Installing pubs_py script to /home/arielsulton/ros2_ws/install/pkg_python/lib/pkg_python
[9.418s] Installing subs_py script to /home/arielsulton/ros2_ws/install/pkg_python/lib/pkg_python
[9.419s] writing list of installed files to '/home/arielsulton/ros2_ws/build/pkg_python/install.log'
[9.492s] Invoked command in '/home/arielsulton/ros2_ws/src/pkg_python' returned '0': PYTHONPATH=/home/arielsulton/ros2_ws/build/pkg_python/prefix_override:/usr/lib/python3/dist-packages/colcon_core/task/python/colcon_distutils_commands:/home/arielsulton/ros2_ws/install/pkg_python/lib/python3.8/site-packages:${PYTHONPATH} /usr/bin/python3 -W ignore:setup.py install is deprecated -W ignore:easy_install command is deprecated setup.py egg_info --egg-base ../../build/pkg_python build --build-base /home/arielsulton/ros2_ws/build/pkg_python/build install --record /home/arielsulton/ros2_ws/build/pkg_python/install.log --single-version-externally-managed install_data
