[3.769s] Invoking command in '/home/arielsulton/ros2_ws/src/pkg_cython': PYTHONPATH=/home/arielsulton/ros2_ws/build/pkg_cython/prefix_override:/usr/lib/python3/dist-packages/colcon_core/task/python/colcon_distutils_commands:/home/arielsulton/ros2_ws/install/pkg_cython/lib/python3.8/site-packages:${PYTHONPATH} /usr/bin/python3 -W ignore:setup.py install is deprecated -W ignore:easy_install command is deprecated setup.py egg_info --egg-base ../../build/pkg_cython build --build-base /home/arielsulton/ros2_ws/build/pkg_cython/build install --record /home/arielsulton/ros2_ws/build/pkg_cython/install.log --single-version-externally-managed install_data
[5.094s] running egg_info
[5.393s] writing ../../build/pkg_cython/pkg_cython.egg-info/PKG-INFO
[5.394s] writing dependency_links to ../../build/pkg_cython/pkg_cython.egg-info/dependency_links.txt
[5.394s] writing entry points to ../../build/pkg_cython/pkg_cython.egg-info/entry_points.txt
[5.394s] writing requirements to ../../build/pkg_cython/pkg_cython.egg-info/requires.txt
[5.395s] writing top-level names to ../../build/pkg_cython/pkg_cython.egg-info/top_level.txt
[5.899s] writing manifest file '../../build/pkg_cython/pkg_cython.egg-info/SOURCES.txt'
[5.899s] running build
[5.899s] running build_py
[5.900s] copying pkg_cython/__init__.py -> /home/arielsulton/ros2_ws/build/pkg_cython/build/lib.linux-x86_64-cpython-38/pkg_cython
[5.900s] copying pkg_cython/subs_cy.py -> /home/arielsulton/ros2_ws/build/pkg_cython/build/lib.linux-x86_64-cpython-38/pkg_cython
[5.900s] copying pkg_cython/pubs_cy.py -> /home/arielsulton/ros2_ws/build/pkg_cython/build/lib.linux-x86_64-cpython-38/pkg_cython
[5.901s] running build_ext
[5.904s] building 'pkg_cython.__init__' extension
[5.904s] x86_64-linux-gnu-gcc -pthread -Wno-unused-result -Wsign-compare -DNDEBUG -g -fwrapv -O2 -Wall -g -fstack-protector-strong -Wformat -Werror=format-security -g -fwrapv -O2 -fPIC -I/home/arielsulton/ros2_ws/install/pkg_cython/include -I/usr/include/python3.8 -c pkg_cython/__init__.c -o /home/arielsulton/ros2_ws/build/pkg_cython/build/temp.linux-x86_64-cpython-38/pkg_cython/__init__.o
[6.236s] x86_64-linux-gnu-gcc -pthread -shared -Wl,-O1 -Wl,-Bsymbolic-functions -Wl,-Bsymbolic-functions -Wl,-z,relro -g -fwrapv -O2 /home/arielsulton/ros2_ws/build/pkg_cython/build/temp.linux-x86_64-cpython-38/pkg_cython/__init__.o -L/usr/lib -o /home/arielsulton/ros2_ws/build/pkg_cython/build/lib.linux-x86_64-cpython-38/pkg_cython/__init__.cpython-38-x86_64-linux-gnu.so
[6.263s] building 'pkg_cython.pubs_cy' extension
[6.264s] x86_64-linux-gnu-gcc -pthread -Wno-unused-result -Wsign-compare -DNDEBUG -g -fwrapv -O2 -Wall -g -fstack-protector-strong -Wformat -Werror=format-security -g -fwrapv -O2 -fPIC -I/home/arielsulton/ros2_ws/install/pkg_cython/include -I/usr/include/python3.8 -c pkg_cython/pubs_cy.c -o /home/arielsulton/ros2_ws/build/pkg_cython/build/temp.linux-x86_64-cpython-38/pkg_cython/pubs_cy.o
[8.114s] x86_64-linux-gnu-gcc -pthread -shared -Wl,-O1 -Wl,-Bsymbolic-functions -Wl,-Bsymbolic-functions -Wl,-z,relro -g -fwrapv -O2 /home/arielsulton/ros2_ws/build/pkg_cython/build/temp.linux-x86_64-cpython-38/pkg_cython/pubs_cy.o -L/usr/lib -o /home/arielsulton/ros2_ws/build/pkg_cython/build/lib.linux-x86_64-cpython-38/pkg_cython/pubs_cy.cpython-38-x86_64-linux-gnu.so
[8.149s] building 'pkg_cython.subs_cy' extension
[8.150s] x86_64-linux-gnu-gcc -pthread -Wno-unused-result -Wsign-compare -DNDEBUG -g -fwrapv -O2 -Wall -g -fstack-protector-strong -Wformat -Werror=format-security -g -fwrapv -O2 -fPIC -I/home/arielsulton/ros2_ws/install/pkg_cython/include -I/usr/include/python3.8 -c pkg_cython/subs_cy.c -o /home/arielsulton/ros2_ws/build/pkg_cython/build/temp.linux-x86_64-cpython-38/pkg_cython/subs_cy.o
[9.836s] x86_64-linux-gnu-gcc -pthread -shared -Wl,-O1 -Wl,-Bsymbolic-functions -Wl,-Bsymbolic-functions -Wl,-z,relro -g -fwrapv -O2 /home/arielsulton/ros2_ws/build/pkg_cython/build/temp.linux-x86_64-cpython-38/pkg_cython/subs_cy.o -L/usr/lib -o /home/arielsulton/ros2_ws/build/pkg_cython/build/lib.linux-x86_64-cpython-38/pkg_cython/subs_cy.cpython-38-x86_64-linux-gnu.so
[9.877s] running install
[9.897s] running install_lib
[9.958s] copying /home/arielsulton/ros2_ws/build/pkg_cython/build/lib.linux-x86_64-cpython-38/pkg_cython/subs_cy.cpython-38-x86_64-linux-gnu.so -> /home/arielsulton/ros2_ws/install/pkg_cython/lib/python3.8/site-packages/pkg_cython
[9.958s] copying /home/arielsulton/ros2_ws/build/pkg_cython/build/lib.linux-x86_64-cpython-38/pkg_cython/__init__.cpython-38-x86_64-linux-gnu.so -> /home/arielsulton/ros2_ws/install/pkg_cython/lib/python3.8/site-packages/pkg_cython
[9.959s] copying /home/arielsulton/ros2_ws/build/pkg_cython/build/lib.linux-x86_64-cpython-38/pkg_cython/pubs_cy.cpython-38-x86_64-linux-gnu.so -> /home/arielsulton/ros2_ws/install/pkg_cython/lib/python3.8/site-packages/pkg_cython
[9.961s] running install_data
[9.961s] copying resource/pkg_cython -> /home/arielsulton/ros2_ws/install/pkg_cython/share/ament_index/resource_index/packages
[9.962s] copying package.xml -> /home/arielsulton/ros2_ws/install/pkg_cython/share/pkg_cython
[9.962s] running install_egg_info
[10.006s] removing '/home/arielsulton/ros2_ws/install/pkg_cython/lib/python3.8/site-packages/pkg_cython-0.0.0-py3.8.egg-info' (and everything under it)
[10.006s] Copying ../../build/pkg_cython/pkg_cython.egg-info to /home/arielsulton/ros2_ws/install/pkg_cython/lib/python3.8/site-packages/pkg_cython-0.0.0-py3.8.egg-info
[10.007s] running install_scripts
[10.103s] Installing pubs_cy script to /home/arielsulton/ros2_ws/install/pkg_cython/lib/pkg_cython
[10.103s] Installing subs_cy script to /home/arielsulton/ros2_ws/install/pkg_cython/lib/pkg_cython
[10.103s] writing list of installed files to '/home/arielsulton/ros2_ws/build/pkg_cython/install.log'
[10.221s] Invoked command in '/home/arielsulton/ros2_ws/src/pkg_cython' returned '0': PYTHONPATH=/home/arielsulton/ros2_ws/build/pkg_cython/prefix_override:/usr/lib/python3/dist-packages/colcon_core/task/python/colcon_distutils_commands:/home/arielsulton/ros2_ws/install/pkg_cython/lib/python3.8/site-packages:${PYTHONPATH} /usr/bin/python3 -W ignore:setup.py install is deprecated -W ignore:easy_install command is deprecated setup.py egg_info --egg-base ../../build/pkg_cython build --build-base /home/arielsulton/ros2_ws/build/pkg_cython/build install --record /home/arielsulton/ros2_ws/build/pkg_cython/install.log --single-version-externally-managed install_data
