[0.344s] DEBUG:colcon:Command line arguments: ['/usr/bin/colcon', 'build']
[0.344s] DEBUG:colcon:Parsed command line arguments: Namespace(allow_overriding=[], ament_cmake_args=None, base_paths=['.'], build_base='build', catkin_cmake_args=None, catkin_skip_building_tests=False, cmake_args=None, cmake_clean_cache=False, cmake_clean_first=False, cmake_force_configure=False, cmake_target=None, cmake_target_skip_unavailable=False, continue_on_error=False, event_handlers=None, executor='parallel', ignore_user_meta=False, install_base='install', log_base=None, log_level=None, main=<bound method BuildVerb.main of <colcon_core.verb.build.BuildVerb object at 0x7f5a5975bb80>>, merge_install=False, metas=['./colcon.meta'], mixin=None, mixin_files=None, mixin_verb=('build',), packages_above=None, packages_above_and_dependencies=None, packages_above_depth=None, packages_end=None, packages_ignore=None, packages_ignore_regex=None, packages_select=None, packages_select_build_failed=False, packages_select_by_dep=None, packages_select_regex=None, packages_select_test_failures=False, packages_skip=None, packages_skip_build_finished=False, packages_skip_by_dep=None, packages_skip_regex=None, packages_skip_test_passed=False, packages_skip_up_to=None, packages_start=None, packages_up_to=None, packages_up_to_regex=None, parallel_workers=8, paths=None, symlink_install=False, test_result_base=None, verb_extension=<colcon_core.verb.build.BuildVerb object at 0x7f5a5975bb80>, verb_name='build', verb_parser=<colcon_mixin.mixin.mixin_argument.MixinArgumentDecorator object at 0x7f5a596385e0>)
[0.398s] Level 1:colcon.colcon_core.package_discovery:discover_packages(colcon_meta) check parameters
[0.399s] Level 1:colcon.colcon_core.package_discovery:discover_packages(recursive) check parameters
[0.399s] Level 1:colcon.colcon_core.package_discovery:discover_packages(ignore) check parameters
[0.399s] Level 1:colcon.colcon_core.package_discovery:discover_packages(path) check parameters
[0.399s] Level 1:colcon.colcon_core.package_discovery:discover_packages(colcon_meta) discover
[0.399s] Level 1:colcon.colcon_core.package_discovery:discover_packages(recursive) discover
[0.399s] INFO:colcon.colcon_core.package_discovery:Crawling recursively for packages in '/home/arielsulton/ros2_ws'
[0.399s] Level 1:colcon.colcon_core.package_identification:_identify(.) by extensions ['ignore', 'ignore_ament_install']
[0.399s] Level 1:colcon.colcon_core.package_identification:_identify(.) by extension 'ignore'
[0.399s] Level 1:colcon.colcon_core.package_identification:_identify(.) by extension 'ignore_ament_install'
[0.399s] Level 1:colcon.colcon_core.package_identification:_identify(.) by extensions ['colcon_pkg']
[0.399s] Level 1:colcon.colcon_core.package_identification:_identify(.) by extension 'colcon_pkg'
[0.399s] Level 1:colcon.colcon_core.package_identification:_identify(.) by extensions ['colcon_meta']
[0.399s] Level 1:colcon.colcon_core.package_identification:_identify(.) by extension 'colcon_meta'
[0.399s] Level 1:colcon.colcon_core.package_identification:_identify(.) by extensions ['ros']
[0.399s] Level 1:colcon.colcon_core.package_identification:_identify(.) by extension 'ros'
[0.414s] Level 1:colcon.colcon_core.package_identification:_identify(.) by extensions ['cmake', 'python']
[0.414s] Level 1:colcon.colcon_core.package_identification:_identify(.) by extension 'cmake'
[0.415s] Level 1:colcon.colcon_core.package_identification:_identify(.) by extension 'python'
[0.415s] Level 1:colcon.colcon_core.package_identification:_identify(.) by extensions ['python_setup_py']
[0.415s] Level 1:colcon.colcon_core.package_identification:_identify(.) by extension 'python_setup_py'
[0.415s] Level 1:colcon.colcon_core.package_identification:_identify(build) by extensions ['ignore', 'ignore_ament_install']
[0.415s] Level 1:colcon.colcon_core.package_identification:_identify(build) by extension 'ignore'
[0.415s] Level 1:colcon.colcon_core.package_identification:_identify(build) ignored
[0.415s] Level 1:colcon.colcon_core.package_identification:_identify(install) by extensions ['ignore', 'ignore_ament_install']
[0.415s] Level 1:colcon.colcon_core.package_identification:_identify(install) by extension 'ignore'
[0.415s] Level 1:colcon.colcon_core.package_identification:_identify(install) ignored
[0.415s] Level 1:colcon.colcon_core.package_identification:_identify(log) by extensions ['ignore', 'ignore_ament_install']
[0.415s] Level 1:colcon.colcon_core.package_identification:_identify(log) by extension 'ignore'
[0.415s] Level 1:colcon.colcon_core.package_identification:_identify(log) ignored
[0.415s] Level 1:colcon.colcon_core.package_identification:_identify(src) by extensions ['ignore', 'ignore_ament_install']
[0.416s] Level 1:colcon.colcon_core.package_identification:_identify(src) by extension 'ignore'
[0.416s] Level 1:colcon.colcon_core.package_identification:_identify(src) by extension 'ignore_ament_install'
[0.416s] Level 1:colcon.colcon_core.package_identification:_identify(src) by extensions ['colcon_pkg']
[0.416s] Level 1:colcon.colcon_core.package_identification:_identify(src) by extension 'colcon_pkg'
[0.416s] Level 1:colcon.colcon_core.package_identification:_identify(src) by extensions ['colcon_meta']
[0.416s] Level 1:colcon.colcon_core.package_identification:_identify(src) by extension 'colcon_meta'
[0.416s] Level 1:colcon.colcon_core.package_identification:_identify(src) by extensions ['ros']
[0.416s] Level 1:colcon.colcon_core.package_identification:_identify(src) by extension 'ros'
[0.416s] Level 1:colcon.colcon_core.package_identification:_identify(src) by extensions ['cmake', 'python']
[0.416s] Level 1:colcon.colcon_core.package_identification:_identify(src) by extension 'cmake'
[0.416s] Level 1:colcon.colcon_core.package_identification:_identify(src) by extension 'python'
[0.416s] Level 1:colcon.colcon_core.package_identification:_identify(src) by extensions ['python_setup_py']
[0.416s] Level 1:colcon.colcon_core.package_identification:_identify(src) by extension 'python_setup_py'
[0.416s] Level 1:colcon.colcon_core.package_identification:_identify(src/launcher) by extensions ['ignore', 'ignore_ament_install']
[0.416s] Level 1:colcon.colcon_core.package_identification:_identify(src/launcher) by extension 'ignore'
[0.416s] Level 1:colcon.colcon_core.package_identification:_identify(src/launcher) by extension 'ignore_ament_install'
[0.416s] Level 1:colcon.colcon_core.package_identification:_identify(src/launcher) by extensions ['colcon_pkg']
[0.416s] Level 1:colcon.colcon_core.package_identification:_identify(src/launcher) by extension 'colcon_pkg'
[0.416s] Level 1:colcon.colcon_core.package_identification:_identify(src/launcher) by extensions ['colcon_meta']
[0.416s] Level 1:colcon.colcon_core.package_identification:_identify(src/launcher) by extension 'colcon_meta'
[0.416s] Level 1:colcon.colcon_core.package_identification:_identify(src/launcher) by extensions ['ros']
[0.417s] Level 1:colcon.colcon_core.package_identification:_identify(src/launcher) by extension 'ros'
[0.419s] DEBUG:colcon.colcon_core.package_identification:Package 'src/launcher' with type 'ros.ament_cmake' and name 'launcher'
[0.419s] Level 1:colcon.colcon_core.package_identification:_identify(src/pkg_cpp) by extensions ['ignore', 'ignore_ament_install']
[0.420s] Level 1:colcon.colcon_core.package_identification:_identify(src/pkg_cpp) by extension 'ignore'
[0.420s] Level 1:colcon.colcon_core.package_identification:_identify(src/pkg_cpp) by extension 'ignore_ament_install'
[0.420s] Level 1:colcon.colcon_core.package_identification:_identify(src/pkg_cpp) by extensions ['colcon_pkg']
[0.420s] Level 1:colcon.colcon_core.package_identification:_identify(src/pkg_cpp) by extension 'colcon_pkg'
[0.420s] Level 1:colcon.colcon_core.package_identification:_identify(src/pkg_cpp) by extensions ['colcon_meta']
[0.420s] Level 1:colcon.colcon_core.package_identification:_identify(src/pkg_cpp) by extension 'colcon_meta'
[0.420s] Level 1:colcon.colcon_core.package_identification:_identify(src/pkg_cpp) by extensions ['ros']
[0.420s] Level 1:colcon.colcon_core.package_identification:_identify(src/pkg_cpp) by extension 'ros'
[0.421s] DEBUG:colcon.colcon_core.package_identification:Package 'src/pkg_cpp' with type 'ros.ament_cmake' and name 'pkg_cpp'
[0.422s] Level 1:colcon.colcon_core.package_identification:_identify(src/pkg_cython) by extensions ['ignore', 'ignore_ament_install']
[0.422s] Level 1:colcon.colcon_core.package_identification:_identify(src/pkg_cython) by extension 'ignore'
[0.422s] Level 1:colcon.colcon_core.package_identification:_identify(src/pkg_cython) by extension 'ignore_ament_install'
[0.422s] Level 1:colcon.colcon_core.package_identification:_identify(src/pkg_cython) by extensions ['colcon_pkg']
[0.422s] Level 1:colcon.colcon_core.package_identification:_identify(src/pkg_cython) by extension 'colcon_pkg'
[0.422s] Level 1:colcon.colcon_core.package_identification:_identify(src/pkg_cython) by extensions ['colcon_meta']
[0.422s] Level 1:colcon.colcon_core.package_identification:_identify(src/pkg_cython) by extension 'colcon_meta'
[0.422s] Level 1:colcon.colcon_core.package_identification:_identify(src/pkg_cython) by extensions ['ros']
[0.422s] Level 1:colcon.colcon_core.package_identification:_identify(src/pkg_cython) by extension 'ros'
[0.423s] DEBUG:colcon.colcon_core.package_identification:Package 'src/pkg_cython' with type 'ros.ament_python' and name 'pkg_cython'
[0.423s] Level 1:colcon.colcon_core.package_identification:_identify(src/pkg_python) by extensions ['ignore', 'ignore_ament_install']
[0.423s] Level 1:colcon.colcon_core.package_identification:_identify(src/pkg_python) by extension 'ignore'
[0.423s] Level 1:colcon.colcon_core.package_identification:_identify(src/pkg_python) by extension 'ignore_ament_install'
[0.423s] Level 1:colcon.colcon_core.package_identification:_identify(src/pkg_python) by extensions ['colcon_pkg']
[0.423s] Level 1:colcon.colcon_core.package_identification:_identify(src/pkg_python) by extension 'colcon_pkg'
[0.423s] Level 1:colcon.colcon_core.package_identification:_identify(src/pkg_python) by extensions ['colcon_meta']
[0.423s] Level 1:colcon.colcon_core.package_identification:_identify(src/pkg_python) by extension 'colcon_meta'
[0.423s] Level 1:colcon.colcon_core.package_identification:_identify(src/pkg_python) by extensions ['ros']
[0.423s] Level 1:colcon.colcon_core.package_identification:_identify(src/pkg_python) by extension 'ros'
[0.424s] DEBUG:colcon.colcon_core.package_identification:Package 'src/pkg_python' with type 'ros.ament_python' and name 'pkg_python'
[0.424s] Level 1:colcon.colcon_core.package_discovery:discover_packages(recursive) using defaults
[0.424s] Level 1:colcon.colcon_core.package_discovery:discover_packages(ignore) discover
[0.424s] Level 1:colcon.colcon_core.package_discovery:discover_packages(ignore) using defaults
[0.424s] Level 1:colcon.colcon_core.package_discovery:discover_packages(path) discover
[0.424s] Level 1:colcon.colcon_core.package_discovery:discover_packages(path) using defaults
[0.446s] Level 1:colcon.colcon_core.package_discovery:discover_packages(prefix_path) check parameters
[0.446s] Level 1:colcon.colcon_core.package_discovery:discover_packages(prefix_path) discover
[0.447s] WARNING:colcon.colcon_ros.prefix_path.ament:The path '/home/arielsulton/ros2_ws/install/pkg_cython' in the environment variable AMENT_PREFIX_PATH doesn't exist
[0.447s] WARNING:colcon.colcon_ros.prefix_path.ament:The path '/home/arielsulton/ros2_ws/install/pkg_python' in the environment variable AMENT_PREFIX_PATH doesn't exist
[0.447s] WARNING:colcon.colcon_ros.prefix_path.ament:The path '/home/arielsulton/ros2_ws/install/pkg_cpp' in the environment variable AMENT_PREFIX_PATH doesn't exist
[0.447s] WARNING:colcon.colcon_ros.prefix_path.ament:The path '/home/arielsulton/ros2_ws/install/subscriber' in the environment variable AMENT_PREFIX_PATH doesn't exist
[0.447s] WARNING:colcon.colcon_ros.prefix_path.ament:The path '/home/arielsulton/ros2_ws/install/publisher' in the environment variable AMENT_PREFIX_PATH doesn't exist
[0.447s] WARNING:colcon.colcon_ros.prefix_path.ament:The path '/home/arielsulton/ros2_ws/install/launcher' in the environment variable AMENT_PREFIX_PATH doesn't exist
[0.448s] WARNING:colcon.colcon_ros.prefix_path.catkin:The path '/home/arielsulton/ros2_ws/install/pkg_cpp' in the environment variable CMAKE_PREFIX_PATH doesn't exist
[0.448s] WARNING:colcon.colcon_ros.prefix_path.catkin:The path '/home/arielsulton/ros2_ws/install/publisher' in the environment variable CMAKE_PREFIX_PATH doesn't exist
[0.448s] WARNING:colcon.colcon_ros.prefix_path.catkin:The path '/home/arielsulton/ros2_ws/install/launcher' in the environment variable CMAKE_PREFIX_PATH doesn't exist
[0.449s] DEBUG:colcon.colcon_installed_package_information.package_discovery:Found 0 installed packages in /home/arielsulton/ros2_ws/install
[0.451s] DEBUG:colcon.colcon_installed_package_information.package_discovery:Found 256 installed packages in /opt/ros/foxy
[0.453s] Level 1:colcon.colcon_core.package_discovery:discover_packages(prefix_path) using defaults
[0.514s] Level 5:colcon.colcon_core.verb:set package 'launcher' build argument 'cmake_args' from command line to 'None'
[0.514s] Level 5:colcon.colcon_core.verb:set package 'launcher' build argument 'cmake_target' from command line to 'None'
[0.514s] Level 5:colcon.colcon_core.verb:set package 'launcher' build argument 'cmake_target_skip_unavailable' from command line to 'False'
[0.514s] Level 5:colcon.colcon_core.verb:set package 'launcher' build argument 'cmake_clean_cache' from command line to 'False'
[0.514s] Level 5:colcon.colcon_core.verb:set package 'launcher' build argument 'cmake_clean_first' from command line to 'False'
[0.514s] Level 5:colcon.colcon_core.verb:set package 'launcher' build argument 'cmake_force_configure' from command line to 'False'
[0.514s] Level 5:colcon.colcon_core.verb:set package 'launcher' build argument 'ament_cmake_args' from command line to 'None'
[0.514s] Level 5:colcon.colcon_core.verb:set package 'launcher' build argument 'catkin_cmake_args' from command line to 'None'
[0.514s] Level 5:colcon.colcon_core.verb:set package 'launcher' build argument 'catkin_skip_building_tests' from command line to 'False'
[0.514s] DEBUG:colcon.colcon_core.verb:Building package 'launcher' with the following arguments: {'ament_cmake_args': None, 'build_base': '/home/arielsulton/ros2_ws/build/launcher', 'catkin_cmake_args': None, 'catkin_skip_building_tests': False, 'cmake_args': None, 'cmake_clean_cache': False, 'cmake_clean_first': False, 'cmake_force_configure': False, 'cmake_target': None, 'cmake_target_skip_unavailable': False, 'install_base': '/home/arielsulton/ros2_ws/install/launcher', 'merge_install': False, 'path': '/home/arielsulton/ros2_ws/src/launcher', 'symlink_install': False, 'test_result_base': None}
[0.514s] Level 5:colcon.colcon_core.verb:set package 'pkg_cpp' build argument 'cmake_args' from command line to 'None'
[0.514s] Level 5:colcon.colcon_core.verb:set package 'pkg_cpp' build argument 'cmake_target' from command line to 'None'
[0.515s] Level 5:colcon.colcon_core.verb:set package 'pkg_cpp' build argument 'cmake_target_skip_unavailable' from command line to 'False'
[0.515s] Level 5:colcon.colcon_core.verb:set package 'pkg_cpp' build argument 'cmake_clean_cache' from command line to 'False'
[0.515s] Level 5:colcon.colcon_core.verb:set package 'pkg_cpp' build argument 'cmake_clean_first' from command line to 'False'
[0.515s] Level 5:colcon.colcon_core.verb:set package 'pkg_cpp' build argument 'cmake_force_configure' from command line to 'False'
[0.515s] Level 5:colcon.colcon_core.verb:set package 'pkg_cpp' build argument 'ament_cmake_args' from command line to 'None'
[0.515s] Level 5:colcon.colcon_core.verb:set package 'pkg_cpp' build argument 'catkin_cmake_args' from command line to 'None'
[0.515s] Level 5:colcon.colcon_core.verb:set package 'pkg_cpp' build argument 'catkin_skip_building_tests' from command line to 'False'
[0.515s] DEBUG:colcon.colcon_core.verb:Building package 'pkg_cpp' with the following arguments: {'ament_cmake_args': None, 'build_base': '/home/arielsulton/ros2_ws/build/pkg_cpp', 'catkin_cmake_args': None, 'catkin_skip_building_tests': False, 'cmake_args': None, 'cmake_clean_cache': False, 'cmake_clean_first': False, 'cmake_force_configure': False, 'cmake_target': None, 'cmake_target_skip_unavailable': False, 'install_base': '/home/arielsulton/ros2_ws/install/pkg_cpp', 'merge_install': False, 'path': '/home/arielsulton/ros2_ws/src/pkg_cpp', 'symlink_install': False, 'test_result_base': None}
[0.515s] Level 5:colcon.colcon_core.verb:set package 'pkg_cython' build argument 'cmake_args' from command line to 'None'
[0.515s] Level 5:colcon.colcon_core.verb:set package 'pkg_cython' build argument 'cmake_target' from command line to 'None'
[0.515s] Level 5:colcon.colcon_core.verb:set package 'pkg_cython' build argument 'cmake_target_skip_unavailable' from command line to 'False'
[0.515s] Level 5:colcon.colcon_core.verb:set package 'pkg_cython' build argument 'cmake_clean_cache' from command line to 'False'
[0.515s] Level 5:colcon.colcon_core.verb:set package 'pkg_cython' build argument 'cmake_clean_first' from command line to 'False'
[0.515s] Level 5:colcon.colcon_core.verb:set package 'pkg_cython' build argument 'cmake_force_configure' from command line to 'False'
[0.515s] Level 5:colcon.colcon_core.verb:set package 'pkg_cython' build argument 'ament_cmake_args' from command line to 'None'
[0.515s] Level 5:colcon.colcon_core.verb:set package 'pkg_cython' build argument 'catkin_cmake_args' from command line to 'None'
[0.515s] Level 5:colcon.colcon_core.verb:set package 'pkg_cython' build argument 'catkin_skip_building_tests' from command line to 'False'
[0.515s] DEBUG:colcon.colcon_core.verb:Building package 'pkg_cython' with the following arguments: {'ament_cmake_args': None, 'build_base': '/home/arielsulton/ros2_ws/build/pkg_cython', 'catkin_cmake_args': None, 'catkin_skip_building_tests': False, 'cmake_args': None, 'cmake_clean_cache': False, 'cmake_clean_first': False, 'cmake_force_configure': False, 'cmake_target': None, 'cmake_target_skip_unavailable': False, 'install_base': '/home/arielsulton/ros2_ws/install/pkg_cython', 'merge_install': False, 'path': '/home/arielsulton/ros2_ws/src/pkg_cython', 'symlink_install': False, 'test_result_base': None}
[0.516s] Level 5:colcon.colcon_core.verb:set package 'pkg_python' build argument 'cmake_args' from command line to 'None'
[0.516s] Level 5:colcon.colcon_core.verb:set package 'pkg_python' build argument 'cmake_target' from command line to 'None'
[0.516s] Level 5:colcon.colcon_core.verb:set package 'pkg_python' build argument 'cmake_target_skip_unavailable' from command line to 'False'
[0.516s] Level 5:colcon.colcon_core.verb:set package 'pkg_python' build argument 'cmake_clean_cache' from command line to 'False'
[0.516s] Level 5:colcon.colcon_core.verb:set package 'pkg_python' build argument 'cmake_clean_first' from command line to 'False'
[0.516s] Level 5:colcon.colcon_core.verb:set package 'pkg_python' build argument 'cmake_force_configure' from command line to 'False'
[0.516s] Level 5:colcon.colcon_core.verb:set package 'pkg_python' build argument 'ament_cmake_args' from command line to 'None'
[0.516s] Level 5:colcon.colcon_core.verb:set package 'pkg_python' build argument 'catkin_cmake_args' from command line to 'None'
[0.516s] Level 5:colcon.colcon_core.verb:set package 'pkg_python' build argument 'catkin_skip_building_tests' from command line to 'False'
[0.516s] DEBUG:colcon.colcon_core.verb:Building package 'pkg_python' with the following arguments: {'ament_cmake_args': None, 'build_base': '/home/arielsulton/ros2_ws/build/pkg_python', 'catkin_cmake_args': None, 'catkin_skip_building_tests': False, 'cmake_args': None, 'cmake_clean_cache': False, 'cmake_clean_first': False, 'cmake_force_configure': False, 'cmake_target': None, 'cmake_target_skip_unavailable': False, 'install_base': '/home/arielsulton/ros2_ws/install/pkg_python', 'merge_install': False, 'path': '/home/arielsulton/ros2_ws/src/pkg_python', 'symlink_install': False, 'test_result_base': None}
[0.516s] INFO:colcon.colcon_core.executor:Executing jobs using 'parallel' executor
[0.517s] DEBUG:colcon.colcon_parallel_executor.executor.parallel:run_until_complete
[0.517s] INFO:colcon.colcon_ros.task.ament_cmake.build:Building ROS package in '/home/arielsulton/ros2_ws/src/launcher' with build type 'ament_cmake'
[0.517s] INFO:colcon.colcon_cmake.task.cmake.build:Building CMake package in '/home/arielsulton/ros2_ws/src/launcher'
[0.520s] INFO:colcon.colcon_core.plugin_system:Skipping extension 'colcon_core.shell.bat': Not used on non-Windows systems
[0.520s] INFO:colcon.colcon_core.shell:Skip shell extension 'powershell' for command environment: Not usable outside of PowerShell
[0.520s] DEBUG:colcon.colcon_core.shell:Skip shell extension 'dsv' for command environment
[0.535s] INFO:colcon.colcon_ros.task.ament_cmake.build:Building ROS package in '/home/arielsulton/ros2_ws/src/pkg_cpp' with build type 'ament_cmake'
[0.535s] INFO:colcon.colcon_cmake.task.cmake.build:Building CMake package in '/home/arielsulton/ros2_ws/src/pkg_cpp'
[0.536s] INFO:colcon.colcon_core.shell:Skip shell extension 'powershell' for command environment: Not usable outside of PowerShell
[0.536s] DEBUG:colcon.colcon_core.shell:Skip shell extension 'dsv' for command environment
[0.542s] INFO:colcon.colcon_ros.task.ament_python.build:Building ROS package in '/home/arielsulton/ros2_ws/src/pkg_cython' with build type 'ament_python'
[0.542s] Level 1:colcon.colcon_core.shell:create_environment_hook('pkg_cython', 'ament_prefix_path')
[0.543s] INFO:colcon.colcon_core.shell:Creating environment hook '/home/arielsulton/ros2_ws/install/pkg_cython/share/pkg_cython/hook/ament_prefix_path.ps1'
[0.544s] INFO:colcon.colcon_core.shell:Creating environment descriptor '/home/arielsulton/ros2_ws/install/pkg_cython/share/pkg_cython/hook/ament_prefix_path.dsv'
[0.545s] INFO:colcon.colcon_core.shell:Creating environment hook '/home/arielsulton/ros2_ws/install/pkg_cython/share/pkg_cython/hook/ament_prefix_path.sh'
[0.547s] INFO:colcon.colcon_core.shell:Skip shell extension 'powershell' for command environment: Not usable outside of PowerShell
[0.547s] DEBUG:colcon.colcon_core.shell:Skip shell extension 'dsv' for command environment
[0.554s] INFO:colcon.colcon_ros.task.ament_python.build:Building ROS package in '/home/arielsulton/ros2_ws/src/pkg_python' with build type 'ament_python'
[0.554s] Level 1:colcon.colcon_core.shell:create_environment_hook('pkg_python', 'ament_prefix_path')
[0.555s] INFO:colcon.colcon_core.shell:Creating environment hook '/home/arielsulton/ros2_ws/install/pkg_python/share/pkg_python/hook/ament_prefix_path.ps1'
[0.556s] INFO:colcon.colcon_core.shell:Creating environment descriptor '/home/arielsulton/ros2_ws/install/pkg_python/share/pkg_python/hook/ament_prefix_path.dsv'
[0.556s] INFO:colcon.colcon_core.shell:Creating environment hook '/home/arielsulton/ros2_ws/install/pkg_python/share/pkg_python/hook/ament_prefix_path.sh'
[0.557s] INFO:colcon.colcon_core.shell:Skip shell extension 'powershell' for command environment: Not usable outside of PowerShell
[0.557s] DEBUG:colcon.colcon_core.shell:Skip shell extension 'dsv' for command environment
[0.571s] DEBUG:colcon.colcon_core.event_handler.log_command:Invoking command in '/home/arielsulton/ros2_ws/build/launcher': CMAKE_PREFIX_PATH=${CMAKE_PREFIX_PATH}:/home/arielsulton/ros2_ws/install/pkg_cython:/home/arielsulton/ros2_ws/install/pkg_python:/home/arielsulton/ros2_ws/install/subscriber:/opt/ros/foxy /usr/bin/cmake /home/arielsulton/ros2_ws/src/launcher -DCMAKE_INSTALL_PREFIX=/home/arielsulton/ros2_ws/install/launcher
[0.580s] DEBUG:colcon.colcon_core.event_handler.log_command:Invoking command in '/home/arielsulton/ros2_ws/build/pkg_cpp': CMAKE_PREFIX_PATH=${CMAKE_PREFIX_PATH}:/home/arielsulton/ros2_ws/install/pkg_cython:/home/arielsulton/ros2_ws/install/pkg_python:/home/arielsulton/ros2_ws/install/subscriber:/opt/ros/foxy /usr/bin/cmake /home/arielsulton/ros2_ws/src/pkg_cpp -DCMAKE_INSTALL_PREFIX=/home/arielsulton/ros2_ws/install/pkg_cpp
[1.711s] INFO:colcon.colcon_core.task.python.build:Building Python package in '/home/arielsulton/ros2_ws/src/pkg_cython'
[1.713s] INFO:colcon.colcon_core.shell:Skip shell extension 'powershell' for command environment: Not usable outside of PowerShell
[1.713s] DEBUG:colcon.colcon_core.shell:Skip shell extension 'dsv' for command environment
[2.218s] INFO:colcon.colcon_core.task.python.build:Building Python package in '/home/arielsulton/ros2_ws/src/pkg_python'
[2.219s] INFO:colcon.colcon_core.shell:Skip shell extension 'powershell' for command environment: Not usable outside of PowerShell
[2.219s] DEBUG:colcon.colcon_core.shell:Skip shell extension 'dsv' for command environment
[2.251s] DEBUG:colcon.colcon_core.event_handler.log_command:Invoked command in '/home/arielsulton/ros2_ws/build/launcher' returned '0': CMAKE_PREFIX_PATH=${CMAKE_PREFIX_PATH}:/home/arielsulton/ros2_ws/install/pkg_cython:/home/arielsulton/ros2_ws/install/pkg_python:/home/arielsulton/ros2_ws/install/subscriber:/opt/ros/foxy /usr/bin/cmake /home/arielsulton/ros2_ws/src/launcher -DCMAKE_INSTALL_PREFIX=/home/arielsulton/ros2_ws/install/launcher
[2.255s] DEBUG:colcon.colcon_core.event_handler.log_command:Invoking command in '/home/arielsulton/ros2_ws/build/launcher': CMAKE_PREFIX_PATH=${CMAKE_PREFIX_PATH}:/home/arielsulton/ros2_ws/install/pkg_cython:/home/arielsulton/ros2_ws/install/pkg_python:/home/arielsulton/ros2_ws/install/subscriber:/opt/ros/foxy /usr/bin/cmake --build /home/arielsulton/ros2_ws/build/launcher -- -j8 -l8
[2.314s] DEBUG:colcon.colcon_core.event_handler.log_command:Invoked command in '/home/arielsulton/ros2_ws/build/launcher' returned '0': CMAKE_PREFIX_PATH=${CMAKE_PREFIX_PATH}:/home/arielsulton/ros2_ws/install/pkg_cython:/home/arielsulton/ros2_ws/install/pkg_python:/home/arielsulton/ros2_ws/install/subscriber:/opt/ros/foxy /usr/bin/cmake --build /home/arielsulton/ros2_ws/build/launcher -- -j8 -l8
[2.334s] DEBUG:colcon.colcon_core.event_handler.log_command:Invoking command in '/home/arielsulton/ros2_ws/build/launcher': CMAKE_PREFIX_PATH=${CMAKE_PREFIX_PATH}:/home/arielsulton/ros2_ws/install/pkg_cython:/home/arielsulton/ros2_ws/install/pkg_python:/home/arielsulton/ros2_ws/install/subscriber:/opt/ros/foxy /usr/bin/cmake --install /home/arielsulton/ros2_ws/build/launcher
[2.356s] Level 1:colcon.colcon_core.environment:create_environment_scripts_only(launcher)
[2.357s] DEBUG:colcon.colcon_core.event_handler.log_command:Invoked command in '/home/arielsulton/ros2_ws/build/launcher' returned '0': CMAKE_PREFIX_PATH=${CMAKE_PREFIX_PATH}:/home/arielsulton/ros2_ws/install/pkg_cython:/home/arielsulton/ros2_ws/install/pkg_python:/home/arielsulton/ros2_ws/install/subscriber:/opt/ros/foxy /usr/bin/cmake --install /home/arielsulton/ros2_ws/build/launcher
[2.365s] Level 1:colcon.colcon_core.environment:checking '/home/arielsulton/ros2_ws/install/launcher' for CMake module files
[2.367s] Level 1:colcon.colcon_core.environment:checking '/home/arielsulton/ros2_ws/install/launcher' for CMake config files
[2.368s] Level 1:colcon.colcon_core.shell:create_environment_hook('launcher', 'cmake_prefix_path')
[2.369s] INFO:colcon.colcon_core.shell:Creating environment hook '/home/arielsulton/ros2_ws/install/launcher/share/launcher/hook/cmake_prefix_path.ps1'
[2.370s] INFO:colcon.colcon_core.shell:Creating environment descriptor '/home/arielsulton/ros2_ws/install/launcher/share/launcher/hook/cmake_prefix_path.dsv'
[2.371s] INFO:colcon.colcon_core.shell:Creating environment hook '/home/arielsulton/ros2_ws/install/launcher/share/launcher/hook/cmake_prefix_path.sh'
[2.373s] Level 1:colcon.colcon_core.environment:checking '/home/arielsulton/ros2_ws/install/launcher/bin'
[2.373s] Level 1:colcon.colcon_core.environment:checking '/home/arielsulton/ros2_ws/install/launcher/lib/pkgconfig/launcher.pc'
[2.373s] Level 1:colcon.colcon_core.environment:checking '/home/arielsulton/ros2_ws/install/launcher/lib/python3.8/site-packages'
[2.374s] Level 1:colcon.colcon_core.environment:checking '/home/arielsulton/ros2_ws/install/launcher/bin'
[2.374s] INFO:colcon.colcon_core.shell:Creating package script '/home/arielsulton/ros2_ws/install/launcher/share/launcher/package.ps1'
[2.376s] INFO:colcon.colcon_core.shell:Creating package descriptor '/home/arielsulton/ros2_ws/install/launcher/share/launcher/package.dsv'
[2.377s] INFO:colcon.colcon_core.shell:Creating package script '/home/arielsulton/ros2_ws/install/launcher/share/launcher/package.sh'
[2.378s] INFO:colcon.colcon_core.shell:Creating package script '/home/arielsulton/ros2_ws/install/launcher/share/launcher/package.bash'
[2.380s] INFO:colcon.colcon_core.shell:Creating package script '/home/arielsulton/ros2_ws/install/launcher/share/launcher/package.zsh'
[2.381s] Level 1:colcon.colcon_core.environment:create_file_with_runtime_dependencies(/home/arielsulton/ros2_ws/install/launcher/share/colcon-core/packages/launcher)
[2.383s] Level 1:colcon.colcon_core.environment:create_environment_scripts_only(launcher)
[2.383s] Level 1:colcon.colcon_core.environment:checking '/home/arielsulton/ros2_ws/install/launcher' for CMake module files
[2.385s] Level 1:colcon.colcon_core.environment:checking '/home/arielsulton/ros2_ws/install/launcher' for CMake config files
[2.385s] Level 1:colcon.colcon_core.shell:create_environment_hook('launcher', 'cmake_prefix_path')
[2.385s] INFO:colcon.colcon_core.shell:Creating environment hook '/home/arielsulton/ros2_ws/install/launcher/share/launcher/hook/cmake_prefix_path.ps1'
[2.386s] INFO:colcon.colcon_core.shell:Creating environment descriptor '/home/arielsulton/ros2_ws/install/launcher/share/launcher/hook/cmake_prefix_path.dsv'
[2.387s] INFO:colcon.colcon_core.shell:Creating environment hook '/home/arielsulton/ros2_ws/install/launcher/share/launcher/hook/cmake_prefix_path.sh'
[2.388s] Level 1:colcon.colcon_core.environment:checking '/home/arielsulton/ros2_ws/install/launcher/bin'
[2.388s] Level 1:colcon.colcon_core.environment:checking '/home/arielsulton/ros2_ws/install/launcher/lib/pkgconfig/launcher.pc'
[2.388s] Level 1:colcon.colcon_core.environment:checking '/home/arielsulton/ros2_ws/install/launcher/lib/python3.8/site-packages'
[2.389s] Level 1:colcon.colcon_core.environment:checking '/home/arielsulton/ros2_ws/install/launcher/bin'
[2.389s] INFO:colcon.colcon_core.shell:Creating package script '/home/arielsulton/ros2_ws/install/launcher/share/launcher/package.ps1'
[2.391s] INFO:colcon.colcon_core.shell:Creating package descriptor '/home/arielsulton/ros2_ws/install/launcher/share/launcher/package.dsv'
[2.392s] INFO:colcon.colcon_core.shell:Creating package script '/home/arielsulton/ros2_ws/install/launcher/share/launcher/package.sh'
[2.393s] INFO:colcon.colcon_core.shell:Creating package script '/home/arielsulton/ros2_ws/install/launcher/share/launcher/package.bash'
[2.393s] INFO:colcon.colcon_core.shell:Creating package script '/home/arielsulton/ros2_ws/install/launcher/share/launcher/package.zsh'
[2.394s] Level 1:colcon.colcon_core.environment:create_file_with_runtime_dependencies(/home/arielsulton/ros2_ws/install/launcher/share/colcon-core/packages/launcher)
[2.710s] DEBUG:colcon.colcon_core.event_handler.log_command:Invoked command in '/home/arielsulton/ros2_ws/build/pkg_cpp' returned '0': CMAKE_PREFIX_PATH=${CMAKE_PREFIX_PATH}:/home/arielsulton/ros2_ws/install/pkg_cython:/home/arielsulton/ros2_ws/install/pkg_python:/home/arielsulton/ros2_ws/install/subscriber:/opt/ros/foxy /usr/bin/cmake /home/arielsulton/ros2_ws/src/pkg_cpp -DCMAKE_INSTALL_PREFIX=/home/arielsulton/ros2_ws/install/pkg_cpp
[2.712s] DEBUG:colcon.colcon_core.event_handler.log_command:Invoking command in '/home/arielsulton/ros2_ws/build/pkg_cpp': CMAKE_PREFIX_PATH=${CMAKE_PREFIX_PATH}:/home/arielsulton/ros2_ws/install/pkg_cython:/home/arielsulton/ros2_ws/install/pkg_python:/home/arielsulton/ros2_ws/install/subscriber:/opt/ros/foxy /usr/bin/cmake --build /home/arielsulton/ros2_ws/build/pkg_cpp -- -j8 -l8
[4.018s] DEBUG:colcon.colcon_core.event_handler.log_command:Invoking command in '/home/arielsulton/ros2_ws/src/pkg_python': PYTHONPATH=/home/arielsulton/ros2_ws/build/pkg_python/prefix_override:/usr/lib/python3/dist-packages/colcon_core/task/python/colcon_distutils_commands:/home/arielsulton/ros2_ws/install/pkg_python/lib/python3.8/site-packages:${PYTHONPATH} /usr/bin/python3 -W ignore:setup.py install is deprecated -W ignore:easy_install command is deprecated setup.py egg_info --egg-base ../../build/pkg_python build --build-base /home/arielsulton/ros2_ws/build/pkg_python/build install --record /home/arielsulton/ros2_ws/build/pkg_python/install.log --single-version-externally-managed install_data
[4.581s] DEBUG:colcon.colcon_core.event_handler.log_command:Invoking command in '/home/arielsulton/ros2_ws/src/pkg_cython': PYTHONPATH=/home/arielsulton/ros2_ws/build/pkg_cython/prefix_override:/usr/lib/python3/dist-packages/colcon_core/task/python/colcon_distutils_commands:/home/arielsulton/ros2_ws/install/pkg_cython/lib/python3.8/site-packages:${PYTHONPATH} /usr/bin/python3 -W ignore:setup.py install is deprecated -W ignore:easy_install command is deprecated setup.py egg_info --egg-base ../../build/pkg_cython build --build-base /home/arielsulton/ros2_ws/build/pkg_cython/build install --record /home/arielsulton/ros2_ws/build/pkg_cython/install.log --single-version-externally-managed install_data
[6.309s] Level 1:colcon.colcon_core.environment:checking '/home/arielsulton/ros2_ws/install/pkg_python' for CMake module files
[6.310s] DEBUG:colcon.colcon_core.event_handler.log_command:Invoked command in '/home/arielsulton/ros2_ws/src/pkg_python' returned '0': PYTHONPATH=/home/arielsulton/ros2_ws/build/pkg_python/prefix_override:/usr/lib/python3/dist-packages/colcon_core/task/python/colcon_distutils_commands:/home/arielsulton/ros2_ws/install/pkg_python/lib/python3.8/site-packages:${PYTHONPATH} /usr/bin/python3 -W ignore:setup.py install is deprecated -W ignore:easy_install command is deprecated setup.py egg_info --egg-base ../../build/pkg_python build --build-base /home/arielsulton/ros2_ws/build/pkg_python/build install --record /home/arielsulton/ros2_ws/build/pkg_python/install.log --single-version-externally-managed install_data
[6.310s] Level 1:colcon.colcon_core.environment:checking '/home/arielsulton/ros2_ws/install/pkg_python' for CMake config files
[6.312s] Level 1:colcon.colcon_core.environment:checking '/home/arielsulton/ros2_ws/install/pkg_python/lib'
[6.312s] Level 1:colcon.colcon_core.environment:checking '/home/arielsulton/ros2_ws/install/pkg_python/bin'
[6.312s] Level 1:colcon.colcon_core.environment:checking '/home/arielsulton/ros2_ws/install/pkg_python/lib/pkgconfig/pkg_python.pc'
[6.313s] Level 1:colcon.colcon_core.environment:checking '/home/arielsulton/ros2_ws/install/pkg_python/lib/python3.8/site-packages'
[6.313s] Level 1:colcon.colcon_core.shell:create_environment_hook('pkg_python', 'pythonpath')
[6.313s] INFO:colcon.colcon_core.shell:Creating environment hook '/home/arielsulton/ros2_ws/install/pkg_python/share/pkg_python/hook/pythonpath.ps1'
[6.314s] INFO:colcon.colcon_core.shell:Creating environment descriptor '/home/arielsulton/ros2_ws/install/pkg_python/share/pkg_python/hook/pythonpath.dsv'
[6.315s] INFO:colcon.colcon_core.shell:Creating environment hook '/home/arielsulton/ros2_ws/install/pkg_python/share/pkg_python/hook/pythonpath.sh'
[6.316s] Level 1:colcon.colcon_core.environment:checking '/home/arielsulton/ros2_ws/install/pkg_python/bin'
[6.316s] Level 1:colcon.colcon_core.environment:create_environment_scripts_only(pkg_python)
[6.317s] INFO:colcon.colcon_core.shell:Creating package script '/home/arielsulton/ros2_ws/install/pkg_python/share/pkg_python/package.ps1'
[6.318s] INFO:colcon.colcon_core.shell:Creating package descriptor '/home/arielsulton/ros2_ws/install/pkg_python/share/pkg_python/package.dsv'
[6.319s] INFO:colcon.colcon_core.shell:Creating package script '/home/arielsulton/ros2_ws/install/pkg_python/share/pkg_python/package.sh'
[6.320s] INFO:colcon.colcon_core.shell:Creating package script '/home/arielsulton/ros2_ws/install/pkg_python/share/pkg_python/package.bash'
[6.320s] INFO:colcon.colcon_core.shell:Creating package script '/home/arielsulton/ros2_ws/install/pkg_python/share/pkg_python/package.zsh'
[6.321s] Level 1:colcon.colcon_core.environment:create_file_with_runtime_dependencies(/home/arielsulton/ros2_ws/install/pkg_python/share/colcon-core/packages/pkg_python)
[9.425s] DEBUG:colcon.colcon_core.event_handler.log_command:Invoked command in '/home/arielsulton/ros2_ws/build/pkg_cpp' returned '0': CMAKE_PREFIX_PATH=${CMAKE_PREFIX_PATH}:/home/arielsulton/ros2_ws/install/pkg_cython:/home/arielsulton/ros2_ws/install/pkg_python:/home/arielsulton/ros2_ws/install/subscriber:/opt/ros/foxy /usr/bin/cmake --build /home/arielsulton/ros2_ws/build/pkg_cpp -- -j8 -l8
[9.428s] DEBUG:colcon.colcon_core.event_handler.log_command:Invoking command in '/home/arielsulton/ros2_ws/build/pkg_cpp': CMAKE_PREFIX_PATH=${CMAKE_PREFIX_PATH}:/home/arielsulton/ros2_ws/install/pkg_cython:/home/arielsulton/ros2_ws/install/pkg_python:/home/arielsulton/ros2_ws/install/subscriber:/opt/ros/foxy /usr/bin/cmake --install /home/arielsulton/ros2_ws/build/pkg_cpp
[9.446s] Level 1:colcon.colcon_core.environment:create_environment_scripts_only(pkg_cpp)
[9.447s] Level 1:colcon.colcon_core.environment:checking '/home/arielsulton/ros2_ws/install/pkg_cpp' for CMake module files
[9.448s] DEBUG:colcon.colcon_core.event_handler.log_command:Invoked command in '/home/arielsulton/ros2_ws/build/pkg_cpp' returned '0': CMAKE_PREFIX_PATH=${CMAKE_PREFIX_PATH}:/home/arielsulton/ros2_ws/install/pkg_cython:/home/arielsulton/ros2_ws/install/pkg_python:/home/arielsulton/ros2_ws/install/subscriber:/opt/ros/foxy /usr/bin/cmake --install /home/arielsulton/ros2_ws/build/pkg_cpp
[9.448s] Level 1:colcon.colcon_core.environment:checking '/home/arielsulton/ros2_ws/install/pkg_cpp' for CMake config files
[9.449s] Level 1:colcon.colcon_core.shell:create_environment_hook('pkg_cpp', 'cmake_prefix_path')
[9.449s] INFO:colcon.colcon_core.shell:Creating environment hook '/home/arielsulton/ros2_ws/install/pkg_cpp/share/pkg_cpp/hook/cmake_prefix_path.ps1'
[9.450s] INFO:colcon.colcon_core.shell:Creating environment descriptor '/home/arielsulton/ros2_ws/install/pkg_cpp/share/pkg_cpp/hook/cmake_prefix_path.dsv'
[9.451s] INFO:colcon.colcon_core.shell:Creating environment hook '/home/arielsulton/ros2_ws/install/pkg_cpp/share/pkg_cpp/hook/cmake_prefix_path.sh'
[9.452s] Level 1:colcon.colcon_core.environment:checking '/home/arielsulton/ros2_ws/install/pkg_cpp/lib'
[9.452s] Level 1:colcon.colcon_core.environment:checking '/home/arielsulton/ros2_ws/install/pkg_cpp/bin'
[9.452s] Level 1:colcon.colcon_core.environment:checking '/home/arielsulton/ros2_ws/install/pkg_cpp/lib/pkgconfig/pkg_cpp.pc'
[9.452s] Level 1:colcon.colcon_core.environment:checking '/home/arielsulton/ros2_ws/install/pkg_cpp/lib/python3.8/site-packages'
[9.453s] Level 1:colcon.colcon_core.environment:checking '/home/arielsulton/ros2_ws/install/pkg_cpp/bin'
[9.453s] INFO:colcon.colcon_core.shell:Creating package script '/home/arielsulton/ros2_ws/install/pkg_cpp/share/pkg_cpp/package.ps1'
[9.454s] INFO:colcon.colcon_core.shell:Creating package descriptor '/home/arielsulton/ros2_ws/install/pkg_cpp/share/pkg_cpp/package.dsv'
[9.454s] INFO:colcon.colcon_core.shell:Creating package script '/home/arielsulton/ros2_ws/install/pkg_cpp/share/pkg_cpp/package.sh'
[9.455s] INFO:colcon.colcon_core.shell:Creating package script '/home/arielsulton/ros2_ws/install/pkg_cpp/share/pkg_cpp/package.bash'
[9.455s] INFO:colcon.colcon_core.shell:Creating package script '/home/arielsulton/ros2_ws/install/pkg_cpp/share/pkg_cpp/package.zsh'
[9.456s] Level 1:colcon.colcon_core.environment:create_file_with_runtime_dependencies(/home/arielsulton/ros2_ws/install/pkg_cpp/share/colcon-core/packages/pkg_cpp)
[9.457s] Level 1:colcon.colcon_core.environment:create_environment_scripts_only(pkg_cpp)
[9.457s] Level 1:colcon.colcon_core.environment:checking '/home/arielsulton/ros2_ws/install/pkg_cpp' for CMake module files
[9.458s] Level 1:colcon.colcon_core.environment:checking '/home/arielsulton/ros2_ws/install/pkg_cpp' for CMake config files
[9.458s] Level 1:colcon.colcon_core.shell:create_environment_hook('pkg_cpp', 'cmake_prefix_path')
[9.459s] INFO:colcon.colcon_core.shell:Creating environment hook '/home/arielsulton/ros2_ws/install/pkg_cpp/share/pkg_cpp/hook/cmake_prefix_path.ps1'
[9.459s] INFO:colcon.colcon_core.shell:Creating environment descriptor '/home/arielsulton/ros2_ws/install/pkg_cpp/share/pkg_cpp/hook/cmake_prefix_path.dsv'
[9.460s] INFO:colcon.colcon_core.shell:Creating environment hook '/home/arielsulton/ros2_ws/install/pkg_cpp/share/pkg_cpp/hook/cmake_prefix_path.sh'
[9.461s] Level 1:colcon.colcon_core.environment:checking '/home/arielsulton/ros2_ws/install/pkg_cpp/lib'
[9.461s] Level 1:colcon.colcon_core.environment:checking '/home/arielsulton/ros2_ws/install/pkg_cpp/bin'
[9.461s] Level 1:colcon.colcon_core.environment:checking '/home/arielsulton/ros2_ws/install/pkg_cpp/lib/pkgconfig/pkg_cpp.pc'
[9.461s] Level 1:colcon.colcon_core.environment:checking '/home/arielsulton/ros2_ws/install/pkg_cpp/lib/python3.8/site-packages'
[9.461s] Level 1:colcon.colcon_core.environment:checking '/home/arielsulton/ros2_ws/install/pkg_cpp/bin'
[9.462s] INFO:colcon.colcon_core.shell:Creating package script '/home/arielsulton/ros2_ws/install/pkg_cpp/share/pkg_cpp/package.ps1'
[9.463s] INFO:colcon.colcon_core.shell:Creating package descriptor '/home/arielsulton/ros2_ws/install/pkg_cpp/share/pkg_cpp/package.dsv'
[9.463s] INFO:colcon.colcon_core.shell:Creating package script '/home/arielsulton/ros2_ws/install/pkg_cpp/share/pkg_cpp/package.sh'
[9.464s] INFO:colcon.colcon_core.shell:Creating package script '/home/arielsulton/ros2_ws/install/pkg_cpp/share/pkg_cpp/package.bash'
[9.465s] INFO:colcon.colcon_core.shell:Creating package script '/home/arielsulton/ros2_ws/install/pkg_cpp/share/pkg_cpp/package.zsh'
[9.465s] Level 1:colcon.colcon_core.environment:create_file_with_runtime_dependencies(/home/arielsulton/ros2_ws/install/pkg_cpp/share/colcon-core/packages/pkg_cpp)
[10.684s] Level 1:colcon.colcon_core.environment:checking '/home/arielsulton/ros2_ws/install/pkg_cython' for CMake module files
[10.685s] DEBUG:colcon.colcon_core.event_handler.log_command:Invoked command in '/home/arielsulton/ros2_ws/src/pkg_cython' returned '0': PYTHONPATH=/home/arielsulton/ros2_ws/build/pkg_cython/prefix_override:/usr/lib/python3/dist-packages/colcon_core/task/python/colcon_distutils_commands:/home/arielsulton/ros2_ws/install/pkg_cython/lib/python3.8/site-packages:${PYTHONPATH} /usr/bin/python3 -W ignore:setup.py install is deprecated -W ignore:easy_install command is deprecated setup.py egg_info --egg-base ../../build/pkg_cython build --build-base /home/arielsulton/ros2_ws/build/pkg_cython/build install --record /home/arielsulton/ros2_ws/build/pkg_cython/install.log --single-version-externally-managed install_data
[10.686s] Level 1:colcon.colcon_core.environment:checking '/home/arielsulton/ros2_ws/install/pkg_cython' for CMake config files
[10.687s] Level 1:colcon.colcon_core.environment:checking '/home/arielsulton/ros2_ws/install/pkg_cython/lib'
[10.687s] Level 1:colcon.colcon_core.environment:checking '/home/arielsulton/ros2_ws/install/pkg_cython/bin'
[10.687s] Level 1:colcon.colcon_core.environment:checking '/home/arielsulton/ros2_ws/install/pkg_cython/lib/pkgconfig/pkg_cython.pc'
[10.687s] Level 1:colcon.colcon_core.environment:checking '/home/arielsulton/ros2_ws/install/pkg_cython/lib/python3.8/site-packages'
[10.687s] Level 1:colcon.colcon_core.shell:create_environment_hook('pkg_cython', 'pythonpath')
[10.688s] INFO:colcon.colcon_core.shell:Creating environment hook '/home/arielsulton/ros2_ws/install/pkg_cython/share/pkg_cython/hook/pythonpath.ps1'
[10.688s] INFO:colcon.colcon_core.shell:Creating environment descriptor '/home/arielsulton/ros2_ws/install/pkg_cython/share/pkg_cython/hook/pythonpath.dsv'
[10.689s] INFO:colcon.colcon_core.shell:Creating environment hook '/home/arielsulton/ros2_ws/install/pkg_cython/share/pkg_cython/hook/pythonpath.sh'
[10.690s] Level 1:colcon.colcon_core.environment:checking '/home/arielsulton/ros2_ws/install/pkg_cython/bin'
[10.690s] Level 1:colcon.colcon_core.environment:create_environment_scripts_only(pkg_cython)
[10.691s] INFO:colcon.colcon_core.shell:Creating package script '/home/arielsulton/ros2_ws/install/pkg_cython/share/pkg_cython/package.ps1'
[10.691s] INFO:colcon.colcon_core.shell:Creating package descriptor '/home/arielsulton/ros2_ws/install/pkg_cython/share/pkg_cython/package.dsv'
[10.692s] INFO:colcon.colcon_core.shell:Creating package script '/home/arielsulton/ros2_ws/install/pkg_cython/share/pkg_cython/package.sh'
[10.692s] INFO:colcon.colcon_core.shell:Creating package script '/home/arielsulton/ros2_ws/install/pkg_cython/share/pkg_cython/package.bash'
[10.693s] INFO:colcon.colcon_core.shell:Creating package script '/home/arielsulton/ros2_ws/install/pkg_cython/share/pkg_cython/package.zsh'
[10.693s] Level 1:colcon.colcon_core.environment:create_file_with_runtime_dependencies(/home/arielsulton/ros2_ws/install/pkg_cython/share/colcon-core/packages/pkg_cython)
[10.693s] DEBUG:colcon.colcon_parallel_executor.executor.parallel:closing loop
[10.694s] DEBUG:colcon.colcon_parallel_executor.executor.parallel:loop closed
[10.694s] DEBUG:colcon.colcon_parallel_executor.executor.parallel:run_until_complete finished with '0'
[10.694s] DEBUG:colcon.colcon_core.event_reactor:joining thread
[10.701s] INFO:colcon.colcon_core.plugin_system:Skipping extension 'colcon_notification.desktop_notification.terminal_notifier': Not used on non-Darwin systems
[10.701s] INFO:colcon.colcon_core.plugin_system:Skipping extension 'colcon_notification.desktop_notification.win32': Not used on non-Windows systems
[10.701s] INFO:colcon.colcon_notification.desktop_notification:Sending desktop notification using 'notify2'
[10.716s] DEBUG:colcon.colcon_core.event_reactor:joined thread
[10.717s] INFO:colcon.colcon_core.shell:Creating prefix script '/home/arielsulton/ros2_ws/install/local_setup.ps1'
[10.718s] INFO:colcon.colcon_core.shell:Creating prefix util module '/home/arielsulton/ros2_ws/install/_local_setup_util_ps1.py'
[10.720s] INFO:colcon.colcon_core.shell:Creating prefix chain script '/home/arielsulton/ros2_ws/install/setup.ps1'
[10.721s] INFO:colcon.colcon_core.shell:Creating prefix script '/home/arielsulton/ros2_ws/install/local_setup.sh'
[10.722s] INFO:colcon.colcon_core.shell:Creating prefix util module '/home/arielsulton/ros2_ws/install/_local_setup_util_sh.py'
[10.722s] INFO:colcon.colcon_core.shell:Creating prefix chain script '/home/arielsulton/ros2_ws/install/setup.sh'
[10.724s] INFO:colcon.colcon_core.shell:Creating prefix script '/home/arielsulton/ros2_ws/install/local_setup.bash'
[10.724s] INFO:colcon.colcon_core.shell:Creating prefix chain script '/home/arielsulton/ros2_ws/install/setup.bash'
[10.726s] INFO:colcon.colcon_core.shell:Creating prefix script '/home/arielsulton/ros2_ws/install/local_setup.zsh'
[10.726s] INFO:colcon.colcon_core.shell:Creating prefix chain script '/home/arielsulton/ros2_ws/install/setup.zsh'
