[0.044s] Invoking command in '/home/arielsulton/ros2_ws/build/pkg_cpp': CMAKE_PREFIX_PATH=${CMAKE_PREFIX_PATH}:/home/arielsulton/ros2_ws/install/pkg_cython:/home/arielsulton/ros2_ws/install/pkg_python:/home/arielsulton/ros2_ws/install/subscriber:/opt/ros/foxy /usr/bin/cmake /home/arielsulton/ros2_ws/src/pkg_cpp -DCMAKE_INSTALL_PREFIX=/home/arielsulton/ros2_ws/install/pkg_cpp
[1.704s] -- The C compiler identification is GNU 9.4.0
[1.704s] -- The CXX compiler identification is GNU 9.4.0
[1.705s] -- Check for working C compiler: /usr/bin/cc
[1.705s] -- Check for working C compiler: /usr/bin/cc -- works
[1.705s] -- Detecting C compiler ABI info
[1.705s] -- Detecting C compiler ABI info - done
[1.705s] -- Detecting C compile features
[1.705s] -- Detecting C compile features - done
[1.705s] -- Check for working CXX compiler: /usr/bin/c++
[1.705s] -- Check for working CXX compiler: /usr/bin/c++ -- works
[1.705s] -- Detecting CXX compiler ABI info
[1.706s] -- Detecting CXX compiler ABI info - done
[1.706s] -- Detecting CXX compile features
[1.706s] -- Detecting CXX compile features - done
[1.706s] -- Found ament_cmake: 0.9.12 (/opt/ros/foxy/share/ament_cmake/cmake)
[1.706s] -- Found PythonInterp: /usr/bin/python3 (found suitable version "3.8.10", minimum required is "3") 
[1.706s] -- Using PYTHON_EXECUTABLE: /usr/bin/python3
[1.706s] -- Found rclcpp: 2.4.3 (/opt/ros/foxy/share/rclcpp/cmake)
[1.707s] -- Using all available rosidl_typesupport_c: rosidl_typesupport_fastrtps_c;rosidl_typesupport_introspection_c
[1.707s] -- Found rosidl_adapter: 1.3.1 (/opt/ros/foxy/share/rosidl_adapter/cmake)
[1.707s] -- Found OpenSSL: /usr/lib/x86_64-linux-gnu/libcrypto.so (found version "1.1.1f")  
[1.707s] -- Found FastRTPS: /opt/ros/foxy/include  
[1.707s] -- Using all available rosidl_typesupport_cpp: rosidl_typesupport_fastrtps_cpp;rosidl_typesupport_introspection_cpp
[1.707s] -- Found rmw_implementation_cmake: 1.0.4 (/opt/ros/foxy/share/rmw_implementation_cmake/cmake)
[1.708s] -- Using RMW implementation 'rmw_fastrtps_cpp' as default
[1.709s] -- Looking for pthread.h
[1.710s] -- Looking for pthread.h - found
[1.710s] -- Performing Test CMAKE_HAVE_LIBC_PTHREAD
[1.710s] -- Performing Test CMAKE_HAVE_LIBC_PTHREAD - Failed
[1.710s] -- Looking for pthread_create in pthreads
[1.728s] -- Looking for pthread_create in pthreads - not found
[1.728s] -- Looking for pthread_create in pthread
[1.854s] -- Looking for pthread_create in pthread - found
[1.854s] -- Found Threads: TRUE  
[2.046s] -- Found ament_lint_auto: 0.9.8 (/opt/ros/foxy/share/ament_lint_auto/cmake)
[2.136s] -- Added test 'cppcheck' to perform static code analysis on C / C++ code
[2.136s] -- Configured cppcheck include dirs: 
[2.136s] -- Configured cppcheck exclude dirs and/or files: 
[2.137s] -- Added test 'cpplint' to check C / C++ code against the Google style
[2.138s] -- Configured cpplint exclude dirs and/or files: 
[2.139s] -- Added test 'lint_cmake' to check CMake code style
[2.140s] -- Added test 'uncrustify' to check C / C++ code style
[2.140s] -- Configured uncrustify additional arguments: 
[2.141s] -- Added test 'xmllint' to check XML markup files
[2.145s] -- Configuring done
[2.158s] -- Generating done
[2.164s] -- Build files have been written to: /home/arielsulton/ros2_ws/build/pkg_cpp
[2.174s] Invoked command in '/home/arielsulton/ros2_ws/build/pkg_cpp' returned '0': CMAKE_PREFIX_PATH=${CMAKE_PREFIX_PATH}:/home/arielsulton/ros2_ws/install/pkg_cython:/home/arielsulton/ros2_ws/install/pkg_python:/home/arielsulton/ros2_ws/install/subscriber:/opt/ros/foxy /usr/bin/cmake /home/arielsulton/ros2_ws/src/pkg_cpp -DCMAKE_INSTALL_PREFIX=/home/arielsulton/ros2_ws/install/pkg_cpp
[2.175s] Invoking command in '/home/arielsulton/ros2_ws/build/pkg_cpp': CMAKE_PREFIX_PATH=${CMAKE_PREFIX_PATH}:/home/arielsulton/ros2_ws/install/pkg_cython:/home/arielsulton/ros2_ws/install/pkg_python:/home/arielsulton/ros2_ws/install/subscriber:/opt/ros/foxy /usr/bin/cmake --build /home/arielsulton/ros2_ws/build/pkg_cpp -- -j8 -l8
[2.227s] [35m[1mScanning dependencies of target subs_cpp[0m
[2.231s] [35m[1mScanning dependencies of target pubs_cpp[0m
[2.305s] [ 25%] [32mBuilding CXX object CMakeFiles/subs_cpp.dir/src/subs_cpp.cpp.o[0m
[2.319s] [ 50%] [32mBuilding CXX object CMakeFiles/pubs_cpp.dir/src/pubs_cpp.cpp.o[0m
[7.295s] [ 75%] [32m[1mLinking CXX executable pubs_cpp[0m
[7.514s] [ 75%] Built target pubs_cpp
[8.580s] [100%] [32m[1mLinking CXX executable subs_cpp[0m
[8.875s] [100%] Built target subs_cpp
[8.889s] Invoked command in '/home/arielsulton/ros2_ws/build/pkg_cpp' returned '0': CMAKE_PREFIX_PATH=${CMAKE_PREFIX_PATH}:/home/arielsulton/ros2_ws/install/pkg_cython:/home/arielsulton/ros2_ws/install/pkg_python:/home/arielsulton/ros2_ws/install/subscriber:/opt/ros/foxy /usr/bin/cmake --build /home/arielsulton/ros2_ws/build/pkg_cpp -- -j8 -l8
[8.892s] Invoking command in '/home/arielsulton/ros2_ws/build/pkg_cpp': CMAKE_PREFIX_PATH=${CMAKE_PREFIX_PATH}:/home/arielsulton/ros2_ws/install/pkg_cython:/home/arielsulton/ros2_ws/install/pkg_python:/home/arielsulton/ros2_ws/install/subscriber:/opt/ros/foxy /usr/bin/cmake --install /home/arielsulton/ros2_ws/build/pkg_cpp
[8.902s] -- Install configuration: ""
[8.902s] -- Installing: /home/arielsulton/ros2_ws/install/pkg_cpp/lib/pkg_cpp/pubs_cpp
[8.903s] -- Set runtime path of "/home/arielsulton/ros2_ws/install/pkg_cpp/lib/pkg_cpp/pubs_cpp" to ""
[8.903s] -- Installing: /home/arielsulton/ros2_ws/install/pkg_cpp/lib/pkg_cpp/subs_cpp
[8.905s] -- Set runtime path of "/home/arielsulton/ros2_ws/install/pkg_cpp/lib/pkg_cpp/subs_cpp" to ""
[8.905s] -- Installing: /home/arielsulton/ros2_ws/install/pkg_cpp/share/ament_index/resource_index/package_run_dependencies/pkg_cpp
[8.906s] -- Installing: /home/arielsulton/ros2_ws/install/pkg_cpp/share/ament_index/resource_index/parent_prefix_path/pkg_cpp
[8.906s] -- Installing: /home/arielsulton/ros2_ws/install/pkg_cpp/share/pkg_cpp/environment/ament_prefix_path.sh
[8.906s] -- Installing: /home/arielsulton/ros2_ws/install/pkg_cpp/share/pkg_cpp/environment/ament_prefix_path.dsv
[8.906s] -- Installing: /home/arielsulton/ros2_ws/install/pkg_cpp/share/pkg_cpp/environment/path.sh
[8.906s] -- Installing: /home/arielsulton/ros2_ws/install/pkg_cpp/share/pkg_cpp/environment/path.dsv
[8.906s] -- Installing: /home/arielsulton/ros2_ws/install/pkg_cpp/share/pkg_cpp/local_setup.bash
[8.907s] -- Installing: /home/arielsulton/ros2_ws/install/pkg_cpp/share/pkg_cpp/local_setup.sh
[8.907s] -- Installing: /home/arielsulton/ros2_ws/install/pkg_cpp/share/pkg_cpp/local_setup.zsh
[8.907s] -- Installing: /home/arielsulton/ros2_ws/install/pkg_cpp/share/pkg_cpp/local_setup.dsv
[8.907s] -- Installing: /home/arielsulton/ros2_ws/install/pkg_cpp/share/pkg_cpp/package.dsv
[8.907s] -- Installing: /home/arielsulton/ros2_ws/install/pkg_cpp/share/ament_index/resource_index/packages/pkg_cpp
[8.907s] -- Installing: /home/arielsulton/ros2_ws/install/pkg_cpp/share/pkg_cpp/cmake/pkg_cppConfig.cmake
[8.908s] -- Installing: /home/arielsulton/ros2_ws/install/pkg_cpp/share/pkg_cpp/cmake/pkg_cppConfig-version.cmake
[8.908s] -- Installing: /home/arielsulton/ros2_ws/install/pkg_cpp/share/pkg_cpp/package.xml
[8.912s] Invoked command in '/home/arielsulton/ros2_ws/build/pkg_cpp' returned '0': CMAKE_PREFIX_PATH=${CMAKE_PREFIX_PATH}:/home/arielsulton/ros2_ws/install/pkg_cython:/home/arielsulton/ros2_ws/install/pkg_python:/home/arielsulton/ros2_ws/install/subscriber:/opt/ros/foxy /usr/bin/cmake --install /home/arielsulton/ros2_ws/build/pkg_cpp
