[0.051s] Invoking command in '/home/arielsulton/ros2_ws/build/launcher': CMAKE_PREFIX_PATH=${CMAKE_PREFIX_PATH}:/opt/ros/foxy /usr/bin/cmake /home/arielsulton/ros2_ws/src/launcher -DCMAKE_INSTALL_PREFIX=/home/arielsulton/ros2_ws/install/launcher
[2.117s] -- The C compiler identification is GNU 9.4.0
[2.117s] -- The CXX compiler identification is GNU 9.4.0
[2.117s] -- Check for working C compiler: /usr/bin/cc
[2.118s] -- Check for working C compiler: /usr/bin/cc -- works
[2.118s] -- Detecting C compiler ABI info
[2.118s] -- Detecting C compiler ABI info - done
[2.118s] -- Detecting C compile features
[2.119s] -- Detecting C compile features - done
[2.119s] -- Check for working CXX compiler: /usr/bin/c++
[2.121s] -- Check for working CXX compiler: /usr/bin/c++ -- works
[2.122s] -- Detecting CXX compiler ABI info
[2.122s] -- Detecting CXX compiler ABI info - done
[2.122s] -- Detecting CXX compile features
[2.123s] -- Detecting CXX compile features - done
[2.123s] -- Found ament_cmake: 0.9.12 (/opt/ros/foxy/share/ament_cmake/cmake)
[2.123s] -- Found PythonInterp: /usr/bin/python3 (found suitable version "3.8.10", minimum required is "3") 
[2.123s] -- Using PYTHON_EXECUTABLE: /usr/bin/python3
[2.123s] -- Found ament_lint_auto: 0.9.8 (/opt/ros/foxy/share/ament_lint_auto/cmake)
[2.123s] -- Added test 'flake8' to check Python code syntax and style conventions
[2.123s] -- Added test 'lint_cmake' to check CMake code style
[2.123s] -- Added test 'pep257' to check Python code against some of the style conventions in PEP 257
[2.123s] -- Added test 'xmllint' to check XML markup files
[2.123s] -- Configuring done
[2.123s] -- Generating done
[2.123s] -- Build files have been written to: /home/arielsulton/ros2_ws/build/launcher
[2.145s] Invoked command in '/home/arielsulton/ros2_ws/build/launcher' returned '0': CMAKE_PREFIX_PATH=${CMAKE_PREFIX_PATH}:/opt/ros/foxy /usr/bin/cmake /home/arielsulton/ros2_ws/src/launcher -DCMAKE_INSTALL_PREFIX=/home/arielsulton/ros2_ws/install/launcher
[2.147s] Invoking command in '/home/arielsulton/ros2_ws/build/launcher': CMAKE_PREFIX_PATH=${CMAKE_PREFIX_PATH}:/opt/ros/foxy /usr/bin/cmake --build /home/arielsulton/ros2_ws/build/launcher -- -j8 -l8
[2.195s] Invoked command in '/home/arielsulton/ros2_ws/build/launcher' returned '0': CMAKE_PREFIX_PATH=${CMAKE_PREFIX_PATH}:/opt/ros/foxy /usr/bin/cmake --build /home/arielsulton/ros2_ws/build/launcher -- -j8 -l8
[2.213s] Invoking command in '/home/arielsulton/ros2_ws/build/launcher': CMAKE_PREFIX_PATH=${CMAKE_PREFIX_PATH}:/opt/ros/foxy /usr/bin/cmake --install /home/arielsulton/ros2_ws/build/launcher
[2.228s] -- Install configuration: ""
[2.228s] -- Installing: /home/arielsulton/ros2_ws/install/launcher/share/launcher/launch
[2.228s] -- Installing: /home/arielsulton/ros2_ws/install/launcher/share/launcher/launch/test.launch.py
[2.229s] -- Installing: /home/arielsulton/ros2_ws/install/launcher/share/launcher/config
[2.230s] -- Installing: /home/arielsulton/ros2_ws/install/launcher/share/launcher/config/test.yaml
[2.230s] -- Installing: /home/arielsulton/ros2_ws/install/launcher/share/ament_index/resource_index/package_run_dependencies/launcher
[2.230s] -- Installing: /home/arielsulton/ros2_ws/install/launcher/share/ament_index/resource_index/parent_prefix_path/launcher
[2.231s] -- Installing: /home/arielsulton/ros2_ws/install/launcher/share/launcher/environment/ament_prefix_path.sh
[2.231s] -- Installing: /home/arielsulton/ros2_ws/install/launcher/share/launcher/environment/ament_prefix_path.dsv
[2.232s] -- Installing: /home/arielsulton/ros2_ws/install/launcher/share/launcher/environment/path.sh
[2.232s] -- Installing: /home/arielsulton/ros2_ws/install/launcher/share/launcher/environment/path.dsv
[2.233s] -- Installing: /home/arielsulton/ros2_ws/install/launcher/share/launcher/local_setup.bash
[2.233s] -- Installing: /home/arielsulton/ros2_ws/install/launcher/share/launcher/local_setup.sh
[2.233s] -- Installing: /home/arielsulton/ros2_ws/install/launcher/share/launcher/local_setup.zsh
[2.236s] -- Installing: /home/arielsulton/ros2_ws/install/launcher/share/launcher/local_setup.dsv
[2.236s] -- Installing: /home/arielsulton/ros2_ws/install/launcher/share/launcher/package.dsv
[2.237s] -- Installing: /home/arielsulton/ros2_ws/install/launcher/share/ament_index/resource_index/packages/launcher
[2.239s] -- Installing: /home/arielsulton/ros2_ws/install/launcher/share/launcher/cmake/launcherConfig.cmake
[2.239s] -- Installing: /home/arielsulton/ros2_ws/install/launcher/share/launcher/cmake/launcherConfig-version.cmake
[2.240s] -- Installing: /home/arielsulton/ros2_ws/install/launcher/share/launcher/package.xml
[2.248s] Invoked command in '/home/arielsulton/ros2_ws/build/launcher' returned '0': CMAKE_PREFIX_PATH=${CMAKE_PREFIX_PATH}:/opt/ros/foxy /usr/bin/cmake --install /home/arielsulton/ros2_ws/build/launcher
