[0.087s] Invoking command in '/home/arielsulton/ros2_ws/build/launcher': CMAKE_PREFIX_PATH=${CMAKE_PREFIX_PATH}:/home/arielsulton/ros2_ws/install/pkg_python:/home/arielsulton/ros2_ws/install/pkg_cython:/opt/ros/foxy /usr/bin/cmake /home/arielsulton/ros2_ws/src/launcher -DCMAKE_INSTALL_PREFIX=/home/arielsulton/ros2_ws/install/launcher
[2.951s] -- The C compiler identification is GNU 9.4.0
[2.952s] -- The CXX compiler identification is GNU 9.4.0
[2.952s] -- Check for working C compiler: /usr/bin/cc
[2.952s] -- Check for working C compiler: /usr/bin/cc -- works
[2.952s] -- Detecting C compiler ABI info
[2.953s] -- Detecting C compiler ABI info - done
[2.953s] -- Detecting C compile features
[2.953s] -- Detecting C compile features - done
[2.953s] -- Check for working CXX compiler: /usr/bin/c++
[2.953s] -- Check for working CXX compiler: /usr/bin/c++ -- works
[2.954s] -- Detecting CXX compiler ABI info
[2.954s] -- Detecting CXX compiler ABI info - done
[2.954s] -- Detecting CXX compile features
[2.954s] -- Detecting CXX compile features - done
[2.954s] -- Found ament_cmake: 0.9.12 (/opt/ros/foxy/share/ament_cmake/cmake)
[2.954s] -- Found PythonInterp: /usr/bin/python3 (found suitable version "3.8.10", minimum required is "3") 
[2.955s] -- Using PYTHON_EXECUTABLE: /usr/bin/python3
[2.955s] -- Found ament_lint_auto: 0.9.8 (/opt/ros/foxy/share/ament_lint_auto/cmake)
[2.955s] -- Added test 'flake8' to check Python code syntax and style conventions
[2.955s] -- Added test 'lint_cmake' to check CMake code style
[2.955s] -- Added test 'pep257' to check Python code against some of the style conventions in PEP 257
[2.956s] -- Added test 'xmllint' to check XML markup files
[2.956s] -- Configuring done
[2.956s] -- Generating done
[2.956s] -- Build files have been written to: /home/arielsulton/ros2_ws/build/launcher
[2.980s] Invoked command in '/home/arielsulton/ros2_ws/build/launcher' returned '0': CMAKE_PREFIX_PATH=${CMAKE_PREFIX_PATH}:/home/arielsulton/ros2_ws/install/pkg_python:/home/arielsulton/ros2_ws/install/pkg_cython:/opt/ros/foxy /usr/bin/cmake /home/arielsulton/ros2_ws/src/launcher -DCMAKE_INSTALL_PREFIX=/home/arielsulton/ros2_ws/install/launcher
[2.987s] Invoking command in '/home/arielsulton/ros2_ws/build/launcher': CMAKE_PREFIX_PATH=${CMAKE_PREFIX_PATH}:/home/arielsulton/ros2_ws/install/pkg_python:/home/arielsulton/ros2_ws/install/pkg_cython:/opt/ros/foxy /usr/bin/cmake --build /home/arielsulton/ros2_ws/build/launcher -- -j8 -l8
[3.077s] Invoked command in '/home/arielsulton/ros2_ws/build/launcher' returned '0': CMAKE_PREFIX_PATH=${CMAKE_PREFIX_PATH}:/home/arielsulton/ros2_ws/install/pkg_python:/home/arielsulton/ros2_ws/install/pkg_cython:/opt/ros/foxy /usr/bin/cmake --build /home/arielsulton/ros2_ws/build/launcher -- -j8 -l8
[3.104s] Invoking command in '/home/arielsulton/ros2_ws/build/launcher': CMAKE_PREFIX_PATH=${CMAKE_PREFIX_PATH}:/home/arielsulton/ros2_ws/install/pkg_python:/home/arielsulton/ros2_ws/install/pkg_cython:/opt/ros/foxy /usr/bin/cmake --install /home/arielsulton/ros2_ws/build/launcher
[3.129s] -- Install configuration: ""
[3.130s] -- Installing: /home/arielsulton/ros2_ws/install/launcher/share/launcher/launch
[3.130s] -- Installing: /home/arielsulton/ros2_ws/install/launcher/share/launcher/launch/test.launch.py
[3.130s] -- Installing: /home/arielsulton/ros2_ws/install/launcher/share/ament_index/resource_index/package_run_dependencies/launcher
[3.131s] -- Installing: /home/arielsulton/ros2_ws/install/launcher/share/ament_index/resource_index/parent_prefix_path/launcher
[3.131s] -- Installing: /home/arielsulton/ros2_ws/install/launcher/share/launcher/environment/ament_prefix_path.sh
[3.131s] -- Installing: /home/arielsulton/ros2_ws/install/launcher/share/launcher/environment/ament_prefix_path.dsv
[3.132s] -- Installing: /home/arielsulton/ros2_ws/install/launcher/share/launcher/environment/path.sh
[3.132s] -- Installing: /home/arielsulton/ros2_ws/install/launcher/share/launcher/environment/path.dsv
[3.132s] -- Installing: /home/arielsulton/ros2_ws/install/launcher/share/launcher/local_setup.bash
[3.132s] -- Installing: /home/arielsulton/ros2_ws/install/launcher/share/launcher/local_setup.sh
[3.133s] -- Installing: /home/arielsulton/ros2_ws/install/launcher/share/launcher/local_setup.zsh
[3.133s] -- Installing: /home/arielsulton/ros2_ws/install/launcher/share/launcher/local_setup.dsv
[3.133s] -- Installing: /home/arielsulton/ros2_ws/install/launcher/share/launcher/package.dsv
[3.134s] -- Installing: /home/arielsulton/ros2_ws/install/launcher/share/ament_index/resource_index/packages/launcher
[3.134s] -- Installing: /home/arielsulton/ros2_ws/install/launcher/share/launcher/cmake/launcherConfig.cmake
[3.141s] -- Installing: /home/arielsulton/ros2_ws/install/launcher/share/launcher/cmake/launcherConfig-version.cmake
[3.142s] -- Installing: /home/arielsulton/ros2_ws/install/launcher/share/launcher/package.xml
[3.142s] Invoked command in '/home/arielsulton/ros2_ws/build/launcher' returned '0': CMAKE_PREFIX_PATH=${CMAKE_PREFIX_PATH}:/home/arielsulton/ros2_ws/install/pkg_python:/home/arielsulton/ros2_ws/install/pkg_cython:/opt/ros/foxy /usr/bin/cmake --install /home/arielsulton/ros2_ws/build/launcher
