[0.334s] DEBUG:colcon:Command line arguments: ['/usr/bin/colcon', 'build']
[0.334s] DEBUG:colcon:Parsed command line arguments: Namespace(allow_overriding=[], ament_cmake_args=None, base_paths=['.'], build_base='build', catkin_cmake_args=None, catkin_skip_building_tests=False, cmake_args=None, cmake_clean_cache=False, cmake_clean_first=False, cmake_force_configure=False, cmake_target=None, cmake_target_skip_unavailable=False, continue_on_error=False, event_handlers=None, executor='parallel', ignore_user_meta=False, install_base='install', log_base=None, log_level=None, main=<bound method BuildVerb.main of <colcon_core.verb.build.BuildVerb object at 0x7fe8a638caf0>>, merge_install=False, metas=['./colcon.meta'], mixin=None, mixin_files=None, mixin_verb=('build',), packages_above=None, packages_above_and_dependencies=None, packages_above_depth=None, packages_end=None, packages_ignore=None, packages_ignore_regex=None, packages_select=None, packages_select_build_failed=False, packages_select_by_dep=None, packages_select_regex=None, packages_select_test_failures=False, packages_skip=None, packages_skip_build_finished=False, packages_skip_by_dep=None, packages_skip_regex=None, packages_skip_test_passed=False, packages_skip_up_to=None, packages_start=None, packages_up_to=None, packages_up_to_regex=None, parallel_workers=8, paths=None, symlink_install=False, test_result_base=None, verb_extension=<colcon_core.verb.build.BuildVerb object at 0x7fe8a638caf0>, verb_name='build', verb_parser=<colcon_mixin.mixin.mixin_argument.MixinArgumentDecorator object at 0x7fe8a62de4c0>)
[0.381s] Level 1:colcon.colcon_core.package_discovery:discover_packages(colcon_meta) check parameters
[0.381s] Level 1:colcon.colcon_core.package_discovery:discover_packages(recursive) check parameters
[0.381s] Level 1:colcon.colcon_core.package_discovery:discover_packages(ignore) check parameters
[0.381s] Level 1:colcon.colcon_core.package_discovery:discover_packages(path) check parameters
[0.381s] Level 1:colcon.colcon_core.package_discovery:discover_packages(colcon_meta) discover
[0.381s] Level 1:colcon.colcon_core.package_discovery:discover_packages(recursive) discover
[0.381s] INFO:colcon.colcon_core.package_discovery:Crawling recursively for packages in '/home/arielsulton/ros2_ws'
[0.381s] Level 1:colcon.colcon_core.package_identification:_identify(.) by extensions ['ignore', 'ignore_ament_install']
[0.381s] Level 1:colcon.colcon_core.package_identification:_identify(.) by extension 'ignore'
[0.381s] Level 1:colcon.colcon_core.package_identification:_identify(.) by extension 'ignore_ament_install'
[0.381s] Level 1:colcon.colcon_core.package_identification:_identify(.) by extensions ['colcon_pkg']
[0.381s] Level 1:colcon.colcon_core.package_identification:_identify(.) by extension 'colcon_pkg'
[0.381s] Level 1:colcon.colcon_core.package_identification:_identify(.) by extensions ['colcon_meta']
[0.381s] Level 1:colcon.colcon_core.package_identification:_identify(.) by extension 'colcon_meta'
[0.381s] Level 1:colcon.colcon_core.package_identification:_identify(.) by extensions ['ros']
[0.381s] Level 1:colcon.colcon_core.package_identification:_identify(.) by extension 'ros'
[0.396s] Level 1:colcon.colcon_core.package_identification:_identify(.) by extensions ['cmake', 'python']
[0.396s] Level 1:colcon.colcon_core.package_identification:_identify(.) by extension 'cmake'
[0.396s] Level 1:colcon.colcon_core.package_identification:_identify(.) by extension 'python'
[0.396s] Level 1:colcon.colcon_core.package_identification:_identify(.) by extensions ['python_setup_py']
[0.396s] Level 1:colcon.colcon_core.package_identification:_identify(.) by extension 'python_setup_py'
[0.397s] Level 1:colcon.colcon_core.package_identification:_identify(build) by extensions ['ignore', 'ignore_ament_install']
[0.397s] Level 1:colcon.colcon_core.package_identification:_identify(build) by extension 'ignore'
[0.397s] Level 1:colcon.colcon_core.package_identification:_identify(build) ignored
[0.397s] Level 1:colcon.colcon_core.package_identification:_identify(install) by extensions ['ignore', 'ignore_ament_install']
[0.397s] Level 1:colcon.colcon_core.package_identification:_identify(install) by extension 'ignore'
[0.397s] Level 1:colcon.colcon_core.package_identification:_identify(install) ignored
[0.397s] Level 1:colcon.colcon_core.package_identification:_identify(log) by extensions ['ignore', 'ignore_ament_install']
[0.397s] Level 1:colcon.colcon_core.package_identification:_identify(log) by extension 'ignore'
[0.397s] Level 1:colcon.colcon_core.package_identification:_identify(log) ignored
[0.397s] Level 1:colcon.colcon_core.package_identification:_identify(src) by extensions ['ignore', 'ignore_ament_install']
[0.397s] Level 1:colcon.colcon_core.package_identification:_identify(src) by extension 'ignore'
[0.397s] Level 1:colcon.colcon_core.package_identification:_identify(src) by extension 'ignore_ament_install'
[0.397s] Level 1:colcon.colcon_core.package_identification:_identify(src) by extensions ['colcon_pkg']
[0.397s] Level 1:colcon.colcon_core.package_identification:_identify(src) by extension 'colcon_pkg'
[0.398s] Level 1:colcon.colcon_core.package_identification:_identify(src) by extensions ['colcon_meta']
[0.398s] Level 1:colcon.colcon_core.package_identification:_identify(src) by extension 'colcon_meta'
[0.398s] Level 1:colcon.colcon_core.package_identification:_identify(src) by extensions ['ros']
[0.398s] Level 1:colcon.colcon_core.package_identification:_identify(src) by extension 'ros'
[0.398s] Level 1:colcon.colcon_core.package_identification:_identify(src) by extensions ['cmake', 'python']
[0.398s] Level 1:colcon.colcon_core.package_identification:_identify(src) by extension 'cmake'
[0.398s] Level 1:colcon.colcon_core.package_identification:_identify(src) by extension 'python'
[0.398s] Level 1:colcon.colcon_core.package_identification:_identify(src) by extensions ['python_setup_py']
[0.398s] Level 1:colcon.colcon_core.package_identification:_identify(src) by extension 'python_setup_py'
[0.398s] Level 1:colcon.colcon_core.package_identification:_identify(src/launcher) by extensions ['ignore', 'ignore_ament_install']
[0.398s] Level 1:colcon.colcon_core.package_identification:_identify(src/launcher) by extension 'ignore'
[0.398s] Level 1:colcon.colcon_core.package_identification:_identify(src/launcher) by extension 'ignore_ament_install'
[0.398s] Level 1:colcon.colcon_core.package_identification:_identify(src/launcher) by extensions ['colcon_pkg']
[0.398s] Level 1:colcon.colcon_core.package_identification:_identify(src/launcher) by extension 'colcon_pkg'
[0.398s] Level 1:colcon.colcon_core.package_identification:_identify(src/launcher) by extensions ['colcon_meta']
[0.398s] Level 1:colcon.colcon_core.package_identification:_identify(src/launcher) by extension 'colcon_meta'
[0.398s] Level 1:colcon.colcon_core.package_identification:_identify(src/launcher) by extensions ['ros']
[0.398s] Level 1:colcon.colcon_core.package_identification:_identify(src/launcher) by extension 'ros'
[0.401s] DEBUG:colcon.colcon_core.package_identification:Package 'src/launcher' with type 'ros.ament_cmake' and name 'launcher'
[0.401s] Level 1:colcon.colcon_core.package_identification:_identify(src/pkg_cpp) by extensions ['ignore', 'ignore_ament_install']
[0.401s] Level 1:colcon.colcon_core.package_identification:_identify(src/pkg_cpp) by extension 'ignore'
[0.401s] Level 1:colcon.colcon_core.package_identification:_identify(src/pkg_cpp) by extension 'ignore_ament_install'
[0.401s] Level 1:colcon.colcon_core.package_identification:_identify(src/pkg_cpp) by extensions ['colcon_pkg']
[0.401s] Level 1:colcon.colcon_core.package_identification:_identify(src/pkg_cpp) by extension 'colcon_pkg'
[0.401s] Level 1:colcon.colcon_core.package_identification:_identify(src/pkg_cpp) by extensions ['colcon_meta']
[0.401s] Level 1:colcon.colcon_core.package_identification:_identify(src/pkg_cpp) by extension 'colcon_meta'
[0.401s] Level 1:colcon.colcon_core.package_identification:_identify(src/pkg_cpp) by extensions ['ros']
[0.401s] Level 1:colcon.colcon_core.package_identification:_identify(src/pkg_cpp) by extension 'ros'
[0.402s] DEBUG:colcon.colcon_core.package_identification:Package 'src/pkg_cpp' with type 'ros.ament_cmake' and name 'pkg_cpp'
[0.402s] Level 1:colcon.colcon_core.package_identification:_identify(src/pkg_cython) by extensions ['ignore', 'ignore_ament_install']
[0.402s] Level 1:colcon.colcon_core.package_identification:_identify(src/pkg_cython) by extension 'ignore'
[0.402s] Level 1:colcon.colcon_core.package_identification:_identify(src/pkg_cython) by extension 'ignore_ament_install'
[0.402s] Level 1:colcon.colcon_core.package_identification:_identify(src/pkg_cython) by extensions ['colcon_pkg']
[0.402s] Level 1:colcon.colcon_core.package_identification:_identify(src/pkg_cython) by extension 'colcon_pkg'
[0.402s] Level 1:colcon.colcon_core.package_identification:_identify(src/pkg_cython) by extensions ['colcon_meta']
[0.402s] Level 1:colcon.colcon_core.package_identification:_identify(src/pkg_cython) by extension 'colcon_meta'
[0.402s] Level 1:colcon.colcon_core.package_identification:_identify(src/pkg_cython) by extensions ['ros']
[0.402s] Level 1:colcon.colcon_core.package_identification:_identify(src/pkg_cython) by extension 'ros'
[0.403s] DEBUG:colcon.colcon_core.package_identification:Package 'src/pkg_cython' with type 'ros.ament_python' and name 'pkg_cython'
[0.403s] Level 1:colcon.colcon_core.package_identification:_identify(src/pkg_python) by extensions ['ignore', 'ignore_ament_install']
[0.403s] Level 1:colcon.colcon_core.package_identification:_identify(src/pkg_python) by extension 'ignore'
[0.403s] Level 1:colcon.colcon_core.package_identification:_identify(src/pkg_python) by extension 'ignore_ament_install'
[0.403s] Level 1:colcon.colcon_core.package_identification:_identify(src/pkg_python) by extensions ['colcon_pkg']
[0.403s] Level 1:colcon.colcon_core.package_identification:_identify(src/pkg_python) by extension 'colcon_pkg'
[0.403s] Level 1:colcon.colcon_core.package_identification:_identify(src/pkg_python) by extensions ['colcon_meta']
[0.403s] Level 1:colcon.colcon_core.package_identification:_identify(src/pkg_python) by extension 'colcon_meta'
[0.403s] Level 1:colcon.colcon_core.package_identification:_identify(src/pkg_python) by extensions ['ros']
[0.403s] Level 1:colcon.colcon_core.package_identification:_identify(src/pkg_python) by extension 'ros'
[0.404s] DEBUG:colcon.colcon_core.package_identification:Package 'src/pkg_python' with type 'ros.ament_python' and name 'pkg_python'
[0.404s] Level 1:colcon.colcon_core.package_identification:_identify(src/pkg_yaml) by extensions ['ignore', 'ignore_ament_install']
[0.404s] Level 1:colcon.colcon_core.package_identification:_identify(src/pkg_yaml) by extension 'ignore'
[0.404s] Level 1:colcon.colcon_core.package_identification:_identify(src/pkg_yaml) by extension 'ignore_ament_install'
[0.404s] Level 1:colcon.colcon_core.package_identification:_identify(src/pkg_yaml) by extensions ['colcon_pkg']
[0.404s] Level 1:colcon.colcon_core.package_identification:_identify(src/pkg_yaml) by extension 'colcon_pkg'
[0.404s] Level 1:colcon.colcon_core.package_identification:_identify(src/pkg_yaml) by extensions ['colcon_meta']
[0.404s] Level 1:colcon.colcon_core.package_identification:_identify(src/pkg_yaml) by extension 'colcon_meta'
[0.404s] Level 1:colcon.colcon_core.package_identification:_identify(src/pkg_yaml) by extensions ['ros']
[0.404s] Level 1:colcon.colcon_core.package_identification:_identify(src/pkg_yaml) by extension 'ros'
[0.405s] DEBUG:colcon.colcon_core.package_identification:Package 'src/pkg_yaml' with type 'ros.ament_cmake' and name 'pkg_yaml'
[0.405s] Level 1:colcon.colcon_core.package_discovery:discover_packages(recursive) using defaults
[0.405s] Level 1:colcon.colcon_core.package_discovery:discover_packages(ignore) discover
[0.405s] Level 1:colcon.colcon_core.package_discovery:discover_packages(ignore) using defaults
[0.405s] Level 1:colcon.colcon_core.package_discovery:discover_packages(path) discover
[0.405s] Level 1:colcon.colcon_core.package_discovery:discover_packages(path) using defaults
[0.425s] Level 1:colcon.colcon_core.package_discovery:discover_packages(prefix_path) check parameters
[0.425s] Level 1:colcon.colcon_core.package_discovery:discover_packages(prefix_path) discover
[0.427s] DEBUG:colcon.colcon_installed_package_information.package_discovery:Found 5 installed packages in /home/arielsulton/ros2_ws/install
[0.429s] DEBUG:colcon.colcon_installed_package_information.package_discovery:Found 256 installed packages in /opt/ros/foxy
[0.430s] Level 1:colcon.colcon_core.package_discovery:discover_packages(prefix_path) using defaults
[0.496s] Level 5:colcon.colcon_core.verb:set package 'launcher' build argument 'cmake_args' from command line to 'None'
[0.496s] Level 5:colcon.colcon_core.verb:set package 'launcher' build argument 'cmake_target' from command line to 'None'
[0.496s] Level 5:colcon.colcon_core.verb:set package 'launcher' build argument 'cmake_target_skip_unavailable' from command line to 'False'
[0.496s] Level 5:colcon.colcon_core.verb:set package 'launcher' build argument 'cmake_clean_cache' from command line to 'False'
[0.496s] Level 5:colcon.colcon_core.verb:set package 'launcher' build argument 'cmake_clean_first' from command line to 'False'
[0.496s] Level 5:colcon.colcon_core.verb:set package 'launcher' build argument 'cmake_force_configure' from command line to 'False'
[0.496s] Level 5:colcon.colcon_core.verb:set package 'launcher' build argument 'ament_cmake_args' from command line to 'None'
[0.496s] Level 5:colcon.colcon_core.verb:set package 'launcher' build argument 'catkin_cmake_args' from command line to 'None'
[0.496s] Level 5:colcon.colcon_core.verb:set package 'launcher' build argument 'catkin_skip_building_tests' from command line to 'False'
[0.496s] DEBUG:colcon.colcon_core.verb:Building package 'launcher' with the following arguments: {'ament_cmake_args': None, 'build_base': '/home/arielsulton/ros2_ws/build/launcher', 'catkin_cmake_args': None, 'catkin_skip_building_tests': False, 'cmake_args': None, 'cmake_clean_cache': False, 'cmake_clean_first': False, 'cmake_force_configure': False, 'cmake_target': None, 'cmake_target_skip_unavailable': False, 'install_base': '/home/arielsulton/ros2_ws/install/launcher', 'merge_install': False, 'path': '/home/arielsulton/ros2_ws/src/launcher', 'symlink_install': False, 'test_result_base': None}
[0.496s] Level 5:colcon.colcon_core.verb:set package 'pkg_cpp' build argument 'cmake_args' from command line to 'None'
[0.496s] Level 5:colcon.colcon_core.verb:set package 'pkg_cpp' build argument 'cmake_target' from command line to 'None'
[0.496s] Level 5:colcon.colcon_core.verb:set package 'pkg_cpp' build argument 'cmake_target_skip_unavailable' from command line to 'False'
[0.497s] Level 5:colcon.colcon_core.verb:set package 'pkg_cpp' build argument 'cmake_clean_cache' from command line to 'False'
[0.497s] Level 5:colcon.colcon_core.verb:set package 'pkg_cpp' build argument 'cmake_clean_first' from command line to 'False'
[0.497s] Level 5:colcon.colcon_core.verb:set package 'pkg_cpp' build argument 'cmake_force_configure' from command line to 'False'
[0.497s] Level 5:colcon.colcon_core.verb:set package 'pkg_cpp' build argument 'ament_cmake_args' from command line to 'None'
[0.497s] Level 5:colcon.colcon_core.verb:set package 'pkg_cpp' build argument 'catkin_cmake_args' from command line to 'None'
[0.497s] Level 5:colcon.colcon_core.verb:set package 'pkg_cpp' build argument 'catkin_skip_building_tests' from command line to 'False'
[0.497s] DEBUG:colcon.colcon_core.verb:Building package 'pkg_cpp' with the following arguments: {'ament_cmake_args': None, 'build_base': '/home/arielsulton/ros2_ws/build/pkg_cpp', 'catkin_cmake_args': None, 'catkin_skip_building_tests': False, 'cmake_args': None, 'cmake_clean_cache': False, 'cmake_clean_first': False, 'cmake_force_configure': False, 'cmake_target': None, 'cmake_target_skip_unavailable': False, 'install_base': '/home/arielsulton/ros2_ws/install/pkg_cpp', 'merge_install': False, 'path': '/home/arielsulton/ros2_ws/src/pkg_cpp', 'symlink_install': False, 'test_result_base': None}
[0.497s] Level 5:colcon.colcon_core.verb:set package 'pkg_cython' build argument 'cmake_args' from command line to 'None'
[0.497s] Level 5:colcon.colcon_core.verb:set package 'pkg_cython' build argument 'cmake_target' from command line to 'None'
[0.497s] Level 5:colcon.colcon_core.verb:set package 'pkg_cython' build argument 'cmake_target_skip_unavailable' from command line to 'False'
[0.497s] Level 5:colcon.colcon_core.verb:set package 'pkg_cython' build argument 'cmake_clean_cache' from command line to 'False'
[0.497s] Level 5:colcon.colcon_core.verb:set package 'pkg_cython' build argument 'cmake_clean_first' from command line to 'False'
[0.497s] Level 5:colcon.colcon_core.verb:set package 'pkg_cython' build argument 'cmake_force_configure' from command line to 'False'
[0.497s] Level 5:colcon.colcon_core.verb:set package 'pkg_cython' build argument 'ament_cmake_args' from command line to 'None'
[0.497s] Level 5:colcon.colcon_core.verb:set package 'pkg_cython' build argument 'catkin_cmake_args' from command line to 'None'
[0.497s] Level 5:colcon.colcon_core.verb:set package 'pkg_cython' build argument 'catkin_skip_building_tests' from command line to 'False'
[0.497s] DEBUG:colcon.colcon_core.verb:Building package 'pkg_cython' with the following arguments: {'ament_cmake_args': None, 'build_base': '/home/arielsulton/ros2_ws/build/pkg_cython', 'catkin_cmake_args': None, 'catkin_skip_building_tests': False, 'cmake_args': None, 'cmake_clean_cache': False, 'cmake_clean_first': False, 'cmake_force_configure': False, 'cmake_target': None, 'cmake_target_skip_unavailable': False, 'install_base': '/home/arielsulton/ros2_ws/install/pkg_cython', 'merge_install': False, 'path': '/home/arielsulton/ros2_ws/src/pkg_cython', 'symlink_install': False, 'test_result_base': None}
[0.498s] Level 5:colcon.colcon_core.verb:set package 'pkg_python' build argument 'cmake_args' from command line to 'None'
[0.498s] Level 5:colcon.colcon_core.verb:set package 'pkg_python' build argument 'cmake_target' from command line to 'None'
[0.498s] Level 5:colcon.colcon_core.verb:set package 'pkg_python' build argument 'cmake_target_skip_unavailable' from command line to 'False'
[0.498s] Level 5:colcon.colcon_core.verb:set package 'pkg_python' build argument 'cmake_clean_cache' from command line to 'False'
[0.498s] Level 5:colcon.colcon_core.verb:set package 'pkg_python' build argument 'cmake_clean_first' from command line to 'False'
[0.498s] Level 5:colcon.colcon_core.verb:set package 'pkg_python' build argument 'cmake_force_configure' from command line to 'False'
[0.498s] Level 5:colcon.colcon_core.verb:set package 'pkg_python' build argument 'ament_cmake_args' from command line to 'None'
[0.498s] Level 5:colcon.colcon_core.verb:set package 'pkg_python' build argument 'catkin_cmake_args' from command line to 'None'
[0.498s] Level 5:colcon.colcon_core.verb:set package 'pkg_python' build argument 'catkin_skip_building_tests' from command line to 'False'
[0.498s] DEBUG:colcon.colcon_core.verb:Building package 'pkg_python' with the following arguments: {'ament_cmake_args': None, 'build_base': '/home/arielsulton/ros2_ws/build/pkg_python', 'catkin_cmake_args': None, 'catkin_skip_building_tests': False, 'cmake_args': None, 'cmake_clean_cache': False, 'cmake_clean_first': False, 'cmake_force_configure': False, 'cmake_target': None, 'cmake_target_skip_unavailable': False, 'install_base': '/home/arielsulton/ros2_ws/install/pkg_python', 'merge_install': False, 'path': '/home/arielsulton/ros2_ws/src/pkg_python', 'symlink_install': False, 'test_result_base': None}
[0.498s] Level 5:colcon.colcon_core.verb:set package 'pkg_yaml' build argument 'cmake_args' from command line to 'None'
[0.498s] Level 5:colcon.colcon_core.verb:set package 'pkg_yaml' build argument 'cmake_target' from command line to 'None'
[0.498s] Level 5:colcon.colcon_core.verb:set package 'pkg_yaml' build argument 'cmake_target_skip_unavailable' from command line to 'False'
[0.498s] Level 5:colcon.colcon_core.verb:set package 'pkg_yaml' build argument 'cmake_clean_cache' from command line to 'False'
[0.498s] Level 5:colcon.colcon_core.verb:set package 'pkg_yaml' build argument 'cmake_clean_first' from command line to 'False'
[0.498s] Level 5:colcon.colcon_core.verb:set package 'pkg_yaml' build argument 'cmake_force_configure' from command line to 'False'
[0.498s] Level 5:colcon.colcon_core.verb:set package 'pkg_yaml' build argument 'ament_cmake_args' from command line to 'None'
[0.498s] Level 5:colcon.colcon_core.verb:set package 'pkg_yaml' build argument 'catkin_cmake_args' from command line to 'None'
[0.498s] Level 5:colcon.colcon_core.verb:set package 'pkg_yaml' build argument 'catkin_skip_building_tests' from command line to 'False'
[0.498s] DEBUG:colcon.colcon_core.verb:Building package 'pkg_yaml' with the following arguments: {'ament_cmake_args': None, 'build_base': '/home/arielsulton/ros2_ws/build/pkg_yaml', 'catkin_cmake_args': None, 'catkin_skip_building_tests': False, 'cmake_args': None, 'cmake_clean_cache': False, 'cmake_clean_first': False, 'cmake_force_configure': False, 'cmake_target': None, 'cmake_target_skip_unavailable': False, 'install_base': '/home/arielsulton/ros2_ws/install/pkg_yaml', 'merge_install': False, 'path': '/home/arielsulton/ros2_ws/src/pkg_yaml', 'symlink_install': False, 'test_result_base': None}
[0.499s] INFO:colcon.colcon_core.executor:Executing jobs using 'parallel' executor
[0.500s] DEBUG:colcon.colcon_parallel_executor.executor.parallel:run_until_complete
[0.500s] INFO:colcon.colcon_ros.task.ament_cmake.build:Building ROS package in '/home/arielsulton/ros2_ws/src/launcher' with build type 'ament_cmake'
[0.500s] INFO:colcon.colcon_cmake.task.cmake.build:Building CMake package in '/home/arielsulton/ros2_ws/src/launcher'
[0.502s] INFO:colcon.colcon_core.plugin_system:Skipping extension 'colcon_core.shell.bat': Not used on non-Windows systems
[0.502s] INFO:colcon.colcon_core.shell:Skip shell extension 'powershell' for command environment: Not usable outside of PowerShell
[0.502s] DEBUG:colcon.colcon_core.shell:Skip shell extension 'dsv' for command environment
[0.507s] INFO:colcon.colcon_ros.task.ament_cmake.build:Building ROS package in '/home/arielsulton/ros2_ws/src/pkg_cpp' with build type 'ament_cmake'
[0.507s] INFO:colcon.colcon_cmake.task.cmake.build:Building CMake package in '/home/arielsulton/ros2_ws/src/pkg_cpp'
[0.508s] INFO:colcon.colcon_core.shell:Skip shell extension 'powershell' for command environment: Not usable outside of PowerShell
[0.508s] DEBUG:colcon.colcon_core.shell:Skip shell extension 'dsv' for command environment
[0.514s] INFO:colcon.colcon_ros.task.ament_python.build:Building ROS package in '/home/arielsulton/ros2_ws/src/pkg_cython' with build type 'ament_python'
[0.514s] Level 1:colcon.colcon_core.shell:create_environment_hook('pkg_cython', 'ament_prefix_path')
[0.515s] INFO:colcon.colcon_core.shell:Creating environment hook '/home/arielsulton/ros2_ws/install/pkg_cython/share/pkg_cython/hook/ament_prefix_path.ps1'
[0.516s] INFO:colcon.colcon_core.shell:Creating environment descriptor '/home/arielsulton/ros2_ws/install/pkg_cython/share/pkg_cython/hook/ament_prefix_path.dsv'
[0.517s] INFO:colcon.colcon_core.shell:Creating environment hook '/home/arielsulton/ros2_ws/install/pkg_cython/share/pkg_cython/hook/ament_prefix_path.sh'
[0.518s] INFO:colcon.colcon_core.shell:Skip shell extension 'powershell' for command environment: Not usable outside of PowerShell
[0.518s] DEBUG:colcon.colcon_core.shell:Skip shell extension 'dsv' for command environment
[0.523s] INFO:colcon.colcon_ros.task.ament_python.build:Building ROS package in '/home/arielsulton/ros2_ws/src/pkg_python' with build type 'ament_python'
[0.524s] Level 1:colcon.colcon_core.shell:create_environment_hook('pkg_python', 'ament_prefix_path')
[0.524s] INFO:colcon.colcon_core.shell:Creating environment hook '/home/arielsulton/ros2_ws/install/pkg_python/share/pkg_python/hook/ament_prefix_path.ps1'
[0.525s] INFO:colcon.colcon_core.shell:Creating environment descriptor '/home/arielsulton/ros2_ws/install/pkg_python/share/pkg_python/hook/ament_prefix_path.dsv'
[0.526s] INFO:colcon.colcon_core.shell:Creating environment hook '/home/arielsulton/ros2_ws/install/pkg_python/share/pkg_python/hook/ament_prefix_path.sh'
[0.526s] INFO:colcon.colcon_core.shell:Skip shell extension 'powershell' for command environment: Not usable outside of PowerShell
[0.526s] DEBUG:colcon.colcon_core.shell:Skip shell extension 'dsv' for command environment
[0.532s] INFO:colcon.colcon_ros.task.ament_cmake.build:Building ROS package in '/home/arielsulton/ros2_ws/src/pkg_yaml' with build type 'ament_cmake'
[0.533s] INFO:colcon.colcon_cmake.task.cmake.build:Building CMake package in '/home/arielsulton/ros2_ws/src/pkg_yaml'
[0.534s] INFO:colcon.colcon_core.shell:Skip shell extension 'powershell' for command environment: Not usable outside of PowerShell
[0.534s] DEBUG:colcon.colcon_core.shell:Skip shell extension 'dsv' for command environment
[0.550s] DEBUG:colcon.colcon_core.event_handler.log_command:Invoking command in '/home/arielsulton/ros2_ws/build/launcher': CMAKE_PREFIX_PATH=${CMAKE_PREFIX_PATH}:/home/arielsulton/ros2_ws/install/pkg_python:/home/arielsulton/ros2_ws/install/pkg_cython:/opt/ros/foxy /usr/bin/cmake --build /home/arielsulton/ros2_ws/build/launcher -- -j8 -l8
[0.559s] DEBUG:colcon.colcon_core.event_handler.log_command:Invoking command in '/home/arielsulton/ros2_ws/build/pkg_cpp': CMAKE_PREFIX_PATH=${CMAKE_PREFIX_PATH}:/home/arielsulton/ros2_ws/install/pkg_python:/home/arielsulton/ros2_ws/install/pkg_cython:/opt/ros/foxy /usr/bin/cmake --build /home/arielsulton/ros2_ws/build/pkg_cpp -- -j8 -l8
[1.454s] INFO:colcon.colcon_core.task.python.build:Building Python package in '/home/arielsulton/ros2_ws/src/pkg_cython'
[1.455s] INFO:colcon.colcon_core.shell:Skip shell extension 'powershell' for command environment: Not usable outside of PowerShell
[1.455s] DEBUG:colcon.colcon_core.shell:Skip shell extension 'dsv' for command environment
[1.856s] INFO:colcon.colcon_core.task.python.build:Building Python package in '/home/arielsulton/ros2_ws/src/pkg_python'
[1.857s] INFO:colcon.colcon_core.shell:Skip shell extension 'powershell' for command environment: Not usable outside of PowerShell
[1.857s] DEBUG:colcon.colcon_core.shell:Skip shell extension 'dsv' for command environment
[1.868s] DEBUG:colcon.colcon_core.event_handler.log_command:Invoking command in '/home/arielsulton/ros2_ws/build/pkg_yaml': CMAKE_PREFIX_PATH=${CMAKE_PREFIX_PATH}:/home/arielsulton/ros2_ws/install/pkg_python:/home/arielsulton/ros2_ws/install/pkg_cython:/opt/ros/foxy /usr/bin/cmake --build /home/arielsulton/ros2_ws/build/pkg_yaml -- -j8 -l8
[1.874s] DEBUG:colcon.colcon_core.event_handler.log_command:Invoked command in '/home/arielsulton/ros2_ws/build/launcher' returned '0': CMAKE_PREFIX_PATH=${CMAKE_PREFIX_PATH}:/home/arielsulton/ros2_ws/install/pkg_python:/home/arielsulton/ros2_ws/install/pkg_cython:/opt/ros/foxy /usr/bin/cmake --build /home/arielsulton/ros2_ws/build/launcher -- -j8 -l8
[1.890s] DEBUG:colcon.colcon_core.event_handler.log_command:Invoking command in '/home/arielsulton/ros2_ws/build/launcher': CMAKE_PREFIX_PATH=${CMAKE_PREFIX_PATH}:/home/arielsulton/ros2_ws/install/pkg_python:/home/arielsulton/ros2_ws/install/pkg_cython:/opt/ros/foxy /usr/bin/cmake --install /home/arielsulton/ros2_ws/build/launcher
[1.892s] DEBUG:colcon.colcon_core.event_handler.log_command:Invoked command in '/home/arielsulton/ros2_ws/build/pkg_cpp' returned '0': CMAKE_PREFIX_PATH=${CMAKE_PREFIX_PATH}:/home/arielsulton/ros2_ws/install/pkg_python:/home/arielsulton/ros2_ws/install/pkg_cython:/opt/ros/foxy /usr/bin/cmake --build /home/arielsulton/ros2_ws/build/pkg_cpp -- -j8 -l8
[1.896s] DEBUG:colcon.colcon_core.event_handler.log_command:Invoking command in '/home/arielsulton/ros2_ws/build/pkg_cpp': CMAKE_PREFIX_PATH=${CMAKE_PREFIX_PATH}:/home/arielsulton/ros2_ws/install/pkg_python:/home/arielsulton/ros2_ws/install/pkg_cython:/opt/ros/foxy /usr/bin/cmake --install /home/arielsulton/ros2_ws/build/pkg_cpp
[1.921s] Level 1:colcon.colcon_core.environment:create_environment_scripts_only(launcher)
[1.923s] DEBUG:colcon.colcon_core.event_handler.log_command:Invoked command in '/home/arielsulton/ros2_ws/build/launcher' returned '0': CMAKE_PREFIX_PATH=${CMAKE_PREFIX_PATH}:/home/arielsulton/ros2_ws/install/pkg_python:/home/arielsulton/ros2_ws/install/pkg_cython:/opt/ros/foxy /usr/bin/cmake --install /home/arielsulton/ros2_ws/build/launcher
[1.927s] Level 1:colcon.colcon_core.environment:checking '/home/arielsulton/ros2_ws/install/launcher' for CMake module files
[1.928s] Level 1:colcon.colcon_core.environment:checking '/home/arielsulton/ros2_ws/install/launcher' for CMake config files
[1.929s] Level 1:colcon.colcon_core.shell:create_environment_hook('launcher', 'cmake_prefix_path')
[1.929s] INFO:colcon.colcon_core.shell:Creating environment hook '/home/arielsulton/ros2_ws/install/launcher/share/launcher/hook/cmake_prefix_path.ps1'
[1.930s] INFO:colcon.colcon_core.shell:Creating environment descriptor '/home/arielsulton/ros2_ws/install/launcher/share/launcher/hook/cmake_prefix_path.dsv'
[1.931s] INFO:colcon.colcon_core.shell:Creating environment hook '/home/arielsulton/ros2_ws/install/launcher/share/launcher/hook/cmake_prefix_path.sh'
[1.933s] Level 1:colcon.colcon_core.environment:checking '/home/arielsulton/ros2_ws/install/launcher/bin'
[1.933s] Level 1:colcon.colcon_core.environment:checking '/home/arielsulton/ros2_ws/install/launcher/lib/pkgconfig/launcher.pc'
[1.933s] Level 1:colcon.colcon_core.environment:checking '/home/arielsulton/ros2_ws/install/launcher/lib/python3.8/site-packages'
[1.934s] Level 1:colcon.colcon_core.environment:checking '/home/arielsulton/ros2_ws/install/launcher/bin'
[1.934s] INFO:colcon.colcon_core.shell:Creating package script '/home/arielsulton/ros2_ws/install/launcher/share/launcher/package.ps1'
[1.936s] INFO:colcon.colcon_core.shell:Creating package descriptor '/home/arielsulton/ros2_ws/install/launcher/share/launcher/package.dsv'
[1.937s] INFO:colcon.colcon_core.shell:Creating package script '/home/arielsulton/ros2_ws/install/launcher/share/launcher/package.sh'
[1.938s] INFO:colcon.colcon_core.shell:Creating package script '/home/arielsulton/ros2_ws/install/launcher/share/launcher/package.bash'
[1.940s] INFO:colcon.colcon_core.shell:Creating package script '/home/arielsulton/ros2_ws/install/launcher/share/launcher/package.zsh'
[1.941s] Level 1:colcon.colcon_core.environment:create_file_with_runtime_dependencies(/home/arielsulton/ros2_ws/install/launcher/share/colcon-core/packages/launcher)
[1.942s] Level 1:colcon.colcon_core.environment:create_environment_scripts_only(launcher)
[1.943s] Level 1:colcon.colcon_core.environment:checking '/home/arielsulton/ros2_ws/install/launcher' for CMake module files
[1.944s] Level 1:colcon.colcon_core.environment:checking '/home/arielsulton/ros2_ws/install/launcher' for CMake config files
[1.944s] Level 1:colcon.colcon_core.shell:create_environment_hook('launcher', 'cmake_prefix_path')
[1.944s] INFO:colcon.colcon_core.shell:Creating environment hook '/home/arielsulton/ros2_ws/install/launcher/share/launcher/hook/cmake_prefix_path.ps1'
[1.946s] INFO:colcon.colcon_core.shell:Creating environment descriptor '/home/arielsulton/ros2_ws/install/launcher/share/launcher/hook/cmake_prefix_path.dsv'
[1.946s] INFO:colcon.colcon_core.shell:Creating environment hook '/home/arielsulton/ros2_ws/install/launcher/share/launcher/hook/cmake_prefix_path.sh'
[1.947s] Level 1:colcon.colcon_core.environment:checking '/home/arielsulton/ros2_ws/install/launcher/bin'
[1.947s] Level 1:colcon.colcon_core.environment:checking '/home/arielsulton/ros2_ws/install/launcher/lib/pkgconfig/launcher.pc'
[1.948s] Level 1:colcon.colcon_core.environment:checking '/home/arielsulton/ros2_ws/install/launcher/lib/python3.8/site-packages'
[1.948s] Level 1:colcon.colcon_core.environment:checking '/home/arielsulton/ros2_ws/install/launcher/bin'
[1.949s] INFO:colcon.colcon_core.shell:Creating package script '/home/arielsulton/ros2_ws/install/launcher/share/launcher/package.ps1'
[1.950s] INFO:colcon.colcon_core.shell:Creating package descriptor '/home/arielsulton/ros2_ws/install/launcher/share/launcher/package.dsv'
[1.951s] INFO:colcon.colcon_core.shell:Creating package script '/home/arielsulton/ros2_ws/install/launcher/share/launcher/package.sh'
[1.951s] INFO:colcon.colcon_core.shell:Creating package script '/home/arielsulton/ros2_ws/install/launcher/share/launcher/package.bash'
[1.952s] INFO:colcon.colcon_core.shell:Creating package script '/home/arielsulton/ros2_ws/install/launcher/share/launcher/package.zsh'
[1.953s] Level 1:colcon.colcon_core.environment:create_file_with_runtime_dependencies(/home/arielsulton/ros2_ws/install/launcher/share/colcon-core/packages/launcher)
[1.954s] Level 1:colcon.colcon_core.environment:create_environment_scripts_only(pkg_cpp)
[1.954s] Level 1:colcon.colcon_core.environment:checking '/home/arielsulton/ros2_ws/install/pkg_cpp' for CMake module files
[1.956s] DEBUG:colcon.colcon_core.event_handler.log_command:Invoked command in '/home/arielsulton/ros2_ws/build/pkg_cpp' returned '0': CMAKE_PREFIX_PATH=${CMAKE_PREFIX_PATH}:/home/arielsulton/ros2_ws/install/pkg_python:/home/arielsulton/ros2_ws/install/pkg_cython:/opt/ros/foxy /usr/bin/cmake --install /home/arielsulton/ros2_ws/build/pkg_cpp
[1.957s] Level 1:colcon.colcon_core.environment:checking '/home/arielsulton/ros2_ws/install/pkg_cpp' for CMake config files
[1.958s] Level 1:colcon.colcon_core.shell:create_environment_hook('pkg_cpp', 'cmake_prefix_path')
[1.958s] INFO:colcon.colcon_core.shell:Creating environment hook '/home/arielsulton/ros2_ws/install/pkg_cpp/share/pkg_cpp/hook/cmake_prefix_path.ps1'
[1.959s] INFO:colcon.colcon_core.shell:Creating environment descriptor '/home/arielsulton/ros2_ws/install/pkg_cpp/share/pkg_cpp/hook/cmake_prefix_path.dsv'
[1.959s] INFO:colcon.colcon_core.shell:Creating environment hook '/home/arielsulton/ros2_ws/install/pkg_cpp/share/pkg_cpp/hook/cmake_prefix_path.sh'
[1.960s] Level 1:colcon.colcon_core.environment:checking '/home/arielsulton/ros2_ws/install/pkg_cpp/lib'
[1.961s] Level 1:colcon.colcon_core.environment:checking '/home/arielsulton/ros2_ws/install/pkg_cpp/bin'
[1.961s] Level 1:colcon.colcon_core.environment:checking '/home/arielsulton/ros2_ws/install/pkg_cpp/lib/pkgconfig/pkg_cpp.pc'
[1.961s] Level 1:colcon.colcon_core.environment:checking '/home/arielsulton/ros2_ws/install/pkg_cpp/lib/python3.8/site-packages'
[1.962s] Level 1:colcon.colcon_core.environment:checking '/home/arielsulton/ros2_ws/install/pkg_cpp/bin'
[1.962s] INFO:colcon.colcon_core.shell:Creating package script '/home/arielsulton/ros2_ws/install/pkg_cpp/share/pkg_cpp/package.ps1'
[1.963s] INFO:colcon.colcon_core.shell:Creating package descriptor '/home/arielsulton/ros2_ws/install/pkg_cpp/share/pkg_cpp/package.dsv'
[1.964s] INFO:colcon.colcon_core.shell:Creating package script '/home/arielsulton/ros2_ws/install/pkg_cpp/share/pkg_cpp/package.sh'
[1.965s] INFO:colcon.colcon_core.shell:Creating package script '/home/arielsulton/ros2_ws/install/pkg_cpp/share/pkg_cpp/package.bash'
[1.965s] INFO:colcon.colcon_core.shell:Creating package script '/home/arielsulton/ros2_ws/install/pkg_cpp/share/pkg_cpp/package.zsh'
[1.966s] Level 1:colcon.colcon_core.environment:create_file_with_runtime_dependencies(/home/arielsulton/ros2_ws/install/pkg_cpp/share/colcon-core/packages/pkg_cpp)
[1.967s] Level 1:colcon.colcon_core.environment:create_environment_scripts_only(pkg_cpp)
[1.968s] Level 1:colcon.colcon_core.environment:checking '/home/arielsulton/ros2_ws/install/pkg_cpp' for CMake module files
[1.968s] Level 1:colcon.colcon_core.environment:checking '/home/arielsulton/ros2_ws/install/pkg_cpp' for CMake config files
[1.969s] Level 1:colcon.colcon_core.shell:create_environment_hook('pkg_cpp', 'cmake_prefix_path')
[1.970s] INFO:colcon.colcon_core.shell:Creating environment hook '/home/arielsulton/ros2_ws/install/pkg_cpp/share/pkg_cpp/hook/cmake_prefix_path.ps1'
[1.970s] INFO:colcon.colcon_core.shell:Creating environment descriptor '/home/arielsulton/ros2_ws/install/pkg_cpp/share/pkg_cpp/hook/cmake_prefix_path.dsv'
[1.971s] INFO:colcon.colcon_core.shell:Creating environment hook '/home/arielsulton/ros2_ws/install/pkg_cpp/share/pkg_cpp/hook/cmake_prefix_path.sh'
[1.972s] Level 1:colcon.colcon_core.environment:checking '/home/arielsulton/ros2_ws/install/pkg_cpp/lib'
[1.972s] Level 1:colcon.colcon_core.environment:checking '/home/arielsulton/ros2_ws/install/pkg_cpp/bin'
[1.972s] Level 1:colcon.colcon_core.environment:checking '/home/arielsulton/ros2_ws/install/pkg_cpp/lib/pkgconfig/pkg_cpp.pc'
[1.973s] Level 1:colcon.colcon_core.environment:checking '/home/arielsulton/ros2_ws/install/pkg_cpp/lib/python3.8/site-packages'
[1.973s] Level 1:colcon.colcon_core.environment:checking '/home/arielsulton/ros2_ws/install/pkg_cpp/bin'
[1.974s] INFO:colcon.colcon_core.shell:Creating package script '/home/arielsulton/ros2_ws/install/pkg_cpp/share/pkg_cpp/package.ps1'
[1.975s] INFO:colcon.colcon_core.shell:Creating package descriptor '/home/arielsulton/ros2_ws/install/pkg_cpp/share/pkg_cpp/package.dsv'
[1.975s] INFO:colcon.colcon_core.shell:Creating package script '/home/arielsulton/ros2_ws/install/pkg_cpp/share/pkg_cpp/package.sh'
[1.976s] INFO:colcon.colcon_core.shell:Creating package script '/home/arielsulton/ros2_ws/install/pkg_cpp/share/pkg_cpp/package.bash'
[1.977s] INFO:colcon.colcon_core.shell:Creating package script '/home/arielsulton/ros2_ws/install/pkg_cpp/share/pkg_cpp/package.zsh'
[1.978s] Level 1:colcon.colcon_core.environment:create_file_with_runtime_dependencies(/home/arielsulton/ros2_ws/install/pkg_cpp/share/colcon-core/packages/pkg_cpp)
[1.980s] DEBUG:colcon.colcon_core.event_handler.log_command:Invoked command in '/home/arielsulton/ros2_ws/build/pkg_yaml' returned '0': CMAKE_PREFIX_PATH=${CMAKE_PREFIX_PATH}:/home/arielsulton/ros2_ws/install/pkg_python:/home/arielsulton/ros2_ws/install/pkg_cython:/opt/ros/foxy /usr/bin/cmake --build /home/arielsulton/ros2_ws/build/pkg_yaml -- -j8 -l8
[1.984s] DEBUG:colcon.colcon_core.event_handler.log_command:Invoking command in '/home/arielsulton/ros2_ws/build/pkg_yaml': CMAKE_PREFIX_PATH=${CMAKE_PREFIX_PATH}:/home/arielsulton/ros2_ws/install/pkg_python:/home/arielsulton/ros2_ws/install/pkg_cython:/opt/ros/foxy /usr/bin/cmake --install /home/arielsulton/ros2_ws/build/pkg_yaml
[2.000s] Level 1:colcon.colcon_core.environment:create_environment_scripts_only(pkg_yaml)
[2.000s] Level 1:colcon.colcon_core.environment:checking '/home/arielsulton/ros2_ws/install/pkg_yaml' for CMake module files
[2.001s] DEBUG:colcon.colcon_core.event_handler.log_command:Invoked command in '/home/arielsulton/ros2_ws/build/pkg_yaml' returned '0': CMAKE_PREFIX_PATH=${CMAKE_PREFIX_PATH}:/home/arielsulton/ros2_ws/install/pkg_python:/home/arielsulton/ros2_ws/install/pkg_cython:/opt/ros/foxy /usr/bin/cmake --install /home/arielsulton/ros2_ws/build/pkg_yaml
[2.002s] Level 1:colcon.colcon_core.environment:checking '/home/arielsulton/ros2_ws/install/pkg_yaml' for CMake config files
[2.003s] Level 1:colcon.colcon_core.shell:create_environment_hook('pkg_yaml', 'cmake_prefix_path')
[2.003s] INFO:colcon.colcon_core.shell:Creating environment hook '/home/arielsulton/ros2_ws/install/pkg_yaml/share/pkg_yaml/hook/cmake_prefix_path.ps1'
[2.004s] INFO:colcon.colcon_core.shell:Creating environment descriptor '/home/arielsulton/ros2_ws/install/pkg_yaml/share/pkg_yaml/hook/cmake_prefix_path.dsv'
[2.005s] INFO:colcon.colcon_core.shell:Creating environment hook '/home/arielsulton/ros2_ws/install/pkg_yaml/share/pkg_yaml/hook/cmake_prefix_path.sh'
[2.006s] Level 1:colcon.colcon_core.environment:checking '/home/arielsulton/ros2_ws/install/pkg_yaml/lib'
[2.006s] Level 1:colcon.colcon_core.environment:checking '/home/arielsulton/ros2_ws/install/pkg_yaml/bin'
[2.006s] Level 1:colcon.colcon_core.environment:checking '/home/arielsulton/ros2_ws/install/pkg_yaml/lib/pkgconfig/pkg_yaml.pc'
[2.007s] Level 1:colcon.colcon_core.environment:checking '/home/arielsulton/ros2_ws/install/pkg_yaml/lib/python3.8/site-packages'
[2.007s] Level 1:colcon.colcon_core.environment:checking '/home/arielsulton/ros2_ws/install/pkg_yaml/bin'
[2.007s] INFO:colcon.colcon_core.shell:Creating package script '/home/arielsulton/ros2_ws/install/pkg_yaml/share/pkg_yaml/package.ps1'
[2.008s] INFO:colcon.colcon_core.shell:Creating package descriptor '/home/arielsulton/ros2_ws/install/pkg_yaml/share/pkg_yaml/package.dsv'
[2.009s] INFO:colcon.colcon_core.shell:Creating package script '/home/arielsulton/ros2_ws/install/pkg_yaml/share/pkg_yaml/package.sh'
[2.010s] INFO:colcon.colcon_core.shell:Creating package script '/home/arielsulton/ros2_ws/install/pkg_yaml/share/pkg_yaml/package.bash'
[2.010s] INFO:colcon.colcon_core.shell:Creating package script '/home/arielsulton/ros2_ws/install/pkg_yaml/share/pkg_yaml/package.zsh'
[2.011s] Level 1:colcon.colcon_core.environment:create_file_with_runtime_dependencies(/home/arielsulton/ros2_ws/install/pkg_yaml/share/colcon-core/packages/pkg_yaml)
[2.012s] Level 1:colcon.colcon_core.environment:create_environment_scripts_only(pkg_yaml)
[2.012s] Level 1:colcon.colcon_core.environment:checking '/home/arielsulton/ros2_ws/install/pkg_yaml' for CMake module files
[2.013s] Level 1:colcon.colcon_core.environment:checking '/home/arielsulton/ros2_ws/install/pkg_yaml' for CMake config files
[2.013s] Level 1:colcon.colcon_core.shell:create_environment_hook('pkg_yaml', 'cmake_prefix_path')
[2.013s] INFO:colcon.colcon_core.shell:Creating environment hook '/home/arielsulton/ros2_ws/install/pkg_yaml/share/pkg_yaml/hook/cmake_prefix_path.ps1'
[2.014s] INFO:colcon.colcon_core.shell:Creating environment descriptor '/home/arielsulton/ros2_ws/install/pkg_yaml/share/pkg_yaml/hook/cmake_prefix_path.dsv'
[2.015s] INFO:colcon.colcon_core.shell:Creating environment hook '/home/arielsulton/ros2_ws/install/pkg_yaml/share/pkg_yaml/hook/cmake_prefix_path.sh'
[2.015s] Level 1:colcon.colcon_core.environment:checking '/home/arielsulton/ros2_ws/install/pkg_yaml/lib'
[2.016s] Level 1:colcon.colcon_core.environment:checking '/home/arielsulton/ros2_ws/install/pkg_yaml/bin'
[2.016s] Level 1:colcon.colcon_core.environment:checking '/home/arielsulton/ros2_ws/install/pkg_yaml/lib/pkgconfig/pkg_yaml.pc'
[2.016s] Level 1:colcon.colcon_core.environment:checking '/home/arielsulton/ros2_ws/install/pkg_yaml/lib/python3.8/site-packages'
[2.016s] Level 1:colcon.colcon_core.environment:checking '/home/arielsulton/ros2_ws/install/pkg_yaml/bin'
[2.017s] INFO:colcon.colcon_core.shell:Creating package script '/home/arielsulton/ros2_ws/install/pkg_yaml/share/pkg_yaml/package.ps1'
[2.018s] INFO:colcon.colcon_core.shell:Creating package descriptor '/home/arielsulton/ros2_ws/install/pkg_yaml/share/pkg_yaml/package.dsv'
[2.018s] INFO:colcon.colcon_core.shell:Creating package script '/home/arielsulton/ros2_ws/install/pkg_yaml/share/pkg_yaml/package.sh'
[2.019s] INFO:colcon.colcon_core.shell:Creating package script '/home/arielsulton/ros2_ws/install/pkg_yaml/share/pkg_yaml/package.bash'
[2.020s] INFO:colcon.colcon_core.shell:Creating package script '/home/arielsulton/ros2_ws/install/pkg_yaml/share/pkg_yaml/package.zsh'
[2.021s] Level 1:colcon.colcon_core.environment:create_file_with_runtime_dependencies(/home/arielsulton/ros2_ws/install/pkg_yaml/share/colcon-core/packages/pkg_yaml)
[3.048s] DEBUG:colcon.colcon_core.event_handler.log_command:Invoking command in '/home/arielsulton/ros2_ws/src/pkg_python': PYTHONPATH=/home/arielsulton/ros2_ws/build/pkg_python/prefix_override:/usr/lib/python3/dist-packages/colcon_core/task/python/colcon_distutils_commands:/home/arielsulton/ros2_ws/install/pkg_python/lib/python3.8/site-packages:${PYTHONPATH} /usr/bin/python3 -W ignore:setup.py install is deprecated -W ignore:easy_install command is deprecated setup.py egg_info --egg-base ../../build/pkg_python build --build-base /home/arielsulton/ros2_ws/build/pkg_python/build install --record /home/arielsulton/ros2_ws/build/pkg_python/install.log --single-version-externally-managed install_data
[3.525s] DEBUG:colcon.colcon_core.event_handler.log_command:Invoking command in '/home/arielsulton/ros2_ws/src/pkg_cython': PYTHONPATH=/home/arielsulton/ros2_ws/build/pkg_cython/prefix_override:/usr/lib/python3/dist-packages/colcon_core/task/python/colcon_distutils_commands:/home/arielsulton/ros2_ws/install/pkg_cython/lib/python3.8/site-packages:${PYTHONPATH} /usr/bin/python3 -W ignore:setup.py install is deprecated -W ignore:easy_install command is deprecated setup.py egg_info --egg-base ../../build/pkg_cython build --build-base /home/arielsulton/ros2_ws/build/pkg_cython/build install --record /home/arielsulton/ros2_ws/build/pkg_cython/install.log --single-version-externally-managed install_data
[4.280s] Level 1:colcon.colcon_core.environment:checking '/home/arielsulton/ros2_ws/install/pkg_python' for CMake module files
[4.281s] DEBUG:colcon.colcon_core.event_handler.log_command:Invoked command in '/home/arielsulton/ros2_ws/src/pkg_python' returned '0': PYTHONPATH=/home/arielsulton/ros2_ws/build/pkg_python/prefix_override:/usr/lib/python3/dist-packages/colcon_core/task/python/colcon_distutils_commands:/home/arielsulton/ros2_ws/install/pkg_python/lib/python3.8/site-packages:${PYTHONPATH} /usr/bin/python3 -W ignore:setup.py install is deprecated -W ignore:easy_install command is deprecated setup.py egg_info --egg-base ../../build/pkg_python build --build-base /home/arielsulton/ros2_ws/build/pkg_python/build install --record /home/arielsulton/ros2_ws/build/pkg_python/install.log --single-version-externally-managed install_data
[4.281s] Level 1:colcon.colcon_core.environment:checking '/home/arielsulton/ros2_ws/install/pkg_python' for CMake config files
[4.282s] Level 1:colcon.colcon_core.environment:checking '/home/arielsulton/ros2_ws/install/pkg_python/lib'
[4.283s] Level 1:colcon.colcon_core.environment:checking '/home/arielsulton/ros2_ws/install/pkg_python/bin'
[4.283s] Level 1:colcon.colcon_core.environment:checking '/home/arielsulton/ros2_ws/install/pkg_python/lib/pkgconfig/pkg_python.pc'
[4.283s] Level 1:colcon.colcon_core.environment:checking '/home/arielsulton/ros2_ws/install/pkg_python/lib/python3.8/site-packages'
[4.283s] Level 1:colcon.colcon_core.shell:create_environment_hook('pkg_python', 'pythonpath')
[4.284s] INFO:colcon.colcon_core.shell:Creating environment hook '/home/arielsulton/ros2_ws/install/pkg_python/share/pkg_python/hook/pythonpath.ps1'
[4.285s] INFO:colcon.colcon_core.shell:Creating environment descriptor '/home/arielsulton/ros2_ws/install/pkg_python/share/pkg_python/hook/pythonpath.dsv'
[4.285s] INFO:colcon.colcon_core.shell:Creating environment hook '/home/arielsulton/ros2_ws/install/pkg_python/share/pkg_python/hook/pythonpath.sh'
[4.286s] Level 1:colcon.colcon_core.environment:checking '/home/arielsulton/ros2_ws/install/pkg_python/bin'
[4.286s] Level 1:colcon.colcon_core.environment:create_environment_scripts_only(pkg_python)
[4.287s] INFO:colcon.colcon_core.shell:Creating package script '/home/arielsulton/ros2_ws/install/pkg_python/share/pkg_python/package.ps1'
[4.288s] INFO:colcon.colcon_core.shell:Creating package descriptor '/home/arielsulton/ros2_ws/install/pkg_python/share/pkg_python/package.dsv'
[4.288s] INFO:colcon.colcon_core.shell:Creating package script '/home/arielsulton/ros2_ws/install/pkg_python/share/pkg_python/package.sh'
[4.289s] INFO:colcon.colcon_core.shell:Creating package script '/home/arielsulton/ros2_ws/install/pkg_python/share/pkg_python/package.bash'
[4.289s] INFO:colcon.colcon_core.shell:Creating package script '/home/arielsulton/ros2_ws/install/pkg_python/share/pkg_python/package.zsh'
[4.289s] Level 1:colcon.colcon_core.environment:create_file_with_runtime_dependencies(/home/arielsulton/ros2_ws/install/pkg_python/share/colcon-core/packages/pkg_python)
[8.768s] Level 1:colcon.colcon_core.environment:checking '/home/arielsulton/ros2_ws/install/pkg_cython' for CMake module files
[8.769s] DEBUG:colcon.colcon_core.event_handler.log_command:Invoked command in '/home/arielsulton/ros2_ws/src/pkg_cython' returned '0': PYTHONPATH=/home/arielsulton/ros2_ws/build/pkg_cython/prefix_override:/usr/lib/python3/dist-packages/colcon_core/task/python/colcon_distutils_commands:/home/arielsulton/ros2_ws/install/pkg_cython/lib/python3.8/site-packages:${PYTHONPATH} /usr/bin/python3 -W ignore:setup.py install is deprecated -W ignore:easy_install command is deprecated setup.py egg_info --egg-base ../../build/pkg_cython build --build-base /home/arielsulton/ros2_ws/build/pkg_cython/build install --record /home/arielsulton/ros2_ws/build/pkg_cython/install.log --single-version-externally-managed install_data
[8.769s] Level 1:colcon.colcon_core.environment:checking '/home/arielsulton/ros2_ws/install/pkg_cython' for CMake config files
[8.770s] Level 1:colcon.colcon_core.environment:checking '/home/arielsulton/ros2_ws/install/pkg_cython/lib'
[8.770s] Level 1:colcon.colcon_core.environment:checking '/home/arielsulton/ros2_ws/install/pkg_cython/bin'
[8.770s] Level 1:colcon.colcon_core.environment:checking '/home/arielsulton/ros2_ws/install/pkg_cython/lib/pkgconfig/pkg_cython.pc'
[8.770s] Level 1:colcon.colcon_core.environment:checking '/home/arielsulton/ros2_ws/install/pkg_cython/lib/python3.8/site-packages'
[8.770s] Level 1:colcon.colcon_core.shell:create_environment_hook('pkg_cython', 'pythonpath')
[8.771s] INFO:colcon.colcon_core.shell:Creating environment hook '/home/arielsulton/ros2_ws/install/pkg_cython/share/pkg_cython/hook/pythonpath.ps1'
[8.771s] INFO:colcon.colcon_core.shell:Creating environment descriptor '/home/arielsulton/ros2_ws/install/pkg_cython/share/pkg_cython/hook/pythonpath.dsv'
[8.772s] INFO:colcon.colcon_core.shell:Creating environment hook '/home/arielsulton/ros2_ws/install/pkg_cython/share/pkg_cython/hook/pythonpath.sh'
[8.772s] Level 1:colcon.colcon_core.environment:checking '/home/arielsulton/ros2_ws/install/pkg_cython/bin'
[8.772s] Level 1:colcon.colcon_core.environment:create_environment_scripts_only(pkg_cython)
[8.773s] INFO:colcon.colcon_core.shell:Creating package script '/home/arielsulton/ros2_ws/install/pkg_cython/share/pkg_cython/package.ps1'
[8.773s] INFO:colcon.colcon_core.shell:Creating package descriptor '/home/arielsulton/ros2_ws/install/pkg_cython/share/pkg_cython/package.dsv'
[8.774s] INFO:colcon.colcon_core.shell:Creating package script '/home/arielsulton/ros2_ws/install/pkg_cython/share/pkg_cython/package.sh'
[8.774s] INFO:colcon.colcon_core.shell:Creating package script '/home/arielsulton/ros2_ws/install/pkg_cython/share/pkg_cython/package.bash'
[8.775s] INFO:colcon.colcon_core.shell:Creating package script '/home/arielsulton/ros2_ws/install/pkg_cython/share/pkg_cython/package.zsh'
[8.775s] Level 1:colcon.colcon_core.environment:create_file_with_runtime_dependencies(/home/arielsulton/ros2_ws/install/pkg_cython/share/colcon-core/packages/pkg_cython)
[8.776s] DEBUG:colcon.colcon_parallel_executor.executor.parallel:closing loop
[8.776s] DEBUG:colcon.colcon_parallel_executor.executor.parallel:loop closed
[8.776s] DEBUG:colcon.colcon_parallel_executor.executor.parallel:run_until_complete finished with '0'
[8.776s] DEBUG:colcon.colcon_core.event_reactor:joining thread
[8.787s] INFO:colcon.colcon_core.plugin_system:Skipping extension 'colcon_notification.desktop_notification.terminal_notifier': Not used on non-Darwin systems
[8.787s] INFO:colcon.colcon_core.plugin_system:Skipping extension 'colcon_notification.desktop_notification.win32': Not used on non-Windows systems
[8.787s] INFO:colcon.colcon_notification.desktop_notification:Sending desktop notification using 'notify2'
[8.802s] DEBUG:colcon.colcon_core.event_reactor:joined thread
[8.802s] INFO:colcon.colcon_core.shell:Creating prefix script '/home/arielsulton/ros2_ws/install/local_setup.ps1'
[8.804s] INFO:colcon.colcon_core.shell:Creating prefix util module '/home/arielsulton/ros2_ws/install/_local_setup_util_ps1.py'
[8.808s] INFO:colcon.colcon_core.shell:Creating prefix chain script '/home/arielsulton/ros2_ws/install/setup.ps1'
[8.809s] INFO:colcon.colcon_core.shell:Creating prefix script '/home/arielsulton/ros2_ws/install/local_setup.sh'
[8.810s] INFO:colcon.colcon_core.shell:Creating prefix util module '/home/arielsulton/ros2_ws/install/_local_setup_util_sh.py'
[8.811s] INFO:colcon.colcon_core.shell:Creating prefix chain script '/home/arielsulton/ros2_ws/install/setup.sh'
[8.812s] INFO:colcon.colcon_core.shell:Creating prefix script '/home/arielsulton/ros2_ws/install/local_setup.bash'
[8.813s] INFO:colcon.colcon_core.shell:Creating prefix chain script '/home/arielsulton/ros2_ws/install/setup.bash'
[8.814s] INFO:colcon.colcon_core.shell:Creating prefix script '/home/arielsulton/ros2_ws/install/local_setup.zsh'
[8.815s] INFO:colcon.colcon_core.shell:Creating prefix chain script '/home/arielsulton/ros2_ws/install/setup.zsh'
