[0.042s] Invoking command in '/home/arielsulton/ros2_ws/build/publisher': CMAKE_PREFIX_PATH=${CMAKE_PREFIX_PATH}:/home/arielsulton/ros2_ws/install/subscriber:/home/arielsulton/ros2_ws/install/launcher:/opt/ros/foxy /usr/bin/cmake --build /home/arielsulton/ros2_ws/build/publisher -- -j8 -l8
[0.110s] [35m[1mScanning dependencies of target pubs[0m
[0.158s] [ 50%] [32mBuilding CXX object CMakeFiles/pubs.dir/src/pubs.cpp.o[0m
[4.001s] [100%] [32m[1mLinking CXX executable pubs[0m
[4.224s] [100%] Built target pubs
[4.239s] Invoked command in '/home/arielsulton/ros2_ws/build/publisher' returned '0': CMAKE_PREFIX_PATH=${CMAKE_PREFIX_PATH}:/home/arielsulton/ros2_ws/install/subscriber:/home/arielsulton/ros2_ws/install/launcher:/opt/ros/foxy /usr/bin/cmake --build /home/arielsulton/ros2_ws/build/publisher -- -j8 -l8
[4.242s] Invoking command in '/home/arielsulton/ros2_ws/build/publisher': CMAKE_PREFIX_PATH=${CMAKE_PREFIX_PATH}:/home/arielsulton/ros2_ws/install/subscriber:/home/arielsulton/ros2_ws/install/launcher:/opt/ros/foxy /usr/bin/cmake --install /home/arielsulton/ros2_ws/build/publisher
[4.253s] -- Install configuration: ""
[4.253s] -- Installing: /home/arielsulton/ros2_ws/install/publisher/lib/publisher/pubs
[4.254s] -- Set runtime path of "/home/arielsulton/ros2_ws/install/publisher/lib/publisher/pubs" to ""
[4.255s] -- Up-to-date: /home/arielsulton/ros2_ws/install/publisher/share/ament_index/resource_index/package_run_dependencies/publisher
[4.255s] -- Up-to-date: /home/arielsulton/ros2_ws/install/publisher/share/ament_index/resource_index/parent_prefix_path/publisher
[4.255s] -- Up-to-date: /home/arielsulton/ros2_ws/install/publisher/share/publisher/environment/ament_prefix_path.sh
[4.255s] -- Up-to-date: /home/arielsulton/ros2_ws/install/publisher/share/publisher/environment/ament_prefix_path.dsv
[4.255s] -- Up-to-date: /home/arielsulton/ros2_ws/install/publisher/share/publisher/environment/path.sh
[4.255s] -- Up-to-date: /home/arielsulton/ros2_ws/install/publisher/share/publisher/environment/path.dsv
[4.255s] -- Up-to-date: /home/arielsulton/ros2_ws/install/publisher/share/publisher/local_setup.bash
[4.255s] -- Up-to-date: /home/arielsulton/ros2_ws/install/publisher/share/publisher/local_setup.sh
[4.256s] -- Up-to-date: /home/arielsulton/ros2_ws/install/publisher/share/publisher/local_setup.zsh
[4.256s] -- Up-to-date: /home/arielsulton/ros2_ws/install/publisher/share/publisher/local_setup.dsv
[4.256s] -- Installing: /home/arielsulton/ros2_ws/install/publisher/share/publisher/package.dsv
[4.256s] -- Up-to-date: /home/arielsulton/ros2_ws/install/publisher/share/ament_index/resource_index/packages/publisher
[4.256s] -- Up-to-date: /home/arielsulton/ros2_ws/install/publisher/share/publisher/cmake/publisherConfig.cmake
[4.256s] -- Up-to-date: /home/arielsulton/ros2_ws/install/publisher/share/publisher/cmake/publisherConfig-version.cmake
[4.256s] -- Up-to-date: /home/arielsulton/ros2_ws/install/publisher/share/publisher/package.xml
[4.258s] Invoked command in '/home/arielsulton/ros2_ws/build/publisher' returned '0': CMAKE_PREFIX_PATH=${CMAKE_PREFIX_PATH}:/home/arielsulton/ros2_ws/install/subscriber:/home/arielsulton/ros2_ws/install/launcher:/opt/ros/foxy /usr/bin/cmake --install /home/arielsulton/ros2_ws/build/publisher
