[0.064s] Invoking command in '/home/arielsulton/ros2_ws/build/pkg_cpp': CMAKE_PREFIX_PATH=/opt/ros/foxy /usr/bin/cmake /home/arielsulton/ros2_ws/src/pkg_cpp -DCMAKE_INSTALL_PREFIX=/home/arielsulton/ros2_ws/install/pkg_cpp
[2.977s] -- The C compiler identification is GNU 9.4.0
[2.977s] -- The CXX compiler identification is GNU 9.4.0
[2.977s] -- Check for working C compiler: /usr/bin/cc
[2.979s] -- Check for working C compiler: /usr/bin/cc -- works
[2.979s] -- Detecting C compiler ABI info
[2.980s] -- Detecting C compiler ABI info - done
[2.980s] -- Detecting C compile features
[2.980s] -- Detecting C compile features - done
[2.981s] -- Check for working CXX compiler: /usr/bin/c++
[2.984s] -- Check for working CXX compiler: /usr/bin/c++ -- works
[2.987s] -- Detecting CXX compiler ABI info
[2.990s] -- Detecting CXX compiler ABI info - done
[2.991s] -- Detecting CXX compile features
[2.992s] -- Detecting CXX compile features - done
[2.992s] -- Found ament_cmake: 0.9.12 (/opt/ros/foxy/share/ament_cmake/cmake)
[2.993s] -- Found PythonInterp: /usr/bin/python3 (found suitable version "3.8.10", minimum required is "3") 
[2.994s] -- Using PYTHON_EXECUTABLE: /usr/bin/python3
[2.994s] -- Found rclcpp: 2.4.3 (/opt/ros/foxy/share/rclcpp/cmake)
[2.998s] -- Using all available rosidl_typesupport_c: rosidl_typesupport_fastrtps_c;rosidl_typesupport_introspection_c
[2.999s] -- Found rosidl_adapter: 1.3.1 (/opt/ros/foxy/share/rosidl_adapter/cmake)
[2.999s] -- Found OpenSSL: /usr/lib/x86_64-linux-gnu/libcrypto.so (found version "1.1.1f")  
[2.999s] -- Found FastRTPS: /opt/ros/foxy/include  
[3.000s] -- Using all available rosidl_typesupport_cpp: rosidl_typesupport_fastrtps_cpp;rosidl_typesupport_introspection_cpp
[3.007s] -- Found rmw_implementation_cmake: 1.0.4 (/opt/ros/foxy/share/rmw_implementation_cmake/cmake)
[3.007s] -- Using RMW implementation 'rmw_fastrtps_cpp' as default
[3.007s] -- Looking for pthread.h
[3.008s] -- Looking for pthread.h - found
[3.008s] -- Performing Test CMAKE_HAVE_LIBC_PTHREAD
[3.127s] -- Performing Test CMAKE_HAVE_LIBC_PTHREAD - Failed
[3.127s] -- Looking for pthread_create in pthreads
[3.272s] -- Looking for pthread_create in pthreads - not found
[3.272s] -- Looking for pthread_create in pthread
[3.433s] -- Looking for pthread_create in pthread - found
[3.437s] -- Found Threads: TRUE  
[4.056s] -- Found ament_lint_auto: 0.9.8 (/opt/ros/foxy/share/ament_lint_auto/cmake)
[4.308s] -- Added test 'cppcheck' to perform static code analysis on C / C++ code
[4.309s] -- Configured cppcheck include dirs: 
[4.309s] -- Configured cppcheck exclude dirs and/or files: 
[4.317s] -- Added test 'cpplint' to check C / C++ code against the Google style
[4.319s] -- Configured cpplint exclude dirs and/or files: 
[4.320s] -- Added test 'lint_cmake' to check CMake code style
[4.323s] -- Added test 'uncrustify' to check C / C++ code style
[4.324s] -- Configured uncrustify additional arguments: 
[4.325s] -- Added test 'xmllint' to check XML markup files
[4.336s] -- Configuring done
[4.370s] -- Generating done
[4.387s] -- Build files have been written to: /home/arielsulton/ros2_ws/build/pkg_cpp
[4.403s] Invoked command in '/home/arielsulton/ros2_ws/build/pkg_cpp' returned '0': CMAKE_PREFIX_PATH=/opt/ros/foxy /usr/bin/cmake /home/arielsulton/ros2_ws/src/pkg_cpp -DCMAKE_INSTALL_PREFIX=/home/arielsulton/ros2_ws/install/pkg_cpp
[4.409s] Invoking command in '/home/arielsulton/ros2_ws/build/pkg_cpp': CMAKE_PREFIX_PATH=/opt/ros/foxy /usr/bin/cmake --build /home/arielsulton/ros2_ws/build/pkg_cpp -- -j8 -l8
[4.511s] [35m[1mScanning dependencies of target pubs_cpp[0m
[4.513s] [35m[1mScanning dependencies of target subs_cpp[0m
[4.625s] [ 25%] [32mBuilding CXX object CMakeFiles/pubs_cpp.dir/src/pubs_cpp.cpp.o[0m
[4.674s] [ 50%] [32mBuilding CXX object CMakeFiles/subs_cpp.dir/src/subs_cpp.cpp.o[0m
[12.918s] [ 75%] [32m[1mLinking CXX executable pubs_cpp[0m
[13.326s] [ 75%] Built target pubs_cpp
[15.997s] [100%] [32m[1mLinking CXX executable subs_cpp[0m
[16.505s] [100%] Built target subs_cpp
[16.527s] Invoked command in '/home/arielsulton/ros2_ws/build/pkg_cpp' returned '0': CMAKE_PREFIX_PATH=/opt/ros/foxy /usr/bin/cmake --build /home/arielsulton/ros2_ws/build/pkg_cpp -- -j8 -l8
[16.535s] Invoking command in '/home/arielsulton/ros2_ws/build/pkg_cpp': CMAKE_PREFIX_PATH=/opt/ros/foxy /usr/bin/cmake --install /home/arielsulton/ros2_ws/build/pkg_cpp
[16.551s] -- Install configuration: ""
[16.551s] -- Installing: /home/arielsulton/ros2_ws/install/pkg_cpp/lib/pkg_cpp/pubs_cpp
[16.553s] -- Set runtime path of "/home/arielsulton/ros2_ws/install/pkg_cpp/lib/pkg_cpp/pubs_cpp" to ""
[16.554s] -- Installing: /home/arielsulton/ros2_ws/install/pkg_cpp/lib/pkg_cpp/subs_cpp
[16.557s] -- Set runtime path of "/home/arielsulton/ros2_ws/install/pkg_cpp/lib/pkg_cpp/subs_cpp" to ""
[16.558s] -- Installing: /home/arielsulton/ros2_ws/install/pkg_cpp/share/ament_index/resource_index/package_run_dependencies/pkg_cpp
[16.558s] -- Installing: /home/arielsulton/ros2_ws/install/pkg_cpp/share/ament_index/resource_index/parent_prefix_path/pkg_cpp
[16.559s] -- Installing: /home/arielsulton/ros2_ws/install/pkg_cpp/share/pkg_cpp/environment/ament_prefix_path.sh
[16.559s] -- Installing: /home/arielsulton/ros2_ws/install/pkg_cpp/share/pkg_cpp/environment/ament_prefix_path.dsv
[16.559s] -- Installing: /home/arielsulton/ros2_ws/install/pkg_cpp/share/pkg_cpp/environment/path.sh
[16.560s] -- Installing: /home/arielsulton/ros2_ws/install/pkg_cpp/share/pkg_cpp/environment/path.dsv
[16.561s] -- Installing: /home/arielsulton/ros2_ws/install/pkg_cpp/share/pkg_cpp/local_setup.bash
[16.561s] -- Installing: /home/arielsulton/ros2_ws/install/pkg_cpp/share/pkg_cpp/local_setup.sh
[16.562s] -- Installing: /home/arielsulton/ros2_ws/install/pkg_cpp/share/pkg_cpp/local_setup.zsh
[16.562s] -- Installing: /home/arielsulton/ros2_ws/install/pkg_cpp/share/pkg_cpp/local_setup.dsv
[16.562s] -- Installing: /home/arielsulton/ros2_ws/install/pkg_cpp/share/pkg_cpp/package.dsv
[16.563s] -- Installing: /home/arielsulton/ros2_ws/install/pkg_cpp/share/ament_index/resource_index/packages/pkg_cpp
[16.564s] -- Installing: /home/arielsulton/ros2_ws/install/pkg_cpp/share/pkg_cpp/cmake/pkg_cppConfig.cmake
[16.564s] -- Installing: /home/arielsulton/ros2_ws/install/pkg_cpp/share/pkg_cpp/cmake/pkg_cppConfig-version.cmake
[16.564s] -- Installing: /home/arielsulton/ros2_ws/install/pkg_cpp/share/pkg_cpp/package.xml
[16.570s] Invoked command in '/home/arielsulton/ros2_ws/build/pkg_cpp' returned '0': CMAKE_PREFIX_PATH=/opt/ros/foxy /usr/bin/cmake --install /home/arielsulton/ros2_ws/build/pkg_cpp
