[3.399s] Invoking command in '/home/arielsulton/ros2_ws/src/pkg_python': PYTHONPATH=/home/arielsulton/ros2_ws/build/pkg_python/prefix_override:/usr/lib/python3/dist-packages/colcon_core/task/python/colcon_distutils_commands:/home/arielsulton/ros2_ws/install/pkg_python/lib/python3.8/site-packages:${PYTHONPATH} /usr/bin/python3 -W ignore:setup.py install is deprecated -W ignore:easy_install command is deprecated setup.py egg_info --egg-base ../../build/pkg_python build --build-base /home/arielsulton/ros2_ws/build/pkg_python/build install --record /home/arielsulton/ros2_ws/build/pkg_python/install.log --single-version-externally-managed install_data
[4.144s] running egg_info
[4.407s] writing ../../build/pkg_python/pkg_python.egg-info/PKG-INFO
[4.407s] writing dependency_links to ../../build/pkg_python/pkg_python.egg-info/dependency_links.txt
[4.408s] writing entry points to ../../build/pkg_python/pkg_python.egg-info/entry_points.txt
[4.408s] writing requirements to ../../build/pkg_python/pkg_python.egg-info/requires.txt
[4.409s] writing top-level names to ../../build/pkg_python/pkg_python.egg-info/top_level.txt
[4.760s] writing manifest file '../../build/pkg_python/pkg_python.egg-info/SOURCES.txt'
[4.761s] running build
[4.761s] running build_py
[4.761s] copying pkg_python/__init__.py -> /home/arielsulton/ros2_ws/build/pkg_python/build/lib/pkg_python
[4.761s] copying pkg_python/pubs_py.py -> /home/arielsulton/ros2_ws/build/pkg_python/build/lib/pkg_python
[4.761s] copying pkg_python/subs_py.py -> /home/arielsulton/ros2_ws/build/pkg_python/build/lib/pkg_python
[4.762s] running install
[4.772s] running install_lib
[4.841s] running install_data
[4.842s] copying resource/pkg_python -> /home/arielsulton/ros2_ws/install/pkg_python/share/ament_index/resource_index/packages
[4.842s] copying package.xml -> /home/arielsulton/ros2_ws/install/pkg_python/share/pkg_python
[4.842s] running install_egg_info
[4.895s] removing '/home/arielsulton/ros2_ws/install/pkg_python/lib/python3.8/site-packages/pkg_python-0.0.0-py3.8.egg-info' (and everything under it)
[4.895s] Copying ../../build/pkg_python/pkg_python.egg-info to /home/arielsulton/ros2_ws/install/pkg_python/lib/python3.8/site-packages/pkg_python-0.0.0-py3.8.egg-info
[4.896s] running install_scripts
[5.023s] Installing pubs_py script to /home/arielsulton/ros2_ws/install/pkg_python/lib/pkg_python
[5.024s] Installing subs_py script to /home/arielsulton/ros2_ws/install/pkg_python/lib/pkg_python
[5.024s] writing list of installed files to '/home/arielsulton/ros2_ws/build/pkg_python/install.log'
[5.104s] Invoked command in '/home/arielsulton/ros2_ws/src/pkg_python' returned '0': PYTHONPATH=/home/arielsulton/ros2_ws/build/pkg_python/prefix_override:/usr/lib/python3/dist-packages/colcon_core/task/python/colcon_distutils_commands:/home/arielsulton/ros2_ws/install/pkg_python/lib/python3.8/site-packages:${PYTHONPATH} /usr/bin/python3 -W ignore:setup.py install is deprecated -W ignore:easy_install command is deprecated setup.py egg_info --egg-base ../../build/pkg_python build --build-base /home/arielsulton/ros2_ws/build/pkg_python/build install --record /home/arielsulton/ros2_ws/build/pkg_python/install.log --single-version-externally-managed install_data
