[5.604s] Invoking command in '/home/arielsulton/ros2_ws/src/pkg_cython': PYTHONPATH=/home/arielsulton/ros2_ws/build/pkg_cython/prefix_override:/usr/lib/python3/dist-packages/colcon_core/task/python/colcon_distutils_commands:/home/arielsulton/ros2_ws/install/pkg_cython/lib/python3.8/site-packages:${PYTHONPATH} /usr/bin/python3 -W ignore:setup.py install is deprecated -W ignore:easy_install command is deprecated setup.py egg_info --egg-base ../../build/pkg_cython build --build-base /home/arielsulton/ros2_ws/build/pkg_cython/build install --record /home/arielsulton/ros2_ws/build/pkg_cython/install.log --single-version-externally-managed install_data
[7.073s] running egg_info
[7.300s] writing ../../build/pkg_cython/pkg_cython.egg-info/PKG-INFO
[7.301s] writing dependency_links to ../../build/pkg_cython/pkg_cython.egg-info/dependency_links.txt
[7.303s] writing entry points to ../../build/pkg_cython/pkg_cython.egg-info/entry_points.txt
[7.304s] writing requirements to ../../build/pkg_cython/pkg_cython.egg-info/requires.txt
[7.304s] writing top-level names to ../../build/pkg_cython/pkg_cython.egg-info/top_level.txt
[7.661s] writing manifest file '../../build/pkg_cython/pkg_cython.egg-info/SOURCES.txt'
[7.662s] running build
[7.662s] running build_py
[7.663s] copying pkg_cython/__init__.py -> /home/arielsulton/ros2_ws/build/pkg_cython/build/lib.linux-x86_64-cpython-38/pkg_cython
[7.663s] copying pkg_cython/subs_cy.py -> /home/arielsulton/ros2_ws/build/pkg_cython/build/lib.linux-x86_64-cpython-38/pkg_cython
[7.663s] copying pkg_cython/pubs_cy.py -> /home/arielsulton/ros2_ws/build/pkg_cython/build/lib.linux-x86_64-cpython-38/pkg_cython
[7.664s] running build_ext
[7.668s] building 'pkg_cython.__init__' extension
[7.669s] x86_64-linux-gnu-gcc -pthread -Wno-unused-result -Wsign-compare -DNDEBUG -g -fwrapv -O2 -Wall -g -fstack-protector-strong -Wformat -Werror=format-security -g -fwrapv -O2 -fPIC -I/home/arielsulton/ros2_ws/install/pkg_cython/include -I/usr/include/python3.8 -c pkg_cython/__init__.c -o /home/arielsulton/ros2_ws/build/pkg_cython/build/temp.linux-x86_64-cpython-38/pkg_cython/__init__.o
[8.093s] x86_64-linux-gnu-gcc -pthread -shared -Wl,-O1 -Wl,-Bsymbolic-functions -Wl,-Bsymbolic-functions -Wl,-z,relro -g -fwrapv -O2 /home/arielsulton/ros2_ws/build/pkg_cython/build/temp.linux-x86_64-cpython-38/pkg_cython/__init__.o -L/usr/lib -o /home/arielsulton/ros2_ws/build/pkg_cython/build/lib.linux-x86_64-cpython-38/pkg_cython/__init__.cpython-38-x86_64-linux-gnu.so
[8.125s] building 'pkg_cython.pubs_cy' extension
[8.126s] x86_64-linux-gnu-gcc -pthread -Wno-unused-result -Wsign-compare -DNDEBUG -g -fwrapv -O2 -Wall -g -fstack-protector-strong -Wformat -Werror=format-security -g -fwrapv -O2 -fPIC -I/home/arielsulton/ros2_ws/install/pkg_cython/include -I/usr/include/python3.8 -c pkg_cython/pubs_cy.c -o /home/arielsulton/ros2_ws/build/pkg_cython/build/temp.linux-x86_64-cpython-38/pkg_cython/pubs_cy.o
[10.172s] x86_64-linux-gnu-gcc -pthread -shared -Wl,-O1 -Wl,-Bsymbolic-functions -Wl,-Bsymbolic-functions -Wl,-z,relro -g -fwrapv -O2 /home/arielsulton/ros2_ws/build/pkg_cython/build/temp.linux-x86_64-cpython-38/pkg_cython/pubs_cy.o -L/usr/lib -o /home/arielsulton/ros2_ws/build/pkg_cython/build/lib.linux-x86_64-cpython-38/pkg_cython/pubs_cy.cpython-38-x86_64-linux-gnu.so
[10.210s] building 'pkg_cython.subs_cy' extension
[10.210s] x86_64-linux-gnu-gcc -pthread -Wno-unused-result -Wsign-compare -DNDEBUG -g -fwrapv -O2 -Wall -g -fstack-protector-strong -Wformat -Werror=format-security -g -fwrapv -O2 -fPIC -I/home/arielsulton/ros2_ws/install/pkg_cython/include -I/usr/include/python3.8 -c pkg_cython/subs_cy.c -o /home/arielsulton/ros2_ws/build/pkg_cython/build/temp.linux-x86_64-cpython-38/pkg_cython/subs_cy.o
[11.911s] x86_64-linux-gnu-gcc -pthread -shared -Wl,-O1 -Wl,-Bsymbolic-functions -Wl,-Bsymbolic-functions -Wl,-z,relro -g -fwrapv -O2 /home/arielsulton/ros2_ws/build/pkg_cython/build/temp.linux-x86_64-cpython-38/pkg_cython/subs_cy.o -L/usr/lib -o /home/arielsulton/ros2_ws/build/pkg_cython/build/lib.linux-x86_64-cpython-38/pkg_cython/subs_cy.cpython-38-x86_64-linux-gnu.so
[11.948s] running install
[11.957s] running install_lib
[12.008s] copying /home/arielsulton/ros2_ws/build/pkg_cython/build/lib.linux-x86_64-cpython-38/pkg_cython/__init__.py -> /home/arielsulton/ros2_ws/install/pkg_cython/lib/python3.8/site-packages/pkg_cython
[12.008s] copying /home/arielsulton/ros2_ws/build/pkg_cython/build/lib.linux-x86_64-cpython-38/pkg_cython/subs_cy.py -> /home/arielsulton/ros2_ws/install/pkg_cython/lib/python3.8/site-packages/pkg_cython
[12.008s] copying /home/arielsulton/ros2_ws/build/pkg_cython/build/lib.linux-x86_64-cpython-38/pkg_cython/pubs_cy.py -> /home/arielsulton/ros2_ws/install/pkg_cython/lib/python3.8/site-packages/pkg_cython
[12.008s] copying /home/arielsulton/ros2_ws/build/pkg_cython/build/lib.linux-x86_64-cpython-38/pkg_cython/subs_cy.cpython-38-x86_64-linux-gnu.so -> /home/arielsulton/ros2_ws/install/pkg_cython/lib/python3.8/site-packages/pkg_cython
[12.012s] copying /home/arielsulton/ros2_ws/build/pkg_cython/build/lib.linux-x86_64-cpython-38/pkg_cython/__init__.cpython-38-x86_64-linux-gnu.so -> /home/arielsulton/ros2_ws/install/pkg_cython/lib/python3.8/site-packages/pkg_cython
[12.013s] copying /home/arielsulton/ros2_ws/build/pkg_cython/build/lib.linux-x86_64-cpython-38/pkg_cython/pubs_cy.cpython-38-x86_64-linux-gnu.so -> /home/arielsulton/ros2_ws/install/pkg_cython/lib/python3.8/site-packages/pkg_cython
[12.014s] running install_data
[12.015s] copying resource/pkg_cython -> /home/arielsulton/ros2_ws/install/pkg_cython/share/ament_index/resource_index/packages
[12.015s] copying package.xml -> /home/arielsulton/ros2_ws/install/pkg_cython/share/pkg_cython
[12.015s] running install_egg_info
[12.065s] removing '/home/arielsulton/ros2_ws/install/pkg_cython/lib/python3.8/site-packages/pkg_cython-0.0.0-py3.8.egg-info' (and everything under it)
[12.065s] Copying ../../build/pkg_cython/pkg_cython.egg-info to /home/arielsulton/ros2_ws/install/pkg_cython/lib/python3.8/site-packages/pkg_cython-0.0.0-py3.8.egg-info
[12.067s] running install_scripts
[12.175s] Installing pubs_cy script to /home/arielsulton/ros2_ws/install/pkg_cython/lib/pkg_cython
[12.176s] Installing subs_cy script to /home/arielsulton/ros2_ws/install/pkg_cython/lib/pkg_cython
[12.176s] writing list of installed files to '/home/arielsulton/ros2_ws/build/pkg_cython/install.log'
[12.292s] Invoked command in '/home/arielsulton/ros2_ws/src/pkg_cython' returned '0': PYTHONPATH=/home/arielsulton/ros2_ws/build/pkg_cython/prefix_override:/usr/lib/python3/dist-packages/colcon_core/task/python/colcon_distutils_commands:/home/arielsulton/ros2_ws/install/pkg_cython/lib/python3.8/site-packages:${PYTHONPATH} /usr/bin/python3 -W ignore:setup.py install is deprecated -W ignore:easy_install command is deprecated setup.py egg_info --egg-base ../../build/pkg_cython build --build-base /home/arielsulton/ros2_ws/build/pkg_cython/build install --record /home/arielsulton/ros2_ws/build/pkg_cython/install.log --single-version-externally-managed install_data
