[0.522s] DEBUG:colcon:Command line arguments: ['/usr/bin/colcon', 'build']
[0.522s] DEBUG:colcon:Parsed command line arguments: Namespace(allow_overriding=[], ament_cmake_args=None, base_paths=['.'], build_base='build', catkin_cmake_args=None, catkin_skip_building_tests=False, cmake_args=None, cmake_clean_cache=False, cmake_clean_first=False, cmake_force_configure=False, cmake_target=None, cmake_target_skip_unavailable=False, continue_on_error=False, event_handlers=None, executor='parallel', ignore_user_meta=False, install_base='install', log_base=None, log_level=None, main=<bound method BuildVerb.main of <colcon_core.verb.build.BuildVerb object at 0x7f477939eb50>>, merge_install=False, metas=['./colcon.meta'], mixin=None, mixin_files=None, mixin_verb=('build',), packages_above=None, packages_above_and_dependencies=None, packages_above_depth=None, packages_end=None, packages_ignore=None, packages_ignore_regex=None, packages_select=None, packages_select_build_failed=False, packages_select_by_dep=None, packages_select_regex=None, packages_select_test_failures=False, packages_skip=None, packages_skip_build_finished=False, packages_skip_by_dep=None, packages_skip_regex=None, packages_skip_test_passed=False, packages_skip_up_to=None, packages_start=None, packages_up_to=None, packages_up_to_regex=None, parallel_workers=8, paths=None, symlink_install=False, test_result_base=None, verb_extension=<colcon_core.verb.build.BuildVerb object at 0x7f477939eb50>, verb_name='build', verb_parser=<colcon_mixin.mixin.mixin_argument.MixinArgumentDecorator object at 0x7f477926f5b0>)
[0.593s] Level 1:colcon.colcon_core.package_discovery:discover_packages(colcon_meta) check parameters
[0.593s] Level 1:colcon.colcon_core.package_discovery:discover_packages(recursive) check parameters
[0.593s] Level 1:colcon.colcon_core.package_discovery:discover_packages(ignore) check parameters
[0.593s] Level 1:colcon.colcon_core.package_discovery:discover_packages(path) check parameters
[0.593s] Level 1:colcon.colcon_core.package_discovery:discover_packages(colcon_meta) discover
[0.593s] Level 1:colcon.colcon_core.package_discovery:discover_packages(recursive) discover
[0.593s] INFO:colcon.colcon_core.package_discovery:Crawling recursively for packages in '/home/arielsulton/ros2_ws'
[0.593s] Level 1:colcon.colcon_core.package_identification:_identify(.) by extensions ['ignore', 'ignore_ament_install']
[0.593s] Level 1:colcon.colcon_core.package_identification:_identify(.) by extension 'ignore'
[0.593s] Level 1:colcon.colcon_core.package_identification:_identify(.) by extension 'ignore_ament_install'
[0.593s] Level 1:colcon.colcon_core.package_identification:_identify(.) by extensions ['colcon_pkg']
[0.593s] Level 1:colcon.colcon_core.package_identification:_identify(.) by extension 'colcon_pkg'
[0.593s] Level 1:colcon.colcon_core.package_identification:_identify(.) by extensions ['colcon_meta']
[0.593s] Level 1:colcon.colcon_core.package_identification:_identify(.) by extension 'colcon_meta'
[0.593s] Level 1:colcon.colcon_core.package_identification:_identify(.) by extensions ['ros']
[0.593s] Level 1:colcon.colcon_core.package_identification:_identify(.) by extension 'ros'
[0.615s] Level 1:colcon.colcon_core.package_identification:_identify(.) by extensions ['cmake', 'python']
[0.615s] Level 1:colcon.colcon_core.package_identification:_identify(.) by extension 'cmake'
[0.615s] Level 1:colcon.colcon_core.package_identification:_identify(.) by extension 'python'
[0.616s] Level 1:colcon.colcon_core.package_identification:_identify(.) by extensions ['python_setup_py']
[0.616s] Level 1:colcon.colcon_core.package_identification:_identify(.) by extension 'python_setup_py'
[0.616s] Level 1:colcon.colcon_core.package_identification:_identify(build) by extensions ['ignore', 'ignore_ament_install']
[0.616s] Level 1:colcon.colcon_core.package_identification:_identify(build) by extension 'ignore'
[0.616s] Level 1:colcon.colcon_core.package_identification:_identify(build) ignored
[0.616s] Level 1:colcon.colcon_core.package_identification:_identify(install) by extensions ['ignore', 'ignore_ament_install']
[0.616s] Level 1:colcon.colcon_core.package_identification:_identify(install) by extension 'ignore'
[0.616s] Level 1:colcon.colcon_core.package_identification:_identify(install) ignored
[0.617s] Level 1:colcon.colcon_core.package_identification:_identify(log) by extensions ['ignore', 'ignore_ament_install']
[0.617s] Level 1:colcon.colcon_core.package_identification:_identify(log) by extension 'ignore'
[0.617s] Level 1:colcon.colcon_core.package_identification:_identify(log) ignored
[0.617s] Level 1:colcon.colcon_core.package_identification:_identify(src) by extensions ['ignore', 'ignore_ament_install']
[0.617s] Level 1:colcon.colcon_core.package_identification:_identify(src) by extension 'ignore'
[0.617s] Level 1:colcon.colcon_core.package_identification:_identify(src) by extension 'ignore_ament_install'
[0.617s] Level 1:colcon.colcon_core.package_identification:_identify(src) by extensions ['colcon_pkg']
[0.617s] Level 1:colcon.colcon_core.package_identification:_identify(src) by extension 'colcon_pkg'
[0.617s] Level 1:colcon.colcon_core.package_identification:_identify(src) by extensions ['colcon_meta']
[0.617s] Level 1:colcon.colcon_core.package_identification:_identify(src) by extension 'colcon_meta'
[0.617s] Level 1:colcon.colcon_core.package_identification:_identify(src) by extensions ['ros']
[0.618s] Level 1:colcon.colcon_core.package_identification:_identify(src) by extension 'ros'
[0.618s] Level 1:colcon.colcon_core.package_identification:_identify(src) by extensions ['cmake', 'python']
[0.618s] Level 1:colcon.colcon_core.package_identification:_identify(src) by extension 'cmake'
[0.618s] Level 1:colcon.colcon_core.package_identification:_identify(src) by extension 'python'
[0.618s] Level 1:colcon.colcon_core.package_identification:_identify(src) by extensions ['python_setup_py']
[0.618s] Level 1:colcon.colcon_core.package_identification:_identify(src) by extension 'python_setup_py'
[0.618s] Level 1:colcon.colcon_core.package_identification:_identify(src/launcher) by extensions ['ignore', 'ignore_ament_install']
[0.618s] Level 1:colcon.colcon_core.package_identification:_identify(src/launcher) by extension 'ignore'
[0.618s] Level 1:colcon.colcon_core.package_identification:_identify(src/launcher) by extension 'ignore_ament_install'
[0.618s] Level 1:colcon.colcon_core.package_identification:_identify(src/launcher) by extensions ['colcon_pkg']
[0.618s] Level 1:colcon.colcon_core.package_identification:_identify(src/launcher) by extension 'colcon_pkg'
[0.619s] Level 1:colcon.colcon_core.package_identification:_identify(src/launcher) by extensions ['colcon_meta']
[0.619s] Level 1:colcon.colcon_core.package_identification:_identify(src/launcher) by extension 'colcon_meta'
[0.619s] Level 1:colcon.colcon_core.package_identification:_identify(src/launcher) by extensions ['ros']
[0.619s] Level 1:colcon.colcon_core.package_identification:_identify(src/launcher) by extension 'ros'
[0.624s] DEBUG:colcon.colcon_core.package_identification:Package 'src/launcher' with type 'ros.ament_cmake' and name 'launcher'
[0.624s] Level 1:colcon.colcon_core.package_identification:_identify(src/pkg_cpp) by extensions ['ignore', 'ignore_ament_install']
[0.624s] Level 1:colcon.colcon_core.package_identification:_identify(src/pkg_cpp) by extension 'ignore'
[0.624s] Level 1:colcon.colcon_core.package_identification:_identify(src/pkg_cpp) by extension 'ignore_ament_install'
[0.624s] Level 1:colcon.colcon_core.package_identification:_identify(src/pkg_cpp) by extensions ['colcon_pkg']
[0.624s] Level 1:colcon.colcon_core.package_identification:_identify(src/pkg_cpp) by extension 'colcon_pkg'
[0.624s] Level 1:colcon.colcon_core.package_identification:_identify(src/pkg_cpp) by extensions ['colcon_meta']
[0.624s] Level 1:colcon.colcon_core.package_identification:_identify(src/pkg_cpp) by extension 'colcon_meta'
[0.624s] Level 1:colcon.colcon_core.package_identification:_identify(src/pkg_cpp) by extensions ['ros']
[0.625s] Level 1:colcon.colcon_core.package_identification:_identify(src/pkg_cpp) by extension 'ros'
[0.626s] DEBUG:colcon.colcon_core.package_identification:Package 'src/pkg_cpp' with type 'ros.ament_cmake' and name 'pkg_cpp'
[0.626s] Level 1:colcon.colcon_core.package_identification:_identify(src/pkg_cython) by extensions ['ignore', 'ignore_ament_install']
[0.626s] Level 1:colcon.colcon_core.package_identification:_identify(src/pkg_cython) by extension 'ignore'
[0.626s] Level 1:colcon.colcon_core.package_identification:_identify(src/pkg_cython) by extension 'ignore_ament_install'
[0.627s] Level 1:colcon.colcon_core.package_identification:_identify(src/pkg_cython) by extensions ['colcon_pkg']
[0.627s] Level 1:colcon.colcon_core.package_identification:_identify(src/pkg_cython) by extension 'colcon_pkg'
[0.627s] Level 1:colcon.colcon_core.package_identification:_identify(src/pkg_cython) by extensions ['colcon_meta']
[0.627s] Level 1:colcon.colcon_core.package_identification:_identify(src/pkg_cython) by extension 'colcon_meta'
[0.627s] Level 1:colcon.colcon_core.package_identification:_identify(src/pkg_cython) by extensions ['ros']
[0.627s] Level 1:colcon.colcon_core.package_identification:_identify(src/pkg_cython) by extension 'ros'
[0.628s] DEBUG:colcon.colcon_core.package_identification:Package 'src/pkg_cython' with type 'ros.ament_python' and name 'pkg_cython'
[0.629s] Level 1:colcon.colcon_core.package_identification:_identify(src/pkg_python) by extensions ['ignore', 'ignore_ament_install']
[0.629s] Level 1:colcon.colcon_core.package_identification:_identify(src/pkg_python) by extension 'ignore'
[0.629s] Level 1:colcon.colcon_core.package_identification:_identify(src/pkg_python) by extension 'ignore_ament_install'
[0.629s] Level 1:colcon.colcon_core.package_identification:_identify(src/pkg_python) by extensions ['colcon_pkg']
[0.629s] Level 1:colcon.colcon_core.package_identification:_identify(src/pkg_python) by extension 'colcon_pkg'
[0.629s] Level 1:colcon.colcon_core.package_identification:_identify(src/pkg_python) by extensions ['colcon_meta']
[0.629s] Level 1:colcon.colcon_core.package_identification:_identify(src/pkg_python) by extension 'colcon_meta'
[0.629s] Level 1:colcon.colcon_core.package_identification:_identify(src/pkg_python) by extensions ['ros']
[0.629s] Level 1:colcon.colcon_core.package_identification:_identify(src/pkg_python) by extension 'ros'
[0.631s] DEBUG:colcon.colcon_core.package_identification:Package 'src/pkg_python' with type 'ros.ament_python' and name 'pkg_python'
[0.631s] Level 1:colcon.colcon_core.package_discovery:discover_packages(recursive) using defaults
[0.631s] Level 1:colcon.colcon_core.package_discovery:discover_packages(ignore) discover
[0.631s] Level 1:colcon.colcon_core.package_discovery:discover_packages(ignore) using defaults
[0.631s] Level 1:colcon.colcon_core.package_discovery:discover_packages(path) discover
[0.631s] Level 1:colcon.colcon_core.package_discovery:discover_packages(path) using defaults
[0.661s] Level 1:colcon.colcon_core.package_discovery:discover_packages(prefix_path) check parameters
[0.661s] Level 1:colcon.colcon_core.package_discovery:discover_packages(prefix_path) discover
[0.665s] DEBUG:colcon.colcon_installed_package_information.package_discovery:Found 256 installed packages in /opt/ros/foxy
[0.666s] Level 1:colcon.colcon_core.package_discovery:discover_packages(prefix_path) using defaults
[0.737s] Level 5:colcon.colcon_core.verb:set package 'launcher' build argument 'cmake_args' from command line to 'None'
[0.737s] Level 5:colcon.colcon_core.verb:set package 'launcher' build argument 'cmake_target' from command line to 'None'
[0.737s] Level 5:colcon.colcon_core.verb:set package 'launcher' build argument 'cmake_target_skip_unavailable' from command line to 'False'
[0.737s] Level 5:colcon.colcon_core.verb:set package 'launcher' build argument 'cmake_clean_cache' from command line to 'False'
[0.737s] Level 5:colcon.colcon_core.verb:set package 'launcher' build argument 'cmake_clean_first' from command line to 'False'
[0.737s] Level 5:colcon.colcon_core.verb:set package 'launcher' build argument 'cmake_force_configure' from command line to 'False'
[0.737s] Level 5:colcon.colcon_core.verb:set package 'launcher' build argument 'ament_cmake_args' from command line to 'None'
[0.737s] Level 5:colcon.colcon_core.verb:set package 'launcher' build argument 'catkin_cmake_args' from command line to 'None'
[0.737s] Level 5:colcon.colcon_core.verb:set package 'launcher' build argument 'catkin_skip_building_tests' from command line to 'False'
[0.737s] DEBUG:colcon.colcon_core.verb:Building package 'launcher' with the following arguments: {'ament_cmake_args': None, 'build_base': '/home/arielsulton/ros2_ws/build/launcher', 'catkin_cmake_args': None, 'catkin_skip_building_tests': False, 'cmake_args': None, 'cmake_clean_cache': False, 'cmake_clean_first': False, 'cmake_force_configure': False, 'cmake_target': None, 'cmake_target_skip_unavailable': False, 'install_base': '/home/arielsulton/ros2_ws/install/launcher', 'merge_install': False, 'path': '/home/arielsulton/ros2_ws/src/launcher', 'symlink_install': False, 'test_result_base': None}
[0.738s] Level 5:colcon.colcon_core.verb:set package 'pkg_cpp' build argument 'cmake_args' from command line to 'None'
[0.738s] Level 5:colcon.colcon_core.verb:set package 'pkg_cpp' build argument 'cmake_target' from command line to 'None'
[0.738s] Level 5:colcon.colcon_core.verb:set package 'pkg_cpp' build argument 'cmake_target_skip_unavailable' from command line to 'False'
[0.738s] Level 5:colcon.colcon_core.verb:set package 'pkg_cpp' build argument 'cmake_clean_cache' from command line to 'False'
[0.738s] Level 5:colcon.colcon_core.verb:set package 'pkg_cpp' build argument 'cmake_clean_first' from command line to 'False'
[0.738s] Level 5:colcon.colcon_core.verb:set package 'pkg_cpp' build argument 'cmake_force_configure' from command line to 'False'
[0.738s] Level 5:colcon.colcon_core.verb:set package 'pkg_cpp' build argument 'ament_cmake_args' from command line to 'None'
[0.738s] Level 5:colcon.colcon_core.verb:set package 'pkg_cpp' build argument 'catkin_cmake_args' from command line to 'None'
[0.738s] Level 5:colcon.colcon_core.verb:set package 'pkg_cpp' build argument 'catkin_skip_building_tests' from command line to 'False'
[0.738s] DEBUG:colcon.colcon_core.verb:Building package 'pkg_cpp' with the following arguments: {'ament_cmake_args': None, 'build_base': '/home/arielsulton/ros2_ws/build/pkg_cpp', 'catkin_cmake_args': None, 'catkin_skip_building_tests': False, 'cmake_args': None, 'cmake_clean_cache': False, 'cmake_clean_first': False, 'cmake_force_configure': False, 'cmake_target': None, 'cmake_target_skip_unavailable': False, 'install_base': '/home/arielsulton/ros2_ws/install/pkg_cpp', 'merge_install': False, 'path': '/home/arielsulton/ros2_ws/src/pkg_cpp', 'symlink_install': False, 'test_result_base': None}
[0.738s] Level 5:colcon.colcon_core.verb:set package 'pkg_cython' build argument 'cmake_args' from command line to 'None'
[0.738s] Level 5:colcon.colcon_core.verb:set package 'pkg_cython' build argument 'cmake_target' from command line to 'None'
[0.738s] Level 5:colcon.colcon_core.verb:set package 'pkg_cython' build argument 'cmake_target_skip_unavailable' from command line to 'False'
[0.738s] Level 5:colcon.colcon_core.verb:set package 'pkg_cython' build argument 'cmake_clean_cache' from command line to 'False'
[0.738s] Level 5:colcon.colcon_core.verb:set package 'pkg_cython' build argument 'cmake_clean_first' from command line to 'False'
[0.738s] Level 5:colcon.colcon_core.verb:set package 'pkg_cython' build argument 'cmake_force_configure' from command line to 'False'
[0.738s] Level 5:colcon.colcon_core.verb:set package 'pkg_cython' build argument 'ament_cmake_args' from command line to 'None'
[0.739s] Level 5:colcon.colcon_core.verb:set package 'pkg_cython' build argument 'catkin_cmake_args' from command line to 'None'
[0.739s] Level 5:colcon.colcon_core.verb:set package 'pkg_cython' build argument 'catkin_skip_building_tests' from command line to 'False'
[0.739s] DEBUG:colcon.colcon_core.verb:Building package 'pkg_cython' with the following arguments: {'ament_cmake_args': None, 'build_base': '/home/arielsulton/ros2_ws/build/pkg_cython', 'catkin_cmake_args': None, 'catkin_skip_building_tests': False, 'cmake_args': None, 'cmake_clean_cache': False, 'cmake_clean_first': False, 'cmake_force_configure': False, 'cmake_target': None, 'cmake_target_skip_unavailable': False, 'install_base': '/home/arielsulton/ros2_ws/install/pkg_cython', 'merge_install': False, 'path': '/home/arielsulton/ros2_ws/src/pkg_cython', 'symlink_install': False, 'test_result_base': None}
[0.739s] Level 5:colcon.colcon_core.verb:set package 'pkg_python' build argument 'cmake_args' from command line to 'None'
[0.739s] Level 5:colcon.colcon_core.verb:set package 'pkg_python' build argument 'cmake_target' from command line to 'None'
[0.739s] Level 5:colcon.colcon_core.verb:set package 'pkg_python' build argument 'cmake_target_skip_unavailable' from command line to 'False'
[0.739s] Level 5:colcon.colcon_core.verb:set package 'pkg_python' build argument 'cmake_clean_cache' from command line to 'False'
[0.739s] Level 5:colcon.colcon_core.verb:set package 'pkg_python' build argument 'cmake_clean_first' from command line to 'False'
[0.739s] Level 5:colcon.colcon_core.verb:set package 'pkg_python' build argument 'cmake_force_configure' from command line to 'False'
[0.739s] Level 5:colcon.colcon_core.verb:set package 'pkg_python' build argument 'ament_cmake_args' from command line to 'None'
[0.739s] Level 5:colcon.colcon_core.verb:set package 'pkg_python' build argument 'catkin_cmake_args' from command line to 'None'
[0.739s] Level 5:colcon.colcon_core.verb:set package 'pkg_python' build argument 'catkin_skip_building_tests' from command line to 'False'
[0.739s] DEBUG:colcon.colcon_core.verb:Building package 'pkg_python' with the following arguments: {'ament_cmake_args': None, 'build_base': '/home/arielsulton/ros2_ws/build/pkg_python', 'catkin_cmake_args': None, 'catkin_skip_building_tests': False, 'cmake_args': None, 'cmake_clean_cache': False, 'cmake_clean_first': False, 'cmake_force_configure': False, 'cmake_target': None, 'cmake_target_skip_unavailable': False, 'install_base': '/home/arielsulton/ros2_ws/install/pkg_python', 'merge_install': False, 'path': '/home/arielsulton/ros2_ws/src/pkg_python', 'symlink_install': False, 'test_result_base': None}
[0.739s] INFO:colcon.colcon_core.executor:Executing jobs using 'parallel' executor
[0.740s] DEBUG:colcon.colcon_parallel_executor.executor.parallel:run_until_complete
[0.740s] INFO:colcon.colcon_ros.task.ament_cmake.build:Building ROS package in '/home/arielsulton/ros2_ws/src/launcher' with build type 'ament_cmake'
[0.741s] INFO:colcon.colcon_cmake.task.cmake.build:Building CMake package in '/home/arielsulton/ros2_ws/src/launcher'
[0.744s] INFO:colcon.colcon_core.plugin_system:Skipping extension 'colcon_core.shell.bat': Not used on non-Windows systems
[0.745s] INFO:colcon.colcon_core.shell:Skip shell extension 'powershell' for command environment: Not usable outside of PowerShell
[0.745s] DEBUG:colcon.colcon_core.shell:Skip shell extension 'dsv' for command environment
[0.759s] INFO:colcon.colcon_ros.task.ament_cmake.build:Building ROS package in '/home/arielsulton/ros2_ws/src/pkg_cpp' with build type 'ament_cmake'
[0.759s] INFO:colcon.colcon_cmake.task.cmake.build:Building CMake package in '/home/arielsulton/ros2_ws/src/pkg_cpp'
[0.760s] INFO:colcon.colcon_core.shell:Skip shell extension 'powershell' for command environment: Not usable outside of PowerShell
[0.760s] DEBUG:colcon.colcon_core.shell:Skip shell extension 'dsv' for command environment
[0.765s] INFO:colcon.colcon_ros.task.ament_python.build:Building ROS package in '/home/arielsulton/ros2_ws/src/pkg_cython' with build type 'ament_python'
[0.766s] Level 1:colcon.colcon_core.shell:create_environment_hook('pkg_cython', 'ament_prefix_path')
[0.766s] INFO:colcon.colcon_core.shell:Creating environment hook '/home/arielsulton/ros2_ws/install/pkg_cython/share/pkg_cython/hook/ament_prefix_path.ps1'
[0.768s] INFO:colcon.colcon_core.shell:Creating environment descriptor '/home/arielsulton/ros2_ws/install/pkg_cython/share/pkg_cython/hook/ament_prefix_path.dsv'
[0.769s] INFO:colcon.colcon_core.shell:Creating environment hook '/home/arielsulton/ros2_ws/install/pkg_cython/share/pkg_cython/hook/ament_prefix_path.sh'
[0.771s] INFO:colcon.colcon_core.shell:Skip shell extension 'powershell' for command environment: Not usable outside of PowerShell
[0.771s] DEBUG:colcon.colcon_core.shell:Skip shell extension 'dsv' for command environment
[0.776s] INFO:colcon.colcon_ros.task.ament_python.build:Building ROS package in '/home/arielsulton/ros2_ws/src/pkg_python' with build type 'ament_python'
[0.776s] Level 1:colcon.colcon_core.shell:create_environment_hook('pkg_python', 'ament_prefix_path')
[0.777s] INFO:colcon.colcon_core.shell:Creating environment hook '/home/arielsulton/ros2_ws/install/pkg_python/share/pkg_python/hook/ament_prefix_path.ps1'
[0.779s] INFO:colcon.colcon_core.shell:Creating environment descriptor '/home/arielsulton/ros2_ws/install/pkg_python/share/pkg_python/hook/ament_prefix_path.dsv'
[0.780s] INFO:colcon.colcon_core.shell:Creating environment hook '/home/arielsulton/ros2_ws/install/pkg_python/share/pkg_python/hook/ament_prefix_path.sh'
[0.781s] INFO:colcon.colcon_core.shell:Skip shell extension 'powershell' for command environment: Not usable outside of PowerShell
[0.781s] DEBUG:colcon.colcon_core.shell:Skip shell extension 'dsv' for command environment
[0.795s] DEBUG:colcon.colcon_core.event_handler.log_command:Invoking command in '/home/arielsulton/ros2_ws/build/launcher': CMAKE_PREFIX_PATH=/opt/ros/foxy /usr/bin/cmake /home/arielsulton/ros2_ws/src/launcher -DCMAKE_INSTALL_PREFIX=/home/arielsulton/ros2_ws/install/launcher
[0.806s] DEBUG:colcon.colcon_core.event_handler.log_command:Invoking command in '/home/arielsulton/ros2_ws/build/pkg_cpp': CMAKE_PREFIX_PATH=/opt/ros/foxy /usr/bin/cmake /home/arielsulton/ros2_ws/src/pkg_cpp -DCMAKE_INSTALL_PREFIX=/home/arielsulton/ros2_ws/install/pkg_cpp
[1.975s] INFO:colcon.colcon_core.task.python.build:Building Python package in '/home/arielsulton/ros2_ws/src/pkg_cython'
[1.976s] INFO:colcon.colcon_core.shell:Skip shell extension 'powershell' for command environment: Not usable outside of PowerShell
[1.977s] DEBUG:colcon.colcon_core.shell:Skip shell extension 'dsv' for command environment
[2.469s] INFO:colcon.colcon_core.task.python.build:Building Python package in '/home/arielsulton/ros2_ws/src/pkg_python'
[2.470s] INFO:colcon.colcon_core.shell:Skip shell extension 'powershell' for command environment: Not usable outside of PowerShell
[2.470s] DEBUG:colcon.colcon_core.shell:Skip shell extension 'dsv' for command environment
[2.507s] DEBUG:colcon.colcon_core.event_handler.log_command:Invoked command in '/home/arielsulton/ros2_ws/build/launcher' returned '0': CMAKE_PREFIX_PATH=/opt/ros/foxy /usr/bin/cmake /home/arielsulton/ros2_ws/src/launcher -DCMAKE_INSTALL_PREFIX=/home/arielsulton/ros2_ws/install/launcher
[2.511s] DEBUG:colcon.colcon_core.event_handler.log_command:Invoking command in '/home/arielsulton/ros2_ws/build/launcher': CMAKE_PREFIX_PATH=/opt/ros/foxy /usr/bin/cmake --build /home/arielsulton/ros2_ws/build/launcher -- -j8 -l8
[2.543s] DEBUG:colcon.colcon_core.event_handler.log_command:Invoked command in '/home/arielsulton/ros2_ws/build/launcher' returned '0': CMAKE_PREFIX_PATH=/opt/ros/foxy /usr/bin/cmake --build /home/arielsulton/ros2_ws/build/launcher -- -j8 -l8
[2.562s] DEBUG:colcon.colcon_core.event_handler.log_command:Invoking command in '/home/arielsulton/ros2_ws/build/launcher': CMAKE_PREFIX_PATH=/opt/ros/foxy /usr/bin/cmake --install /home/arielsulton/ros2_ws/build/launcher
[2.577s] Level 1:colcon.colcon_core.environment:create_environment_scripts_only(launcher)
[2.579s] DEBUG:colcon.colcon_core.event_handler.log_command:Invoked command in '/home/arielsulton/ros2_ws/build/launcher' returned '0': CMAKE_PREFIX_PATH=/opt/ros/foxy /usr/bin/cmake --install /home/arielsulton/ros2_ws/build/launcher
[2.584s] Level 1:colcon.colcon_core.environment:checking '/home/arielsulton/ros2_ws/install/launcher' for CMake module files
[2.585s] Level 1:colcon.colcon_core.environment:checking '/home/arielsulton/ros2_ws/install/launcher' for CMake config files
[2.585s] Level 1:colcon.colcon_core.shell:create_environment_hook('launcher', 'cmake_prefix_path')
[2.586s] INFO:colcon.colcon_core.shell:Creating environment hook '/home/arielsulton/ros2_ws/install/launcher/share/launcher/hook/cmake_prefix_path.ps1'
[2.586s] INFO:colcon.colcon_core.shell:Creating environment descriptor '/home/arielsulton/ros2_ws/install/launcher/share/launcher/hook/cmake_prefix_path.dsv'
[2.587s] INFO:colcon.colcon_core.shell:Creating environment hook '/home/arielsulton/ros2_ws/install/launcher/share/launcher/hook/cmake_prefix_path.sh'
[2.588s] Level 1:colcon.colcon_core.environment:checking '/home/arielsulton/ros2_ws/install/launcher/bin'
[2.588s] Level 1:colcon.colcon_core.environment:checking '/home/arielsulton/ros2_ws/install/launcher/lib/pkgconfig/launcher.pc'
[2.588s] Level 1:colcon.colcon_core.environment:checking '/home/arielsulton/ros2_ws/install/launcher/lib/python3.8/site-packages'
[2.588s] Level 1:colcon.colcon_core.environment:checking '/home/arielsulton/ros2_ws/install/launcher/bin'
[2.589s] INFO:colcon.colcon_core.shell:Creating package script '/home/arielsulton/ros2_ws/install/launcher/share/launcher/package.ps1'
[2.590s] INFO:colcon.colcon_core.shell:Creating package descriptor '/home/arielsulton/ros2_ws/install/launcher/share/launcher/package.dsv'
[2.591s] INFO:colcon.colcon_core.shell:Creating package script '/home/arielsulton/ros2_ws/install/launcher/share/launcher/package.sh'
[2.592s] INFO:colcon.colcon_core.shell:Creating package script '/home/arielsulton/ros2_ws/install/launcher/share/launcher/package.bash'
[2.594s] INFO:colcon.colcon_core.shell:Creating package script '/home/arielsulton/ros2_ws/install/launcher/share/launcher/package.zsh'
[2.595s] Level 1:colcon.colcon_core.environment:create_file_with_runtime_dependencies(/home/arielsulton/ros2_ws/install/launcher/share/colcon-core/packages/launcher)
[2.596s] Level 1:colcon.colcon_core.environment:create_environment_scripts_only(launcher)
[2.596s] Level 1:colcon.colcon_core.environment:checking '/home/arielsulton/ros2_ws/install/launcher' for CMake module files
[2.597s] Level 1:colcon.colcon_core.environment:checking '/home/arielsulton/ros2_ws/install/launcher' for CMake config files
[2.597s] Level 1:colcon.colcon_core.shell:create_environment_hook('launcher', 'cmake_prefix_path')
[2.598s] INFO:colcon.colcon_core.shell:Creating environment hook '/home/arielsulton/ros2_ws/install/launcher/share/launcher/hook/cmake_prefix_path.ps1'
[2.598s] INFO:colcon.colcon_core.shell:Creating environment descriptor '/home/arielsulton/ros2_ws/install/launcher/share/launcher/hook/cmake_prefix_path.dsv'
[2.599s] INFO:colcon.colcon_core.shell:Creating environment hook '/home/arielsulton/ros2_ws/install/launcher/share/launcher/hook/cmake_prefix_path.sh'
[2.600s] Level 1:colcon.colcon_core.environment:checking '/home/arielsulton/ros2_ws/install/launcher/bin'
[2.600s] Level 1:colcon.colcon_core.environment:checking '/home/arielsulton/ros2_ws/install/launcher/lib/pkgconfig/launcher.pc'
[2.600s] Level 1:colcon.colcon_core.environment:checking '/home/arielsulton/ros2_ws/install/launcher/lib/python3.8/site-packages'
[2.600s] Level 1:colcon.colcon_core.environment:checking '/home/arielsulton/ros2_ws/install/launcher/bin'
[2.601s] INFO:colcon.colcon_core.shell:Creating package script '/home/arielsulton/ros2_ws/install/launcher/share/launcher/package.ps1'
[2.602s] INFO:colcon.colcon_core.shell:Creating package descriptor '/home/arielsulton/ros2_ws/install/launcher/share/launcher/package.dsv'
[2.603s] INFO:colcon.colcon_core.shell:Creating package script '/home/arielsulton/ros2_ws/install/launcher/share/launcher/package.sh'
[2.603s] INFO:colcon.colcon_core.shell:Creating package script '/home/arielsulton/ros2_ws/install/launcher/share/launcher/package.bash'
[2.604s] INFO:colcon.colcon_core.shell:Creating package script '/home/arielsulton/ros2_ws/install/launcher/share/launcher/package.zsh'
[2.604s] Level 1:colcon.colcon_core.environment:create_file_with_runtime_dependencies(/home/arielsulton/ros2_ws/install/launcher/share/colcon-core/packages/launcher)
[3.323s] DEBUG:colcon.colcon_core.event_handler.log_command:Invoked command in '/home/arielsulton/ros2_ws/build/pkg_cpp' returned '0': CMAKE_PREFIX_PATH=/opt/ros/foxy /usr/bin/cmake /home/arielsulton/ros2_ws/src/pkg_cpp -DCMAKE_INSTALL_PREFIX=/home/arielsulton/ros2_ws/install/pkg_cpp
[3.325s] DEBUG:colcon.colcon_core.event_handler.log_command:Invoking command in '/home/arielsulton/ros2_ws/build/pkg_cpp': CMAKE_PREFIX_PATH=/opt/ros/foxy /usr/bin/cmake --build /home/arielsulton/ros2_ws/build/pkg_cpp -- -j8 -l8
[4.720s] DEBUG:colcon.colcon_core.event_handler.log_command:Invoking command in '/home/arielsulton/ros2_ws/src/pkg_python': PYTHONPATH=/home/arielsulton/ros2_ws/build/pkg_python/prefix_override:/usr/lib/python3/dist-packages/colcon_core/task/python/colcon_distutils_commands:/home/arielsulton/ros2_ws/install/pkg_python/lib/python3.8/site-packages:${PYTHONPATH} /usr/bin/python3 -W ignore:setup.py install is deprecated -W ignore:easy_install command is deprecated setup.py egg_info --egg-base ../../build/pkg_python build --build-base /home/arielsulton/ros2_ws/build/pkg_python/build install --record /home/arielsulton/ros2_ws/build/pkg_python/install.log --single-version-externally-managed install_data
[5.183s] DEBUG:colcon.colcon_core.event_handler.log_command:Invoking command in '/home/arielsulton/ros2_ws/src/pkg_cython': PYTHONPATH=/home/arielsulton/ros2_ws/build/pkg_cython/prefix_override:/usr/lib/python3/dist-packages/colcon_core/task/python/colcon_distutils_commands:/home/arielsulton/ros2_ws/install/pkg_cython/lib/python3.8/site-packages:${PYTHONPATH} /usr/bin/python3 -W ignore:setup.py install is deprecated -W ignore:easy_install command is deprecated setup.py egg_info --egg-base ../../build/pkg_cython build --build-base /home/arielsulton/ros2_ws/build/pkg_cython/build install --record /home/arielsulton/ros2_ws/build/pkg_cython/install.log --single-version-externally-managed install_data
[6.735s] Level 1:colcon.colcon_core.environment:checking '/home/arielsulton/ros2_ws/install/pkg_python' for CMake module files
[6.736s] DEBUG:colcon.colcon_core.event_handler.log_command:Invoked command in '/home/arielsulton/ros2_ws/src/pkg_python' returned '0': PYTHONPATH=/home/arielsulton/ros2_ws/build/pkg_python/prefix_override:/usr/lib/python3/dist-packages/colcon_core/task/python/colcon_distutils_commands:/home/arielsulton/ros2_ws/install/pkg_python/lib/python3.8/site-packages:${PYTHONPATH} /usr/bin/python3 -W ignore:setup.py install is deprecated -W ignore:easy_install command is deprecated setup.py egg_info --egg-base ../../build/pkg_python build --build-base /home/arielsulton/ros2_ws/build/pkg_python/build install --record /home/arielsulton/ros2_ws/build/pkg_python/install.log --single-version-externally-managed install_data
[6.737s] Level 1:colcon.colcon_core.environment:checking '/home/arielsulton/ros2_ws/install/pkg_python' for CMake config files
[6.738s] Level 1:colcon.colcon_core.environment:checking '/home/arielsulton/ros2_ws/install/pkg_python/lib'
[6.738s] Level 1:colcon.colcon_core.environment:checking '/home/arielsulton/ros2_ws/install/pkg_python/bin'
[6.738s] Level 1:colcon.colcon_core.environment:checking '/home/arielsulton/ros2_ws/install/pkg_python/lib/pkgconfig/pkg_python.pc'
[6.738s] Level 1:colcon.colcon_core.environment:checking '/home/arielsulton/ros2_ws/install/pkg_python/lib/python3.8/site-packages'
[6.738s] Level 1:colcon.colcon_core.shell:create_environment_hook('pkg_python', 'pythonpath')
[6.739s] INFO:colcon.colcon_core.shell:Creating environment hook '/home/arielsulton/ros2_ws/install/pkg_python/share/pkg_python/hook/pythonpath.ps1'
[6.739s] INFO:colcon.colcon_core.shell:Creating environment descriptor '/home/arielsulton/ros2_ws/install/pkg_python/share/pkg_python/hook/pythonpath.dsv'
[6.740s] INFO:colcon.colcon_core.shell:Creating environment hook '/home/arielsulton/ros2_ws/install/pkg_python/share/pkg_python/hook/pythonpath.sh'
[6.740s] Level 1:colcon.colcon_core.environment:checking '/home/arielsulton/ros2_ws/install/pkg_python/bin'
[6.741s] Level 1:colcon.colcon_core.environment:create_environment_scripts_only(pkg_python)
[6.741s] INFO:colcon.colcon_core.shell:Creating package script '/home/arielsulton/ros2_ws/install/pkg_python/share/pkg_python/package.ps1'
[6.742s] INFO:colcon.colcon_core.shell:Creating package descriptor '/home/arielsulton/ros2_ws/install/pkg_python/share/pkg_python/package.dsv'
[6.742s] INFO:colcon.colcon_core.shell:Creating package script '/home/arielsulton/ros2_ws/install/pkg_python/share/pkg_python/package.sh'
[6.743s] INFO:colcon.colcon_core.shell:Creating package script '/home/arielsulton/ros2_ws/install/pkg_python/share/pkg_python/package.bash'
[6.743s] INFO:colcon.colcon_core.shell:Creating package script '/home/arielsulton/ros2_ws/install/pkg_python/share/pkg_python/package.zsh'
[6.743s] Level 1:colcon.colcon_core.environment:create_file_with_runtime_dependencies(/home/arielsulton/ros2_ws/install/pkg_python/share/colcon-core/packages/pkg_python)
[11.091s] DEBUG:colcon.colcon_core.event_handler.log_command:Invoked command in '/home/arielsulton/ros2_ws/build/pkg_cpp' returned '0': CMAKE_PREFIX_PATH=/opt/ros/foxy /usr/bin/cmake --build /home/arielsulton/ros2_ws/build/pkg_cpp -- -j8 -l8
[11.094s] DEBUG:colcon.colcon_core.event_handler.log_command:Invoking command in '/home/arielsulton/ros2_ws/build/pkg_cpp': CMAKE_PREFIX_PATH=/opt/ros/foxy /usr/bin/cmake --install /home/arielsulton/ros2_ws/build/pkg_cpp
[11.114s] Level 1:colcon.colcon_core.environment:create_environment_scripts_only(pkg_cpp)
[11.115s] Level 1:colcon.colcon_core.environment:checking '/home/arielsulton/ros2_ws/install/pkg_cpp' for CMake module files
[11.116s] DEBUG:colcon.colcon_core.event_handler.log_command:Invoked command in '/home/arielsulton/ros2_ws/build/pkg_cpp' returned '0': CMAKE_PREFIX_PATH=/opt/ros/foxy /usr/bin/cmake --install /home/arielsulton/ros2_ws/build/pkg_cpp
[11.116s] Level 1:colcon.colcon_core.environment:checking '/home/arielsulton/ros2_ws/install/pkg_cpp' for CMake config files
[11.117s] Level 1:colcon.colcon_core.shell:create_environment_hook('pkg_cpp', 'cmake_prefix_path')
[11.117s] INFO:colcon.colcon_core.shell:Creating environment hook '/home/arielsulton/ros2_ws/install/pkg_cpp/share/pkg_cpp/hook/cmake_prefix_path.ps1'
[11.118s] INFO:colcon.colcon_core.shell:Creating environment descriptor '/home/arielsulton/ros2_ws/install/pkg_cpp/share/pkg_cpp/hook/cmake_prefix_path.dsv'
[11.119s] INFO:colcon.colcon_core.shell:Creating environment hook '/home/arielsulton/ros2_ws/install/pkg_cpp/share/pkg_cpp/hook/cmake_prefix_path.sh'
[11.120s] Level 1:colcon.colcon_core.environment:checking '/home/arielsulton/ros2_ws/install/pkg_cpp/lib'
[11.120s] Level 1:colcon.colcon_core.environment:checking '/home/arielsulton/ros2_ws/install/pkg_cpp/bin'
[11.120s] Level 1:colcon.colcon_core.environment:checking '/home/arielsulton/ros2_ws/install/pkg_cpp/lib/pkgconfig/pkg_cpp.pc'
[11.120s] Level 1:colcon.colcon_core.environment:checking '/home/arielsulton/ros2_ws/install/pkg_cpp/lib/python3.8/site-packages'
[11.121s] Level 1:colcon.colcon_core.environment:checking '/home/arielsulton/ros2_ws/install/pkg_cpp/bin'
[11.121s] INFO:colcon.colcon_core.shell:Creating package script '/home/arielsulton/ros2_ws/install/pkg_cpp/share/pkg_cpp/package.ps1'
[11.122s] INFO:colcon.colcon_core.shell:Creating package descriptor '/home/arielsulton/ros2_ws/install/pkg_cpp/share/pkg_cpp/package.dsv'
[11.123s] INFO:colcon.colcon_core.shell:Creating package script '/home/arielsulton/ros2_ws/install/pkg_cpp/share/pkg_cpp/package.sh'
[11.123s] INFO:colcon.colcon_core.shell:Creating package script '/home/arielsulton/ros2_ws/install/pkg_cpp/share/pkg_cpp/package.bash'
[11.124s] INFO:colcon.colcon_core.shell:Creating package script '/home/arielsulton/ros2_ws/install/pkg_cpp/share/pkg_cpp/package.zsh'
[11.124s] Level 1:colcon.colcon_core.environment:create_file_with_runtime_dependencies(/home/arielsulton/ros2_ws/install/pkg_cpp/share/colcon-core/packages/pkg_cpp)
[11.125s] Level 1:colcon.colcon_core.environment:create_environment_scripts_only(pkg_cpp)
[11.126s] Level 1:colcon.colcon_core.environment:checking '/home/arielsulton/ros2_ws/install/pkg_cpp' for CMake module files
[11.126s] Level 1:colcon.colcon_core.environment:checking '/home/arielsulton/ros2_ws/install/pkg_cpp' for CMake config files
[11.127s] Level 1:colcon.colcon_core.shell:create_environment_hook('pkg_cpp', 'cmake_prefix_path')
[11.127s] INFO:colcon.colcon_core.shell:Creating environment hook '/home/arielsulton/ros2_ws/install/pkg_cpp/share/pkg_cpp/hook/cmake_prefix_path.ps1'
[11.127s] INFO:colcon.colcon_core.shell:Creating environment descriptor '/home/arielsulton/ros2_ws/install/pkg_cpp/share/pkg_cpp/hook/cmake_prefix_path.dsv'
[11.128s] INFO:colcon.colcon_core.shell:Creating environment hook '/home/arielsulton/ros2_ws/install/pkg_cpp/share/pkg_cpp/hook/cmake_prefix_path.sh'
[11.128s] Level 1:colcon.colcon_core.environment:checking '/home/arielsulton/ros2_ws/install/pkg_cpp/lib'
[11.129s] Level 1:colcon.colcon_core.environment:checking '/home/arielsulton/ros2_ws/install/pkg_cpp/bin'
[11.129s] Level 1:colcon.colcon_core.environment:checking '/home/arielsulton/ros2_ws/install/pkg_cpp/lib/pkgconfig/pkg_cpp.pc'
[11.129s] Level 1:colcon.colcon_core.environment:checking '/home/arielsulton/ros2_ws/install/pkg_cpp/lib/python3.8/site-packages'
[11.129s] Level 1:colcon.colcon_core.environment:checking '/home/arielsulton/ros2_ws/install/pkg_cpp/bin'
[11.129s] INFO:colcon.colcon_core.shell:Creating package script '/home/arielsulton/ros2_ws/install/pkg_cpp/share/pkg_cpp/package.ps1'
[11.130s] INFO:colcon.colcon_core.shell:Creating package descriptor '/home/arielsulton/ros2_ws/install/pkg_cpp/share/pkg_cpp/package.dsv'
[11.131s] INFO:colcon.colcon_core.shell:Creating package script '/home/arielsulton/ros2_ws/install/pkg_cpp/share/pkg_cpp/package.sh'
[11.131s] INFO:colcon.colcon_core.shell:Creating package script '/home/arielsulton/ros2_ws/install/pkg_cpp/share/pkg_cpp/package.bash'
[11.132s] INFO:colcon.colcon_core.shell:Creating package script '/home/arielsulton/ros2_ws/install/pkg_cpp/share/pkg_cpp/package.zsh'
[11.133s] Level 1:colcon.colcon_core.environment:create_file_with_runtime_dependencies(/home/arielsulton/ros2_ws/install/pkg_cpp/share/colcon-core/packages/pkg_cpp)
[11.325s] Level 1:colcon.colcon_core.environment:checking '/home/arielsulton/ros2_ws/install/pkg_cython' for CMake module files
[11.325s] DEBUG:colcon.colcon_core.event_handler.log_command:Invoked command in '/home/arielsulton/ros2_ws/src/pkg_cython' returned '0': PYTHONPATH=/home/arielsulton/ros2_ws/build/pkg_cython/prefix_override:/usr/lib/python3/dist-packages/colcon_core/task/python/colcon_distutils_commands:/home/arielsulton/ros2_ws/install/pkg_cython/lib/python3.8/site-packages:${PYTHONPATH} /usr/bin/python3 -W ignore:setup.py install is deprecated -W ignore:easy_install command is deprecated setup.py egg_info --egg-base ../../build/pkg_cython build --build-base /home/arielsulton/ros2_ws/build/pkg_cython/build install --record /home/arielsulton/ros2_ws/build/pkg_cython/install.log --single-version-externally-managed install_data
[11.326s] Level 1:colcon.colcon_core.environment:checking '/home/arielsulton/ros2_ws/install/pkg_cython' for CMake config files
[11.326s] Level 1:colcon.colcon_core.environment:checking '/home/arielsulton/ros2_ws/install/pkg_cython/lib'
[11.327s] Level 1:colcon.colcon_core.environment:checking '/home/arielsulton/ros2_ws/install/pkg_cython/bin'
[11.327s] Level 1:colcon.colcon_core.environment:checking '/home/arielsulton/ros2_ws/install/pkg_cython/lib/pkgconfig/pkg_cython.pc'
[11.327s] Level 1:colcon.colcon_core.environment:checking '/home/arielsulton/ros2_ws/install/pkg_cython/lib/python3.8/site-packages'
[11.327s] Level 1:colcon.colcon_core.shell:create_environment_hook('pkg_cython', 'pythonpath')
[11.327s] INFO:colcon.colcon_core.shell:Creating environment hook '/home/arielsulton/ros2_ws/install/pkg_cython/share/pkg_cython/hook/pythonpath.ps1'
[11.328s] INFO:colcon.colcon_core.shell:Creating environment descriptor '/home/arielsulton/ros2_ws/install/pkg_cython/share/pkg_cython/hook/pythonpath.dsv'
[11.328s] INFO:colcon.colcon_core.shell:Creating environment hook '/home/arielsulton/ros2_ws/install/pkg_cython/share/pkg_cython/hook/pythonpath.sh'
[11.329s] Level 1:colcon.colcon_core.environment:checking '/home/arielsulton/ros2_ws/install/pkg_cython/bin'
[11.329s] Level 1:colcon.colcon_core.environment:create_environment_scripts_only(pkg_cython)
[11.329s] INFO:colcon.colcon_core.shell:Creating package script '/home/arielsulton/ros2_ws/install/pkg_cython/share/pkg_cython/package.ps1'
[11.330s] INFO:colcon.colcon_core.shell:Creating package descriptor '/home/arielsulton/ros2_ws/install/pkg_cython/share/pkg_cython/package.dsv'
[11.330s] INFO:colcon.colcon_core.shell:Creating package script '/home/arielsulton/ros2_ws/install/pkg_cython/share/pkg_cython/package.sh'
[11.331s] INFO:colcon.colcon_core.shell:Creating package script '/home/arielsulton/ros2_ws/install/pkg_cython/share/pkg_cython/package.bash'
[11.331s] INFO:colcon.colcon_core.shell:Creating package script '/home/arielsulton/ros2_ws/install/pkg_cython/share/pkg_cython/package.zsh'
[11.331s] Level 1:colcon.colcon_core.environment:create_file_with_runtime_dependencies(/home/arielsulton/ros2_ws/install/pkg_cython/share/colcon-core/packages/pkg_cython)
[11.332s] DEBUG:colcon.colcon_parallel_executor.executor.parallel:closing loop
[11.332s] DEBUG:colcon.colcon_parallel_executor.executor.parallel:loop closed
[11.332s] DEBUG:colcon.colcon_parallel_executor.executor.parallel:run_until_complete finished with '0'
[11.333s] DEBUG:colcon.colcon_core.event_reactor:joining thread
[11.344s] INFO:colcon.colcon_core.plugin_system:Skipping extension 'colcon_notification.desktop_notification.terminal_notifier': Not used on non-Darwin systems
[11.344s] INFO:colcon.colcon_core.plugin_system:Skipping extension 'colcon_notification.desktop_notification.win32': Not used on non-Windows systems
[11.344s] INFO:colcon.colcon_notification.desktop_notification:Sending desktop notification using 'notify2'
[11.356s] DEBUG:colcon.colcon_core.event_reactor:joined thread
[11.356s] INFO:colcon.colcon_core.shell:Creating prefix script '/home/arielsulton/ros2_ws/install/local_setup.ps1'
[11.357s] INFO:colcon.colcon_core.shell:Creating prefix util module '/home/arielsulton/ros2_ws/install/_local_setup_util_ps1.py'
[11.360s] INFO:colcon.colcon_core.shell:Creating prefix chain script '/home/arielsulton/ros2_ws/install/setup.ps1'
[11.361s] INFO:colcon.colcon_core.shell:Creating prefix script '/home/arielsulton/ros2_ws/install/local_setup.sh'
[11.362s] INFO:colcon.colcon_core.shell:Creating prefix util module '/home/arielsulton/ros2_ws/install/_local_setup_util_sh.py'
[11.363s] INFO:colcon.colcon_core.shell:Creating prefix chain script '/home/arielsulton/ros2_ws/install/setup.sh'
[11.365s] INFO:colcon.colcon_core.shell:Creating prefix script '/home/arielsulton/ros2_ws/install/local_setup.bash'
[11.366s] INFO:colcon.colcon_core.shell:Creating prefix chain script '/home/arielsulton/ros2_ws/install/setup.bash'
[11.367s] INFO:colcon.colcon_core.shell:Creating prefix script '/home/arielsulton/ros2_ws/install/local_setup.zsh'
[11.368s] INFO:colcon.colcon_core.shell:Creating prefix chain script '/home/arielsulton/ros2_ws/install/setup.zsh'
