[0.045s] Invoking command in '/home/arielsulton/ros2_ws/build/pkg_cpp': CMAKE_PREFIX_PATH=/opt/ros/foxy /usr/bin/cmake /home/arielsulton/ros2_ws/src/pkg_cpp -DCMAKE_INSTALL_PREFIX=/home/arielsulton/ros2_ws/install/pkg_cpp
[1.721s] -- The C compiler identification is GNU 9.4.0
[1.721s] -- The CXX compiler identification is GNU 9.4.0
[1.721s] -- Check for working C compiler: /usr/bin/cc
[1.721s] -- Check for working C compiler: /usr/bin/cc -- works
[1.722s] -- Detecting C compiler ABI info
[1.722s] -- Detecting C compiler ABI info - done
[1.723s] -- Detecting C compile features
[1.723s] -- Detecting C compile features - done
[1.724s] -- Check for working CXX compiler: /usr/bin/c++
[1.724s] -- Check for working CXX compiler: /usr/bin/c++ -- works
[1.724s] -- Detecting CXX compiler ABI info
[1.727s] -- Detecting CXX compiler ABI info - done
[1.728s] -- Detecting CXX compile features
[1.728s] -- Detecting CXX compile features - done
[1.728s] -- Found ament_cmake: 0.9.12 (/opt/ros/foxy/share/ament_cmake/cmake)
[1.728s] -- Found PythonInterp: /usr/bin/python3 (found suitable version "3.8.10", minimum required is "3") 
[1.728s] -- Using PYTHON_EXECUTABLE: /usr/bin/python3
[1.728s] -- Found rclcpp: 2.4.3 (/opt/ros/foxy/share/rclcpp/cmake)
[1.728s] -- Using all available rosidl_typesupport_c: rosidl_typesupport_fastrtps_c;rosidl_typesupport_introspection_c
[1.728s] -- Found rosidl_adapter: 1.3.1 (/opt/ros/foxy/share/rosidl_adapter/cmake)
[1.728s] -- Found OpenSSL: /usr/lib/x86_64-linux-gnu/libcrypto.so (found version "1.1.1f")  
[1.728s] -- Found FastRTPS: /opt/ros/foxy/include  
[1.729s] -- Using all available rosidl_typesupport_cpp: rosidl_typesupport_fastrtps_cpp;rosidl_typesupport_introspection_cpp
[1.752s] -- Found rmw_implementation_cmake: 1.0.4 (/opt/ros/foxy/share/rmw_implementation_cmake/cmake)
[1.752s] -- Using RMW implementation 'rmw_fastrtps_cpp' as default
[1.752s] -- Looking for pthread.h
[1.841s] -- Looking for pthread.h - found
[1.842s] -- Performing Test CMAKE_HAVE_LIBC_PTHREAD
[1.936s] -- Performing Test CMAKE_HAVE_LIBC_PTHREAD - Failed
[1.936s] -- Looking for pthread_create in pthreads
[2.007s] -- Looking for pthread_create in pthreads - not found
[2.007s] -- Looking for pthread_create in pthread
[2.089s] -- Looking for pthread_create in pthread - found
[2.090s] -- Found Threads: TRUE  
[2.333s] -- Found ament_lint_auto: 0.9.8 (/opt/ros/foxy/share/ament_lint_auto/cmake)
[2.472s] -- Added test 'cppcheck' to perform static code analysis on C / C++ code
[2.473s] -- Configured cppcheck include dirs: 
[2.473s] -- Configured cppcheck exclude dirs and/or files: 
[2.475s] -- Added test 'cpplint' to check C / C++ code against the Google style
[2.476s] -- Configured cpplint exclude dirs and/or files: 
[2.477s] -- Added test 'lint_cmake' to check CMake code style
[2.480s] -- Added test 'uncrustify' to check C / C++ code style
[2.480s] -- Configured uncrustify additional arguments: 
[2.482s] -- Added test 'xmllint' to check XML markup files
[2.489s] -- Configuring done
[2.524s] -- Generating done
[2.541s] -- Build files have been written to: /home/arielsulton/ros2_ws/build/pkg_cpp
[2.563s] Invoked command in '/home/arielsulton/ros2_ws/build/pkg_cpp' returned '0': CMAKE_PREFIX_PATH=/opt/ros/foxy /usr/bin/cmake /home/arielsulton/ros2_ws/src/pkg_cpp -DCMAKE_INSTALL_PREFIX=/home/arielsulton/ros2_ws/install/pkg_cpp
[2.564s] Invoking command in '/home/arielsulton/ros2_ws/build/pkg_cpp': CMAKE_PREFIX_PATH=/opt/ros/foxy /usr/bin/cmake --build /home/arielsulton/ros2_ws/build/pkg_cpp -- -j8 -l8
[2.667s] [35m[1mScanning dependencies of target subs_cpp[0m
[2.669s] [35m[1mScanning dependencies of target pubs_cpp[0m
[2.759s] [ 25%] [32mBuilding CXX object CMakeFiles/subs_cpp.dir/src/subs_cpp.cpp.o[0m
[2.776s] [ 50%] [32mBuilding CXX object CMakeFiles/pubs_cpp.dir/src/pubs_cpp.cpp.o[0m
[7.482s] [ 75%] [32m[1mLinking CXX executable pubs_cpp[0m
[7.747s] [ 75%] Built target pubs_cpp
[10.010s] [100%] [32m[1mLinking CXX executable subs_cpp[0m
[10.317s] [100%] Built target subs_cpp
[10.331s] Invoked command in '/home/arielsulton/ros2_ws/build/pkg_cpp' returned '0': CMAKE_PREFIX_PATH=/opt/ros/foxy /usr/bin/cmake --build /home/arielsulton/ros2_ws/build/pkg_cpp -- -j8 -l8
[10.334s] Invoking command in '/home/arielsulton/ros2_ws/build/pkg_cpp': CMAKE_PREFIX_PATH=/opt/ros/foxy /usr/bin/cmake --install /home/arielsulton/ros2_ws/build/pkg_cpp
[10.344s] -- Install configuration: ""
[10.344s] -- Installing: /home/arielsulton/ros2_ws/install/pkg_cpp/lib/pkg_cpp/pubs_cpp
[10.346s] -- Set runtime path of "/home/arielsulton/ros2_ws/install/pkg_cpp/lib/pkg_cpp/pubs_cpp" to ""
[10.346s] -- Installing: /home/arielsulton/ros2_ws/install/pkg_cpp/lib/pkg_cpp/subs_cpp
[10.348s] -- Set runtime path of "/home/arielsulton/ros2_ws/install/pkg_cpp/lib/pkg_cpp/subs_cpp" to ""
[10.349s] -- Installing: /home/arielsulton/ros2_ws/install/pkg_cpp/share/ament_index/resource_index/package_run_dependencies/pkg_cpp
[10.349s] -- Installing: /home/arielsulton/ros2_ws/install/pkg_cpp/share/ament_index/resource_index/parent_prefix_path/pkg_cpp
[10.349s] -- Installing: /home/arielsulton/ros2_ws/install/pkg_cpp/share/pkg_cpp/environment/ament_prefix_path.sh
[10.349s] -- Installing: /home/arielsulton/ros2_ws/install/pkg_cpp/share/pkg_cpp/environment/ament_prefix_path.dsv
[10.350s] -- Installing: /home/arielsulton/ros2_ws/install/pkg_cpp/share/pkg_cpp/environment/path.sh
[10.350s] -- Installing: /home/arielsulton/ros2_ws/install/pkg_cpp/share/pkg_cpp/environment/path.dsv
[10.350s] -- Installing: /home/arielsulton/ros2_ws/install/pkg_cpp/share/pkg_cpp/local_setup.bash
[10.350s] -- Installing: /home/arielsulton/ros2_ws/install/pkg_cpp/share/pkg_cpp/local_setup.sh
[10.351s] -- Installing: /home/arielsulton/ros2_ws/install/pkg_cpp/share/pkg_cpp/local_setup.zsh
[10.351s] -- Installing: /home/arielsulton/ros2_ws/install/pkg_cpp/share/pkg_cpp/local_setup.dsv
[10.351s] -- Installing: /home/arielsulton/ros2_ws/install/pkg_cpp/share/pkg_cpp/package.dsv
[10.351s] -- Installing: /home/arielsulton/ros2_ws/install/pkg_cpp/share/ament_index/resource_index/packages/pkg_cpp
[10.351s] -- Installing: /home/arielsulton/ros2_ws/install/pkg_cpp/share/pkg_cpp/cmake/pkg_cppConfig.cmake
[10.351s] -- Installing: /home/arielsulton/ros2_ws/install/pkg_cpp/share/pkg_cpp/cmake/pkg_cppConfig-version.cmake
[10.352s] -- Installing: /home/arielsulton/ros2_ws/install/pkg_cpp/share/pkg_cpp/package.xml
[10.355s] Invoked command in '/home/arielsulton/ros2_ws/build/pkg_cpp' returned '0': CMAKE_PREFIX_PATH=/opt/ros/foxy /usr/bin/cmake --install /home/arielsulton/ros2_ws/build/pkg_cpp
