[2.535s] Invoking command in '/home/arielsulton/ros2_ws/src/pkg_python': PYTHONPATH=/home/arielsulton/ros2_ws/build/pkg_python/prefix_override:/usr/lib/python3/dist-packages/colcon_core/task/python/colcon_distutils_commands:/home/arielsulton/ros2_ws/install/pkg_python/lib/python3.8/site-packages:${PYTHONPATH} /usr/bin/python3 -W ignore:setup.py install is deprecated -W ignore:easy_install command is deprecated setup.py egg_info --egg-base ../../build/pkg_python build --build-base /home/arielsulton/ros2_ws/build/pkg_python/build install --record /home/arielsulton/ros2_ws/build/pkg_python/install.log --single-version-externally-managed install_data
[3.073s] running egg_info
[3.258s] writing ../../build/pkg_python/pkg_python.egg-info/PKG-INFO
[3.258s] writing dependency_links to ../../build/pkg_python/pkg_python.egg-info/dependency_links.txt
[3.259s] writing entry points to ../../build/pkg_python/pkg_python.egg-info/entry_points.txt
[3.259s] writing requirements to ../../build/pkg_python/pkg_python.egg-info/requires.txt
[3.259s] writing top-level names to ../../build/pkg_python/pkg_python.egg-info/top_level.txt
[3.498s] writing manifest file '../../build/pkg_python/pkg_python.egg-info/SOURCES.txt'
[3.498s] running build
[3.498s] running build_py
[3.498s] copying pkg_python/__init__.py -> /home/arielsulton/ros2_ws/build/pkg_python/build/lib/pkg_python
[3.499s] copying pkg_python/pubs_py.py -> /home/arielsulton/ros2_ws/build/pkg_python/build/lib/pkg_python
[3.499s] copying pkg_python/subs_py.py -> /home/arielsulton/ros2_ws/build/pkg_python/build/lib/pkg_python
[3.499s] running install
[3.507s] running install_lib
[3.562s] copying /home/arielsulton/ros2_ws/build/pkg_python/build/lib/pkg_python/subs_py.py -> /home/arielsulton/ros2_ws/install/pkg_python/lib/python3.8/site-packages/pkg_python
[3.563s] byte-compiling /home/arielsulton/ros2_ws/install/pkg_python/lib/python3.8/site-packages/pkg_python/subs_py.py to subs_py.cpython-38.pyc
[3.564s] running install_data
[3.565s] copying resource/pkg_python -> /home/arielsulton/ros2_ws/install/pkg_python/share/ament_index/resource_index/packages
[3.566s] copying package.xml -> /home/arielsulton/ros2_ws/install/pkg_python/share/pkg_python
[3.566s] running install_egg_info
[3.606s] removing '/home/arielsulton/ros2_ws/install/pkg_python/lib/python3.8/site-packages/pkg_python-0.0.0-py3.8.egg-info' (and everything under it)
[3.606s] Copying ../../build/pkg_python/pkg_python.egg-info to /home/arielsulton/ros2_ws/install/pkg_python/lib/python3.8/site-packages/pkg_python-0.0.0-py3.8.egg-info
[3.608s] running install_scripts
[3.687s] Installing pubs_py script to /home/arielsulton/ros2_ws/install/pkg_python/lib/pkg_python
[3.687s] Installing subs_py script to /home/arielsulton/ros2_ws/install/pkg_python/lib/pkg_python
[3.688s] writing list of installed files to '/home/arielsulton/ros2_ws/build/pkg_python/install.log'
[3.731s] Invoked command in '/home/arielsulton/ros2_ws/src/pkg_python' returned '0': PYTHONPATH=/home/arielsulton/ros2_ws/build/pkg_python/prefix_override:/usr/lib/python3/dist-packages/colcon_core/task/python/colcon_distutils_commands:/home/arielsulton/ros2_ws/install/pkg_python/lib/python3.8/site-packages:${PYTHONPATH} /usr/bin/python3 -W ignore:setup.py install is deprecated -W ignore:easy_install command is deprecated setup.py egg_info --egg-base ../../build/pkg_python build --build-base /home/arielsulton/ros2_ws/build/pkg_python/build install --record /home/arielsulton/ros2_ws/build/pkg_python/install.log --single-version-externally-managed install_data
