[0.045s] Invoking command in '/home/arielsulton/ros2_ws/build/launcher': CMAKE_PREFIX_PATH=${CMAKE_PREFIX_PATH}:/home/arielsulton/ros2_ws/install/pkg_python:/home/arielsulton/ros2_ws/install/pkg_cython:/opt/ros/foxy /usr/bin/cmake --build /home/arielsulton/ros2_ws/build/launcher -- -j8 -l8
[1.738s] -- Found ament_cmake: 0.9.12 (/opt/ros/foxy/share/ament_cmake/cmake)
[1.740s] -- Using PYTHON_EXECUTABLE: /usr/bin/python3
[1.741s] -- Found ament_lint_auto: 0.9.8 (/opt/ros/foxy/share/ament_lint_auto/cmake)
[1.742s] -- Added test 'flake8' to check Python code syntax and style conventions
[1.742s] -- Added test 'lint_cmake' to check CMake code style
[1.743s] -- Added test 'pep257' to check Python code against some of the style conventions in PEP 257
[1.746s] -- Added test 'xmllint' to check XML markup files
[1.746s] -- Configuring done
[1.746s] -- Generating done
[1.746s] -- Build files have been written to: /home/arielsulton/ros2_ws/build/launcher
[1.747s] Invoked command in '/home/arielsulton/ros2_ws/build/launcher' returned '0': CMAKE_PREFIX_PATH=${CMAKE_PREFIX_PATH}:/home/arielsulton/ros2_ws/install/pkg_python:/home/arielsulton/ros2_ws/install/pkg_cython:/opt/ros/foxy /usr/bin/cmake --build /home/arielsulton/ros2_ws/build/launcher -- -j8 -l8
[1.761s] Invoking command in '/home/arielsulton/ros2_ws/build/launcher': CMAKE_PREFIX_PATH=${CMAKE_PREFIX_PATH}:/home/arielsulton/ros2_ws/install/pkg_python:/home/arielsulton/ros2_ws/install/pkg_cython:/opt/ros/foxy /usr/bin/cmake --install /home/arielsulton/ros2_ws/build/launcher
[1.773s] -- Install configuration: ""
[1.779s] -- Up-to-date: /home/arielsulton/ros2_ws/install/launcher/share/launcher/launch
[1.780s] -- Up-to-date: /home/arielsulton/ros2_ws/install/launcher/share/launcher/launch/test.launch.py
[1.780s] -- Installing: /home/arielsulton/ros2_ws/install/launcher/share/launcher/config
[1.780s] -- Installing: /home/arielsulton/ros2_ws/install/launcher/share/launcher/config/test.yaml
[1.781s] -- Up-to-date: /home/arielsulton/ros2_ws/install/launcher/share/ament_index/resource_index/package_run_dependencies/launcher
[1.781s] -- Installing: /home/arielsulton/ros2_ws/install/launcher/share/ament_index/resource_index/parent_prefix_path/launcher
[1.781s] -- Up-to-date: /home/arielsulton/ros2_ws/install/launcher/share/launcher/environment/ament_prefix_path.sh
[1.781s] -- Installing: /home/arielsulton/ros2_ws/install/launcher/share/launcher/environment/ament_prefix_path.dsv
[1.784s] -- Up-to-date: /home/arielsulton/ros2_ws/install/launcher/share/launcher/environment/path.sh
[1.787s] -- Installing: /home/arielsulton/ros2_ws/install/launcher/share/launcher/environment/path.dsv
[1.788s] -- Up-to-date: /home/arielsulton/ros2_ws/install/launcher/share/launcher/local_setup.bash
[1.790s] -- Up-to-date: /home/arielsulton/ros2_ws/install/launcher/share/launcher/local_setup.sh
[1.791s] -- Up-to-date: /home/arielsulton/ros2_ws/install/launcher/share/launcher/local_setup.zsh
[1.791s] -- Installing: /home/arielsulton/ros2_ws/install/launcher/share/launcher/local_setup.dsv
[1.792s] -- Installing: /home/arielsulton/ros2_ws/install/launcher/share/launcher/package.dsv
[1.792s] -- Up-to-date: /home/arielsulton/ros2_ws/install/launcher/share/ament_index/resource_index/packages/launcher
[1.792s] -- Up-to-date: /home/arielsulton/ros2_ws/install/launcher/share/launcher/cmake/launcherConfig.cmake
[1.792s] -- Up-to-date: /home/arielsulton/ros2_ws/install/launcher/share/launcher/cmake/launcherConfig-version.cmake
[1.792s] -- Up-to-date: /home/arielsulton/ros2_ws/install/launcher/share/launcher/package.xml
[1.798s] Invoked command in '/home/arielsulton/ros2_ws/build/launcher' returned '0': CMAKE_PREFIX_PATH=${CMAKE_PREFIX_PATH}:/home/arielsulton/ros2_ws/install/pkg_python:/home/arielsulton/ros2_ws/install/pkg_cython:/opt/ros/foxy /usr/bin/cmake --install /home/arielsulton/ros2_ws/build/launcher
