[3.510s] Invoking command in '/home/arielsulton/ros2_ws/src/pkg_python': PYTHONPATH=/home/arielsulton/ros2_ws/build/pkg_python/prefix_override:/usr/lib/python3/dist-packages/colcon_core/task/python/colcon_distutils_commands:/home/arielsulton/ros2_ws/install/pkg_python/lib/python3.8/site-packages:${PYTHONPATH} /usr/bin/python3 -W ignore:setup.py install is deprecated -W ignore:easy_install command is deprecated setup.py egg_info --egg-base ../../build/pkg_python build --build-base /home/arielsulton/ros2_ws/build/pkg_python/build install --record /home/arielsulton/ros2_ws/build/pkg_python/install.log --single-version-externally-managed install_data
[4.117s] running egg_info
[4.323s] writing ../../build/pkg_python/pkg_python.egg-info/PKG-INFO
[4.323s] writing dependency_links to ../../build/pkg_python/pkg_python.egg-info/dependency_links.txt
[4.324s] writing entry points to ../../build/pkg_python/pkg_python.egg-info/entry_points.txt
[4.324s] writing requirements to ../../build/pkg_python/pkg_python.egg-info/requires.txt
[4.324s] writing top-level names to ../../build/pkg_python/pkg_python.egg-info/top_level.txt
[4.852s] writing manifest file '../../build/pkg_python/pkg_python.egg-info/SOURCES.txt'
[4.854s] running build
[4.855s] running build_py
[4.857s] creating /home/arielsulton/ros2_ws/build/pkg_python/build/lib/pkg_python
[4.859s] copying pkg_python/__init__.py -> /home/arielsulton/ros2_ws/build/pkg_python/build/lib/pkg_python
[4.861s] copying pkg_python/pubs_py.py -> /home/arielsulton/ros2_ws/build/pkg_python/build/lib/pkg_python
[4.864s] copying pkg_python/subs_py.py -> /home/arielsulton/ros2_ws/build/pkg_python/build/lib/pkg_python
[4.866s] running install
[4.883s] running install_lib
[4.958s] creating /home/arielsulton/ros2_ws/install/pkg_python/lib/python3.8/site-packages/pkg_python
[4.959s] copying /home/arielsulton/ros2_ws/build/pkg_python/build/lib/pkg_python/__init__.py -> /home/arielsulton/ros2_ws/install/pkg_python/lib/python3.8/site-packages/pkg_python
[4.959s] copying /home/arielsulton/ros2_ws/build/pkg_python/build/lib/pkg_python/pubs_py.py -> /home/arielsulton/ros2_ws/install/pkg_python/lib/python3.8/site-packages/pkg_python
[4.960s] copying /home/arielsulton/ros2_ws/build/pkg_python/build/lib/pkg_python/subs_py.py -> /home/arielsulton/ros2_ws/install/pkg_python/lib/python3.8/site-packages/pkg_python
[4.962s] byte-compiling /home/arielsulton/ros2_ws/install/pkg_python/lib/python3.8/site-packages/pkg_python/__init__.py to __init__.cpython-38.pyc
[4.963s] byte-compiling /home/arielsulton/ros2_ws/install/pkg_python/lib/python3.8/site-packages/pkg_python/pubs_py.py to pubs_py.cpython-38.pyc
[4.964s] byte-compiling /home/arielsulton/ros2_ws/install/pkg_python/lib/python3.8/site-packages/pkg_python/subs_py.py to subs_py.cpython-38.pyc
[4.964s] running install_data
[4.965s] creating /home/arielsulton/ros2_ws/install/pkg_python/share/ament_index/resource_index/packages
[4.965s] copying resource/pkg_python -> /home/arielsulton/ros2_ws/install/pkg_python/share/ament_index/resource_index/packages
[4.966s] copying package.xml -> /home/arielsulton/ros2_ws/install/pkg_python/share/pkg_python
[4.966s] running install_egg_info
[5.054s] Copying ../../build/pkg_python/pkg_python.egg-info to /home/arielsulton/ros2_ws/install/pkg_python/lib/python3.8/site-packages/pkg_python-0.0.0-py3.8.egg-info
[5.056s] running install_scripts
[5.216s] Installing pubs_py script to /home/arielsulton/ros2_ws/install/pkg_python/lib/pkg_python
[5.218s] Installing subs_py script to /home/arielsulton/ros2_ws/install/pkg_python/lib/pkg_python
[5.220s] writing list of installed files to '/home/arielsulton/ros2_ws/build/pkg_python/install.log'
[5.302s] Invoked command in '/home/arielsulton/ros2_ws/src/pkg_python' returned '0': PYTHONPATH=/home/arielsulton/ros2_ws/build/pkg_python/prefix_override:/usr/lib/python3/dist-packages/colcon_core/task/python/colcon_distutils_commands:/home/arielsulton/ros2_ws/install/pkg_python/lib/python3.8/site-packages:${PYTHONPATH} /usr/bin/python3 -W ignore:setup.py install is deprecated -W ignore:easy_install command is deprecated setup.py egg_info --egg-base ../../build/pkg_python build --build-base /home/arielsulton/ros2_ws/build/pkg_python/build install --record /home/arielsulton/ros2_ws/build/pkg_python/install.log --single-version-externally-managed install_data
