[8.479s] Invoking command in '/home/arielsulton/ros2_ws/src/pkg_cython': PYTHONPATH=/home/arielsulton/ros2_ws/build/pkg_cython/prefix_override:/usr/lib/python3/dist-packages/colcon_core/task/python/colcon_distutils_commands:/home/arielsulton/ros2_ws/install/pkg_cython/lib/python3.8/site-packages:${PYTHONPATH} /usr/bin/python3 -W ignore:setup.py install is deprecated -W ignore:easy_install command is deprecated setup.py egg_info --egg-base ../../build/pkg_cython build --build-base /home/arielsulton/ros2_ws/build/pkg_cython/build install --record /home/arielsulton/ros2_ws/build/pkg_cython/install.log --single-version-externally-managed install_data
[11.667s] running egg_info
[12.131s] writing ../../build/pkg_cython/pkg_cython.egg-info/PKG-INFO
[12.135s] writing dependency_links to ../../build/pkg_cython/pkg_cython.egg-info/dependency_links.txt
[12.135s] writing entry points to ../../build/pkg_cython/pkg_cython.egg-info/entry_points.txt
[12.135s] writing requirements to ../../build/pkg_cython/pkg_cython.egg-info/requires.txt
[12.135s] writing top-level names to ../../build/pkg_cython/pkg_cython.egg-info/top_level.txt
[12.944s] writing manifest file '../../build/pkg_cython/pkg_cython.egg-info/SOURCES.txt'
[12.945s] running build
[12.945s] running build_py
[12.946s] copying pkg_cython/__init__.py -> /home/arielsulton/ros2_ws/build/pkg_cython/build/lib.linux-x86_64-cpython-38/pkg_cython
[12.946s] copying pkg_cython/subs_cy.py -> /home/arielsulton/ros2_ws/build/pkg_cython/build/lib.linux-x86_64-cpython-38/pkg_cython
[12.946s] copying pkg_cython/pubs_cy.py -> /home/arielsulton/ros2_ws/build/pkg_cython/build/lib.linux-x86_64-cpython-38/pkg_cython
[12.947s] running build_ext
[12.952s] building 'pkg_cython.__init__' extension
[12.953s] x86_64-linux-gnu-gcc -pthread -Wno-unused-result -Wsign-compare -DNDEBUG -g -fwrapv -O2 -Wall -g -fstack-protector-strong -Wformat -Werror=format-security -g -fwrapv -O2 -fPIC -I/home/arielsulton/ros2_ws/install/pkg_cython/include -I/usr/include/python3.8 -c pkg_cython/__init__.c -o /home/arielsulton/ros2_ws/build/pkg_cython/build/temp.linux-x86_64-cpython-38/pkg_cython/__init__.o
[13.760s] x86_64-linux-gnu-gcc -pthread -shared -Wl,-O1 -Wl,-Bsymbolic-functions -Wl,-Bsymbolic-functions -Wl,-z,relro -g -fwrapv -O2 /home/arielsulton/ros2_ws/build/pkg_cython/build/temp.linux-x86_64-cpython-38/pkg_cython/__init__.o -L/usr/lib -o /home/arielsulton/ros2_ws/build/pkg_cython/build/lib.linux-x86_64-cpython-38/pkg_cython/__init__.cpython-38-x86_64-linux-gnu.so
[13.814s] building 'pkg_cython.pubs_cy' extension
[13.815s] x86_64-linux-gnu-gcc -pthread -Wno-unused-result -Wsign-compare -DNDEBUG -g -fwrapv -O2 -Wall -g -fstack-protector-strong -Wformat -Werror=format-security -g -fwrapv -O2 -fPIC -I/home/arielsulton/ros2_ws/install/pkg_cython/include -I/usr/include/python3.8 -c pkg_cython/pubs_cy.c -o /home/arielsulton/ros2_ws/build/pkg_cython/build/temp.linux-x86_64-cpython-38/pkg_cython/pubs_cy.o
[17.846s] x86_64-linux-gnu-gcc -pthread -shared -Wl,-O1 -Wl,-Bsymbolic-functions -Wl,-Bsymbolic-functions -Wl,-z,relro -g -fwrapv -O2 /home/arielsulton/ros2_ws/build/pkg_cython/build/temp.linux-x86_64-cpython-38/pkg_cython/pubs_cy.o -L/usr/lib -o /home/arielsulton/ros2_ws/build/pkg_cython/build/lib.linux-x86_64-cpython-38/pkg_cython/pubs_cy.cpython-38-x86_64-linux-gnu.so
[17.903s] building 'pkg_cython.subs_cy' extension
[17.903s] x86_64-linux-gnu-gcc -pthread -Wno-unused-result -Wsign-compare -DNDEBUG -g -fwrapv -O2 -Wall -g -fstack-protector-strong -Wformat -Werror=format-security -g -fwrapv -O2 -fPIC -I/home/arielsulton/ros2_ws/install/pkg_cython/include -I/usr/include/python3.8 -c pkg_cython/subs_cy.c -o /home/arielsulton/ros2_ws/build/pkg_cython/build/temp.linux-x86_64-cpython-38/pkg_cython/subs_cy.o
[20.934s] x86_64-linux-gnu-gcc -pthread -shared -Wl,-O1 -Wl,-Bsymbolic-functions -Wl,-Bsymbolic-functions -Wl,-z,relro -g -fwrapv -O2 /home/arielsulton/ros2_ws/build/pkg_cython/build/temp.linux-x86_64-cpython-38/pkg_cython/subs_cy.o -L/usr/lib -o /home/arielsulton/ros2_ws/build/pkg_cython/build/lib.linux-x86_64-cpython-38/pkg_cython/subs_cy.cpython-38-x86_64-linux-gnu.so
[20.983s] running install
[21.002s] running install_lib
[21.069s] copying /home/arielsulton/ros2_ws/build/pkg_cython/build/lib.linux-x86_64-cpython-38/pkg_cython/subs_cy.cpython-38-x86_64-linux-gnu.so -> /home/arielsulton/ros2_ws/install/pkg_cython/lib/python3.8/site-packages/pkg_cython
[21.070s] copying /home/arielsulton/ros2_ws/build/pkg_cython/build/lib.linux-x86_64-cpython-38/pkg_cython/__init__.cpython-38-x86_64-linux-gnu.so -> /home/arielsulton/ros2_ws/install/pkg_cython/lib/python3.8/site-packages/pkg_cython
[21.071s] copying /home/arielsulton/ros2_ws/build/pkg_cython/build/lib.linux-x86_64-cpython-38/pkg_cython/pubs_cy.cpython-38-x86_64-linux-gnu.so -> /home/arielsulton/ros2_ws/install/pkg_cython/lib/python3.8/site-packages/pkg_cython
[21.073s] running install_data
[21.074s] copying resource/pkg_cython -> /home/arielsulton/ros2_ws/install/pkg_cython/share/ament_index/resource_index/packages
[21.074s] copying package.xml -> /home/arielsulton/ros2_ws/install/pkg_cython/share/pkg_cython
[21.074s] running install_egg_info
[21.127s] removing '/home/arielsulton/ros2_ws/install/pkg_cython/lib/python3.8/site-packages/pkg_cython-0.0.0-py3.8.egg-info' (and everything under it)
[21.127s] Copying ../../build/pkg_cython/pkg_cython.egg-info to /home/arielsulton/ros2_ws/install/pkg_cython/lib/python3.8/site-packages/pkg_cython-0.0.0-py3.8.egg-info
[21.133s] running install_scripts
[21.253s] Installing pubs_cy script to /home/arielsulton/ros2_ws/install/pkg_cython/lib/pkg_cython
[21.254s] Installing subs_cy script to /home/arielsulton/ros2_ws/install/pkg_cython/lib/pkg_cython
[21.255s] writing list of installed files to '/home/arielsulton/ros2_ws/build/pkg_cython/install.log'
[21.369s] Invoked command in '/home/arielsulton/ros2_ws/src/pkg_cython' returned '0': PYTHONPATH=/home/arielsulton/ros2_ws/build/pkg_cython/prefix_override:/usr/lib/python3/dist-packages/colcon_core/task/python/colcon_distutils_commands:/home/arielsulton/ros2_ws/install/pkg_cython/lib/python3.8/site-packages:${PYTHONPATH} /usr/bin/python3 -W ignore:setup.py install is deprecated -W ignore:easy_install command is deprecated setup.py egg_info --egg-base ../../build/pkg_cython build --build-base /home/arielsulton/ros2_ws/build/pkg_cython/build install --record /home/arielsulton/ros2_ws/build/pkg_cython/install.log --single-version-externally-managed install_data
