[0.103s] Invoking command in '/home/arielsulton/ros2_ws/build/launcher': CMAKE_PREFIX_PATH=${CMAKE_PREFIX_PATH}:/home/arielsulton/ros2_ws/install/pkg_python:/home/arielsulton/ros2_ws/install/pkg_cython:/opt/ros/foxy /usr/bin/cmake --build /home/arielsulton/ros2_ws/build/launcher -- -j8 -l8
[3.348s] Invoked command in '/home/arielsulton/ros2_ws/build/launcher' returned '0': CMAKE_PREFIX_PATH=${CMAKE_PREFIX_PATH}:/home/arielsulton/ros2_ws/install/pkg_python:/home/arielsulton/ros2_ws/install/pkg_cython:/opt/ros/foxy /usr/bin/cmake --build /home/arielsulton/ros2_ws/build/launcher -- -j8 -l8
[3.381s] Invoking command in '/home/arielsulton/ros2_ws/build/launcher': CMAKE_PREFIX_PATH=${CMAKE_PREFIX_PATH}:/home/arielsulton/ros2_ws/install/pkg_python:/home/arielsulton/ros2_ws/install/pkg_cython:/opt/ros/foxy /usr/bin/cmake --install /home/arielsulton/ros2_ws/build/launcher
[3.407s] -- Install configuration: ""
[3.409s] -- Up-to-date: /home/arielsulton/ros2_ws/install/launcher/share/launcher/launch
[3.410s] -- Up-to-date: /home/arielsulton/ros2_ws/install/launcher/share/launcher/launch/test.launch.py
[3.410s] -- Up-to-date: /home/arielsulton/ros2_ws/install/launcher/share/ament_index/resource_index/package_run_dependencies/launcher
[3.412s] -- Up-to-date: /home/arielsulton/ros2_ws/install/launcher/share/ament_index/resource_index/parent_prefix_path/launcher
[3.413s] -- Up-to-date: /home/arielsulton/ros2_ws/install/launcher/share/launcher/environment/ament_prefix_path.sh
[3.413s] -- Up-to-date: /home/arielsulton/ros2_ws/install/launcher/share/launcher/environment/ament_prefix_path.dsv
[3.413s] -- Up-to-date: /home/arielsulton/ros2_ws/install/launcher/share/launcher/environment/path.sh
[3.414s] -- Up-to-date: /home/arielsulton/ros2_ws/install/launcher/share/launcher/environment/path.dsv
[3.418s] -- Up-to-date: /home/arielsulton/ros2_ws/install/launcher/share/launcher/local_setup.bash
[3.419s] -- Up-to-date: /home/arielsulton/ros2_ws/install/launcher/share/launcher/local_setup.sh
[3.419s] -- Up-to-date: /home/arielsulton/ros2_ws/install/launcher/share/launcher/local_setup.zsh
[3.420s] -- Up-to-date: /home/arielsulton/ros2_ws/install/launcher/share/launcher/local_setup.dsv
[3.420s] -- Installing: /home/arielsulton/ros2_ws/install/launcher/share/launcher/package.dsv
[3.420s] -- Up-to-date: /home/arielsulton/ros2_ws/install/launcher/share/ament_index/resource_index/packages/launcher
[3.421s] -- Up-to-date: /home/arielsulton/ros2_ws/install/launcher/share/launcher/cmake/launcherConfig.cmake
[3.421s] -- Up-to-date: /home/arielsulton/ros2_ws/install/launcher/share/launcher/cmake/launcherConfig-version.cmake
[3.421s] -- Up-to-date: /home/arielsulton/ros2_ws/install/launcher/share/launcher/package.xml
[3.431s] Invoked command in '/home/arielsulton/ros2_ws/build/launcher' returned '0': CMAKE_PREFIX_PATH=${CMAKE_PREFIX_PATH}:/home/arielsulton/ros2_ws/install/pkg_python:/home/arielsulton/ros2_ws/install/pkg_cython:/opt/ros/foxy /usr/bin/cmake --install /home/arielsulton/ros2_ws/build/launcher
