[0.321s] DEBUG:colcon:Command line arguments: ['/usr/bin/colcon', 'build']
[0.321s] DEBUG:colcon:Parsed command line arguments: Namespace(allow_overriding=[], ament_cmake_args=None, base_paths=['.'], build_base='build', catkin_cmake_args=None, catkin_skip_building_tests=False, cmake_args=None, cmake_clean_cache=False, cmake_clean_first=False, cmake_force_configure=False, cmake_target=None, cmake_target_skip_unavailable=False, continue_on_error=False, event_handlers=None, executor='parallel', ignore_user_meta=False, install_base='install', log_base=None, log_level=None, main=<bound method BuildVerb.main of <colcon_core.verb.build.BuildVerb object at 0x7f9d001c5b50>>, merge_install=False, metas=['./colcon.meta'], mixin=None, mixin_files=None, mixin_verb=('build',), packages_above=None, packages_above_and_dependencies=None, packages_above_depth=None, packages_end=None, packages_ignore=None, packages_ignore_regex=None, packages_select=None, packages_select_build_failed=False, packages_select_by_dep=None, packages_select_regex=None, packages_select_test_failures=False, packages_skip=None, packages_skip_build_finished=False, packages_skip_by_dep=None, packages_skip_regex=None, packages_skip_test_passed=False, packages_skip_up_to=None, packages_start=None, packages_up_to=None, packages_up_to_regex=None, parallel_workers=8, paths=None, symlink_install=False, test_result_base=None, verb_extension=<colcon_core.verb.build.BuildVerb object at 0x7f9d001c5b50>, verb_name='build', verb_parser=<colcon_mixin.mixin.mixin_argument.MixinArgumentDecorator object at 0x7f9d000a5520>)
[0.368s] Level 1:colcon.colcon_core.package_discovery:discover_packages(colcon_meta) check parameters
[0.368s] Level 1:colcon.colcon_core.package_discovery:discover_packages(recursive) check parameters
[0.368s] Level 1:colcon.colcon_core.package_discovery:discover_packages(ignore) check parameters
[0.368s] Level 1:colcon.colcon_core.package_discovery:discover_packages(path) check parameters
[0.368s] Level 1:colcon.colcon_core.package_discovery:discover_packages(colcon_meta) discover
[0.368s] Level 1:colcon.colcon_core.package_discovery:discover_packages(recursive) discover
[0.368s] INFO:colcon.colcon_core.package_discovery:Crawling recursively for packages in '/home/arielsulton/ros2_ws'
[0.368s] Level 1:colcon.colcon_core.package_identification:_identify(.) by extensions ['ignore', 'ignore_ament_install']
[0.368s] Level 1:colcon.colcon_core.package_identification:_identify(.) by extension 'ignore'
[0.368s] Level 1:colcon.colcon_core.package_identification:_identify(.) by extension 'ignore_ament_install'
[0.368s] Level 1:colcon.colcon_core.package_identification:_identify(.) by extensions ['colcon_pkg']
[0.368s] Level 1:colcon.colcon_core.package_identification:_identify(.) by extension 'colcon_pkg'
[0.368s] Level 1:colcon.colcon_core.package_identification:_identify(.) by extensions ['colcon_meta']
[0.368s] Level 1:colcon.colcon_core.package_identification:_identify(.) by extension 'colcon_meta'
[0.368s] Level 1:colcon.colcon_core.package_identification:_identify(.) by extensions ['ros']
[0.368s] Level 1:colcon.colcon_core.package_identification:_identify(.) by extension 'ros'
[0.383s] Level 1:colcon.colcon_core.package_identification:_identify(.) by extensions ['cmake', 'python']
[0.383s] Level 1:colcon.colcon_core.package_identification:_identify(.) by extension 'cmake'
[0.383s] Level 1:colcon.colcon_core.package_identification:_identify(.) by extension 'python'
[0.383s] Level 1:colcon.colcon_core.package_identification:_identify(.) by extensions ['python_setup_py']
[0.383s] Level 1:colcon.colcon_core.package_identification:_identify(.) by extension 'python_setup_py'
[0.384s] Level 1:colcon.colcon_core.package_identification:_identify(build) by extensions ['ignore', 'ignore_ament_install']
[0.384s] Level 1:colcon.colcon_core.package_identification:_identify(build) by extension 'ignore'
[0.384s] Level 1:colcon.colcon_core.package_identification:_identify(build) ignored
[0.384s] Level 1:colcon.colcon_core.package_identification:_identify(install) by extensions ['ignore', 'ignore_ament_install']
[0.384s] Level 1:colcon.colcon_core.package_identification:_identify(install) by extension 'ignore'
[0.384s] Level 1:colcon.colcon_core.package_identification:_identify(install) ignored
[0.384s] Level 1:colcon.colcon_core.package_identification:_identify(log) by extensions ['ignore', 'ignore_ament_install']
[0.384s] Level 1:colcon.colcon_core.package_identification:_identify(log) by extension 'ignore'
[0.384s] Level 1:colcon.colcon_core.package_identification:_identify(log) ignored
[0.384s] Level 1:colcon.colcon_core.package_identification:_identify(src) by extensions ['ignore', 'ignore_ament_install']
[0.384s] Level 1:colcon.colcon_core.package_identification:_identify(src) by extension 'ignore'
[0.384s] Level 1:colcon.colcon_core.package_identification:_identify(src) by extension 'ignore_ament_install'
[0.384s] Level 1:colcon.colcon_core.package_identification:_identify(src) by extensions ['colcon_pkg']
[0.384s] Level 1:colcon.colcon_core.package_identification:_identify(src) by extension 'colcon_pkg'
[0.384s] Level 1:colcon.colcon_core.package_identification:_identify(src) by extensions ['colcon_meta']
[0.385s] Level 1:colcon.colcon_core.package_identification:_identify(src) by extension 'colcon_meta'
[0.385s] Level 1:colcon.colcon_core.package_identification:_identify(src) by extensions ['ros']
[0.385s] Level 1:colcon.colcon_core.package_identification:_identify(src) by extension 'ros'
[0.385s] Level 1:colcon.colcon_core.package_identification:_identify(src) by extensions ['cmake', 'python']
[0.385s] Level 1:colcon.colcon_core.package_identification:_identify(src) by extension 'cmake'
[0.385s] Level 1:colcon.colcon_core.package_identification:_identify(src) by extension 'python'
[0.385s] Level 1:colcon.colcon_core.package_identification:_identify(src) by extensions ['python_setup_py']
[0.385s] Level 1:colcon.colcon_core.package_identification:_identify(src) by extension 'python_setup_py'
[0.385s] Level 1:colcon.colcon_core.package_identification:_identify(src/launcher) by extensions ['ignore', 'ignore_ament_install']
[0.385s] Level 1:colcon.colcon_core.package_identification:_identify(src/launcher) by extension 'ignore'
[0.385s] Level 1:colcon.colcon_core.package_identification:_identify(src/launcher) by extension 'ignore_ament_install'
[0.385s] Level 1:colcon.colcon_core.package_identification:_identify(src/launcher) by extensions ['colcon_pkg']
[0.385s] Level 1:colcon.colcon_core.package_identification:_identify(src/launcher) by extension 'colcon_pkg'
[0.385s] Level 1:colcon.colcon_core.package_identification:_identify(src/launcher) by extensions ['colcon_meta']
[0.385s] Level 1:colcon.colcon_core.package_identification:_identify(src/launcher) by extension 'colcon_meta'
[0.385s] Level 1:colcon.colcon_core.package_identification:_identify(src/launcher) by extensions ['ros']
[0.385s] Level 1:colcon.colcon_core.package_identification:_identify(src/launcher) by extension 'ros'
[0.388s] DEBUG:colcon.colcon_core.package_identification:Package 'src/launcher' with type 'ros.ament_cmake' and name 'launcher'
[0.388s] Level 1:colcon.colcon_core.package_identification:_identify(src/pkg_cpp) by extensions ['ignore', 'ignore_ament_install']
[0.388s] Level 1:colcon.colcon_core.package_identification:_identify(src/pkg_cpp) by extension 'ignore'
[0.388s] Level 1:colcon.colcon_core.package_identification:_identify(src/pkg_cpp) by extension 'ignore_ament_install'
[0.388s] Level 1:colcon.colcon_core.package_identification:_identify(src/pkg_cpp) by extensions ['colcon_pkg']
[0.388s] Level 1:colcon.colcon_core.package_identification:_identify(src/pkg_cpp) by extension 'colcon_pkg'
[0.388s] Level 1:colcon.colcon_core.package_identification:_identify(src/pkg_cpp) by extensions ['colcon_meta']
[0.388s] Level 1:colcon.colcon_core.package_identification:_identify(src/pkg_cpp) by extension 'colcon_meta'
[0.388s] Level 1:colcon.colcon_core.package_identification:_identify(src/pkg_cpp) by extensions ['ros']
[0.388s] Level 1:colcon.colcon_core.package_identification:_identify(src/pkg_cpp) by extension 'ros'
[0.389s] DEBUG:colcon.colcon_core.package_identification:Package 'src/pkg_cpp' with type 'ros.ament_cmake' and name 'pkg_cpp'
[0.389s] Level 1:colcon.colcon_core.package_identification:_identify(src/pkg_cython) by extensions ['ignore', 'ignore_ament_install']
[0.389s] Level 1:colcon.colcon_core.package_identification:_identify(src/pkg_cython) by extension 'ignore'
[0.389s] Level 1:colcon.colcon_core.package_identification:_identify(src/pkg_cython) by extension 'ignore_ament_install'
[0.389s] Level 1:colcon.colcon_core.package_identification:_identify(src/pkg_cython) by extensions ['colcon_pkg']
[0.389s] Level 1:colcon.colcon_core.package_identification:_identify(src/pkg_cython) by extension 'colcon_pkg'
[0.389s] Level 1:colcon.colcon_core.package_identification:_identify(src/pkg_cython) by extensions ['colcon_meta']
[0.389s] Level 1:colcon.colcon_core.package_identification:_identify(src/pkg_cython) by extension 'colcon_meta'
[0.389s] Level 1:colcon.colcon_core.package_identification:_identify(src/pkg_cython) by extensions ['ros']
[0.389s] Level 1:colcon.colcon_core.package_identification:_identify(src/pkg_cython) by extension 'ros'
[0.390s] DEBUG:colcon.colcon_core.package_identification:Package 'src/pkg_cython' with type 'ros.ament_python' and name 'pkg_cython'
[0.390s] Level 1:colcon.colcon_core.package_identification:_identify(src/pkg_python) by extensions ['ignore', 'ignore_ament_install']
[0.390s] Level 1:colcon.colcon_core.package_identification:_identify(src/pkg_python) by extension 'ignore'
[0.390s] Level 1:colcon.colcon_core.package_identification:_identify(src/pkg_python) by extension 'ignore_ament_install'
[0.390s] Level 1:colcon.colcon_core.package_identification:_identify(src/pkg_python) by extensions ['colcon_pkg']
[0.390s] Level 1:colcon.colcon_core.package_identification:_identify(src/pkg_python) by extension 'colcon_pkg'
[0.390s] Level 1:colcon.colcon_core.package_identification:_identify(src/pkg_python) by extensions ['colcon_meta']
[0.390s] Level 1:colcon.colcon_core.package_identification:_identify(src/pkg_python) by extension 'colcon_meta'
[0.390s] Level 1:colcon.colcon_core.package_identification:_identify(src/pkg_python) by extensions ['ros']
[0.390s] Level 1:colcon.colcon_core.package_identification:_identify(src/pkg_python) by extension 'ros'
[0.391s] DEBUG:colcon.colcon_core.package_identification:Package 'src/pkg_python' with type 'ros.ament_python' and name 'pkg_python'
[0.391s] Level 1:colcon.colcon_core.package_discovery:discover_packages(recursive) using defaults
[0.391s] Level 1:colcon.colcon_core.package_discovery:discover_packages(ignore) discover
[0.391s] Level 1:colcon.colcon_core.package_discovery:discover_packages(ignore) using defaults
[0.391s] Level 1:colcon.colcon_core.package_discovery:discover_packages(path) discover
[0.391s] Level 1:colcon.colcon_core.package_discovery:discover_packages(path) using defaults
[0.412s] Level 1:colcon.colcon_core.package_discovery:discover_packages(prefix_path) check parameters
[0.412s] Level 1:colcon.colcon_core.package_discovery:discover_packages(prefix_path) discover
[0.414s] DEBUG:colcon.colcon_installed_package_information.package_discovery:Found 4 installed packages in /home/arielsulton/ros2_ws/install
[0.415s] DEBUG:colcon.colcon_installed_package_information.package_discovery:Found 256 installed packages in /opt/ros/foxy
[0.416s] Level 1:colcon.colcon_core.package_discovery:discover_packages(prefix_path) using defaults
[0.468s] Level 5:colcon.colcon_core.verb:set package 'launcher' build argument 'cmake_args' from command line to 'None'
[0.468s] Level 5:colcon.colcon_core.verb:set package 'launcher' build argument 'cmake_target' from command line to 'None'
[0.468s] Level 5:colcon.colcon_core.verb:set package 'launcher' build argument 'cmake_target_skip_unavailable' from command line to 'False'
[0.468s] Level 5:colcon.colcon_core.verb:set package 'launcher' build argument 'cmake_clean_cache' from command line to 'False'
[0.468s] Level 5:colcon.colcon_core.verb:set package 'launcher' build argument 'cmake_clean_first' from command line to 'False'
[0.468s] Level 5:colcon.colcon_core.verb:set package 'launcher' build argument 'cmake_force_configure' from command line to 'False'
[0.468s] Level 5:colcon.colcon_core.verb:set package 'launcher' build argument 'ament_cmake_args' from command line to 'None'
[0.468s] Level 5:colcon.colcon_core.verb:set package 'launcher' build argument 'catkin_cmake_args' from command line to 'None'
[0.468s] Level 5:colcon.colcon_core.verb:set package 'launcher' build argument 'catkin_skip_building_tests' from command line to 'False'
[0.468s] DEBUG:colcon.colcon_core.verb:Building package 'launcher' with the following arguments: {'ament_cmake_args': None, 'build_base': '/home/arielsulton/ros2_ws/build/launcher', 'catkin_cmake_args': None, 'catkin_skip_building_tests': False, 'cmake_args': None, 'cmake_clean_cache': False, 'cmake_clean_first': False, 'cmake_force_configure': False, 'cmake_target': None, 'cmake_target_skip_unavailable': False, 'install_base': '/home/arielsulton/ros2_ws/install/launcher', 'merge_install': False, 'path': '/home/arielsulton/ros2_ws/src/launcher', 'symlink_install': False, 'test_result_base': None}
[0.468s] Level 5:colcon.colcon_core.verb:set package 'pkg_cpp' build argument 'cmake_args' from command line to 'None'
[0.468s] Level 5:colcon.colcon_core.verb:set package 'pkg_cpp' build argument 'cmake_target' from command line to 'None'
[0.468s] Level 5:colcon.colcon_core.verb:set package 'pkg_cpp' build argument 'cmake_target_skip_unavailable' from command line to 'False'
[0.468s] Level 5:colcon.colcon_core.verb:set package 'pkg_cpp' build argument 'cmake_clean_cache' from command line to 'False'
[0.468s] Level 5:colcon.colcon_core.verb:set package 'pkg_cpp' build argument 'cmake_clean_first' from command line to 'False'
[0.468s] Level 5:colcon.colcon_core.verb:set package 'pkg_cpp' build argument 'cmake_force_configure' from command line to 'False'
[0.468s] Level 5:colcon.colcon_core.verb:set package 'pkg_cpp' build argument 'ament_cmake_args' from command line to 'None'
[0.468s] Level 5:colcon.colcon_core.verb:set package 'pkg_cpp' build argument 'catkin_cmake_args' from command line to 'None'
[0.469s] Level 5:colcon.colcon_core.verb:set package 'pkg_cpp' build argument 'catkin_skip_building_tests' from command line to 'False'
[0.469s] DEBUG:colcon.colcon_core.verb:Building package 'pkg_cpp' with the following arguments: {'ament_cmake_args': None, 'build_base': '/home/arielsulton/ros2_ws/build/pkg_cpp', 'catkin_cmake_args': None, 'catkin_skip_building_tests': False, 'cmake_args': None, 'cmake_clean_cache': False, 'cmake_clean_first': False, 'cmake_force_configure': False, 'cmake_target': None, 'cmake_target_skip_unavailable': False, 'install_base': '/home/arielsulton/ros2_ws/install/pkg_cpp', 'merge_install': False, 'path': '/home/arielsulton/ros2_ws/src/pkg_cpp', 'symlink_install': False, 'test_result_base': None}
[0.469s] Level 5:colcon.colcon_core.verb:set package 'pkg_cython' build argument 'cmake_args' from command line to 'None'
[0.469s] Level 5:colcon.colcon_core.verb:set package 'pkg_cython' build argument 'cmake_target' from command line to 'None'
[0.469s] Level 5:colcon.colcon_core.verb:set package 'pkg_cython' build argument 'cmake_target_skip_unavailable' from command line to 'False'
[0.469s] Level 5:colcon.colcon_core.verb:set package 'pkg_cython' build argument 'cmake_clean_cache' from command line to 'False'
[0.469s] Level 5:colcon.colcon_core.verb:set package 'pkg_cython' build argument 'cmake_clean_first' from command line to 'False'
[0.469s] Level 5:colcon.colcon_core.verb:set package 'pkg_cython' build argument 'cmake_force_configure' from command line to 'False'
[0.469s] Level 5:colcon.colcon_core.verb:set package 'pkg_cython' build argument 'ament_cmake_args' from command line to 'None'
[0.469s] Level 5:colcon.colcon_core.verb:set package 'pkg_cython' build argument 'catkin_cmake_args' from command line to 'None'
[0.469s] Level 5:colcon.colcon_core.verb:set package 'pkg_cython' build argument 'catkin_skip_building_tests' from command line to 'False'
[0.469s] DEBUG:colcon.colcon_core.verb:Building package 'pkg_cython' with the following arguments: {'ament_cmake_args': None, 'build_base': '/home/arielsulton/ros2_ws/build/pkg_cython', 'catkin_cmake_args': None, 'catkin_skip_building_tests': False, 'cmake_args': None, 'cmake_clean_cache': False, 'cmake_clean_first': False, 'cmake_force_configure': False, 'cmake_target': None, 'cmake_target_skip_unavailable': False, 'install_base': '/home/arielsulton/ros2_ws/install/pkg_cython', 'merge_install': False, 'path': '/home/arielsulton/ros2_ws/src/pkg_cython', 'symlink_install': False, 'test_result_base': None}
[0.469s] Level 5:colcon.colcon_core.verb:set package 'pkg_python' build argument 'cmake_args' from command line to 'None'
[0.470s] Level 5:colcon.colcon_core.verb:set package 'pkg_python' build argument 'cmake_target' from command line to 'None'
[0.470s] Level 5:colcon.colcon_core.verb:set package 'pkg_python' build argument 'cmake_target_skip_unavailable' from command line to 'False'
[0.470s] Level 5:colcon.colcon_core.verb:set package 'pkg_python' build argument 'cmake_clean_cache' from command line to 'False'
[0.470s] Level 5:colcon.colcon_core.verb:set package 'pkg_python' build argument 'cmake_clean_first' from command line to 'False'
[0.470s] Level 5:colcon.colcon_core.verb:set package 'pkg_python' build argument 'cmake_force_configure' from command line to 'False'
[0.470s] Level 5:colcon.colcon_core.verb:set package 'pkg_python' build argument 'ament_cmake_args' from command line to 'None'
[0.470s] Level 5:colcon.colcon_core.verb:set package 'pkg_python' build argument 'catkin_cmake_args' from command line to 'None'
[0.470s] Level 5:colcon.colcon_core.verb:set package 'pkg_python' build argument 'catkin_skip_building_tests' from command line to 'False'
[0.470s] DEBUG:colcon.colcon_core.verb:Building package 'pkg_python' with the following arguments: {'ament_cmake_args': None, 'build_base': '/home/arielsulton/ros2_ws/build/pkg_python', 'catkin_cmake_args': None, 'catkin_skip_building_tests': False, 'cmake_args': None, 'cmake_clean_cache': False, 'cmake_clean_first': False, 'cmake_force_configure': False, 'cmake_target': None, 'cmake_target_skip_unavailable': False, 'install_base': '/home/arielsulton/ros2_ws/install/pkg_python', 'merge_install': False, 'path': '/home/arielsulton/ros2_ws/src/pkg_python', 'symlink_install': False, 'test_result_base': None}
[0.470s] INFO:colcon.colcon_core.executor:Executing jobs using 'parallel' executor
[0.471s] DEBUG:colcon.colcon_parallel_executor.executor.parallel:run_until_complete
[0.471s] INFO:colcon.colcon_ros.task.ament_cmake.build:Building ROS package in '/home/arielsulton/ros2_ws/src/launcher' with build type 'ament_cmake'
[0.471s] INFO:colcon.colcon_cmake.task.cmake.build:Building CMake package in '/home/arielsulton/ros2_ws/src/launcher'
[0.473s] INFO:colcon.colcon_core.plugin_system:Skipping extension 'colcon_core.shell.bat': Not used on non-Windows systems
[0.473s] INFO:colcon.colcon_core.shell:Skip shell extension 'powershell' for command environment: Not usable outside of PowerShell
[0.473s] DEBUG:colcon.colcon_core.shell:Skip shell extension 'dsv' for command environment
[0.489s] INFO:colcon.colcon_ros.task.ament_cmake.build:Building ROS package in '/home/arielsulton/ros2_ws/src/pkg_cpp' with build type 'ament_cmake'
[0.489s] INFO:colcon.colcon_cmake.task.cmake.build:Building CMake package in '/home/arielsulton/ros2_ws/src/pkg_cpp'
[0.490s] INFO:colcon.colcon_core.shell:Skip shell extension 'powershell' for command environment: Not usable outside of PowerShell
[0.490s] DEBUG:colcon.colcon_core.shell:Skip shell extension 'dsv' for command environment
[0.496s] INFO:colcon.colcon_ros.task.ament_python.build:Building ROS package in '/home/arielsulton/ros2_ws/src/pkg_cython' with build type 'ament_python'
[0.497s] Level 1:colcon.colcon_core.shell:create_environment_hook('pkg_cython', 'ament_prefix_path')
[0.498s] INFO:colcon.colcon_core.shell:Creating environment hook '/home/arielsulton/ros2_ws/install/pkg_cython/share/pkg_cython/hook/ament_prefix_path.ps1'
[0.499s] INFO:colcon.colcon_core.shell:Creating environment descriptor '/home/arielsulton/ros2_ws/install/pkg_cython/share/pkg_cython/hook/ament_prefix_path.dsv'
[0.500s] INFO:colcon.colcon_core.shell:Creating environment hook '/home/arielsulton/ros2_ws/install/pkg_cython/share/pkg_cython/hook/ament_prefix_path.sh'
[0.501s] INFO:colcon.colcon_core.shell:Skip shell extension 'powershell' for command environment: Not usable outside of PowerShell
[0.501s] DEBUG:colcon.colcon_core.shell:Skip shell extension 'dsv' for command environment
[0.507s] INFO:colcon.colcon_ros.task.ament_python.build:Building ROS package in '/home/arielsulton/ros2_ws/src/pkg_python' with build type 'ament_python'
[0.507s] Level 1:colcon.colcon_core.shell:create_environment_hook('pkg_python', 'ament_prefix_path')
[0.508s] INFO:colcon.colcon_core.shell:Creating environment hook '/home/arielsulton/ros2_ws/install/pkg_python/share/pkg_python/hook/ament_prefix_path.ps1'
[0.509s] INFO:colcon.colcon_core.shell:Creating environment descriptor '/home/arielsulton/ros2_ws/install/pkg_python/share/pkg_python/hook/ament_prefix_path.dsv'
[0.510s] INFO:colcon.colcon_core.shell:Creating environment hook '/home/arielsulton/ros2_ws/install/pkg_python/share/pkg_python/hook/ament_prefix_path.sh'
[0.511s] INFO:colcon.colcon_core.shell:Skip shell extension 'powershell' for command environment: Not usable outside of PowerShell
[0.511s] DEBUG:colcon.colcon_core.shell:Skip shell extension 'dsv' for command environment
[0.526s] DEBUG:colcon.colcon_core.event_handler.log_command:Invoking command in '/home/arielsulton/ros2_ws/build/launcher': CMAKE_PREFIX_PATH=${CMAKE_PREFIX_PATH}:/home/arielsulton/ros2_ws/install/pkg_python:/home/arielsulton/ros2_ws/install/pkg_cython:/opt/ros/foxy /usr/bin/cmake --build /home/arielsulton/ros2_ws/build/launcher -- -j8 -l8
[0.536s] DEBUG:colcon.colcon_core.event_handler.log_command:Invoking command in '/home/arielsulton/ros2_ws/build/pkg_cpp': CMAKE_PREFIX_PATH=${CMAKE_PREFIX_PATH}:/home/arielsulton/ros2_ws/install/pkg_python:/home/arielsulton/ros2_ws/install/pkg_cython:/opt/ros/foxy /usr/bin/cmake --build /home/arielsulton/ros2_ws/build/pkg_cpp -- -j8 -l8
[1.413s] INFO:colcon.colcon_core.task.python.build:Building Python package in '/home/arielsulton/ros2_ws/src/pkg_cython'
[1.414s] INFO:colcon.colcon_core.shell:Skip shell extension 'powershell' for command environment: Not usable outside of PowerShell
[1.414s] DEBUG:colcon.colcon_core.shell:Skip shell extension 'dsv' for command environment
[1.796s] INFO:colcon.colcon_core.task.python.build:Building Python package in '/home/arielsulton/ros2_ws/src/pkg_python'
[1.797s] INFO:colcon.colcon_core.shell:Skip shell extension 'powershell' for command environment: Not usable outside of PowerShell
[1.797s] DEBUG:colcon.colcon_core.shell:Skip shell extension 'dsv' for command environment
[1.809s] DEBUG:colcon.colcon_core.event_handler.log_command:Invoked command in '/home/arielsulton/ros2_ws/build/launcher' returned '0': CMAKE_PREFIX_PATH=${CMAKE_PREFIX_PATH}:/home/arielsulton/ros2_ws/install/pkg_python:/home/arielsulton/ros2_ws/install/pkg_cython:/opt/ros/foxy /usr/bin/cmake --build /home/arielsulton/ros2_ws/build/launcher -- -j8 -l8
[1.824s] DEBUG:colcon.colcon_core.event_handler.log_command:Invoking command in '/home/arielsulton/ros2_ws/build/launcher': CMAKE_PREFIX_PATH=${CMAKE_PREFIX_PATH}:/home/arielsulton/ros2_ws/install/pkg_python:/home/arielsulton/ros2_ws/install/pkg_cython:/opt/ros/foxy /usr/bin/cmake --install /home/arielsulton/ros2_ws/build/launcher
[1.826s] DEBUG:colcon.colcon_core.event_handler.log_command:Invoked command in '/home/arielsulton/ros2_ws/build/pkg_cpp' returned '0': CMAKE_PREFIX_PATH=${CMAKE_PREFIX_PATH}:/home/arielsulton/ros2_ws/install/pkg_python:/home/arielsulton/ros2_ws/install/pkg_cython:/opt/ros/foxy /usr/bin/cmake --build /home/arielsulton/ros2_ws/build/pkg_cpp -- -j8 -l8
[1.829s] DEBUG:colcon.colcon_core.event_handler.log_command:Invoking command in '/home/arielsulton/ros2_ws/build/pkg_cpp': CMAKE_PREFIX_PATH=${CMAKE_PREFIX_PATH}:/home/arielsulton/ros2_ws/install/pkg_python:/home/arielsulton/ros2_ws/install/pkg_cython:/opt/ros/foxy /usr/bin/cmake --install /home/arielsulton/ros2_ws/build/pkg_cpp
[1.848s] Level 1:colcon.colcon_core.environment:create_environment_scripts_only(launcher)
[1.857s] DEBUG:colcon.colcon_core.event_handler.log_command:Invoked command in '/home/arielsulton/ros2_ws/build/launcher' returned '0': CMAKE_PREFIX_PATH=${CMAKE_PREFIX_PATH}:/home/arielsulton/ros2_ws/install/pkg_python:/home/arielsulton/ros2_ws/install/pkg_cython:/opt/ros/foxy /usr/bin/cmake --install /home/arielsulton/ros2_ws/build/launcher
[1.858s] Level 1:colcon.colcon_core.environment:checking '/home/arielsulton/ros2_ws/install/launcher' for CMake module files
[1.859s] Level 1:colcon.colcon_core.environment:checking '/home/arielsulton/ros2_ws/install/launcher' for CMake config files
[1.859s] Level 1:colcon.colcon_core.shell:create_environment_hook('launcher', 'cmake_prefix_path')
[1.860s] INFO:colcon.colcon_core.shell:Creating environment hook '/home/arielsulton/ros2_ws/install/launcher/share/launcher/hook/cmake_prefix_path.ps1'
[1.861s] INFO:colcon.colcon_core.shell:Creating environment descriptor '/home/arielsulton/ros2_ws/install/launcher/share/launcher/hook/cmake_prefix_path.dsv'
[1.862s] INFO:colcon.colcon_core.shell:Creating environment hook '/home/arielsulton/ros2_ws/install/launcher/share/launcher/hook/cmake_prefix_path.sh'
[1.863s] Level 1:colcon.colcon_core.environment:checking '/home/arielsulton/ros2_ws/install/launcher/bin'
[1.863s] Level 1:colcon.colcon_core.environment:checking '/home/arielsulton/ros2_ws/install/launcher/lib/pkgconfig/launcher.pc'
[1.863s] Level 1:colcon.colcon_core.environment:checking '/home/arielsulton/ros2_ws/install/launcher/lib/python3.8/site-packages'
[1.864s] Level 1:colcon.colcon_core.environment:checking '/home/arielsulton/ros2_ws/install/launcher/bin'
[1.864s] INFO:colcon.colcon_core.shell:Creating package script '/home/arielsulton/ros2_ws/install/launcher/share/launcher/package.ps1'
[1.866s] INFO:colcon.colcon_core.shell:Creating package descriptor '/home/arielsulton/ros2_ws/install/launcher/share/launcher/package.dsv'
[1.867s] INFO:colcon.colcon_core.shell:Creating package script '/home/arielsulton/ros2_ws/install/launcher/share/launcher/package.sh'
[1.868s] INFO:colcon.colcon_core.shell:Creating package script '/home/arielsulton/ros2_ws/install/launcher/share/launcher/package.bash'
[1.870s] INFO:colcon.colcon_core.shell:Creating package script '/home/arielsulton/ros2_ws/install/launcher/share/launcher/package.zsh'
[1.871s] Level 1:colcon.colcon_core.environment:create_file_with_runtime_dependencies(/home/arielsulton/ros2_ws/install/launcher/share/colcon-core/packages/launcher)
[1.872s] Level 1:colcon.colcon_core.environment:create_environment_scripts_only(launcher)
[1.873s] Level 1:colcon.colcon_core.environment:checking '/home/arielsulton/ros2_ws/install/launcher' for CMake module files
[1.874s] Level 1:colcon.colcon_core.environment:checking '/home/arielsulton/ros2_ws/install/launcher' for CMake config files
[1.874s] Level 1:colcon.colcon_core.shell:create_environment_hook('launcher', 'cmake_prefix_path')
[1.874s] INFO:colcon.colcon_core.shell:Creating environment hook '/home/arielsulton/ros2_ws/install/launcher/share/launcher/hook/cmake_prefix_path.ps1'
[1.875s] INFO:colcon.colcon_core.shell:Creating environment descriptor '/home/arielsulton/ros2_ws/install/launcher/share/launcher/hook/cmake_prefix_path.dsv'
[1.876s] INFO:colcon.colcon_core.shell:Creating environment hook '/home/arielsulton/ros2_ws/install/launcher/share/launcher/hook/cmake_prefix_path.sh'
[1.877s] Level 1:colcon.colcon_core.environment:checking '/home/arielsulton/ros2_ws/install/launcher/bin'
[1.877s] Level 1:colcon.colcon_core.environment:checking '/home/arielsulton/ros2_ws/install/launcher/lib/pkgconfig/launcher.pc'
[1.877s] Level 1:colcon.colcon_core.environment:checking '/home/arielsulton/ros2_ws/install/launcher/lib/python3.8/site-packages'
[1.878s] Level 1:colcon.colcon_core.environment:checking '/home/arielsulton/ros2_ws/install/launcher/bin'
[1.878s] INFO:colcon.colcon_core.shell:Creating package script '/home/arielsulton/ros2_ws/install/launcher/share/launcher/package.ps1'
[1.880s] INFO:colcon.colcon_core.shell:Creating package descriptor '/home/arielsulton/ros2_ws/install/launcher/share/launcher/package.dsv'
[1.880s] INFO:colcon.colcon_core.shell:Creating package script '/home/arielsulton/ros2_ws/install/launcher/share/launcher/package.sh'
[1.881s] INFO:colcon.colcon_core.shell:Creating package script '/home/arielsulton/ros2_ws/install/launcher/share/launcher/package.bash'
[1.882s] INFO:colcon.colcon_core.shell:Creating package script '/home/arielsulton/ros2_ws/install/launcher/share/launcher/package.zsh'
[1.883s] Level 1:colcon.colcon_core.environment:create_file_with_runtime_dependencies(/home/arielsulton/ros2_ws/install/launcher/share/colcon-core/packages/launcher)
[1.883s] Level 1:colcon.colcon_core.environment:create_environment_scripts_only(pkg_cpp)
[1.884s] Level 1:colcon.colcon_core.environment:checking '/home/arielsulton/ros2_ws/install/pkg_cpp' for CMake module files
[1.886s] DEBUG:colcon.colcon_core.event_handler.log_command:Invoked command in '/home/arielsulton/ros2_ws/build/pkg_cpp' returned '0': CMAKE_PREFIX_PATH=${CMAKE_PREFIX_PATH}:/home/arielsulton/ros2_ws/install/pkg_python:/home/arielsulton/ros2_ws/install/pkg_cython:/opt/ros/foxy /usr/bin/cmake --install /home/arielsulton/ros2_ws/build/pkg_cpp
[1.886s] Level 1:colcon.colcon_core.environment:checking '/home/arielsulton/ros2_ws/install/pkg_cpp' for CMake config files
[1.887s] Level 1:colcon.colcon_core.shell:create_environment_hook('pkg_cpp', 'cmake_prefix_path')
[1.887s] INFO:colcon.colcon_core.shell:Creating environment hook '/home/arielsulton/ros2_ws/install/pkg_cpp/share/pkg_cpp/hook/cmake_prefix_path.ps1'
[1.888s] INFO:colcon.colcon_core.shell:Creating environment descriptor '/home/arielsulton/ros2_ws/install/pkg_cpp/share/pkg_cpp/hook/cmake_prefix_path.dsv'
[1.889s] INFO:colcon.colcon_core.shell:Creating environment hook '/home/arielsulton/ros2_ws/install/pkg_cpp/share/pkg_cpp/hook/cmake_prefix_path.sh'
[1.890s] Level 1:colcon.colcon_core.environment:checking '/home/arielsulton/ros2_ws/install/pkg_cpp/lib'
[1.890s] Level 1:colcon.colcon_core.environment:checking '/home/arielsulton/ros2_ws/install/pkg_cpp/bin'
[1.890s] Level 1:colcon.colcon_core.environment:checking '/home/arielsulton/ros2_ws/install/pkg_cpp/lib/pkgconfig/pkg_cpp.pc'
[1.891s] Level 1:colcon.colcon_core.environment:checking '/home/arielsulton/ros2_ws/install/pkg_cpp/lib/python3.8/site-packages'
[1.891s] Level 1:colcon.colcon_core.environment:checking '/home/arielsulton/ros2_ws/install/pkg_cpp/bin'
[1.892s] INFO:colcon.colcon_core.shell:Creating package script '/home/arielsulton/ros2_ws/install/pkg_cpp/share/pkg_cpp/package.ps1'
[1.892s] INFO:colcon.colcon_core.shell:Creating package descriptor '/home/arielsulton/ros2_ws/install/pkg_cpp/share/pkg_cpp/package.dsv'
[1.893s] INFO:colcon.colcon_core.shell:Creating package script '/home/arielsulton/ros2_ws/install/pkg_cpp/share/pkg_cpp/package.sh'
[1.894s] INFO:colcon.colcon_core.shell:Creating package script '/home/arielsulton/ros2_ws/install/pkg_cpp/share/pkg_cpp/package.bash'
[1.895s] INFO:colcon.colcon_core.shell:Creating package script '/home/arielsulton/ros2_ws/install/pkg_cpp/share/pkg_cpp/package.zsh'
[1.895s] Level 1:colcon.colcon_core.environment:create_file_with_runtime_dependencies(/home/arielsulton/ros2_ws/install/pkg_cpp/share/colcon-core/packages/pkg_cpp)
[1.896s] Level 1:colcon.colcon_core.environment:create_environment_scripts_only(pkg_cpp)
[1.897s] Level 1:colcon.colcon_core.environment:checking '/home/arielsulton/ros2_ws/install/pkg_cpp' for CMake module files
[1.898s] Level 1:colcon.colcon_core.environment:checking '/home/arielsulton/ros2_ws/install/pkg_cpp' for CMake config files
[1.898s] Level 1:colcon.colcon_core.shell:create_environment_hook('pkg_cpp', 'cmake_prefix_path')
[1.899s] INFO:colcon.colcon_core.shell:Creating environment hook '/home/arielsulton/ros2_ws/install/pkg_cpp/share/pkg_cpp/hook/cmake_prefix_path.ps1'
[1.899s] INFO:colcon.colcon_core.shell:Creating environment descriptor '/home/arielsulton/ros2_ws/install/pkg_cpp/share/pkg_cpp/hook/cmake_prefix_path.dsv'
[1.900s] INFO:colcon.colcon_core.shell:Creating environment hook '/home/arielsulton/ros2_ws/install/pkg_cpp/share/pkg_cpp/hook/cmake_prefix_path.sh'
[1.901s] Level 1:colcon.colcon_core.environment:checking '/home/arielsulton/ros2_ws/install/pkg_cpp/lib'
[1.901s] Level 1:colcon.colcon_core.environment:checking '/home/arielsulton/ros2_ws/install/pkg_cpp/bin'
[1.901s] Level 1:colcon.colcon_core.environment:checking '/home/arielsulton/ros2_ws/install/pkg_cpp/lib/pkgconfig/pkg_cpp.pc'
[1.902s] Level 1:colcon.colcon_core.environment:checking '/home/arielsulton/ros2_ws/install/pkg_cpp/lib/python3.8/site-packages'
[1.902s] Level 1:colcon.colcon_core.environment:checking '/home/arielsulton/ros2_ws/install/pkg_cpp/bin'
[1.902s] INFO:colcon.colcon_core.shell:Creating package script '/home/arielsulton/ros2_ws/install/pkg_cpp/share/pkg_cpp/package.ps1'
[1.903s] INFO:colcon.colcon_core.shell:Creating package descriptor '/home/arielsulton/ros2_ws/install/pkg_cpp/share/pkg_cpp/package.dsv'
[1.904s] INFO:colcon.colcon_core.shell:Creating package script '/home/arielsulton/ros2_ws/install/pkg_cpp/share/pkg_cpp/package.sh'
[1.905s] INFO:colcon.colcon_core.shell:Creating package script '/home/arielsulton/ros2_ws/install/pkg_cpp/share/pkg_cpp/package.bash'
[1.906s] INFO:colcon.colcon_core.shell:Creating package script '/home/arielsulton/ros2_ws/install/pkg_cpp/share/pkg_cpp/package.zsh'
[1.907s] Level 1:colcon.colcon_core.environment:create_file_with_runtime_dependencies(/home/arielsulton/ros2_ws/install/pkg_cpp/share/colcon-core/packages/pkg_cpp)
[2.977s] DEBUG:colcon.colcon_core.event_handler.log_command:Invoking command in '/home/arielsulton/ros2_ws/src/pkg_python': PYTHONPATH=/home/arielsulton/ros2_ws/build/pkg_python/prefix_override:/usr/lib/python3/dist-packages/colcon_core/task/python/colcon_distutils_commands:/home/arielsulton/ros2_ws/install/pkg_python/lib/python3.8/site-packages:${PYTHONPATH} /usr/bin/python3 -W ignore:setup.py install is deprecated -W ignore:easy_install command is deprecated setup.py egg_info --egg-base ../../build/pkg_python build --build-base /home/arielsulton/ros2_ws/build/pkg_python/build install --record /home/arielsulton/ros2_ws/build/pkg_python/install.log --single-version-externally-managed install_data
[3.381s] DEBUG:colcon.colcon_core.event_handler.log_command:Invoking command in '/home/arielsulton/ros2_ws/src/pkg_cython': PYTHONPATH=/home/arielsulton/ros2_ws/build/pkg_cython/prefix_override:/usr/lib/python3/dist-packages/colcon_core/task/python/colcon_distutils_commands:/home/arielsulton/ros2_ws/install/pkg_cython/lib/python3.8/site-packages:${PYTHONPATH} /usr/bin/python3 -W ignore:setup.py install is deprecated -W ignore:easy_install command is deprecated setup.py egg_info --egg-base ../../build/pkg_cython build --build-base /home/arielsulton/ros2_ws/build/pkg_cython/build install --record /home/arielsulton/ros2_ws/build/pkg_cython/install.log --single-version-externally-managed install_data
[4.206s] Level 1:colcon.colcon_core.environment:checking '/home/arielsulton/ros2_ws/install/pkg_python' for CMake module files
[4.207s] DEBUG:colcon.colcon_core.event_handler.log_command:Invoked command in '/home/arielsulton/ros2_ws/src/pkg_python' returned '0': PYTHONPATH=/home/arielsulton/ros2_ws/build/pkg_python/prefix_override:/usr/lib/python3/dist-packages/colcon_core/task/python/colcon_distutils_commands:/home/arielsulton/ros2_ws/install/pkg_python/lib/python3.8/site-packages:${PYTHONPATH} /usr/bin/python3 -W ignore:setup.py install is deprecated -W ignore:easy_install command is deprecated setup.py egg_info --egg-base ../../build/pkg_python build --build-base /home/arielsulton/ros2_ws/build/pkg_python/build install --record /home/arielsulton/ros2_ws/build/pkg_python/install.log --single-version-externally-managed install_data
[4.208s] Level 1:colcon.colcon_core.environment:checking '/home/arielsulton/ros2_ws/install/pkg_python' for CMake config files
[4.209s] Level 1:colcon.colcon_core.environment:checking '/home/arielsulton/ros2_ws/install/pkg_python/lib'
[4.209s] Level 1:colcon.colcon_core.environment:checking '/home/arielsulton/ros2_ws/install/pkg_python/bin'
[4.209s] Level 1:colcon.colcon_core.environment:checking '/home/arielsulton/ros2_ws/install/pkg_python/lib/pkgconfig/pkg_python.pc'
[4.210s] Level 1:colcon.colcon_core.environment:checking '/home/arielsulton/ros2_ws/install/pkg_python/lib/python3.8/site-packages'
[4.210s] Level 1:colcon.colcon_core.shell:create_environment_hook('pkg_python', 'pythonpath')
[4.210s] INFO:colcon.colcon_core.shell:Creating environment hook '/home/arielsulton/ros2_ws/install/pkg_python/share/pkg_python/hook/pythonpath.ps1'
[4.212s] INFO:colcon.colcon_core.shell:Creating environment descriptor '/home/arielsulton/ros2_ws/install/pkg_python/share/pkg_python/hook/pythonpath.dsv'
[4.212s] INFO:colcon.colcon_core.shell:Creating environment hook '/home/arielsulton/ros2_ws/install/pkg_python/share/pkg_python/hook/pythonpath.sh'
[4.214s] Level 1:colcon.colcon_core.environment:checking '/home/arielsulton/ros2_ws/install/pkg_python/bin'
[4.214s] Level 1:colcon.colcon_core.environment:create_environment_scripts_only(pkg_python)
[4.214s] INFO:colcon.colcon_core.shell:Creating package script '/home/arielsulton/ros2_ws/install/pkg_python/share/pkg_python/package.ps1'
[4.216s] INFO:colcon.colcon_core.shell:Creating package descriptor '/home/arielsulton/ros2_ws/install/pkg_python/share/pkg_python/package.dsv'
[4.217s] INFO:colcon.colcon_core.shell:Creating package script '/home/arielsulton/ros2_ws/install/pkg_python/share/pkg_python/package.sh'
[4.217s] INFO:colcon.colcon_core.shell:Creating package script '/home/arielsulton/ros2_ws/install/pkg_python/share/pkg_python/package.bash'
[4.218s] INFO:colcon.colcon_core.shell:Creating package script '/home/arielsulton/ros2_ws/install/pkg_python/share/pkg_python/package.zsh'
[4.219s] Level 1:colcon.colcon_core.environment:create_file_with_runtime_dependencies(/home/arielsulton/ros2_ws/install/pkg_python/share/colcon-core/packages/pkg_python)
[8.529s] Level 1:colcon.colcon_core.environment:checking '/home/arielsulton/ros2_ws/install/pkg_cython' for CMake module files
[8.530s] DEBUG:colcon.colcon_core.event_handler.log_command:Invoked command in '/home/arielsulton/ros2_ws/src/pkg_cython' returned '0': PYTHONPATH=/home/arielsulton/ros2_ws/build/pkg_cython/prefix_override:/usr/lib/python3/dist-packages/colcon_core/task/python/colcon_distutils_commands:/home/arielsulton/ros2_ws/install/pkg_cython/lib/python3.8/site-packages:${PYTHONPATH} /usr/bin/python3 -W ignore:setup.py install is deprecated -W ignore:easy_install command is deprecated setup.py egg_info --egg-base ../../build/pkg_cython build --build-base /home/arielsulton/ros2_ws/build/pkg_cython/build install --record /home/arielsulton/ros2_ws/build/pkg_cython/install.log --single-version-externally-managed install_data
[8.531s] Level 1:colcon.colcon_core.environment:checking '/home/arielsulton/ros2_ws/install/pkg_cython' for CMake config files
[8.531s] Level 1:colcon.colcon_core.environment:checking '/home/arielsulton/ros2_ws/install/pkg_cython/lib'
[8.532s] Level 1:colcon.colcon_core.environment:checking '/home/arielsulton/ros2_ws/install/pkg_cython/bin'
[8.532s] Level 1:colcon.colcon_core.environment:checking '/home/arielsulton/ros2_ws/install/pkg_cython/lib/pkgconfig/pkg_cython.pc'
[8.532s] Level 1:colcon.colcon_core.environment:checking '/home/arielsulton/ros2_ws/install/pkg_cython/lib/python3.8/site-packages'
[8.532s] Level 1:colcon.colcon_core.shell:create_environment_hook('pkg_cython', 'pythonpath')
[8.532s] INFO:colcon.colcon_core.shell:Creating environment hook '/home/arielsulton/ros2_ws/install/pkg_cython/share/pkg_cython/hook/pythonpath.ps1'
[8.533s] INFO:colcon.colcon_core.shell:Creating environment descriptor '/home/arielsulton/ros2_ws/install/pkg_cython/share/pkg_cython/hook/pythonpath.dsv'
[8.533s] INFO:colcon.colcon_core.shell:Creating environment hook '/home/arielsulton/ros2_ws/install/pkg_cython/share/pkg_cython/hook/pythonpath.sh'
[8.534s] Level 1:colcon.colcon_core.environment:checking '/home/arielsulton/ros2_ws/install/pkg_cython/bin'
[8.534s] Level 1:colcon.colcon_core.environment:create_environment_scripts_only(pkg_cython)
[8.535s] INFO:colcon.colcon_core.shell:Creating package script '/home/arielsulton/ros2_ws/install/pkg_cython/share/pkg_cython/package.ps1'
[8.535s] INFO:colcon.colcon_core.shell:Creating package descriptor '/home/arielsulton/ros2_ws/install/pkg_cython/share/pkg_cython/package.dsv'
[8.536s] INFO:colcon.colcon_core.shell:Creating package script '/home/arielsulton/ros2_ws/install/pkg_cython/share/pkg_cython/package.sh'
[8.536s] INFO:colcon.colcon_core.shell:Creating package script '/home/arielsulton/ros2_ws/install/pkg_cython/share/pkg_cython/package.bash'
[8.537s] INFO:colcon.colcon_core.shell:Creating package script '/home/arielsulton/ros2_ws/install/pkg_cython/share/pkg_cython/package.zsh'
[8.537s] Level 1:colcon.colcon_core.environment:create_file_with_runtime_dependencies(/home/arielsulton/ros2_ws/install/pkg_cython/share/colcon-core/packages/pkg_cython)
[8.538s] DEBUG:colcon.colcon_parallel_executor.executor.parallel:closing loop
[8.538s] DEBUG:colcon.colcon_parallel_executor.executor.parallel:loop closed
[8.538s] DEBUG:colcon.colcon_parallel_executor.executor.parallel:run_until_complete finished with '0'
[8.538s] DEBUG:colcon.colcon_core.event_reactor:joining thread
[8.545s] INFO:colcon.colcon_core.plugin_system:Skipping extension 'colcon_notification.desktop_notification.terminal_notifier': Not used on non-Darwin systems
[8.545s] INFO:colcon.colcon_core.plugin_system:Skipping extension 'colcon_notification.desktop_notification.win32': Not used on non-Windows systems
[8.545s] INFO:colcon.colcon_notification.desktop_notification:Sending desktop notification using 'notify2'
[8.557s] DEBUG:colcon.colcon_core.event_reactor:joined thread
[8.558s] INFO:colcon.colcon_core.shell:Creating prefix script '/home/arielsulton/ros2_ws/install/local_setup.ps1'
[8.559s] INFO:colcon.colcon_core.shell:Creating prefix util module '/home/arielsulton/ros2_ws/install/_local_setup_util_ps1.py'
[8.561s] INFO:colcon.colcon_core.shell:Creating prefix chain script '/home/arielsulton/ros2_ws/install/setup.ps1'
[8.563s] INFO:colcon.colcon_core.shell:Creating prefix script '/home/arielsulton/ros2_ws/install/local_setup.sh'
[8.564s] INFO:colcon.colcon_core.shell:Creating prefix util module '/home/arielsulton/ros2_ws/install/_local_setup_util_sh.py'
[8.565s] INFO:colcon.colcon_core.shell:Creating prefix chain script '/home/arielsulton/ros2_ws/install/setup.sh'
[8.566s] INFO:colcon.colcon_core.shell:Creating prefix script '/home/arielsulton/ros2_ws/install/local_setup.bash'
[8.567s] INFO:colcon.colcon_core.shell:Creating prefix chain script '/home/arielsulton/ros2_ws/install/setup.bash'
[8.568s] INFO:colcon.colcon_core.shell:Creating prefix script '/home/arielsulton/ros2_ws/install/local_setup.zsh'
[8.569s] INFO:colcon.colcon_core.shell:Creating prefix chain script '/home/arielsulton/ros2_ws/install/setup.zsh'
