[0.051s] Invoking command in '/home/arielsulton/ros2_ws/build/launcher': CMAKE_PREFIX_PATH=${CMAKE_PREFIX_PATH}:/home/arielsulton/ros2_ws/install/pkg_python:/home/arielsulton/ros2_ws/install/pkg_cython:/opt/ros/foxy /usr/bin/cmake --build /home/arielsulton/ros2_ws/build/launcher -- -j8 -l8
[1.689s] Invoked command in '/home/arielsulton/ros2_ws/build/launcher' returned '0': CMAKE_PREFIX_PATH=${CMAKE_PREFIX_PATH}:/home/arielsulton/ros2_ws/install/pkg_python:/home/arielsulton/ros2_ws/install/pkg_cython:/opt/ros/foxy /usr/bin/cmake --build /home/arielsulton/ros2_ws/build/launcher -- -j8 -l8
[1.706s] Invoking command in '/home/arielsulton/ros2_ws/build/launcher': CMAKE_PREFIX_PATH=${CMAKE_PREFIX_PATH}:/home/arielsulton/ros2_ws/install/pkg_python:/home/arielsulton/ros2_ws/install/pkg_cython:/opt/ros/foxy /usr/bin/cmake --install /home/arielsulton/ros2_ws/build/launcher
[1.726s] -- Install configuration: ""
[1.727s] -- Up-to-date: /home/arielsulton/ros2_ws/install/launcher/share/launcher/launch
[1.729s] -- Up-to-date: /home/arielsulton/ros2_ws/install/launcher/share/launcher/launch/test.launch.py
[1.729s] -- Up-to-date: /home/arielsulton/ros2_ws/install/launcher/share/ament_index/resource_index/package_run_dependencies/launcher
[1.729s] -- Up-to-date: /home/arielsulton/ros2_ws/install/launcher/share/ament_index/resource_index/parent_prefix_path/launcher
[1.730s] -- Up-to-date: /home/arielsulton/ros2_ws/install/launcher/share/launcher/environment/ament_prefix_path.sh
[1.731s] -- Up-to-date: /home/arielsulton/ros2_ws/install/launcher/share/launcher/environment/ament_prefix_path.dsv
[1.739s] -- Up-to-date: /home/arielsulton/ros2_ws/install/launcher/share/launcher/environment/path.sh
[1.740s] -- Up-to-date: /home/arielsulton/ros2_ws/install/launcher/share/launcher/environment/path.dsv
[1.740s] -- Up-to-date: /home/arielsulton/ros2_ws/install/launcher/share/launcher/local_setup.bash
[1.742s] -- Up-to-date: /home/arielsulton/ros2_ws/install/launcher/share/launcher/local_setup.sh
[1.743s] -- Up-to-date: /home/arielsulton/ros2_ws/install/launcher/share/launcher/local_setup.zsh
[1.743s] -- Up-to-date: /home/arielsulton/ros2_ws/install/launcher/share/launcher/local_setup.dsv
[1.744s] -- Installing: /home/arielsulton/ros2_ws/install/launcher/share/launcher/package.dsv
[1.744s] -- Up-to-date: /home/arielsulton/ros2_ws/install/launcher/share/ament_index/resource_index/packages/launcher
[1.745s] -- Up-to-date: /home/arielsulton/ros2_ws/install/launcher/share/launcher/cmake/launcherConfig.cmake
[1.745s] -- Up-to-date: /home/arielsulton/ros2_ws/install/launcher/share/launcher/cmake/launcherConfig-version.cmake
[1.745s] -- Up-to-date: /home/arielsulton/ros2_ws/install/launcher/share/launcher/package.xml
[1.755s] Invoked command in '/home/arielsulton/ros2_ws/build/launcher' returned '0': CMAKE_PREFIX_PATH=${CMAKE_PREFIX_PATH}:/home/arielsulton/ros2_ws/install/pkg_python:/home/arielsulton/ros2_ws/install/pkg_cython:/opt/ros/foxy /usr/bin/cmake --install /home/arielsulton/ros2_ws/build/launcher
