[0.148s] Invoking command in '/home/arielsulton/ros2_ws/build/pkg_cpp': CMAKE_PREFIX_PATH=${CMAKE_PREFIX_PATH}:/home/arielsulton/ros2_ws/install/pkg_python:/home/arielsulton/ros2_ws/install/pkg_cython:/opt/ros/foxy /usr/bin/cmake --build /home/arielsulton/ros2_ws/build/pkg_cpp -- -j8 -l8
[2.579s] [35m[1mScanning dependencies of target pubs_cpp[0m
[2.580s] [35m[1mScanning dependencies of target subs_cpp[0m
[2.584s] [ 25%] [32mBuilding CXX object CMakeFiles/pubs_cpp.dir/src/pubs_cpp.cpp.o[0m
[2.585s] [ 50%] [32mBuilding CXX object CMakeFiles/subs_cpp.dir/src/subs_cpp.cpp.o[0m
[9.547s] [ 75%] [32m[1mLinking CXX executable pubs_cpp[0m
[10.185s] [ 75%] Built target pubs_cpp
[13.455s] [100%] [32m[1mLinking CXX executable subs_cpp[0m
[14.038s] [100%] Built target subs_cpp
[14.062s] Invoked command in '/home/arielsulton/ros2_ws/build/pkg_cpp' returned '0': CMAKE_PREFIX_PATH=${CMAKE_PREFIX_PATH}:/home/arielsulton/ros2_ws/install/pkg_python:/home/arielsulton/ros2_ws/install/pkg_cython:/opt/ros/foxy /usr/bin/cmake --build /home/arielsulton/ros2_ws/build/pkg_cpp -- -j8 -l8
[14.069s] Invoking command in '/home/arielsulton/ros2_ws/build/pkg_cpp': CMAKE_PREFIX_PATH=${CMAKE_PREFIX_PATH}:/home/arielsulton/ros2_ws/install/pkg_python:/home/arielsulton/ros2_ws/install/pkg_cython:/opt/ros/foxy /usr/bin/cmake --install /home/arielsulton/ros2_ws/build/pkg_cpp
[14.090s] -- Install configuration: ""
[14.095s] -- Installing: /home/arielsulton/ros2_ws/install/pkg_cpp/lib/pkg_cpp/pubs_cpp
[14.096s] -- Set runtime path of "/home/arielsulton/ros2_ws/install/pkg_cpp/lib/pkg_cpp/pubs_cpp" to ""
[14.098s] -- Installing: /home/arielsulton/ros2_ws/install/pkg_cpp/lib/pkg_cpp/subs_cpp
[14.105s] -- Set runtime path of "/home/arielsulton/ros2_ws/install/pkg_cpp/lib/pkg_cpp/subs_cpp" to ""
[14.106s] -- Up-to-date: /home/arielsulton/ros2_ws/install/pkg_cpp/share/ament_index/resource_index/package_run_dependencies/pkg_cpp
[14.106s] -- Up-to-date: /home/arielsulton/ros2_ws/install/pkg_cpp/share/ament_index/resource_index/parent_prefix_path/pkg_cpp
[14.106s] -- Up-to-date: /home/arielsulton/ros2_ws/install/pkg_cpp/share/pkg_cpp/environment/ament_prefix_path.sh
[14.107s] -- Up-to-date: /home/arielsulton/ros2_ws/install/pkg_cpp/share/pkg_cpp/environment/ament_prefix_path.dsv
[14.107s] -- Up-to-date: /home/arielsulton/ros2_ws/install/pkg_cpp/share/pkg_cpp/environment/path.sh
[14.107s] -- Up-to-date: /home/arielsulton/ros2_ws/install/pkg_cpp/share/pkg_cpp/environment/path.dsv
[14.107s] -- Up-to-date: /home/arielsulton/ros2_ws/install/pkg_cpp/share/pkg_cpp/local_setup.bash
[14.108s] -- Up-to-date: /home/arielsulton/ros2_ws/install/pkg_cpp/share/pkg_cpp/local_setup.sh
[14.108s] -- Up-to-date: /home/arielsulton/ros2_ws/install/pkg_cpp/share/pkg_cpp/local_setup.zsh
[14.108s] -- Up-to-date: /home/arielsulton/ros2_ws/install/pkg_cpp/share/pkg_cpp/local_setup.dsv
[14.108s] -- Installing: /home/arielsulton/ros2_ws/install/pkg_cpp/share/pkg_cpp/package.dsv
[14.108s] -- Up-to-date: /home/arielsulton/ros2_ws/install/pkg_cpp/share/ament_index/resource_index/packages/pkg_cpp
[14.109s] -- Up-to-date: /home/arielsulton/ros2_ws/install/pkg_cpp/share/pkg_cpp/cmake/pkg_cppConfig.cmake
[14.109s] -- Up-to-date: /home/arielsulton/ros2_ws/install/pkg_cpp/share/pkg_cpp/cmake/pkg_cppConfig-version.cmake
[14.109s] -- Up-to-date: /home/arielsulton/ros2_ws/install/pkg_cpp/share/pkg_cpp/package.xml
[14.115s] Invoked command in '/home/arielsulton/ros2_ws/build/pkg_cpp' returned '0': CMAKE_PREFIX_PATH=${CMAKE_PREFIX_PATH}:/home/arielsulton/ros2_ws/install/pkg_python:/home/arielsulton/ros2_ws/install/pkg_cython:/opt/ros/foxy /usr/bin/cmake --install /home/arielsulton/ros2_ws/build/pkg_cpp
