/home/arielsulton/ros2_ws/install/pkg_cython/lib/python3.8/site-packages/pkg_cython/__init__.py
/home/arielsulton/ros2_ws/install/pkg_cython/lib/python3.8/site-packages/pkg_cython/subs_cy.py
/home/arielsulton/ros2_ws/install/pkg_cython/lib/python3.8/site-packages/pkg_cython/pubs_cy.py
/home/arielsulton/ros2_ws/install/pkg_cython/lib/python3.8/site-packages/pkg_cython/__pycache__/__init__.cpython-38.pyc
/home/arielsulton/ros2_ws/install/pkg_cython/lib/python3.8/site-packages/pkg_cython/__pycache__/subs_cy.cpython-38.pyc
/home/arielsulton/ros2_ws/install/pkg_cython/lib/python3.8/site-packages/pkg_cython/__pycache__/pubs_cy.cpython-38.pyc
/home/arielsulton/ros2_ws/install/pkg_cython/lib/python3.8/site-packages/pkg_cython/__init__.cpython-38-x86_64-linux-gnu.so
/home/arielsulton/ros2_ws/install/pkg_cython/lib/python3.8/site-packages/pkg_cython/pubs_cy.cpython-38-x86_64-linux-gnu.so
/home/arielsulton/ros2_ws/install/pkg_cython/lib/python3.8/site-packages/pkg_cython/subs_cy.cpython-38-x86_64-linux-gnu.so
/home/arielsulton/ros2_ws/install/pkg_cython/share/ament_index/resource_index/packages/pkg_cython
/home/arielsulton/ros2_ws/install/pkg_cython/share/pkg_cython/package.xml
/home/arielsulton/ros2_ws/install/pkg_cython/lib/python3.8/site-packages/pkg_cython-0.0.0-py3.8.egg-info/requires.txt
/home/arielsulton/ros2_ws/install/pkg_cython/lib/python3.8/site-packages/pkg_cython-0.0.0-py3.8.egg-info/zip-safe
/home/arielsulton/ros2_ws/install/pkg_cython/lib/python3.8/site-packages/pkg_cython-0.0.0-py3.8.egg-info/top_level.txt
/home/arielsulton/ros2_ws/install/pkg_cython/lib/python3.8/site-packages/pkg_cython-0.0.0-py3.8.egg-info/PKG-INFO
/home/arielsulton/ros2_ws/install/pkg_cython/lib/python3.8/site-packages/pkg_cython-0.0.0-py3.8.egg-info/entry_points.txt
/home/arielsulton/ros2_ws/install/pkg_cython/lib/python3.8/site-packages/pkg_cython-0.0.0-py3.8.egg-info/dependency_links.txt
/home/arielsulton/ros2_ws/install/pkg_cython/lib/python3.8/site-packages/pkg_cython-0.0.0-py3.8.egg-info/SOURCES.txt
/home/arielsulton/ros2_ws/install/pkg_cython/lib/pkg_cython/pubs_cy
/home/arielsulton/ros2_ws/install/pkg_cython/lib/pkg_cython/subs_cy
