[0.075s] Invoking command in '/home/arielsulton/ros2_ws/build/launcher': CMAKE_PREFIX_PATH=/opt/ros/foxy /usr/bin/cmake /home/arielsulton/ros2_ws/src/launcher -DCMAKE_INSTALL_PREFIX=/home/arielsulton/ros2_ws/install/launcher
[2.987s] -- The C compiler identification is GNU 9.4.0
[2.988s] -- The CXX compiler identification is GNU 9.4.0
[2.988s] -- Check for working C compiler: /usr/bin/cc
[2.989s] -- Check for working C compiler: /usr/bin/cc -- works
[2.993s] -- Detecting C compiler ABI info
[2.994s] -- Detecting C compiler ABI info - done
[2.995s] -- Detecting C compile features
[2.998s] -- Detecting C compile features - done
[2.999s] -- Check for working CXX compiler: /usr/bin/c++
[2.999s] -- Check for working CXX compiler: /usr/bin/c++ -- works
[2.999s] -- Detecting CXX compiler ABI info
[2.999s] -- Detecting CXX compiler ABI info - done
[2.999s] -- Detecting CXX compile features
[3.000s] -- Detecting CXX compile features - done
[3.000s] -- Found ament_cmake: 0.9.12 (/opt/ros/foxy/share/ament_cmake/cmake)
[3.002s] -- Found PythonInterp: /usr/bin/python3 (found suitable version "3.8.10", minimum required is "3") 
[3.003s] -- Using PYTHON_EXECUTABLE: /usr/bin/python3
[3.004s] -- Found ament_lint_auto: 0.9.8 (/opt/ros/foxy/share/ament_lint_auto/cmake)
[3.004s] -- Added test 'flake8' to check Python code syntax and style conventions
[3.004s] -- Added test 'lint_cmake' to check CMake code style
[3.004s] -- Added test 'pep257' to check Python code against some of the style conventions in PEP 257
[3.004s] -- Added test 'xmllint' to check XML markup files
[3.004s] -- Configuring done
[3.004s] -- Generating done
[3.004s] -- Build files have been written to: /home/arielsulton/ros2_ws/build/launcher
[3.037s] Invoked command in '/home/arielsulton/ros2_ws/build/launcher' returned '0': CMAKE_PREFIX_PATH=/opt/ros/foxy /usr/bin/cmake /home/arielsulton/ros2_ws/src/launcher -DCMAKE_INSTALL_PREFIX=/home/arielsulton/ros2_ws/install/launcher
[3.039s] Invoking command in '/home/arielsulton/ros2_ws/build/launcher': CMAKE_PREFIX_PATH=/opt/ros/foxy /usr/bin/cmake --build /home/arielsulton/ros2_ws/build/launcher -- -j8 -l8
[3.092s] Invoked command in '/home/arielsulton/ros2_ws/build/launcher' returned '0': CMAKE_PREFIX_PATH=/opt/ros/foxy /usr/bin/cmake --build /home/arielsulton/ros2_ws/build/launcher -- -j8 -l8
[3.130s] Invoking command in '/home/arielsulton/ros2_ws/build/launcher': CMAKE_PREFIX_PATH=/opt/ros/foxy /usr/bin/cmake --install /home/arielsulton/ros2_ws/build/launcher
[3.159s] -- Install configuration: ""
[3.159s] -- Installing: /home/arielsulton/ros2_ws/install/launcher/share/launcher/launch
[3.159s] -- Installing: /home/arielsulton/ros2_ws/install/launcher/share/launcher/launch/test.launch.py
[3.160s] -- Installing: /home/arielsulton/ros2_ws/install/launcher/share/ament_index/resource_index/package_run_dependencies/launcher
[3.161s] -- Installing: /home/arielsulton/ros2_ws/install/launcher/share/ament_index/resource_index/parent_prefix_path/launcher
[3.161s] -- Installing: /home/arielsulton/ros2_ws/install/launcher/share/launcher/environment/ament_prefix_path.sh
[3.162s] -- Installing: /home/arielsulton/ros2_ws/install/launcher/share/launcher/environment/ament_prefix_path.dsv
[3.163s] -- Installing: /home/arielsulton/ros2_ws/install/launcher/share/launcher/environment/path.sh
[3.164s] -- Installing: /home/arielsulton/ros2_ws/install/launcher/share/launcher/environment/path.dsv
[3.164s] -- Installing: /home/arielsulton/ros2_ws/install/launcher/share/launcher/local_setup.bash
[3.164s] -- Installing: /home/arielsulton/ros2_ws/install/launcher/share/launcher/local_setup.sh
[3.165s] -- Installing: /home/arielsulton/ros2_ws/install/launcher/share/launcher/local_setup.zsh
[3.165s] -- Installing: /home/arielsulton/ros2_ws/install/launcher/share/launcher/local_setup.dsv
[3.166s] -- Installing: /home/arielsulton/ros2_ws/install/launcher/share/launcher/package.dsv
[3.166s] -- Installing: /home/arielsulton/ros2_ws/install/launcher/share/ament_index/resource_index/packages/launcher
[3.166s] -- Installing: /home/arielsulton/ros2_ws/install/launcher/share/launcher/cmake/launcherConfig.cmake
[3.167s] -- Installing: /home/arielsulton/ros2_ws/install/launcher/share/launcher/cmake/launcherConfig-version.cmake
[3.167s] -- Installing: /home/arielsulton/ros2_ws/install/launcher/share/launcher/package.xml
[3.173s] Invoked command in '/home/arielsulton/ros2_ws/build/launcher' returned '0': CMAKE_PREFIX_PATH=/opt/ros/foxy /usr/bin/cmake --install /home/arielsulton/ros2_ws/build/launcher
