[0.053s] Invoking command in '/home/arielsulton/ros2_ws/build/launcher': CMAKE_PREFIX_PATH=${CMAKE_PREFIX_PATH}:/home/arielsulton/ros2_ws/install/subscriber:/home/arielsulton/ros2_ws/install/launcher:/opt/ros/foxy /usr/bin/cmake --build /home/arielsulton/ros2_ws/build/launcher -- -j8 -l8
[0.565s] Invoked command in '/home/arielsulton/ros2_ws/build/launcher' returned '0': CMAKE_PREFIX_PATH=${CMAKE_PREFIX_PATH}:/home/arielsulton/ros2_ws/install/subscriber:/home/arielsulton/ros2_ws/install/launcher:/opt/ros/foxy /usr/bin/cmake --build /home/arielsulton/ros2_ws/build/launcher -- -j8 -l8
[0.583s] Invoking command in '/home/arielsulton/ros2_ws/build/launcher': CMAKE_PREFIX_PATH=${CMAKE_PREFIX_PATH}:/home/arielsulton/ros2_ws/install/subscriber:/home/arielsulton/ros2_ws/install/launcher:/opt/ros/foxy /usr/bin/cmake --install /home/arielsulton/ros2_ws/build/launcher
[0.595s] -- Install configuration: ""
[0.595s] -- Up-to-date: /home/arielsulton/ros2_ws/install/launcher/share/launcher/launch
[0.595s] -- Up-to-date: /home/arielsulton/ros2_ws/install/launcher/share/launcher/launch/test.launch.py
[0.595s] -- Up-to-date: /home/arielsulton/ros2_ws/install/launcher/share/ament_index/resource_index/package_run_dependencies/launcher
[0.596s] -- Up-to-date: /home/arielsulton/ros2_ws/install/launcher/share/ament_index/resource_index/parent_prefix_path/launcher
[0.596s] -- Up-to-date: /home/arielsulton/ros2_ws/install/launcher/share/launcher/environment/ament_prefix_path.sh
[0.596s] -- Up-to-date: /home/arielsulton/ros2_ws/install/launcher/share/launcher/environment/ament_prefix_path.dsv
[0.596s] -- Up-to-date: /home/arielsulton/ros2_ws/install/launcher/share/launcher/environment/path.sh
[0.596s] -- Up-to-date: /home/arielsulton/ros2_ws/install/launcher/share/launcher/environment/path.dsv
[0.597s] -- Up-to-date: /home/arielsulton/ros2_ws/install/launcher/share/launcher/local_setup.bash
[0.597s] -- Up-to-date: /home/arielsulton/ros2_ws/install/launcher/share/launcher/local_setup.sh
[0.597s] -- Up-to-date: /home/arielsulton/ros2_ws/install/launcher/share/launcher/local_setup.zsh
[0.597s] -- Up-to-date: /home/arielsulton/ros2_ws/install/launcher/share/launcher/local_setup.dsv
[0.597s] -- Installing: /home/arielsulton/ros2_ws/install/launcher/share/launcher/package.dsv
[0.597s] -- Up-to-date: /home/arielsulton/ros2_ws/install/launcher/share/ament_index/resource_index/packages/launcher
[0.597s] -- Up-to-date: /home/arielsulton/ros2_ws/install/launcher/share/launcher/cmake/launcherConfig.cmake
[0.598s] -- Up-to-date: /home/arielsulton/ros2_ws/install/launcher/share/launcher/cmake/launcherConfig-version.cmake
[0.598s] -- Up-to-date: /home/arielsulton/ros2_ws/install/launcher/share/launcher/package.xml
[0.600s] Invoked command in '/home/arielsulton/ros2_ws/build/launcher' returned '0': CMAKE_PREFIX_PATH=${CMAKE_PREFIX_PATH}:/home/arielsulton/ros2_ws/install/subscriber:/home/arielsulton/ros2_ws/install/launcher:/opt/ros/foxy /usr/bin/cmake --install /home/arielsulton/ros2_ws/build/launcher
