[3.462s] Invoking command in '/home/arielsulton/ros2_ws/src/pkg_python': PYTHONPATH=/home/arielsulton/ros2_ws/build/pkg_python/prefix_override:/usr/lib/python3/dist-packages/colcon_core/task/python/colcon_distutils_commands:/home/arielsulton/ros2_ws/install/pkg_python/lib/python3.8/site-packages:${PYTHONPATH} /usr/bin/python3 -W ignore:setup.py install is deprecated -W ignore:easy_install command is deprecated setup.py egg_info --egg-base ../../build/pkg_python build --build-base /home/arielsulton/ros2_ws/build/pkg_python/build install --record /home/arielsulton/ros2_ws/build/pkg_python/install.log --single-version-externally-managed install_data
[4.462s] running egg_info
[4.539s] creating ../../build/pkg_python/pkg_python.egg-info
[4.836s] writing ../../build/pkg_python/pkg_python.egg-info/PKG-INFO
[4.836s] writing dependency_links to ../../build/pkg_python/pkg_python.egg-info/dependency_links.txt
[4.837s] writing entry points to ../../build/pkg_python/pkg_python.egg-info/entry_points.txt
[4.837s] writing requirements to ../../build/pkg_python/pkg_python.egg-info/requires.txt
[4.837s] writing top-level names to ../../build/pkg_python/pkg_python.egg-info/top_level.txt
[4.837s] writing manifest file '../../build/pkg_python/pkg_python.egg-info/SOURCES.txt'
[5.311s] reading manifest file '../../build/pkg_python/pkg_python.egg-info/SOURCES.txt'
[5.314s] writing manifest file '../../build/pkg_python/pkg_python.egg-info/SOURCES.txt'
[5.314s] running build
[5.315s] running build_py
[5.315s] creating /home/arielsulton/ros2_ws/build/pkg_python/build/lib/pkg_python
[5.316s] copying pkg_python/__init__.py -> /home/arielsulton/ros2_ws/build/pkg_python/build/lib/pkg_python
[5.316s] copying pkg_python/pubs_py.py -> /home/arielsulton/ros2_ws/build/pkg_python/build/lib/pkg_python
[5.317s] copying pkg_python/subs_py.py -> /home/arielsulton/ros2_ws/build/pkg_python/build/lib/pkg_python
[5.317s] running install
[5.331s] running install_lib
[5.437s] creating /home/arielsulton/ros2_ws/install/pkg_python/lib/python3.8/site-packages/pkg_python
[5.437s] copying /home/arielsulton/ros2_ws/build/pkg_python/build/lib/pkg_python/__init__.py -> /home/arielsulton/ros2_ws/install/pkg_python/lib/python3.8/site-packages/pkg_python
[5.438s] copying /home/arielsulton/ros2_ws/build/pkg_python/build/lib/pkg_python/pubs_py.py -> /home/arielsulton/ros2_ws/install/pkg_python/lib/python3.8/site-packages/pkg_python
[5.438s] copying /home/arielsulton/ros2_ws/build/pkg_python/build/lib/pkg_python/subs_py.py -> /home/arielsulton/ros2_ws/install/pkg_python/lib/python3.8/site-packages/pkg_python
[5.439s] byte-compiling /home/arielsulton/ros2_ws/install/pkg_python/lib/python3.8/site-packages/pkg_python/__init__.py to __init__.cpython-38.pyc
[5.440s] byte-compiling /home/arielsulton/ros2_ws/install/pkg_python/lib/python3.8/site-packages/pkg_python/pubs_py.py to pubs_py.cpython-38.pyc
[5.440s] byte-compiling /home/arielsulton/ros2_ws/install/pkg_python/lib/python3.8/site-packages/pkg_python/subs_py.py to subs_py.cpython-38.pyc
[5.441s] running install_data
[5.442s] creating /home/arielsulton/ros2_ws/install/pkg_python/share/ament_index/resource_index/packages
[5.442s] copying resource/pkg_python -> /home/arielsulton/ros2_ws/install/pkg_python/share/ament_index/resource_index/packages
[5.442s] copying package.xml -> /home/arielsulton/ros2_ws/install/pkg_python/share/pkg_python
[5.443s] running install_egg_info
[5.521s] Copying ../../build/pkg_python/pkg_python.egg-info to /home/arielsulton/ros2_ws/install/pkg_python/lib/python3.8/site-packages/pkg_python-0.0.0-py3.8.egg-info
[5.523s] running install_scripts
[5.690s] Installing pubs_py script to /home/arielsulton/ros2_ws/install/pkg_python/lib/pkg_python
[5.690s] Installing subs_py script to /home/arielsulton/ros2_ws/install/pkg_python/lib/pkg_python
[5.691s] writing list of installed files to '/home/arielsulton/ros2_ws/build/pkg_python/install.log'
[5.754s] Invoked command in '/home/arielsulton/ros2_ws/src/pkg_python' returned '0': PYTHONPATH=/home/arielsulton/ros2_ws/build/pkg_python/prefix_override:/usr/lib/python3/dist-packages/colcon_core/task/python/colcon_distutils_commands:/home/arielsulton/ros2_ws/install/pkg_python/lib/python3.8/site-packages:${PYTHONPATH} /usr/bin/python3 -W ignore:setup.py install is deprecated -W ignore:easy_install command is deprecated setup.py egg_info --egg-base ../../build/pkg_python build --build-base /home/arielsulton/ros2_ws/build/pkg_python/build install --record /home/arielsulton/ros2_ws/build/pkg_python/install.log --single-version-externally-managed install_data
