[100%] Built target pubs_cpp
[100%] Built target subs_cpp
-- Install configuration: ""
-- Installing: /home/arielsulton/ros2_ws/install/pkg_cpp/lib/pkg_cpp/pubs_cpp
-- Set runtime path of "/home/arielsulton/ros2_ws/install/pkg_cpp/lib/pkg_cpp/pubs_cpp" to ""
-- Installing: /home/arielsulton/ros2_ws/install/pkg_cpp/lib/pkg_cpp/subs_cpp
-- Set runtime path of "/home/arielsulton/ros2_ws/install/pkg_cpp/lib/pkg_cpp/subs_cpp" to ""
-- Installing: /home/arielsulton/ros2_ws/install/pkg_cpp/share/ament_index/resource_index/package_run_dependencies/pkg_cpp
-- Installing: /home/arielsulton/ros2_ws/install/pkg_cpp/share/ament_index/resource_index/parent_prefix_path/pkg_cpp
-- Installing: /home/arielsulton/ros2_ws/install/pkg_cpp/share/pkg_cpp/environment/ament_prefix_path.sh
-- Installing: /home/arielsulton/ros2_ws/install/pkg_cpp/share/pkg_cpp/environment/ament_prefix_path.dsv
-- Installing: /home/arielsulton/ros2_ws/install/pkg_cpp/share/pkg_cpp/environment/path.sh
-- Installing: /home/arielsulton/ros2_ws/install/pkg_cpp/share/pkg_cpp/environment/path.dsv
-- Installing: /home/arielsulton/ros2_ws/install/pkg_cpp/share/pkg_cpp/local_setup.bash
-- Installing: /home/arielsulton/ros2_ws/install/pkg_cpp/share/pkg_cpp/local_setup.sh
-- Installing: /home/arielsulton/ros2_ws/install/pkg_cpp/share/pkg_cpp/local_setup.zsh
-- Installing: /home/arielsulton/ros2_ws/install/pkg_cpp/share/pkg_cpp/local_setup.dsv
-- Installing: /home/arielsulton/ros2_ws/install/pkg_cpp/share/pkg_cpp/package.dsv
-- Installing: /home/arielsulton/ros2_ws/install/pkg_cpp/share/ament_index/resource_index/packages/pkg_cpp
-- Installing: /home/arielsulton/ros2_ws/install/pkg_cpp/share/pkg_cpp/cmake/pkg_cppConfig.cmake
-- Installing: /home/arielsulton/ros2_ws/install/pkg_cpp/share/pkg_cpp/cmake/pkg_cppConfig-version.cmake
-- Installing: /home/arielsulton/ros2_ws/install/pkg_cpp/share/pkg_cpp/package.xml
