[4.372s] Invoking command in '/home/arielsulton/ros2_ws/src/pkg_python': PYTHONPATH=/home/arielsulton/ros2_ws/build/pkg_python/prefix_override:/usr/lib/python3/dist-packages/colcon_core/task/python/colcon_distutils_commands:/home/arielsulton/ros2_ws/install/pkg_python/lib/python3.8/site-packages:${PYTHONPATH} /usr/bin/python3 -W ignore:setup.py install is deprecated -W ignore:easy_install command is deprecated setup.py egg_info --egg-base ../../build/pkg_python build --build-base /home/arielsulton/ros2_ws/build/pkg_python/build install --record /home/arielsulton/ros2_ws/build/pkg_python/install.log --single-version-externally-managed install_data
[5.319s] running egg_info
[5.667s] writing ../../build/pkg_python/pkg_python.egg-info/PKG-INFO
[5.668s] writing dependency_links to ../../build/pkg_python/pkg_python.egg-info/dependency_links.txt
[5.668s] writing entry points to ../../build/pkg_python/pkg_python.egg-info/entry_points.txt
[5.669s] writing requirements to ../../build/pkg_python/pkg_python.egg-info/requires.txt
[5.669s] writing top-level names to ../../build/pkg_python/pkg_python.egg-info/top_level.txt
[6.194s] writing manifest file '../../build/pkg_python/pkg_python.egg-info/SOURCES.txt'
[6.195s] running build
[6.195s] running build_py
[6.197s] copying pkg_python/__init__.py -> /home/arielsulton/ros2_ws/build/pkg_python/build/lib/pkg_python
[6.197s] copying pkg_python/pubs_py.py -> /home/arielsulton/ros2_ws/build/pkg_python/build/lib/pkg_python
[6.197s] copying pkg_python/subs_py.py -> /home/arielsulton/ros2_ws/build/pkg_python/build/lib/pkg_python
[6.206s] running install
[6.223s] running install_lib
[6.345s] running install_data
[6.346s] copying resource/pkg_python -> /home/arielsulton/ros2_ws/install/pkg_python/share/ament_index/resource_index/packages
[6.348s] copying package.xml -> /home/arielsulton/ros2_ws/install/pkg_python/share/pkg_python
[6.349s] running install_egg_info
[6.447s] removing '/home/arielsulton/ros2_ws/install/pkg_python/lib/python3.8/site-packages/pkg_python-0.0.0-py3.8.egg-info' (and everything under it)
[6.449s] Copying ../../build/pkg_python/pkg_python.egg-info to /home/arielsulton/ros2_ws/install/pkg_python/lib/python3.8/site-packages/pkg_python-0.0.0-py3.8.egg-info
[6.451s] running install_scripts
[6.637s] Installing pubs_py script to /home/arielsulton/ros2_ws/install/pkg_python/lib/pkg_python
[6.637s] Installing subs_py script to /home/arielsulton/ros2_ws/install/pkg_python/lib/pkg_python
[6.638s] writing list of installed files to '/home/arielsulton/ros2_ws/build/pkg_python/install.log'
[6.723s] Invoked command in '/home/arielsulton/ros2_ws/src/pkg_python' returned '0': PYTHONPATH=/home/arielsulton/ros2_ws/build/pkg_python/prefix_override:/usr/lib/python3/dist-packages/colcon_core/task/python/colcon_distutils_commands:/home/arielsulton/ros2_ws/install/pkg_python/lib/python3.8/site-packages:${PYTHONPATH} /usr/bin/python3 -W ignore:setup.py install is deprecated -W ignore:easy_install command is deprecated setup.py egg_info --egg-base ../../build/pkg_python build --build-base /home/arielsulton/ros2_ws/build/pkg_python/build install --record /home/arielsulton/ros2_ws/build/pkg_python/install.log --single-version-externally-managed install_data
