[6.360s] Invoking command in '/home/arielsulton/ros2_ws/src/pkg_python': PYTHONPATH=/home/arielsulton/ros2_ws/build/pkg_python/prefix_override:/usr/lib/python3/dist-packages/colcon_core/task/python/colcon_distutils_commands:/home/arielsulton/ros2_ws/install/pkg_python/lib/python3.8/site-packages:${PYTHONPATH} /usr/bin/python3 -W ignore:setup.py install is deprecated -W ignore:easy_install command is deprecated setup.py egg_info --egg-base ../../build/pkg_python build --build-base /home/arielsulton/ros2_ws/build/pkg_python/build install --record /home/arielsulton/ros2_ws/build/pkg_python/install.log --single-version-externally-managed install_data
[7.849s] running egg_info
[8.352s] writing ../../build/pkg_python/pkg_python.egg-info/PKG-INFO
[8.353s] writing dependency_links to ../../build/pkg_python/pkg_python.egg-info/dependency_links.txt
[8.353s] writing entry points to ../../build/pkg_python/pkg_python.egg-info/entry_points.txt
[8.354s] writing requirements to ../../build/pkg_python/pkg_python.egg-info/requires.txt
[8.355s] writing top-level names to ../../build/pkg_python/pkg_python.egg-info/top_level.txt
[9.013s] writing manifest file '../../build/pkg_python/pkg_python.egg-info/SOURCES.txt'
[9.013s] running build
[9.013s] running build_py
[9.015s] copying pkg_python/__init__.py -> /home/arielsulton/ros2_ws/build/pkg_python/build/lib/pkg_python
[9.015s] copying pkg_python/pubs_py.py -> /home/arielsulton/ros2_ws/build/pkg_python/build/lib/pkg_python
[9.015s] copying pkg_python/subs_py.py -> /home/arielsulton/ros2_ws/build/pkg_python/build/lib/pkg_python
[9.015s] running install
[9.035s] running install_lib
[9.196s] running install_data
[9.198s] copying resource/pkg_python -> /home/arielsulton/ros2_ws/install/pkg_python/share/ament_index/resource_index/packages
[9.199s] copying package.xml -> /home/arielsulton/ros2_ws/install/pkg_python/share/pkg_python
[9.199s] running install_egg_info
[9.328s] removing '/home/arielsulton/ros2_ws/install/pkg_python/lib/python3.8/site-packages/pkg_python-0.0.0-py3.8.egg-info' (and everything under it)
[9.329s] Copying ../../build/pkg_python/pkg_python.egg-info to /home/arielsulton/ros2_ws/install/pkg_python/lib/python3.8/site-packages/pkg_python-0.0.0-py3.8.egg-info
[9.332s] running install_scripts
[9.531s] Installing pubs_py script to /home/arielsulton/ros2_ws/install/pkg_python/lib/pkg_python
[9.532s] Installing subs_py script to /home/arielsulton/ros2_ws/install/pkg_python/lib/pkg_python
[9.533s] writing list of installed files to '/home/arielsulton/ros2_ws/build/pkg_python/install.log'
[9.613s] Invoked command in '/home/arielsulton/ros2_ws/src/pkg_python' returned '0': PYTHONPATH=/home/arielsulton/ros2_ws/build/pkg_python/prefix_override:/usr/lib/python3/dist-packages/colcon_core/task/python/colcon_distutils_commands:/home/arielsulton/ros2_ws/install/pkg_python/lib/python3.8/site-packages:${PYTHONPATH} /usr/bin/python3 -W ignore:setup.py install is deprecated -W ignore:easy_install command is deprecated setup.py egg_info --egg-base ../../build/pkg_python build --build-base /home/arielsulton/ros2_ws/build/pkg_python/build install --record /home/arielsulton/ros2_ws/build/pkg_python/install.log --single-version-externally-managed install_data
