[1.379s] Invoking command in '/home/arielsulton/ros2_ws/build/pkg_yaml': CMAKE_PREFIX_PATH=/opt/ros/foxy /usr/bin/cmake /home/arielsulton/ros2_ws/src/pkg_yaml -DCMAKE_INSTALL_PREFIX=/home/arielsulton/ros2_ws/install/pkg_yaml
[1.524s] -- The C compiler identification is GNU 9.4.0
[1.627s] -- The CXX compiler identification is GNU 9.4.0
[1.636s] -- Check for working C compiler: /usr/bin/cc
[1.718s] -- Check for working C compiler: /usr/bin/cc -- works
[1.720s] -- Detecting C compiler ABI info
[1.807s] -- Detecting C compiler ABI info - done
[1.825s] -- Detecting C compile features
[1.825s] -- Detecting C compile features - done
[1.829s] -- Check for working CXX compiler: /usr/bin/c++
[1.932s] -- Check for working CXX compiler: /usr/bin/c++ -- works
[1.934s] -- Detecting CXX compiler ABI info
[2.036s] -- Detecting CXX compiler ABI info - done
[2.053s] -- Detecting CXX compile features
[2.053s] -- Detecting CXX compile features - done
[2.058s] -- Found ament_cmake: 0.9.12 (/opt/ros/foxy/share/ament_cmake/cmake)
[2.091s] -- Found PythonInterp: /usr/bin/python3 (found suitable version "3.8.10", minimum required is "3") 
[2.091s] -- Using PYTHON_EXECUTABLE: /usr/bin/python3
[2.563s] -- Found rclcpp: 2.4.3 (/opt/ros/foxy/share/rclcpp/cmake)
[2.677s] -- Using all available rosidl_typesupport_c: rosidl_typesupport_fastrtps_c;rosidl_typesupport_introspection_c
[2.695s] -- Found rosidl_adapter: 1.3.1 (/opt/ros/foxy/share/rosidl_adapter/cmake)
[2.893s] -- Found OpenSSL: /usr/lib/x86_64-linux-gnu/libcrypto.so (found version "1.1.1f")  
[2.959s] -- Found FastRTPS: /opt/ros/foxy/include  
[3.117s] -- Using all available rosidl_typesupport_cpp: rosidl_typesupport_fastrtps_cpp;rosidl_typesupport_introspection_cpp
[3.225s] -- Found rmw_implementation_cmake: 1.0.4 (/opt/ros/foxy/share/rmw_implementation_cmake/cmake)
[3.229s] -- Using RMW implementation 'rmw_fastrtps_cpp' as default
[3.231s] -- Looking for pthread.h
[3.322s] -- Looking for pthread.h - found
[3.322s] -- Performing Test CMAKE_HAVE_LIBC_PTHREAD
[3.406s] -- Performing Test CMAKE_HAVE_LIBC_PTHREAD - Failed
[3.406s] -- Looking for pthread_create in pthreads
[3.484s] -- Looking for pthread_create in pthreads - not found
[3.484s] -- Looking for pthread_create in pthread
[3.577s] -- Looking for pthread_create in pthread - found
[3.579s] -- Found Threads: TRUE  
[3.798s] -- Found ament_lint_auto: 0.9.8 (/opt/ros/foxy/share/ament_lint_auto/cmake)
[3.892s] -- Added test 'cppcheck' to perform static code analysis on C / C++ code
[3.892s] -- Configured cppcheck include dirs: 
[3.892s] -- Configured cppcheck exclude dirs and/or files: 
[3.893s] -- Added test 'cpplint' to check C / C++ code against the Google style
[3.894s] -- Configured cpplint exclude dirs and/or files: 
[3.895s] -- Added test 'lint_cmake' to check CMake code style
[3.896s] -- Added test 'uncrustify' to check C / C++ code style
[3.896s] -- Configured uncrustify additional arguments: 
[3.897s] -- Added test 'xmllint' to check XML markup files
[3.901s] -- Configuring done
[3.910s] -- Generating done
[3.914s] -- Build files have been written to: /home/arielsulton/ros2_ws/build/pkg_yaml
[3.925s] Invoked command in '/home/arielsulton/ros2_ws/build/pkg_yaml' returned '0': CMAKE_PREFIX_PATH=/opt/ros/foxy /usr/bin/cmake /home/arielsulton/ros2_ws/src/pkg_yaml -DCMAKE_INSTALL_PREFIX=/home/arielsulton/ros2_ws/install/pkg_yaml
[3.928s] Invoking command in '/home/arielsulton/ros2_ws/build/pkg_yaml': CMAKE_PREFIX_PATH=/opt/ros/foxy /usr/bin/cmake --build /home/arielsulton/ros2_ws/build/pkg_yaml -- -j8 -l8
[3.978s] [35m[1mScanning dependencies of target yaml_test[0m
[4.031s] [ 50%] [32mBuilding CXX object CMakeFiles/yaml_test.dir/src/yaml_test.cpp.o[0m
[6.229s] [100%] [32m[1mLinking CXX executable yaml_test[0m
[6.404s] [100%] Built target yaml_test
[6.419s] Invoked command in '/home/arielsulton/ros2_ws/build/pkg_yaml' returned '0': CMAKE_PREFIX_PATH=/opt/ros/foxy /usr/bin/cmake --build /home/arielsulton/ros2_ws/build/pkg_yaml -- -j8 -l8
[6.423s] Invoking command in '/home/arielsulton/ros2_ws/build/pkg_yaml': CMAKE_PREFIX_PATH=/opt/ros/foxy /usr/bin/cmake --install /home/arielsulton/ros2_ws/build/pkg_yaml
[6.432s] -- Install configuration: ""
[6.432s] -- Installing: /home/arielsulton/ros2_ws/install/pkg_yaml/lib/pkg_yaml/yaml_test
[6.433s] -- Set runtime path of "/home/arielsulton/ros2_ws/install/pkg_yaml/lib/pkg_yaml/yaml_test" to ""
[6.433s] -- Installing: /home/arielsulton/ros2_ws/install/pkg_yaml/share/ament_index/resource_index/package_run_dependencies/pkg_yaml
[6.433s] -- Installing: /home/arielsulton/ros2_ws/install/pkg_yaml/share/ament_index/resource_index/parent_prefix_path/pkg_yaml
[6.434s] -- Installing: /home/arielsulton/ros2_ws/install/pkg_yaml/share/pkg_yaml/environment/ament_prefix_path.sh
[6.434s] -- Installing: /home/arielsulton/ros2_ws/install/pkg_yaml/share/pkg_yaml/environment/ament_prefix_path.dsv
[6.434s] -- Installing: /home/arielsulton/ros2_ws/install/pkg_yaml/share/pkg_yaml/environment/path.sh
[6.434s] -- Installing: /home/arielsulton/ros2_ws/install/pkg_yaml/share/pkg_yaml/environment/path.dsv
[6.434s] -- Installing: /home/arielsulton/ros2_ws/install/pkg_yaml/share/pkg_yaml/local_setup.bash
[6.434s] -- Installing: /home/arielsulton/ros2_ws/install/pkg_yaml/share/pkg_yaml/local_setup.sh
[6.435s] -- Installing: /home/arielsulton/ros2_ws/install/pkg_yaml/share/pkg_yaml/local_setup.zsh
[6.435s] -- Installing: /home/arielsulton/ros2_ws/install/pkg_yaml/share/pkg_yaml/local_setup.dsv
[6.435s] -- Installing: /home/arielsulton/ros2_ws/install/pkg_yaml/share/pkg_yaml/package.dsv
[6.435s] -- Installing: /home/arielsulton/ros2_ws/install/pkg_yaml/share/ament_index/resource_index/packages/pkg_yaml
[6.435s] -- Installing: /home/arielsulton/ros2_ws/install/pkg_yaml/share/pkg_yaml/cmake/pkg_yamlConfig.cmake
[6.435s] -- Installing: /home/arielsulton/ros2_ws/install/pkg_yaml/share/pkg_yaml/cmake/pkg_yamlConfig-version.cmake
[6.436s] -- Installing: /home/arielsulton/ros2_ws/install/pkg_yaml/share/pkg_yaml/package.xml
[6.439s] Invoked command in '/home/arielsulton/ros2_ws/build/pkg_yaml' returned '0': CMAKE_PREFIX_PATH=/opt/ros/foxy /usr/bin/cmake --install /home/arielsulton/ros2_ws/build/pkg_yaml
