[0.054s] Invoking command in '/home/arielsulton/ros2_ws/build/launcher': CMAKE_PREFIX_PATH=${CMAKE_PREFIX_PATH}:/home/arielsulton/ros2_ws/install/pkg_cython:/home/arielsulton/ros2_ws/install/pkg_python:/home/arielsulton/ros2_ws/install/subscriber:/opt/ros/foxy /usr/bin/cmake --build /home/arielsulton/ros2_ws/build/launcher -- -j8 -l8
[1.383s] Invoked command in '/home/arielsulton/ros2_ws/build/launcher' returned '0': CMAKE_PREFIX_PATH=${CMAKE_PREFIX_PATH}:/home/arielsulton/ros2_ws/install/pkg_cython:/home/arielsulton/ros2_ws/install/pkg_python:/home/arielsulton/ros2_ws/install/subscriber:/opt/ros/foxy /usr/bin/cmake --build /home/arielsulton/ros2_ws/build/launcher -- -j8 -l8
[1.400s] Invoking command in '/home/arielsulton/ros2_ws/build/launcher': CMAKE_PREFIX_PATH=${CMAKE_PREFIX_PATH}:/home/arielsulton/ros2_ws/install/pkg_cython:/home/arielsulton/ros2_ws/install/pkg_python:/home/arielsulton/ros2_ws/install/subscriber:/opt/ros/foxy /usr/bin/cmake --install /home/arielsulton/ros2_ws/build/launcher
[1.417s] -- Install configuration: ""
[1.417s] -- Up-to-date: /home/arielsulton/ros2_ws/install/launcher/share/launcher/launch
[1.418s] -- Up-to-date: /home/arielsulton/ros2_ws/install/launcher/share/launcher/launch/test.launch.py
[1.420s] -- Up-to-date: /home/arielsulton/ros2_ws/install/launcher/share/ament_index/resource_index/package_run_dependencies/launcher
[1.422s] -- Up-to-date: /home/arielsulton/ros2_ws/install/launcher/share/ament_index/resource_index/parent_prefix_path/launcher
[1.424s] -- Up-to-date: /home/arielsulton/ros2_ws/install/launcher/share/launcher/environment/ament_prefix_path.sh
[1.424s] -- Up-to-date: /home/arielsulton/ros2_ws/install/launcher/share/launcher/environment/ament_prefix_path.dsv
[1.424s] -- Up-to-date: /home/arielsulton/ros2_ws/install/launcher/share/launcher/environment/path.sh
[1.426s] -- Up-to-date: /home/arielsulton/ros2_ws/install/launcher/share/launcher/environment/path.dsv
[1.426s] -- Up-to-date: /home/arielsulton/ros2_ws/install/launcher/share/launcher/local_setup.bash
[1.427s] -- Up-to-date: /home/arielsulton/ros2_ws/install/launcher/share/launcher/local_setup.sh
[1.428s] -- Up-to-date: /home/arielsulton/ros2_ws/install/launcher/share/launcher/local_setup.zsh
[1.428s] -- Up-to-date: /home/arielsulton/ros2_ws/install/launcher/share/launcher/local_setup.dsv
[1.428s] -- Up-to-date: /home/arielsulton/ros2_ws/install/launcher/share/launcher/package.dsv
[1.428s] -- Up-to-date: /home/arielsulton/ros2_ws/install/launcher/share/ament_index/resource_index/packages/launcher
[1.429s] -- Up-to-date: /home/arielsulton/ros2_ws/install/launcher/share/launcher/cmake/launcherConfig.cmake
[1.431s] -- Up-to-date: /home/arielsulton/ros2_ws/install/launcher/share/launcher/cmake/launcherConfig-version.cmake
[1.431s] -- Up-to-date: /home/arielsulton/ros2_ws/install/launcher/share/launcher/package.xml
[1.433s] Invoked command in '/home/arielsulton/ros2_ws/build/launcher' returned '0': CMAKE_PREFIX_PATH=${CMAKE_PREFIX_PATH}:/home/arielsulton/ros2_ws/install/pkg_cython:/home/arielsulton/ros2_ws/install/pkg_python:/home/arielsulton/ros2_ws/install/subscriber:/opt/ros/foxy /usr/bin/cmake --install /home/arielsulton/ros2_ws/build/launcher
