[5.514s] Invoking command in '/home/arielsulton/ros2_ws/src/pkg_python': PYTHONPATH=/home/arielsulton/ros2_ws/build/pkg_python/prefix_override:/usr/lib/python3/dist-packages/colcon_core/task/python/colcon_distutils_commands:/home/arielsulton/ros2_ws/install/pkg_python/lib/python3.8/site-packages:${PYTHONPATH} /usr/bin/python3 -W ignore:setup.py install is deprecated -W ignore:easy_install command is deprecated setup.py egg_info --egg-base ../../build/pkg_python build --build-base /home/arielsulton/ros2_ws/build/pkg_python/build install --record /home/arielsulton/ros2_ws/build/pkg_python/install.log --single-version-externally-managed install_data
[6.763s] running egg_info
[7.212s] writing ../../build/pkg_python/pkg_python.egg-info/PKG-INFO
[7.213s] writing dependency_links to ../../build/pkg_python/pkg_python.egg-info/dependency_links.txt
[7.214s] writing entry points to ../../build/pkg_python/pkg_python.egg-info/entry_points.txt
[7.214s] writing requirements to ../../build/pkg_python/pkg_python.egg-info/requires.txt
[7.215s] writing top-level names to ../../build/pkg_python/pkg_python.egg-info/top_level.txt
[7.775s] writing manifest file '../../build/pkg_python/pkg_python.egg-info/SOURCES.txt'
[7.776s] running build
[7.776s] running build_py
[7.777s] copying pkg_python/__init__.py -> /home/arielsulton/ros2_ws/build/pkg_python/build/lib/pkg_python
[7.777s] copying pkg_python/pubs_py.py -> /home/arielsulton/ros2_ws/build/pkg_python/build/lib/pkg_python
[7.778s] copying pkg_python/subs_py.py -> /home/arielsulton/ros2_ws/build/pkg_python/build/lib/pkg_python
[7.779s] running install
[7.797s] running install_lib
[7.920s] running install_data
[7.921s] copying resource/pkg_python -> /home/arielsulton/ros2_ws/install/pkg_python/share/ament_index/resource_index/packages
[7.922s] copying package.xml -> /home/arielsulton/ros2_ws/install/pkg_python/share/pkg_python
[7.923s] running install_egg_info
[8.009s] removing '/home/arielsulton/ros2_ws/install/pkg_python/lib/python3.8/site-packages/pkg_python-0.0.0-py3.8.egg-info' (and everything under it)
[8.010s] Copying ../../build/pkg_python/pkg_python.egg-info to /home/arielsulton/ros2_ws/install/pkg_python/lib/python3.8/site-packages/pkg_python-0.0.0-py3.8.egg-info
[8.012s] running install_scripts
[8.224s] Installing pubs_py script to /home/arielsulton/ros2_ws/install/pkg_python/lib/pkg_python
[8.225s] Installing subs_py script to /home/arielsulton/ros2_ws/install/pkg_python/lib/pkg_python
[8.226s] writing list of installed files to '/home/arielsulton/ros2_ws/build/pkg_python/install.log'
[8.299s] Invoked command in '/home/arielsulton/ros2_ws/src/pkg_python' returned '0': PYTHONPATH=/home/arielsulton/ros2_ws/build/pkg_python/prefix_override:/usr/lib/python3/dist-packages/colcon_core/task/python/colcon_distutils_commands:/home/arielsulton/ros2_ws/install/pkg_python/lib/python3.8/site-packages:${PYTHONPATH} /usr/bin/python3 -W ignore:setup.py install is deprecated -W ignore:easy_install command is deprecated setup.py egg_info --egg-base ../../build/pkg_python build --build-base /home/arielsulton/ros2_ws/build/pkg_python/build install --record /home/arielsulton/ros2_ws/build/pkg_python/install.log --single-version-externally-managed install_data
