[0.050s] Invoking command in '/home/arielsulton/ros2_ws/build/pkg_cpp': CMAKE_PREFIX_PATH=${CMAKE_PREFIX_PATH}:/home/arielsulton/ros2_ws/install/pkg_python:/home/arielsulton/ros2_ws/install/pkg_cython:/opt/ros/foxy /usr/bin/cmake --build /home/arielsulton/ros2_ws/build/pkg_cpp -- -j8 -l8
[1.368s] [ 50%] Built target pubs_cpp
[1.369s] [100%] Built target subs_cpp
[1.388s] Invoked command in '/home/arielsulton/ros2_ws/build/pkg_cpp' returned '0': CMAKE_PREFIX_PATH=${CMAKE_PREFIX_PATH}:/home/arielsulton/ros2_ws/install/pkg_python:/home/arielsulton/ros2_ws/install/pkg_cython:/opt/ros/foxy /usr/bin/cmake --build /home/arielsulton/ros2_ws/build/pkg_cpp -- -j8 -l8
[1.392s] Invoking command in '/home/arielsulton/ros2_ws/build/pkg_cpp': CMAKE_PREFIX_PATH=${CMAKE_PREFIX_PATH}:/home/arielsulton/ros2_ws/install/pkg_python:/home/arielsulton/ros2_ws/install/pkg_cython:/opt/ros/foxy /usr/bin/cmake --install /home/arielsulton/ros2_ws/build/pkg_cpp
[1.409s] -- Install configuration: ""
[1.411s] -- Up-to-date: /home/arielsulton/ros2_ws/install/pkg_cpp/lib/pkg_cpp/pubs_cpp
[1.412s] -- Up-to-date: /home/arielsulton/ros2_ws/install/pkg_cpp/lib/pkg_cpp/subs_cpp
[1.413s] -- Up-to-date: /home/arielsulton/ros2_ws/install/pkg_cpp/share/ament_index/resource_index/package_run_dependencies/pkg_cpp
[1.413s] -- Up-to-date: /home/arielsulton/ros2_ws/install/pkg_cpp/share/ament_index/resource_index/parent_prefix_path/pkg_cpp
[1.415s] -- Up-to-date: /home/arielsulton/ros2_ws/install/pkg_cpp/share/pkg_cpp/environment/ament_prefix_path.sh
[1.417s] -- Up-to-date: /home/arielsulton/ros2_ws/install/pkg_cpp/share/pkg_cpp/environment/ament_prefix_path.dsv
[1.417s] -- Up-to-date: /home/arielsulton/ros2_ws/install/pkg_cpp/share/pkg_cpp/environment/path.sh
[1.418s] -- Up-to-date: /home/arielsulton/ros2_ws/install/pkg_cpp/share/pkg_cpp/environment/path.dsv
[1.418s] -- Up-to-date: /home/arielsulton/ros2_ws/install/pkg_cpp/share/pkg_cpp/local_setup.bash
[1.418s] -- Up-to-date: /home/arielsulton/ros2_ws/install/pkg_cpp/share/pkg_cpp/local_setup.sh
[1.419s] -- Up-to-date: /home/arielsulton/ros2_ws/install/pkg_cpp/share/pkg_cpp/local_setup.zsh
[1.419s] -- Up-to-date: /home/arielsulton/ros2_ws/install/pkg_cpp/share/pkg_cpp/local_setup.dsv
[1.420s] -- Installing: /home/arielsulton/ros2_ws/install/pkg_cpp/share/pkg_cpp/package.dsv
[1.420s] -- Up-to-date: /home/arielsulton/ros2_ws/install/pkg_cpp/share/ament_index/resource_index/packages/pkg_cpp
[1.421s] -- Up-to-date: /home/arielsulton/ros2_ws/install/pkg_cpp/share/pkg_cpp/cmake/pkg_cppConfig.cmake
[1.421s] -- Up-to-date: /home/arielsulton/ros2_ws/install/pkg_cpp/share/pkg_cpp/cmake/pkg_cppConfig-version.cmake
[1.421s] -- Up-to-date: /home/arielsulton/ros2_ws/install/pkg_cpp/share/pkg_cpp/package.xml
[1.453s] Invoked command in '/home/arielsulton/ros2_ws/build/pkg_cpp' returned '0': CMAKE_PREFIX_PATH=${CMAKE_PREFIX_PATH}:/home/arielsulton/ros2_ws/install/pkg_python:/home/arielsulton/ros2_ws/install/pkg_cython:/opt/ros/foxy /usr/bin/cmake --install /home/arielsulton/ros2_ws/build/pkg_cpp
